{"/home/runner/work/workflow-frontend/workflow-frontend/src/app/app.component.ts": {"path":"/home/runner/work/workflow-frontend/workflow-frontend/src/app/app.component.ts","statementMap":{"0":{"start":{"line":11,"column":25},"end":{"line":22,"column":null}},"1":{"start":{"line":15,"column":9},"end":{"line":15,"column":28}},"2":{"start":{"line":18,"column":4},"end":{"line":20,"column":7}},"3":{"start":{"line":19,"column":6},"end":{"line":19,"column":48}},"4":{"start":{"line":11,"column":13},"end":{"line":22,"column":null}}},"fnMap":{"0":{"name":"(anonymous_0)","decl":{"start":{"line":17,"column":2},"end":{"line":17,"column":null}},"loc":{"start":{"line":17,"column":2},"end":{"line":21,"column":3}}},"1":{"name":"(anonymous_1)","decl":{"start":{"line":18,"column":50},"end":{"line":18,"column":53}},"loc":{"start":{"line":18,"column":55},"end":{"line":20,"column":5}}}},"branchMap":{},"s":{"0":1,"1":3,"2":3,"3":3,"4":1},"f":{"0":3,"1":3},"b":{}}
,"/home/runner/work/workflow-frontend/workflow-frontend/src/app/_main/_main.module.ts": {"path":"/home/runner/work/workflow-frontend/workflow-frontend/src/app/_main/_main.module.ts","statementMap":{"0":{"start":{"line":58,"column":23},"end":{"line":144,"column":2}},"1":{"start":{"line":166,"column":23},"end":{"line":173,"column":null}},"2":{"start":{"line":170,"column":4},"end":{"line":170,"column":35}},"3":{"start":{"line":171,"column":5},"end":{"line":171,"column":40}},"4":{"start":{"line":166,"column":13},"end":{"line":173,"column":null}}},"fnMap":{"0":{"name":"(anonymous_0)","decl":{"start":{"line":169,"column":2},"end":{"line":169,"column":14}},"loc":{"start":{"line":169,"column":32},"end":{"line":172,"column":3}}}},"branchMap":{},"s":{"0":1,"1":1,"2":31,"3":31,"4":1},"f":{"0":31},"b":{}}
,"/home/runner/work/workflow-frontend/workflow-frontend/src/app/_main/classes/control-accessor.class.ts": {"path":"/home/runner/work/workflow-frontend/workflow-frontend/src/app/_main/classes/control-accessor.class.ts","statementMap":{"0":{"start":{"line":13,"column":28},"end":{"line":162,"column":null}},"1":{"start":{"line":82,"column":11},"end":{"line":82,"column":31}},"2":{"start":{"line":18,"column":11},"end":{"line":18,"column":46}},"3":{"start":{"line":37,"column":10},"end":{"line":37,"column":37}},"4":{"start":{"line":51,"column":10},"end":{"line":51,"column":50}},"5":{"start":{"line":58,"column":10},"end":{"line":58,"column":53}},"6":{"start":{"line":84,"column":4},"end":{"line":84,"column":40}},"7":{"start":{"line":86,"column":4},"end":{"line":86,"column":30}},"8":{"start":{"line":87,"column":4},"end":{"line":87,"column":30}},"9":{"start":{"line":25,"column":4},"end":{"line":25,"column":26}},"10":{"start":{"line":29,"column":4},"end":{"line":29,"column":50}},"11":{"start":{"line":43,"column":4},"end":{"line":43,"column":73}},"12":{"start":{"line":64,"column":4},"end":{"line":64,"column":30}},"13":{"start":{"line":71,"column":4},"end":{"line":71,"column":31}},"14":{"start":{"line":96,"column":4},"end":{"line":96,"column":54}},"15":{"start":{"line":96,"column":47},"end":{"line":96,"column":54}},"16":{"start":{"line":98,"column":4},"end":{"line":103,"column":null}},"17":{"start":{"line":99,"column":6},"end":{"line":102,"column":null}},"18":{"start":{"line":100,"column":8},"end":{"line":100,"column":30}},"19":{"start":{"line":101,"column":8},"end":{"line":101,"column":14}},"20":{"start":{"line":112,"column":5},"end":{"line":112,"column":70}},"21":{"start":{"line":113,"column":4},"end":{"line":116,"column":6}},"22":{"start":{"line":114,"column":7},"end":{"line":114,"column":45}},"23":{"start":{"line":115,"column":6},"end":{"line":115,"column":31}},"24":{"start":{"line":149,"column":4},"end":{"line":153,"column":null}},"25":{"start":{"line":150,"column":6},"end":{"line":150,"column":29}},"26":{"start":{"line":152,"column":6},"end":{"line":152,"column":28}},"27":{"start":{"line":158,"column":4},"end":{"line":158,"column":29}},"28":{"start":{"line":159,"column":4},"end":{"line":159,"column":29}},"29":{"start":{"line":160,"column":4},"end":{"line":160,"column":29}},"30":{"start":{"line":13,"column":13},"end":{"line":162,"column":null}}},"fnMap":{"0":{"name":"(anonymous_0)","decl":{"start":{"line":78,"column":2},"end":{"line":78,"column":null}},"loc":{"start":{"line":82,"column":31},"end":{"line":88,"column":3}}},"1":{"name":"(anonymous_1)","decl":{"start":{"line":24,"column":2},"end":{"line":24,"column":13}},"loc":{"start":{"line":24,"column":21},"end":{"line":26,"column":3}}},"2":{"name":"(anonymous_2)","decl":{"start":{"line":28,"column":2},"end":{"line":28,"column":13}},"loc":{"start":{"line":28,"column":17},"end":{"line":30,"column":3}}},"3":{"name":"(anonymous_3)","decl":{"start":{"line":42,"column":2},"end":{"line":42,"column":13}},"loc":{"start":{"line":42,"column":20},"end":{"line":44,"column":3}}},"4":{"name":"(anonymous_4)","decl":{"start":{"line":63,"column":2},"end":{"line":63,"column":13}},"loc":{"start":{"line":63,"column":18},"end":{"line":65,"column":3}}},"5":{"name":"(anonymous_5)","decl":{"start":{"line":70,"column":2},"end":{"line":70,"column":13}},"loc":{"start":{"line":70,"column":19},"end":{"line":72,"column":3}}},"6":{"name":"(anonymous_6)","decl":{"start":{"line":95,"column":10},"end":{"line":95,"column":28}},"loc":{"start":{"line":95,"column":28},"end":{"line":104,"column":3}}},"7":{"name":"(anonymous_7)","decl":{"start":{"line":111,"column":10},"end":{"line":111,"column":28}},"loc":{"start":{"line":111,"column":28},"end":{"line":117,"column":3}}},"8":{"name":"(anonymous_8)","decl":{"start":{"line":113,"column":33},"end":{"line":113,"column":36}},"loc":{"start":{"line":113,"column":38},"end":{"line":116,"column":5}}},"9":{"name":"(anonymous_9)","decl":{"start":{"line":127,"column":2},"end":{"line":127,"column":12}},"loc":{"start":{"line":127,"column":23},"end":{"line":127,"column":33}}},"10":{"name":"(anonymous_10)","decl":{"start":{"line":135,"column":2},"end":{"line":135,"column":18}},"loc":{"start":{"line":135,"column":26},"end":{"line":135,"column":36}}},"11":{"name":"(anonymous_11)","decl":{"start":{"line":142,"column":2},"end":{"line":142,"column":19}},"loc":{"start":{"line":142,"column":27},"end":{"line":142,"column":37}}},"12":{"name":"(anonymous_12)","decl":{"start":{"line":148,"column":2},"end":{"line":148,"column":18}},"loc":{"start":{"line":148,"column":38},"end":{"line":154,"column":3}}},"13":{"name":"(anonymous_13)","decl":{"start":{"line":157,"column":2},"end":{"line":157,"column":13}},"loc":{"start":{"line":157,"column":13},"end":{"line":161,"column":3}}}},"branchMap":{"0":{"loc":{"start":{"line":29,"column":11},"end":{"line":29,"column":49}},"type":"binary-expr","locations":[{"start":{"line":29,"column":11},"end":{"line":29,"column":43}},{"start":{"line":29,"column":47},"end":{"line":29,"column":49}}]},"1":{"loc":{"start":{"line":29,"column":11},"end":{"line":29,"column":43}},"type":"cond-expr","locations":[{"start":{"line":29,"column":31},"end":{"line":29,"column":33}},{"start":{"line":29,"column":31},"end":{"line":29,"column":43}}]},"2":{"loc":{"start":{"line":29,"column":11},"end":{"line":29,"column":33}},"type":"binary-expr","locations":[{"start":{"line":29,"column":11},"end":{"line":29,"column":33}},{"start":{"line":29,"column":31},"end":{"line":29,"column":33}}]},"3":{"loc":{"start":{"line":29,"column":11},"end":{"line":29,"column":31}},"type":"cond-expr","locations":[{"start":{"line":29,"column":25},"end":{"line":29,"column":27}},{"start":{"line":29,"column":25},"end":{"line":29,"column":31}}]},"4":{"loc":{"start":{"line":29,"column":11},"end":{"line":29,"column":27}},"type":"binary-expr","locations":[{"start":{"line":29,"column":11},"end":{"line":29,"column":27}},{"start":{"line":29,"column":25},"end":{"line":29,"column":27}}]},"5":{"loc":{"start":{"line":43,"column":11},"end":{"line":43,"column":72}},"type":"binary-expr","locations":[{"start":{"line":43,"column":12},"end":{"line":43,"column":51}},{"start":{"line":43,"column":55},"end":{"line":43,"column":72}}]},"6":{"loc":{"start":{"line":43,"column":12},"end":{"line":43,"column":51}},"type":"cond-expr","locations":[{"start":{"line":43,"column":26},"end":{"line":43,"column":28}},{"start":{"line":43,"column":26},"end":{"line":43,"column":51}}]},"7":{"loc":{"start":{"line":43,"column":12},"end":{"line":43,"column":28}},"type":"binary-expr","locations":[{"start":{"line":43,"column":12},"end":{"line":43,"column":28}},{"start":{"line":43,"column":26},"end":{"line":43,"column":28}}]},"8":{"loc":{"start":{"line":96,"column":4},"end":{"line":96,"column":54}},"type":"if","locations":[{"start":{"line":96,"column":4},"end":{"line":96,"column":54}}]},"9":{"loc":{"start":{"line":99,"column":6},"end":{"line":102,"column":null}},"type":"if","locations":[{"start":{"line":99,"column":6},"end":{"line":102,"column":null}}]},"10":{"loc":{"start":{"line":149,"column":4},"end":{"line":153,"column":null}},"type":"if","locations":[{"start":{"line":149,"column":4},"end":{"line":153,"column":null}},{"start":{"line":151,"column":11},"end":{"line":153,"column":null}}]}},"s":{"0":1,"1":50,"2":50,"3":50,"4":50,"5":50,"6":50,"7":50,"8":50,"9":47,"10":46,"11":391,"12":2,"13":3,"14":50,"15":49,"16":1,"17":1,"18":1,"19":1,"20":50,"21":50,"22":0,"23":0,"24":2,"25":1,"26":1,"27":41,"28":41,"29":41,"30":1},"f":{"0":50,"1":47,"2":46,"3":391,"4":2,"5":3,"6":50,"7":50,"8":0,"9":31,"10":66,"11":66,"12":2,"13":41},"b":{"0":[46,6],"1":[6,40],"2":[46,44],"3":[0,46],"4":[46,46],"5":[391,188],"6":[0,391],"7":[391,391],"8":[49],"9":[1],"10":[1,1]}}
,"/home/runner/work/workflow-frontend/workflow-frontend/src/app/_main/classes/dialog-ref.class.ts": {"path":"/home/runner/work/workflow-frontend/workflow-frontend/src/app/_main/classes/dialog-ref.class.ts","statementMap":{"0":{"start":{"line":5,"column":10},"end":{"line":5,"column":45}},"1":{"start":{"line":7,"column":10},"end":{"line":7,"column":55}},"2":{"start":{"line":8,"column":10},"end":{"line":8,"column":54}},"3":{"start":{"line":10,"column":10},"end":{"line":10,"column":78}},"4":{"start":{"line":13,"column":4},"end":{"line":13,"column":45}},"5":{"start":{"line":14,"column":4},"end":{"line":14,"column":42}},"6":{"start":{"line":15,"column":4},"end":{"line":15,"column":44}},"7":{"start":{"line":16,"column":4},"end":{"line":16,"column":41}},"8":{"start":{"line":18,"column":4},"end":{"line":18,"column":33}},"9":{"start":{"line":19,"column":4},"end":{"line":19,"column":33}},"10":{"start":{"line":20,"column":4},"end":{"line":20,"column":34}},"11":{"start":{"line":21,"column":4},"end":{"line":21,"column":27}},"12":{"start":{"line":27,"column":4},"end":{"line":27,"column":42}},"13":{"start":{"line":28,"column":4},"end":{"line":28,"column":29}},"14":{"start":{"line":34,"column":4},"end":{"line":34,"column":29}},"15":{"start":{"line":40,"column":4},"end":{"line":40,"column":30}},"16":{"start":{"line":46,"column":4},"end":{"line":46,"column":76}},"17":{"start":{"line":53,"column":4},"end":{"line":53,"column":47}},"18":{"start":{"line":60,"column":4},"end":{"line":60,"column":69}},"19":{"start":{"line":68,"column":4},"end":{"line":68,"column":76}},"20":{"start":{"line":72,"column":4},"end":{"line":72,"column":76}},"21":{"start":{"line":76,"column":4},"end":{"line":76,"column":76}},"22":{"start":{"line":80,"column":4},"end":{"line":80,"column":29}}},"fnMap":{"0":{"name":"(anonymous_0)","decl":{"start":{"line":4,"column":0},"end":{"line":4,"column":6}},"loc":{"start":{"line":4,"column":0},"end":{"line":82,"column":1}}},"1":{"name":"(anonymous_1)","decl":{"start":{"line":12,"column":2},"end":{"line":12,"column":7}},"loc":{"start":{"line":12,"column":24},"end":{"line":22,"column":3}}},"2":{"name":"(anonymous_2)","decl":{"start":{"line":26,"column":2},"end":{"line":26,"column":13}},"loc":{"start":{"line":26,"column":13},"end":{"line":29,"column":3}}},"3":{"name":"(anonymous_3)","decl":{"start":{"line":33,"column":2},"end":{"line":33,"column":13}},"loc":{"start":{"line":33,"column":13},"end":{"line":35,"column":3}}},"4":{"name":"(anonymous_4)","decl":{"start":{"line":39,"column":2},"end":{"line":39,"column":14}},"loc":{"start":{"line":39,"column":14},"end":{"line":41,"column":3}}},"5":{"name":"(anonymous_5)","decl":{"start":{"line":45,"column":2},"end":{"line":45,"column":15}},"loc":{"start":{"line":45,"column":15},"end":{"line":47,"column":3}}},"6":{"name":"(anonymous_6)","decl":{"start":{"line":52,"column":2},"end":{"line":52,"column":15}},"loc":{"start":{"line":52,"column":15},"end":{"line":54,"column":3}}},"7":{"name":"(anonymous_7)","decl":{"start":{"line":59,"column":2},"end":{"line":59,"column":16}},"loc":{"start":{"line":59,"column":42},"end":{"line":61,"column":3}}},"8":{"name":"(anonymous_8)","decl":{"start":{"line":67,"column":2},"end":{"line":67,"column":12}},"loc":{"start":{"line":67,"column":44},"end":{"line":69,"column":3}}},"9":{"name":"(anonymous_9)","decl":{"start":{"line":71,"column":2},"end":{"line":71,"column":15}},"loc":{"start":{"line":71,"column":42},"end":{"line":73,"column":3}}},"10":{"name":"(anonymous_10)","decl":{"start":{"line":75,"column":2},"end":{"line":75,"column":18}},"loc":{"start":{"line":75,"column":45},"end":{"line":77,"column":3}}},"11":{"name":"(anonymous_11)","decl":{"start":{"line":79,"column":2},"end":{"line":79,"column":10}},"loc":{"start":{"line":79,"column":10},"end":{"line":81,"column":3}}}},"branchMap":{},"s":{"0":10,"1":10,"2":10,"3":10,"4":2,"5":2,"6":2,"7":2,"8":2,"9":2,"10":2,"11":2,"12":1,"13":1,"14":1,"15":1,"16":1,"17":1,"18":1,"19":1,"20":1,"21":1,"22":3},"f":{"0":10,"1":2,"2":1,"3":1,"4":1,"5":1,"6":1,"7":1,"8":1,"9":1,"10":1,"11":3},"b":{}}
,"/home/runner/work/workflow-frontend/workflow-frontend/src/app/_main/classes/e-set.class.ts": {"path":"/home/runner/work/workflow-frontend/workflow-frontend/src/app/_main/classes/e-set.class.ts","statementMap":{"0":{"start":{"line":3,"column":4},"end":{"line":7,"column":null}},"1":{"start":{"line":4,"column":6},"end":{"line":4,"column":23}},"2":{"start":{"line":6,"column":6},"end":{"line":6,"column":20}}},"fnMap":{"0":{"name":"(anonymous_0)","decl":{"start":{"line":2,"column":2},"end":{"line":2,"column":8}},"loc":{"start":{"line":2,"column":17},"end":{"line":8,"column":3}}}},"branchMap":{"0":{"loc":{"start":{"line":3,"column":4},"end":{"line":7,"column":null}},"type":"if","locations":[{"start":{"line":3,"column":4},"end":{"line":7,"column":null}},{"start":{"line":5,"column":11},"end":{"line":7,"column":null}}]}},"s":{"0":2,"1":1,"2":1},"f":{"0":2},"b":{"0":[1,1]}}
,"/home/runner/work/workflow-frontend/workflow-frontend/src/app/_main/classes/enum.class.ts": {"path":"/home/runner/work/workflow-frontend/workflow-frontend/src/app/_main/classes/enum.class.ts","statementMap":{"0":{"start":{"line":11,"column":4},"end":{"line":15,"column":null}},"1":{"start":{"line":12,"column":6},"end":{"line":14,"column":null}},"2":{"start":{"line":13,"column":8},"end":{"line":13,"column":20}},"3":{"start":{"line":17,"column":4},"end":{"line":17,"column":17}},"4":{"start":{"line":33,"column":4},"end":{"line":33,"column":71}},"5":{"start":{"line":33,"column":47},"end":{"line":33,"column":69}},"6":{"start":{"line":49,"column":4},"end":{"line":51,"column":null}},"7":{"start":{"line":50,"column":6},"end":{"line":50,"column":37}},"8":{"start":{"line":53,"column":4},"end":{"line":55,"column":29}},"9":{"start":{"line":54,"column":21},"end":{"line":54,"column":43}},"10":{"start":{"line":55,"column":18},"end":{"line":55,"column":27}},"11":{"start":{"line":71,"column":4},"end":{"line":73,"column":null}},"12":{"start":{"line":72,"column":6},"end":{"line":72,"column":38}},"13":{"start":{"line":75,"column":4},"end":{"line":77,"column":40}},"14":{"start":{"line":76,"column":21},"end":{"line":76,"column":63}},"15":{"start":{"line":77,"column":18},"end":{"line":77,"column":38}}},"fnMap":{"0":{"name":"(anonymous_0)","decl":{"start":{"line":10,"column":9},"end":{"line":10,"column":15}},"loc":{"start":{"line":10,"column":39},"end":{"line":18,"column":3}}},"1":{"name":"(anonymous_1)","decl":{"start":{"line":32,"column":9},"end":{"line":32,"column":15}},"loc":{"start":{"line":32,"column":34},"end":{"line":34,"column":3}}},"2":{"name":"(anonymous_2)","decl":{"start":{"line":33,"column":40},"end":{"line":33,"column":41}},"loc":{"start":{"line":33,"column":47},"end":{"line":33,"column":69}}},"3":{"name":"(anonymous_3)","decl":{"start":{"line":48,"column":9},"end":{"line":48,"column":15}},"loc":{"start":{"line":48,"column":36},"end":{"line":56,"column":3}}},"4":{"name":"(anonymous_4)","decl":{"start":{"line":54,"column":14},"end":{"line":54,"column":15}},"loc":{"start":{"line":54,"column":21},"end":{"line":54,"column":43}}},"5":{"name":"(anonymous_5)","decl":{"start":{"line":55,"column":11},"end":{"line":55,"column":12}},"loc":{"start":{"line":55,"column":18},"end":{"line":55,"column":27}}},"6":{"name":"(anonymous_6)","decl":{"start":{"line":70,"column":9},"end":{"line":70,"column":15}},"loc":{"start":{"line":70,"column":37},"end":{"line":78,"column":3}}},"7":{"name":"(anonymous_7)","decl":{"start":{"line":76,"column":14},"end":{"line":76,"column":15}},"loc":{"start":{"line":76,"column":21},"end":{"line":76,"column":63}}},"8":{"name":"(anonymous_8)","decl":{"start":{"line":77,"column":11},"end":{"line":77,"column":12}},"loc":{"start":{"line":77,"column":18},"end":{"line":77,"column":38}}}},"branchMap":{"0":{"loc":{"start":{"line":12,"column":6},"end":{"line":14,"column":null}},"type":"if","locations":[{"start":{"line":12,"column":6},"end":{"line":14,"column":null}}]},"1":{"loc":{"start":{"line":33,"column":47},"end":{"line":33,"column":69}},"type":"binary-expr","locations":[{"start":{"line":33,"column":47},"end":{"line":33,"column":57}},{"start":{"line":33,"column":61},"end":{"line":33,"column":69}}]},"2":{"loc":{"start":{"line":49,"column":4},"end":{"line":51,"column":null}},"type":"if","locations":[{"start":{"line":49,"column":4},"end":{"line":51,"column":null}}]},"3":{"loc":{"start":{"line":54,"column":21},"end":{"line":54,"column":43}},"type":"binary-expr","locations":[{"start":{"line":54,"column":21},"end":{"line":54,"column":30}},{"start":{"line":54,"column":34},"end":{"line":54,"column":43}}]},"4":{"loc":{"start":{"line":71,"column":4},"end":{"line":73,"column":null}},"type":"if","locations":[{"start":{"line":71,"column":4},"end":{"line":73,"column":null}}]},"5":{"loc":{"start":{"line":76,"column":21},"end":{"line":76,"column":63}},"type":"binary-expr","locations":[{"start":{"line":76,"column":21},"end":{"line":76,"column":33}},{"start":{"line":76,"column":37},"end":{"line":76,"column":49}},{"start":{"line":76,"column":53},"end":{"line":76,"column":63}}]}},"s":{"0":8,"1":15,"2":5,"3":3,"4":2,"5":9,"6":2,"7":1,"8":1,"9":6,"10":3,"11":4,"12":1,"13":3,"14":18,"15":9},"f":{"0":8,"1":2,"2":9,"3":2,"4":6,"5":3,"6":4,"7":18,"8":9},"b":{"0":[5],"1":[9,6],"2":[1],"3":[6,3],"4":[1],"5":[18,10,10]}}
,"/home/runner/work/workflow-frontend/workflow-frontend/src/app/_main/classes/filters.class.ts": {"path":"/home/runner/work/workflow-frontend/workflow-frontend/src/app/_main/classes/filters.class.ts","statementMap":{"0":{"start":{"line":6,"column":4},"end":{"line":17,"column":6}},"1":{"start":{"line":15,"column":8},"end":{"line":15,"column":77}},"2":{"start":{"line":15,"column":38},"end":{"line":15,"column":75}}},"fnMap":{"0":{"name":"(anonymous_0)","decl":{"start":{"line":5,"column":9},"end":{"line":5,"column":15}},"loc":{"start":{"line":5,"column":51},"end":{"line":18,"column":3}}},"1":{"name":"(anonymous_1)","decl":{"start":{"line":14,"column":6},"end":{"line":14,"column":11}},"loc":{"start":{"line":14,"column":58},"end":{"line":16,"column":7}}},"2":{"name":"(anonymous_2)","decl":{"start":{"line":15,"column":28},"end":{"line":15,"column":29}},"loc":{"start":{"line":15,"column":38},"end":{"line":15,"column":75}}}},"branchMap":{},"s":{"0":1,"1":0,"2":0},"f":{"0":1,"1":0,"2":0},"b":{}}
,"/home/runner/work/workflow-frontend/workflow-frontend/src/app/_main/classes/persistent-map.class.ts": {"path":"/home/runner/work/workflow-frontend/workflow-frontend/src/app/_main/classes/persistent-map.class.ts","statementMap":{"0":{"start":{"line":33,"column":4},"end":{"line":37,"column":6}},"1":{"start":{"line":27,"column":10},"end":{"line":27,"column":30}},"2":{"start":{"line":39,"column":4},"end":{"line":42,"column":null}},"3":{"start":{"line":40,"column":6},"end":{"line":40,"column":63}},"4":{"start":{"line":41,"column":6},"end":{"line":41,"column":13}},"5":{"start":{"line":44,"column":4},"end":{"line":44,"column":40}},"6":{"start":{"line":7,"column":4},"end":{"line":7,"column":49}},"7":{"start":{"line":8,"column":4},"end":{"line":8,"column":18}},"8":{"start":{"line":12,"column":17},"end":{"line":12,"column":34}},"9":{"start":{"line":13,"column":4},"end":{"line":13,"column":21}},"10":{"start":{"line":14,"column":4},"end":{"line":14,"column":16}},"11":{"start":{"line":18,"column":17},"end":{"line":18,"column":38}},"12":{"start":{"line":19,"column":4},"end":{"line":19,"column":21}},"13":{"start":{"line":20,"column":4},"end":{"line":20,"column":16}},"14":{"start":{"line":24,"column":4},"end":{"line":24,"column":83}}},"fnMap":{"0":{"name":"(anonymous_0)","decl":{"start":{"line":29,"column":2},"end":{"line":29,"column":null}},"loc":{"start":{"line":31,"column":49},"end":{"line":45,"column":3}}},"1":{"name":"(anonymous_1)","decl":{"start":{"line":6,"column":11},"end":{"line":6,"column":16}},"loc":{"start":{"line":6,"column":16},"end":{"line":9,"column":3}}},"2":{"name":"(anonymous_2)","decl":{"start":{"line":11,"column":11},"end":{"line":11,"column":17}},"loc":{"start":{"line":11,"column":24},"end":{"line":15,"column":3}}},"3":{"name":"(anonymous_3)","decl":{"start":{"line":17,"column":11},"end":{"line":17,"column":14}},"loc":{"start":{"line":17,"column":31},"end":{"line":21,"column":3}}},"4":{"name":"(anonymous_4)","decl":{"start":{"line":23,"column":10},"end":{"line":23,"column":19}},"loc":{"start":{"line":23,"column":19},"end":{"line":25,"column":3}}}},"branchMap":{"0":{"loc":{"start":{"line":34,"column":6},"end":{"line":36,"column":17}},"type":"cond-expr","locations":[{"start":{"line":35,"column":10},"end":{"line":35,"column":58}},{"start":{"line":36,"column":10},"end":{"line":36,"column":17}}]},"1":{"loc":{"start":{"line":34,"column":6},"end":{"line":34,"column":58}},"type":"binary-expr","locations":[{"start":{"line":34,"column":6},"end":{"line":34,"column":19}},{"start":{"line":34,"column":23},"end":{"line":34,"column":58}}]},"2":{"loc":{"start":{"line":39,"column":4},"end":{"line":42,"column":null}},"type":"if","locations":[{"start":{"line":39,"column":4},"end":{"line":42,"column":null}}]}},"s":{"0":1,"1":1,"2":1,"3":0,"4":0,"5":1,"6":0,"7":0,"8":0,"9":0,"10":0,"11":0,"12":0,"13":0,"14":0},"f":{"0":1,"1":0,"2":0,"3":0,"4":0},"b":{"0":[0,1],"1":[1,1],"2":[0]}}
,"/home/runner/work/workflow-frontend/workflow-frontend/src/app/_main/classes/random.class.ts": {"path":"/home/runner/work/workflow-frontend/workflow-frontend/src/app/_main/classes/random.class.ts","statementMap":{"0":{"start":{"line":2,"column":10},"end":{"line":2,"column":26}},"1":{"start":{"line":3,"column":10},"end":{"line":3,"column":26}},"2":{"start":{"line":4,"column":10},"end":{"line":4,"column":28}},"3":{"start":{"line":11,"column":4},"end":{"line":11,"column":46}},"4":{"start":{"line":12,"column":4},"end":{"line":12,"column":46}},"5":{"start":{"line":18,"column":4},"end":{"line":18,"column":75}},"6":{"start":{"line":19,"column":4},"end":{"line":19,"column":75}},"7":{"start":{"line":20,"column":17},"end":{"line":20,"column":62}},"8":{"start":{"line":21,"column":4},"end":{"line":21,"column":25}},"9":{"start":{"line":22,"column":4},"end":{"line":22,"column":18}}},"fnMap":{"0":{"name":"(anonymous_0)","decl":{"start":{"line":10,"column":2},"end":{"line":10,"column":14}},"loc":{"start":{"line":10,"column":49},"end":{"line":13,"column":3}}},"1":{"name":"(anonymous_1)","decl":{"start":{"line":17,"column":9},"end":{"line":17,"column":15}},"loc":{"start":{"line":17,"column":15},"end":{"line":23,"column":3}}}},"branchMap":{"0":{"loc":{"start":{"line":10,"column":14},"end":{"line":10,"column":49}},"type":"default-arg","locations":[{"start":{"line":10,"column":29},"end":{"line":10,"column":49}}]}},"s":{"0":5,"1":5,"2":5,"3":5,"4":5,"5":5,"6":5,"7":5,"8":5,"9":5},"f":{"0":5,"1":5},"b":{"0":[1]}}
,"/home/runner/work/workflow-frontend/workflow-frontend/src/app/_main/classes/utils.class.ts": {"path":"/home/runner/work/workflow-frontend/workflow-frontend/src/app/_main/classes/utils.class.ts","statementMap":{"0":{"start":{"line":13,"column":18},"end":{"line":13,"column":58}},"1":{"start":{"line":14,"column":4},"end":{"line":14,"column":55}},"2":{"start":{"line":23,"column":4},"end":{"line":36,"column":16}},"3":{"start":{"line":26,"column":8},"end":{"line":34,"column":null}},"4":{"start":{"line":27,"column":10},"end":{"line":31,"column":null}},"5":{"start":{"line":28,"column":12},"end":{"line":28,"column":49}},"6":{"start":{"line":30,"column":12},"end":{"line":30,"column":43}},"7":{"start":{"line":33,"column":10},"end":{"line":33,"column":27}},"8":{"start":{"line":46,"column":4},"end":{"line":50,"column":null}},"9":{"start":{"line":47,"column":6},"end":{"line":49,"column":null}},"10":{"start":{"line":48,"column":8},"end":{"line":48,"column":21}},"11":{"start":{"line":51,"column":4},"end":{"line":51,"column":16}},"12":{"start":{"line":60,"column":4},"end":{"line":60,"column":38}},"13":{"start":{"line":60,"column":25},"end":{"line":60,"column":38}},"14":{"start":{"line":61,"column":4},"end":{"line":61,"column":72}}},"fnMap":{"0":{"name":"(anonymous_0)","decl":{"start":{"line":12,"column":9},"end":{"line":12,"column":15}},"loc":{"start":{"line":12,"column":80},"end":{"line":15,"column":3}}},"1":{"name":"(anonymous_1)","decl":{"start":{"line":22,"column":9},"end":{"line":22,"column":15}},"loc":{"start":{"line":22,"column":45},"end":{"line":37,"column":3}}},"2":{"name":"(anonymous_2)","decl":{"start":{"line":25,"column":11},"end":{"line":25,"column":12}},"loc":{"start":{"line":25,"column":32},"end":{"line":35,"column":7}}},"3":{"name":"(anonymous_3)","decl":{"start":{"line":45,"column":9},"end":{"line":45,"column":15}},"loc":{"start":{"line":45,"column":47},"end":{"line":52,"column":3}}},"4":{"name":"(anonymous_4)","decl":{"start":{"line":59,"column":9},"end":{"line":59,"column":15}},"loc":{"start":{"line":59,"column":37},"end":{"line":62,"column":3}}}},"branchMap":{"0":{"loc":{"start":{"line":12,"column":60},"end":{"line":12,"column":80}},"type":"default-arg","locations":[{"start":{"line":12,"column":79},"end":{"line":12,"column":80}}]},"1":{"loc":{"start":{"line":14,"column":11},"end":{"line":14,"column":54}},"type":"cond-expr","locations":[{"start":{"line":14,"column":26},"end":{"line":14,"column":44}},{"start":{"line":14,"column":47},"end":{"line":14,"column":54}}]},"2":{"loc":{"start":{"line":26,"column":8},"end":{"line":34,"column":null}},"type":"if","locations":[{"start":{"line":26,"column":8},"end":{"line":34,"column":null}},{"start":{"line":32,"column":15},"end":{"line":34,"column":null}}]},"3":{"loc":{"start":{"line":26,"column":12},"end":{"line":26,"column":77}},"type":"binary-expr","locations":[{"start":{"line":26,"column":12},"end":{"line":26,"column":37}},{"start":{"line":26,"column":41},"end":{"line":26,"column":77}}]},"4":{"loc":{"start":{"line":27,"column":10},"end":{"line":31,"column":null}},"type":"if","locations":[{"start":{"line":27,"column":10},"end":{"line":31,"column":null}},{"start":{"line":29,"column":17},"end":{"line":31,"column":null}}]},"5":{"loc":{"start":{"line":47,"column":6},"end":{"line":49,"column":null}},"type":"if","locations":[{"start":{"line":47,"column":6},"end":{"line":49,"column":null}}]},"6":{"loc":{"start":{"line":60,"column":4},"end":{"line":60,"column":38}},"type":"if","locations":[{"start":{"line":60,"column":4},"end":{"line":60,"column":38}}]},"7":{"loc":{"start":{"line":61,"column":11},"end":{"line":61,"column":71}},"type":"binary-expr","locations":[{"start":{"line":61,"column":12},"end":{"line":61,"column":23}},{"start":{"line":61,"column":27},"end":{"line":61,"column":38}},{"start":{"line":61,"column":44},"end":{"line":61,"column":55}},{"start":{"line":61,"column":59},"end":{"line":61,"column":70}}]}},"s":{"0":3,"1":3,"2":8,"3":68,"4":7,"5":2,"6":5,"7":61,"8":2,"9":4,"10":1,"11":1,"12":77,"13":1,"14":76},"f":{"0":3,"1":8,"2":68,"3":2,"4":77},"b":{"0":[3],"1":[2,1],"2":[7,61],"3":[68,67],"4":[2,5],"5":[1],"6":[1],"7":[76,73,67,62]}}
,"/home/runner/work/workflow-frontend/workflow-frontend/src/app/_main/components/button/button.component.ts": {"path":"/home/runner/work/workflow-frontend/workflow-frontend/src/app/_main/components/button/button.component.ts","statementMap":{"0":{"start":{"line":13,"column":28},"end":{"line":49,"column":null}},"1":{"start":{"line":17,"column":11},"end":{"line":17,"column":72}},"2":{"start":{"line":24,"column":11},"end":{"line":24,"column":48}},"3":{"start":{"line":29,"column":11},"end":{"line":29,"column":37}},"4":{"start":{"line":45,"column":4},"end":{"line":47,"column":12}},"5":{"start":{"line":46,"column":6},"end":{"line":46,"column":44}},"6":{"start":{"line":13,"column":13},"end":{"line":49,"column":null}}},"fnMap":{"0":{"name":"(anonymous_1)","decl":{"start":{"line":44,"column":2},"end":{"line":44,"column":7}},"loc":{"start":{"line":44,"column":7},"end":{"line":48,"column":3}}},"1":{"name":"(anonymous_2)","decl":{"start":{"line":45,"column":15},"end":{"line":45,"column":18}},"loc":{"start":{"line":45,"column":20},"end":{"line":47,"column":5}}}},"branchMap":{},"s":{"0":1,"1":32,"2":32,"3":32,"4":1,"5":1,"6":1},"f":{"0":1,"1":1},"b":{}}
,"/home/runner/work/workflow-frontend/workflow-frontend/src/app/_main/components/card/card.component.ts": {"path":"/home/runner/work/workflow-frontend/workflow-frontend/src/app/_main/components/card/card.component.ts","statementMap":{"0":{"start":{"line":8,"column":26},"end":{"line":10,"column":null}},"1":{"start":{"line":8,"column":13},"end":{"line":10,"column":null}}},"fnMap":{"0":{"name":"(anonymous_0)","decl":{"start":{"line":9,"column":2},"end":{"line":9,"column":17}},"loc":{"start":{"line":9,"column":2},"end":{"line":9,"column":18}}}},"branchMap":{},"s":{"0":1,"1":1},"f":{"0":3},"b":{}}
,"/home/runner/work/workflow-frontend/workflow-frontend/src/app/_main/components/checkbox/checkbox.component.ts": {"path":"/home/runner/work/workflow-frontend/workflow-frontend/src/app/_main/components/checkbox/checkbox.component.ts","statementMap":{"0":{"start":{"line":9,"column":30},"end":{"line":9,"column":null}},"1":{"start":{"line":9,"column":13},"end":{"line":9,"column":null}}},"fnMap":{},"branchMap":{},"s":{"0":1,"1":1},"f":{},"b":{}}
,"/home/runner/work/workflow-frontend/workflow-frontend/src/app/_main/components/dialog-outlet/dialog-outlet.component.ts": {"path":"/home/runner/work/workflow-frontend/workflow-frontend/src/app/_main/components/dialog-outlet/dialog-outlet.component.ts","statementMap":{"0":{"start":{"line":13,"column":34},"end":{"line":70,"column":null}},"1":{"start":{"line":20,"column":22},"end":{"line":20,"column":50}},"2":{"start":{"line":20,"column":60},"end":{"line":20,"column":78}},"3":{"start":{"line":18,"column":30},"end":{"line":18,"column":44}},"4":{"start":{"line":16,"column":4},"end":{"line":16,"column":52}},"5":{"start":{"line":23,"column":22},"end":{"line":23,"column":37}},"6":{"start":{"line":24,"column":21},"end":{"line":24,"column":57}},"7":{"start":{"line":26,"column":4},"end":{"line":31,"column":9}},"8":{"start":{"line":30,"column":8},"end":{"line":30,"column":30}},"9":{"start":{"line":33,"column":4},"end":{"line":33,"column":44}},"10":{"start":{"line":34,"column":4},"end":{"line":34,"column":21}},"11":{"start":{"line":38,"column":29},"end":{"line":38,"column":55}},"12":{"start":{"line":39,"column":4},"end":{"line":39,"column":29}},"13":{"start":{"line":41,"column":26},"end":{"line":41,"column":83}},"14":{"start":{"line":42,"column":4},"end":{"line":42,"column":16}},"15":{"start":{"line":46,"column":4},"end":{"line":46,"column":16}},"16":{"start":{"line":47,"column":4},"end":{"line":50,"column":12}},"17":{"start":{"line":48,"column":31},"end":{"line":48,"column":57}},"18":{"start":{"line":49,"column":6},"end":{"line":49,"column":31}},"19":{"start":{"line":54,"column":4},"end":{"line":60,"column":7}},"20":{"start":{"line":64,"column":4},"end":{"line":64,"column":25}},"21":{"start":{"line":68,"column":4},"end":{"line":68,"column":23}},"22":{"start":{"line":13,"column":13},"end":{"line":70,"column":null}}},"fnMap":{"0":{"name":"(anonymous_0)","decl":{"start":{"line":20,"column":2},"end":{"line":20,"column":22}},"loc":{"start":{"line":20,"column":78},"end":{"line":20,"column":82}}},"1":{"name":"(anonymous_1)","decl":{"start":{"line":15,"column":2},"end":{"line":15,"column":3}},"loc":{"start":{"line":15,"column":42},"end":{"line":17,"column":3}}},"2":{"name":"(anonymous_2)","decl":{"start":{"line":22,"column":2},"end":{"line":22,"column":14}},"loc":{"start":{"line":22,"column":40},"end":{"line":35,"column":3}}},"3":{"name":"(anonymous_3)","decl":{"start":{"line":29,"column":17},"end":{"line":29,"column":20}},"loc":{"start":{"line":29,"column":22},"end":{"line":31,"column":7}}},"4":{"name":"(anonymous_4)","decl":{"start":{"line":37,"column":10},"end":{"line":37,"column":23}},"loc":{"start":{"line":37,"column":58},"end":{"line":43,"column":3}}},"5":{"name":"(anonymous_5)","decl":{"start":{"line":45,"column":10},"end":{"line":45,"column":24}},"loc":{"start":{"line":45,"column":24},"end":{"line":51,"column":3}}},"6":{"name":"(anonymous_6)","decl":{"start":{"line":47,"column":15},"end":{"line":47,"column":18}},"loc":{"start":{"line":47,"column":20},"end":{"line":50,"column":5}}},"7":{"name":"(anonymous_7)","decl":{"start":{"line":53,"column":10},"end":{"line":53,"column":24}},"loc":{"start":{"line":53,"column":56},"end":{"line":61,"column":3}}},"8":{"name":"(anonymous_8)","decl":{"start":{"line":63,"column":10},"end":{"line":63,"column":14}},"loc":{"start":{"line":63,"column":14},"end":{"line":65,"column":3}}},"9":{"name":"(anonymous_9)","decl":{"start":{"line":67,"column":10},"end":{"line":67,"column":14}},"loc":{"start":{"line":67,"column":14},"end":{"line":69,"column":3}}}},"branchMap":{},"s":{"0":1,"1":1,"2":1,"3":1,"4":0,"5":0,"6":0,"7":0,"8":0,"9":0,"10":0,"11":0,"12":0,"13":0,"14":0,"15":0,"16":0,"17":0,"18":0,"19":0,"20":0,"21":0,"22":1},"f":{"0":1,"1":0,"2":0,"3":0,"4":0,"5":0,"6":0,"7":0,"8":0,"9":0},"b":{}}
,"/home/runner/work/workflow-frontend/workflow-frontend/src/app/_main/components/filters/filters.component.ts": {"path":"/home/runner/work/workflow-frontend/workflow-frontend/src/app/_main/components/filters/filters.component.ts","statementMap":{"0":{"start":{"line":11,"column":29},"end":{"line":50,"column":null}},"1":{"start":{"line":29,"column":4},"end":{"line":29,"column":21}},"2":{"start":{"line":28,"column":30},"end":{"line":28,"column":50}},"3":{"start":{"line":25,"column":10},"end":{"line":25,"column":34}},"4":{"start":{"line":13,"column":4},"end":{"line":17,"column":6}},"5":{"start":{"line":15,"column":8},"end":{"line":15,"column":45}},"6":{"start":{"line":18,"column":4},"end":{"line":18,"column":28}},"7":{"start":{"line":22,"column":4},"end":{"line":22,"column":25}},"8":{"start":{"line":33,"column":21},"end":{"line":33,"column":68}},"9":{"start":{"line":34,"column":4},"end":{"line":34,"column":19}},"10":{"start":{"line":38,"column":4},"end":{"line":38,"column":27}},"11":{"start":{"line":38,"column":20},"end":{"line":38,"column":27}},"12":{"start":{"line":40,"column":30},"end":{"line":40,"column":32}},"13":{"start":{"line":42,"column":4},"end":{"line":46,"column":null}},"14":{"start":{"line":43,"column":26},"end":{"line":43,"column":75}},"15":{"start":{"line":44,"column":6},"end":{"line":44,"column":33}},"16":{"start":{"line":45,"column":6},"end":{"line":45,"column":29}},"17":{"start":{"line":48,"column":4},"end":{"line":48,"column":37}},"18":{"start":{"line":11,"column":13},"end":{"line":50,"column":null}}},"fnMap":{"0":{"name":"(anonymous_0)","decl":{"start":{"line":28,"column":2},"end":{"line":28,"column":30}},"loc":{"start":{"line":28,"column":50},"end":{"line":30,"column":3}}},"1":{"name":"(anonymous_1)","decl":{"start":{"line":12,"column":2},"end":{"line":12,"column":3}},"loc":{"start":{"line":12,"column":40},"end":{"line":19,"column":3}}},"2":{"name":"(anonymous_2)","decl":{"start":{"line":14,"column":18},"end":{"line":14,"column":19}},"loc":{"start":{"line":14,"column":29},"end":{"line":16,"column":7}}},"3":{"name":"(anonymous_3)","decl":{"start":{"line":21,"column":2},"end":{"line":21,"column":13}},"loc":{"start":{"line":21,"column":20},"end":{"line":23,"column":3}}},"4":{"name":"(anonymous_4)","decl":{"start":{"line":32,"column":9},"end":{"line":32,"column":19}},"loc":{"start":{"line":32,"column":33},"end":{"line":35,"column":3}}},"5":{"name":"(anonymous_5)","decl":{"start":{"line":37,"column":9},"end":{"line":37,"column":20}},"loc":{"start":{"line":37,"column":20},"end":{"line":49,"column":3}}}},"branchMap":{"0":{"loc":{"start":{"line":33,"column":21},"end":{"line":33,"column":68}},"type":"binary-expr","locations":[{"start":{"line":33,"column":21},"end":{"line":33,"column":47}},{"start":{"line":33,"column":51},"end":{"line":33,"column":68}}]},"1":{"loc":{"start":{"line":33,"column":21},"end":{"line":33,"column":47}},"type":"cond-expr","locations":[{"start":{"line":33,"column":30},"end":{"line":33,"column":32}},{"start":{"line":33,"column":30},"end":{"line":33,"column":47}}]},"2":{"loc":{"start":{"line":33,"column":21},"end":{"line":33,"column":32}},"type":"binary-expr","locations":[{"start":{"line":33,"column":21},"end":{"line":33,"column":32}},{"start":{"line":33,"column":30},"end":{"line":33,"column":32}}]},"3":{"loc":{"start":{"line":38,"column":4},"end":{"line":38,"column":27}},"type":"if","locations":[{"start":{"line":38,"column":4},"end":{"line":38,"column":27}}]},"4":{"loc":{"start":{"line":43,"column":33},"end":{"line":43,"column":65}},"type":"cond-expr","locations":[{"start":{"line":43,"column":42},"end":{"line":43,"column":44}},{"start":{"line":43,"column":42},"end":{"line":43,"column":65}}]},"5":{"loc":{"start":{"line":43,"column":33},"end":{"line":43,"column":44}},"type":"binary-expr","locations":[{"start":{"line":43,"column":33},"end":{"line":43,"column":44}},{"start":{"line":43,"column":42},"end":{"line":43,"column":44}}]}},"s":{"0":1,"1":1,"2":1,"3":1,"4":0,"5":0,"6":0,"7":2,"8":0,"9":0,"10":0,"11":0,"12":0,"13":0,"14":0,"15":0,"16":0,"17":0,"18":1},"f":{"0":1,"1":0,"2":0,"3":2,"4":0,"5":0},"b":{"0":[0,0],"1":[0,0],"2":[0,0],"3":[0],"4":[0,0],"5":[0,0]}}
,"/home/runner/work/workflow-frontend/workflow-frontend/src/app/_main/components/icon/icon.component.ts": {"path":"/home/runner/work/workflow-frontend/workflow-frontend/src/app/_main/components/icon/icon.component.ts","statementMap":{"0":{"start":{"line":14,"column":26},"end":{"line":116,"column":null}},"1":{"start":{"line":19,"column":11},"end":{"line":19,"column":33}},"2":{"start":{"line":95,"column":10},"end":{"line":95,"column":46}},"3":{"start":{"line":100,"column":9},"end":{"line":100,"column":36}},"4":{"start":{"line":105,"column":9},"end":{"line":105,"column":37}},"5":{"start":{"line":36,"column":4},"end":{"line":36,"column":23}},"6":{"start":{"line":38,"column":4},"end":{"line":46,"column":null}},"7":{"start":{"line":39,"column":25},"end":{"line":39,"column":59}},"8":{"start":{"line":41,"column":6},"end":{"line":41,"column":65}},"9":{"start":{"line":42,"column":6},"end":{"line":42,"column":58}},"10":{"start":{"line":44,"column":6},"end":{"line":44,"column":47}},"11":{"start":{"line":45,"column":6},"end":{"line":45,"column":45}},"12":{"start":{"line":53,"column":4},"end":{"line":53,"column":22}},"13":{"start":{"line":60,"column":4},"end":{"line":60,"column":21}},"14":{"start":{"line":67,"column":4},"end":{"line":67,"column":21}},"15":{"start":{"line":74,"column":4},"end":{"line":76,"column":null}},"16":{"start":{"line":75,"column":6},"end":{"line":75,"column":24}},"17":{"start":{"line":77,"column":4},"end":{"line":77,"column":40}},"18":{"start":{"line":84,"column":4},"end":{"line":89,"column":6}},"19":{"start":{"line":114,"column":4},"end":{"line":114,"column":50}},"20":{"start":{"line":14,"column":13},"end":{"line":116,"column":null}}},"fnMap":{"0":{"name":"(anonymous_1)","decl":{"start":{"line":35,"column":2},"end":{"line":35,"column":3}},"loc":{"start":{"line":35,"column":50},"end":{"line":47,"column":3}}},"1":{"name":"(anonymous_2)","decl":{"start":{"line":52,"column":2},"end":{"line":52,"column":13}},"loc":{"start":{"line":52,"column":17},"end":{"line":54,"column":3}}},"2":{"name":"(anonymous_3)","decl":{"start":{"line":59,"column":2},"end":{"line":59,"column":3}},"loc":{"start":{"line":59,"column":39},"end":{"line":61,"column":3}}},"3":{"name":"(anonymous_4)","decl":{"start":{"line":66,"column":2},"end":{"line":66,"column":3}},"loc":{"start":{"line":66,"column":41},"end":{"line":68,"column":3}}},"4":{"name":"(anonymous_5)","decl":{"start":{"line":73,"column":2},"end":{"line":73,"column":13}},"loc":{"start":{"line":73,"column":27},"end":{"line":78,"column":3}}},"5":{"name":"(anonymous_6)","decl":{"start":{"line":83,"column":2},"end":{"line":83,"column":13}},"loc":{"start":{"line":83,"column":18},"end":{"line":90,"column":3}}},"6":{"name":"(anonymous_7)","decl":{"start":{"line":113,"column":2},"end":{"line":113,"column":13}},"loc":{"start":{"line":113,"column":26},"end":{"line":115,"column":3}}}},"branchMap":{"0":{"loc":{"start":{"line":38,"column":4},"end":{"line":46,"column":null}},"type":"if","locations":[{"start":{"line":38,"column":4},"end":{"line":46,"column":null}},{"start":{"line":43,"column":11},"end":{"line":46,"column":null}}]},"1":{"loc":{"start":{"line":74,"column":4},"end":{"line":76,"column":null}},"type":"if","locations":[{"start":{"line":74,"column":4},"end":{"line":76,"column":null}}]}},"s":{"0":1,"1":38,"2":38,"3":38,"4":38,"5":35,"6":35,"7":1,"8":1,"9":1,"10":34,"11":34,"12":2,"13":86,"14":86,"15":82,"16":12,"17":70,"18":86,"19":5,"20":1},"f":{"0":35,"1":2,"2":86,"3":86,"4":82,"5":86,"6":5},"b":{"0":[1,34],"1":[12]}}
,"/home/runner/work/workflow-frontend/workflow-frontend/src/app/_main/components/input/input.component.ts": {"path":"/home/runner/work/workflow-frontend/workflow-frontend/src/app/_main/components/input/input.component.ts","statementMap":{"0":{"start":{"line":14,"column":27},"end":{"line":59,"column":null}},"1":{"start":{"line":47,"column":4},"end":{"line":47,"column":21}},"2":{"start":{"line":46,"column":30},"end":{"line":46,"column":50}},"3":{"start":{"line":46,"column":60},"end":{"line":46,"column":92}},"4":{"start":{"line":18,"column":11},"end":{"line":18,"column":67}},"5":{"start":{"line":33,"column":11},"end":{"line":33,"column":36}},"6":{"start":{"line":41,"column":32},"end":{"line":41,"column":48}},"7":{"start":{"line":52,"column":4},"end":{"line":52,"column":24}},"8":{"start":{"line":57,"column":4},"end":{"line":57,"column":25}},"9":{"start":{"line":14,"column":13},"end":{"line":59,"column":null}}},"fnMap":{"0":{"name":"(anonymous_0)","decl":{"start":{"line":46,"column":2},"end":{"line":46,"column":30}},"loc":{"start":{"line":46,"column":92},"end":{"line":48,"column":3}}},"1":{"name":"(anonymous_1)","decl":{"start":{"line":51,"column":2},"end":{"line":51,"column":9}},"loc":{"start":{"line":51,"column":9},"end":{"line":53,"column":3}}},"2":{"name":"(anonymous_2)","decl":{"start":{"line":56,"column":2},"end":{"line":56,"column":8}},"loc":{"start":{"line":56,"column":8},"end":{"line":58,"column":3}}}},"branchMap":{},"s":{"0":1,"1":19,"2":19,"3":19,"4":19,"5":19,"6":19,"7":0,"8":0,"9":1},"f":{"0":19,"1":0,"2":0},"b":{}}
,"/home/runner/work/workflow-frontend/workflow-frontend/src/app/_main/components/input-date-time/input-date-time.component.ts": {"path":"/home/runner/work/workflow-frontend/workflow-frontend/src/app/_main/components/input-date-time/input-date-time.component.ts","statementMap":{"0":{"start":{"line":11,"column":35},"end":{"line":41,"column":null}},"1":{"start":{"line":23,"column":4},"end":{"line":23,"column":21}},"2":{"start":{"line":22,"column":30},"end":{"line":22,"column":50}},"3":{"start":{"line":13,"column":2},"end":{"line":13,"column":27}},"4":{"start":{"line":18,"column":9},"end":{"line":18,"column":54}},"5":{"start":{"line":27,"column":4},"end":{"line":29,"column":6}},"6":{"start":{"line":28,"column":6},"end":{"line":28,"column":72}},"7":{"start":{"line":33,"column":4},"end":{"line":33,"column":54}},"8":{"start":{"line":37,"column":22},"end":{"line":37,"column":33}},"9":{"start":{"line":39,"column":4},"end":{"line":39,"column":44}},"10":{"start":{"line":11,"column":13},"end":{"line":41,"column":null}}},"fnMap":{"0":{"name":"(anonymous_0)","decl":{"start":{"line":22,"column":2},"end":{"line":22,"column":30}},"loc":{"start":{"line":22,"column":50},"end":{"line":24,"column":3}}},"1":{"name":"(anonymous_1)","decl":{"start":{"line":26,"column":2},"end":{"line":26,"column":10}},"loc":{"start":{"line":26,"column":10},"end":{"line":30,"column":3}}},"2":{"name":"(anonymous_2)","decl":{"start":{"line":27,"column":44},"end":{"line":27,"column":45}},"loc":{"start":{"line":28,"column":6},"end":{"line":28,"column":72}}},"3":{"name":"(anonymous_3)","decl":{"start":{"line":32,"column":11},"end":{"line":32,"column":21}},"loc":{"start":{"line":32,"column":32},"end":{"line":34,"column":3}}},"4":{"name":"(anonymous_4)","decl":{"start":{"line":36,"column":2},"end":{"line":36,"column":12}},"loc":{"start":{"line":36,"column":25},"end":{"line":40,"column":3}}}},"branchMap":{},"s":{"0":1,"1":3,"2":3,"3":3,"4":3,"5":3,"6":0,"7":2,"8":2,"9":2,"10":1},"f":{"0":3,"1":3,"2":0,"3":2,"4":2},"b":{}}
,"/home/runner/work/workflow-frontend/workflow-frontend/src/app/_main/components/main-view/main-view.component.ts": {"path":"/home/runner/work/workflow-frontend/workflow-frontend/src/app/_main/components/main-view/main-view.component.ts","statementMap":{"0":{"start":{"line":10,"column":30},"end":{"line":18,"column":null}},"1":{"start":{"line":11,"column":9},"end":{"line":11,"column":39}},"2":{"start":{"line":13,"column":9},"end":{"line":13,"column":37}},"3":{"start":{"line":10,"column":13},"end":{"line":18,"column":null}}},"fnMap":{"0":{"name":"(anonymous_0)","decl":{"start":{"line":15,"column":2},"end":{"line":15,"column":17}},"loc":{"start":{"line":15,"column":2},"end":{"line":15,"column":18}}},"1":{"name":"(anonymous_1)","decl":{"start":{"line":17,"column":2},"end":{"line":17,"column":10}},"loc":{"start":{"line":17,"column":10},"end":{"line":17,"column":15}}}},"branchMap":{},"s":{"0":1,"1":1,"2":1,"3":1},"f":{"0":1,"1":1},"b":{}}
,"/home/runner/work/workflow-frontend/workflow-frontend/src/app/_main/components/nav-element/nav-element.component.ts": {"path":"/home/runner/work/workflow-frontend/workflow-frontend/src/app/_main/components/nav-element/nav-element.component.ts","statementMap":{"0":{"start":{"line":10,"column":32},"end":{"line":47,"column":null}},"1":{"start":{"line":17,"column":9},"end":{"line":17,"column":33}},"2":{"start":{"line":19,"column":9},"end":{"line":19,"column":84}},"3":{"start":{"line":24,"column":2},"end":{"line":24,"column":28}},"4":{"start":{"line":29,"column":4},"end":{"line":29,"column":23}},"5":{"start":{"line":32,"column":4},"end":{"line":32,"column":24}},"6":{"start":{"line":35,"column":4},"end":{"line":39,"column":null}},"7":{"start":{"line":36,"column":6},"end":{"line":36,"column":28}},"8":{"start":{"line":38,"column":6},"end":{"line":38,"column":29}},"9":{"start":{"line":43,"column":4},"end":{"line":45,"column":7}},"10":{"start":{"line":44,"column":6},"end":{"line":44,"column":85}},"11":{"start":{"line":10,"column":13},"end":{"line":47,"column":null}}},"fnMap":{"0":{"name":"(anonymous_0)","decl":{"start":{"line":26,"column":2},"end":{"line":26,"column":17}},"loc":{"start":{"line":26,"column":2},"end":{"line":26,"column":18}}},"1":{"name":"(anonymous_1)","decl":{"start":{"line":28,"column":9},"end":{"line":28,"column":23}},"loc":{"start":{"line":28,"column":23},"end":{"line":30,"column":3}}},"2":{"name":"(anonymous_2)","decl":{"start":{"line":31,"column":9},"end":{"line":31,"column":24}},"loc":{"start":{"line":31,"column":24},"end":{"line":33,"column":3}}},"3":{"name":"(anonymous_3)","decl":{"start":{"line":34,"column":9},"end":{"line":34,"column":25}},"loc":{"start":{"line":34,"column":25},"end":{"line":40,"column":3}}},"4":{"name":"(anonymous_4)","decl":{"start":{"line":42,"column":2},"end":{"line":42,"column":17}},"loc":{"start":{"line":42,"column":17},"end":{"line":46,"column":3}}},"5":{"name":"(anonymous_5)","decl":{"start":{"line":43,"column":15},"end":{"line":43,"column":18}},"loc":{"start":{"line":43,"column":20},"end":{"line":45,"column":5}}}},"branchMap":{"0":{"loc":{"start":{"line":35,"column":4},"end":{"line":39,"column":null}},"type":"if","locations":[{"start":{"line":35,"column":4},"end":{"line":39,"column":null}},{"start":{"line":37,"column":11},"end":{"line":39,"column":null}}]},"1":{"loc":{"start":{"line":44,"column":35},"end":{"line":44,"column":82}},"type":"cond-expr","locations":[{"start":{"line":44,"column":51},"end":{"line":44,"column":53}},{"start":{"line":44,"column":51},"end":{"line":44,"column":82}}]},"2":{"loc":{"start":{"line":44,"column":35},"end":{"line":44,"column":53}},"type":"binary-expr","locations":[{"start":{"line":44,"column":35},"end":{"line":44,"column":53}},{"start":{"line":44,"column":51},"end":{"line":44,"column":53}}]}},"s":{"0":1,"1":9,"2":9,"3":9,"4":0,"5":0,"6":0,"7":0,"8":0,"9":9,"10":9,"11":1},"f":{"0":9,"1":0,"2":0,"3":0,"4":9,"5":9},"b":{"0":[0,0],"1":[0,9],"2":[9,9]}}
,"/home/runner/work/workflow-frontend/workflow-frontend/src/app/_main/components/nav-element-workspace/nav-element-workspace.component.ts": {"path":"/home/runner/work/workflow-frontend/workflow-frontend/src/app/_main/components/nav-element-workspace/nav-element-workspace.component.ts","statementMap":{"0":{"start":{"line":16,"column":41},"end":{"line":121,"column":null}},"1":{"start":{"line":32,"column":12},"end":{"line":32,"column":46}},"2":{"start":{"line":33,"column":12},"end":{"line":33,"column":40}},"3":{"start":{"line":34,"column":12},"end":{"line":34,"column":42}},"4":{"start":{"line":35,"column":12},"end":{"line":35,"column":26}},"5":{"start":{"line":21,"column":9},"end":{"line":21,"column":67}},"6":{"start":{"line":23,"column":2},"end":{"line":23,"column":28}},"7":{"start":{"line":24,"column":9},"end":{"line":24,"column":42}},"8":{"start":{"line":26,"column":9},"end":{"line":26,"column":84}},"9":{"start":{"line":39,"column":4},"end":{"line":39,"column":32}},"10":{"start":{"line":42,"column":4},"end":{"line":42,"column":33}},"11":{"start":{"line":45,"column":4},"end":{"line":49,"column":null}},"12":{"start":{"line":46,"column":6},"end":{"line":46,"column":27}},"13":{"start":{"line":48,"column":6},"end":{"line":48,"column":28}},"14":{"start":{"line":53,"column":4},"end":{"line":55,"column":7}},"15":{"start":{"line":54,"column":6},"end":{"line":54,"column":85}},"16":{"start":{"line":59,"column":4},"end":{"line":61,"column":66}},"17":{"start":{"line":61,"column":18},"end":{"line":61,"column":64}},"18":{"start":{"line":65,"column":4},"end":{"line":67,"column":78}},"19":{"start":{"line":67,"column":18},"end":{"line":67,"column":76}},"20":{"start":{"line":71,"column":4},"end":{"line":73,"column":76}},"21":{"start":{"line":73,"column":18},"end":{"line":73,"column":74}},"22":{"start":{"line":77,"column":4},"end":{"line":79,"column":86}},"23":{"start":{"line":79,"column":18},"end":{"line":79,"column":84}},"24":{"start":{"line":83,"column":4},"end":{"line":87,"column":7}},"25":{"start":{"line":84,"column":6},"end":{"line":86,"column":9}},"26":{"start":{"line":85,"column":8},"end":{"line":85,"column":33}},"27":{"start":{"line":91,"column":4},"end":{"line":93,"column":74}},"28":{"start":{"line":93,"column":18},"end":{"line":93,"column":72}},"29":{"start":{"line":97,"column":4},"end":{"line":101,"column":7}},"30":{"start":{"line":98,"column":6},"end":{"line":100,"column":9}},"31":{"start":{"line":99,"column":8},"end":{"line":99,"column":33}},"32":{"start":{"line":105,"column":4},"end":{"line":105,"column":77}},"33":{"start":{"line":109,"column":4},"end":{"line":112,"column":6}},"34":{"start":{"line":116,"column":4},"end":{"line":119,"column":6}},"35":{"start":{"line":16,"column":13},"end":{"line":121,"column":null}}},"fnMap":{"0":{"name":"(anonymous_0)","decl":{"start":{"line":31,"column":2},"end":{"line":31,"column":null}},"loc":{"start":{"line":35,"column":26},"end":{"line":36,"column":6}}},"1":{"name":"(anonymous_1)","decl":{"start":{"line":38,"column":9},"end":{"line":38,"column":22}},"loc":{"start":{"line":38,"column":22},"end":{"line":40,"column":3}}},"2":{"name":"(anonymous_2)","decl":{"start":{"line":41,"column":9},"end":{"line":41,"column":23}},"loc":{"start":{"line":41,"column":23},"end":{"line":43,"column":3}}},"3":{"name":"(anonymous_3)","decl":{"start":{"line":44,"column":9},"end":{"line":44,"column":24}},"loc":{"start":{"line":44,"column":24},"end":{"line":50,"column":3}}},"4":{"name":"(anonymous_4)","decl":{"start":{"line":52,"column":2},"end":{"line":52,"column":17}},"loc":{"start":{"line":52,"column":17},"end":{"line":56,"column":3}}},"5":{"name":"(anonymous_5)","decl":{"start":{"line":53,"column":15},"end":{"line":53,"column":18}},"loc":{"start":{"line":53,"column":20},"end":{"line":55,"column":5}}},"6":{"name":"(anonymous_6)","decl":{"start":{"line":58,"column":2},"end":{"line":58,"column":18}},"loc":{"start":{"line":58,"column":18},"end":{"line":62,"column":3}}},"7":{"name":"(anonymous_7)","decl":{"start":{"line":61,"column":12},"end":{"line":61,"column":15}},"loc":{"start":{"line":61,"column":18},"end":{"line":61,"column":64}}},"8":{"name":"(anonymous_8)","decl":{"start":{"line":64,"column":2},"end":{"line":64,"column":16}},"loc":{"start":{"line":64,"column":33},"end":{"line":68,"column":3}}},"9":{"name":"(anonymous_9)","decl":{"start":{"line":67,"column":12},"end":{"line":67,"column":15}},"loc":{"start":{"line":67,"column":18},"end":{"line":67,"column":76}}},"10":{"name":"(anonymous_10)","decl":{"start":{"line":70,"column":2},"end":{"line":70,"column":15}},"loc":{"start":{"line":70,"column":15},"end":{"line":74,"column":3}}},"11":{"name":"(anonymous_11)","decl":{"start":{"line":73,"column":12},"end":{"line":73,"column":15}},"loc":{"start":{"line":73,"column":18},"end":{"line":73,"column":74}}},"12":{"name":"(anonymous_12)","decl":{"start":{"line":76,"column":2},"end":{"line":76,"column":13}},"loc":{"start":{"line":76,"column":30},"end":{"line":80,"column":3}}},"13":{"name":"(anonymous_13)","decl":{"start":{"line":79,"column":12},"end":{"line":79,"column":15}},"loc":{"start":{"line":79,"column":18},"end":{"line":79,"column":84}}},"14":{"name":"(anonymous_14)","decl":{"start":{"line":82,"column":2},"end":{"line":82,"column":15}},"loc":{"start":{"line":82,"column":32},"end":{"line":88,"column":3}}},"15":{"name":"(anonymous_15)","decl":{"start":{"line":83,"column":63},"end":{"line":83,"column":66}},"loc":{"start":{"line":83,"column":68},"end":{"line":87,"column":5}}},"16":{"name":"(anonymous_16)","decl":{"start":{"line":84,"column":55},"end":{"line":84,"column":58}},"loc":{"start":{"line":84,"column":60},"end":{"line":86,"column":7}}},"17":{"name":"(anonymous_17)","decl":{"start":{"line":90,"column":2},"end":{"line":90,"column":15}},"loc":{"start":{"line":90,"column":15},"end":{"line":94,"column":3}}},"18":{"name":"(anonymous_18)","decl":{"start":{"line":93,"column":12},"end":{"line":93,"column":15}},"loc":{"start":{"line":93,"column":18},"end":{"line":93,"column":72}}},"19":{"name":"(anonymous_19)","decl":{"start":{"line":96,"column":2},"end":{"line":96,"column":17}},"loc":{"start":{"line":96,"column":17},"end":{"line":102,"column":3}}},"20":{"name":"(anonymous_20)","decl":{"start":{"line":97,"column":72},"end":{"line":97,"column":75}},"loc":{"start":{"line":97,"column":77},"end":{"line":101,"column":5}}},"21":{"name":"(anonymous_21)","decl":{"start":{"line":98,"column":64},"end":{"line":98,"column":67}},"loc":{"start":{"line":98,"column":69},"end":{"line":100,"column":7}}},"22":{"name":"(anonymous_22)","decl":{"start":{"line":104,"column":2},"end":{"line":104,"column":16}},"loc":{"start":{"line":104,"column":33},"end":{"line":106,"column":3}}},"23":{"name":"(anonymous_23)","decl":{"start":{"line":108,"column":2},"end":{"line":108,"column":21}},"loc":{"start":{"line":108,"column":38},"end":{"line":113,"column":3}}},"24":{"name":"(anonymous_24)","decl":{"start":{"line":115,"column":2},"end":{"line":115,"column":29}},"loc":{"start":{"line":115,"column":46},"end":{"line":120,"column":3}}}},"branchMap":{"0":{"loc":{"start":{"line":45,"column":4},"end":{"line":49,"column":null}},"type":"if","locations":[{"start":{"line":45,"column":4},"end":{"line":49,"column":null}},{"start":{"line":47,"column":11},"end":{"line":49,"column":null}}]},"1":{"loc":{"start":{"line":54,"column":35},"end":{"line":54,"column":82}},"type":"cond-expr","locations":[{"start":{"line":54,"column":51},"end":{"line":54,"column":53}},{"start":{"line":54,"column":51},"end":{"line":54,"column":82}}]},"2":{"loc":{"start":{"line":54,"column":35},"end":{"line":54,"column":53}},"type":"binary-expr","locations":[{"start":{"line":54,"column":35},"end":{"line":54,"column":53}},{"start":{"line":54,"column":51},"end":{"line":54,"column":53}}]}},"s":{"0":1,"1":1,"2":1,"3":1,"4":1,"5":1,"6":1,"7":1,"8":1,"9":0,"10":0,"11":0,"12":0,"13":0,"14":1,"15":1,"16":0,"17":0,"18":0,"19":0,"20":0,"21":0,"22":0,"23":0,"24":0,"25":0,"26":0,"27":0,"28":0,"29":0,"30":0,"31":0,"32":0,"33":0,"34":0,"35":1},"f":{"0":1,"1":0,"2":0,"3":0,"4":1,"5":1,"6":0,"7":0,"8":0,"9":0,"10":0,"11":0,"12":0,"13":0,"14":0,"15":0,"16":0,"17":0,"18":0,"19":0,"20":0,"21":0,"22":0,"23":0,"24":0},"b":{"0":[0,0],"1":[0,1],"2":[1,1]}}
,"/home/runner/work/workflow-frontend/workflow-frontend/src/app/_main/components/option/option.component.ts": {"path":"/home/runner/work/workflow-frontend/workflow-frontend/src/app/_main/components/option/option.component.ts","statementMap":{"0":{"start":{"line":9,"column":28},"end":{"line":20,"column":null}},"1":{"start":{"line":19,"column":22},"end":{"line":19,"column":37}},"2":{"start":{"line":13,"column":2},"end":{"line":13,"column":26}},"3":{"start":{"line":16,"column":4},"end":{"line":16,"column":44}},"4":{"start":{"line":9,"column":13},"end":{"line":20,"column":null}}},"fnMap":{"0":{"name":"(anonymous_0)","decl":{"start":{"line":19,"column":2},"end":{"line":19,"column":22}},"loc":{"start":{"line":19,"column":37},"end":{"line":19,"column":41}}},"1":{"name":"(anonymous_1)","decl":{"start":{"line":15,"column":2},"end":{"line":15,"column":13}},"loc":{"start":{"line":15,"column":22},"end":{"line":17,"column":3}}}},"branchMap":{},"s":{"0":1,"1":23,"2":23,"3":22,"4":1},"f":{"0":23,"1":22},"b":{}}
,"/home/runner/work/workflow-frontend/workflow-frontend/src/app/_main/components/select/select.component.ts": {"path":"/home/runner/work/workflow-frontend/workflow-frontend/src/app/_main/components/select/select.component.ts","statementMap":{"0":{"start":{"line":11,"column":28},"end":{"line":56,"column":null}},"1":{"start":{"line":14,"column":2},"end":{"line":14,"column":41}},"2":{"start":{"line":15,"column":11},"end":{"line":15,"column":38}},"3":{"start":{"line":16,"column":2},"end":{"line":16,"column":23}},"4":{"start":{"line":18,"column":2},"end":{"line":18,"column":47}},"5":{"start":{"line":21,"column":4},"end":{"line":21,"column":52}},"6":{"start":{"line":25,"column":4},"end":{"line":33,"column":7}},"7":{"start":{"line":26,"column":6},"end":{"line":32,"column":9}},"8":{"start":{"line":27,"column":25},"end":{"line":27,"column":38}},"9":{"start":{"line":28,"column":8},"end":{"line":28,"column":35}},"10":{"start":{"line":29,"column":8},"end":{"line":31,"column":null}},"11":{"start":{"line":30,"column":10},"end":{"line":30,"column":38}},"12":{"start":{"line":37,"column":4},"end":{"line":39,"column":7}},"13":{"start":{"line":38,"column":6},"end":{"line":38,"column":27}},"14":{"start":{"line":40,"column":4},"end":{"line":40,"column":25}},"15":{"start":{"line":44,"column":4},"end":{"line":44,"column":21}},"16":{"start":{"line":45,"column":4},"end":{"line":50,"column":7}},"17":{"start":{"line":46,"column":21},"end":{"line":46,"column":77}},"18":{"start":{"line":48,"column":6},"end":{"line":48,"column":44}},"19":{"start":{"line":49,"column":6},"end":{"line":49,"column":20}},"20":{"start":{"line":51,"column":4},"end":{"line":54,"column":7}},"21":{"start":{"line":52,"column":6},"end":{"line":52,"column":68}},"22":{"start":{"line":53,"column":6},"end":{"line":53,"column":22}},"23":{"start":{"line":11,"column":13},"end":{"line":56,"column":null}}},"fnMap":{"0":{"name":"(anonymous_1)","decl":{"start":{"line":20,"column":2},"end":{"line":20,"column":6}},"loc":{"start":{"line":20,"column":14},"end":{"line":22,"column":3}}},"1":{"name":"(anonymous_2)","decl":{"start":{"line":24,"column":2},"end":{"line":24,"column":10}},"loc":{"start":{"line":24,"column":10},"end":{"line":34,"column":3}}},"2":{"name":"(anonymous_3)","decl":{"start":{"line":25,"column":40},"end":{"line":25,"column":41}},"loc":{"start":{"line":25,"column":50},"end":{"line":33,"column":5}}},"3":{"name":"(anonymous_4)","decl":{"start":{"line":26,"column":31},"end":{"line":26,"column":32}},"loc":{"start":{"line":26,"column":47},"end":{"line":32,"column":7}}},"4":{"name":"(anonymous_5)","decl":{"start":{"line":36,"column":2},"end":{"line":36,"column":17}},"loc":{"start":{"line":36,"column":17},"end":{"line":41,"column":3}}},"5":{"name":"(anonymous_6)","decl":{"start":{"line":37,"column":41},"end":{"line":37,"column":42}},"loc":{"start":{"line":37,"column":53},"end":{"line":39,"column":5}}},"6":{"name":"(anonymous_7)","decl":{"start":{"line":43,"column":2},"end":{"line":43,"column":15}},"loc":{"start":{"line":43,"column":15},"end":{"line":55,"column":3}}},"7":{"name":"(anonymous_8)","decl":{"start":{"line":45,"column":42},"end":{"line":45,"column":43}},"loc":{"start":{"line":45,"column":48},"end":{"line":50,"column":5}}},"8":{"name":"(anonymous_9)","decl":{"start":{"line":51,"column":15},"end":{"line":51,"column":18}},"loc":{"start":{"line":51,"column":20},"end":{"line":54,"column":5}}}},"branchMap":{"0":{"loc":{"start":{"line":21,"column":11},"end":{"line":21,"column":51}},"type":"cond-expr","locations":[{"start":{"line":21,"column":26},"end":{"line":21,"column":28}},{"start":{"line":21,"column":26},"end":{"line":21,"column":51}}]},"1":{"loc":{"start":{"line":21,"column":11},"end":{"line":21,"column":28}},"type":"binary-expr","locations":[{"start":{"line":21,"column":11},"end":{"line":21,"column":28}},{"start":{"line":21,"column":26},"end":{"line":21,"column":28}}]},"2":{"loc":{"start":{"line":26,"column":6},"end":{"line":32,"column":8}},"type":"cond-expr","locations":[{"start":{"line":26,"column":21},"end":{"line":26,"column":23}},{"start":{"line":26,"column":21},"end":{"line":32,"column":8}}]},"3":{"loc":{"start":{"line":26,"column":6},"end":{"line":26,"column":23}},"type":"binary-expr","locations":[{"start":{"line":26,"column":6},"end":{"line":26,"column":23}},{"start":{"line":26,"column":21},"end":{"line":26,"column":23}}]},"4":{"loc":{"start":{"line":29,"column":8},"end":{"line":31,"column":null}},"type":"if","locations":[{"start":{"line":29,"column":8},"end":{"line":31,"column":null}}]},"5":{"loc":{"start":{"line":37,"column":4},"end":{"line":39,"column":6}},"type":"cond-expr","locations":[{"start":{"line":37,"column":21},"end":{"line":37,"column":23}},{"start":{"line":37,"column":21},"end":{"line":39,"column":6}}]},"6":{"loc":{"start":{"line":37,"column":4},"end":{"line":37,"column":23}},"type":"binary-expr","locations":[{"start":{"line":37,"column":4},"end":{"line":37,"column":23}},{"start":{"line":37,"column":21},"end":{"line":37,"column":23}}]},"7":{"loc":{"start":{"line":45,"column":19},"end":{"line":50,"column":6}},"type":"cond-expr","locations":[{"start":{"line":45,"column":36},"end":{"line":45,"column":38}},{"start":{"line":45,"column":36},"end":{"line":50,"column":6}}]},"8":{"loc":{"start":{"line":45,"column":19},"end":{"line":45,"column":38}},"type":"binary-expr","locations":[{"start":{"line":45,"column":19},"end":{"line":45,"column":38}},{"start":{"line":45,"column":36},"end":{"line":45,"column":38}}]},"9":{"loc":{"start":{"line":52,"column":26},"end":{"line":52,"column":66}},"type":"cond-expr","locations":[{"start":{"line":52,"column":41},"end":{"line":52,"column":43}},{"start":{"line":52,"column":41},"end":{"line":52,"column":66}}]},"10":{"loc":{"start":{"line":52,"column":26},"end":{"line":52,"column":43}},"type":"binary-expr","locations":[{"start":{"line":52,"column":26},"end":{"line":52,"column":43}},{"start":{"line":52,"column":41},"end":{"line":52,"column":43}}]}},"s":{"0":1,"1":11,"2":11,"3":11,"4":11,"5":0,"6":11,"7":0,"8":0,"9":0,"10":0,"11":0,"12":11,"13":0,"14":11,"15":11,"16":11,"17":22,"18":22,"19":22,"20":11,"21":11,"22":11,"23":1},"f":{"0":0,"1":11,"2":0,"3":0,"4":11,"5":0,"6":11,"7":22,"8":11},"b":{"0":[0,0],"1":[0,0],"2":[0,0],"3":[0,0],"4":[0],"5":[0,11],"6":[11,11],"7":[0,11],"8":[11,11],"9":[0,11],"10":[11,11]}}
,"/home/runner/work/workflow-frontend/workflow-frontend/src/app/_main/components/sidebar-navigation/sidebar-navigation.component.ts": {"path":"/home/runner/work/workflow-frontend/workflow-frontend/src/app/_main/components/sidebar-navigation/sidebar-navigation.component.ts","statementMap":{"0":{"start":{"line":12,"column":39},"end":{"line":25,"column":null}},"1":{"start":{"line":22,"column":22},"end":{"line":22,"column":56}},"2":{"start":{"line":22,"column":66},"end":{"line":22,"column":80}},"3":{"start":{"line":23,"column":4},"end":{"line":23,"column":54}},"4":{"start":{"line":19,"column":4},"end":{"line":19,"column":42}},"5":{"start":{"line":12,"column":13},"end":{"line":25,"column":null}}},"fnMap":{"0":{"name":"(anonymous_0)","decl":{"start":{"line":22,"column":2},"end":{"line":22,"column":22}},"loc":{"start":{"line":22,"column":80},"end":{"line":24,"column":3}}},"1":{"name":"(anonymous_1)","decl":{"start":{"line":18,"column":2},"end":{"line":18,"column":17}},"loc":{"start":{"line":18,"column":17},"end":{"line":20,"column":3}}}},"branchMap":{},"s":{"0":1,"1":2,"2":2,"3":2,"4":0,"5":1},"f":{"0":2,"1":0},"b":{}}
,"/home/runner/work/workflow-frontend/workflow-frontend/src/app/_main/components/snackbar/snackbar.component.ts": {"path":"/home/runner/work/workflow-frontend/workflow-frontend/src/app/_main/components/snackbar/snackbar.component.ts","statementMap":{"0":{"start":{"line":11,"column":30},"end":{"line":56,"column":null}},"1":{"start":{"line":38,"column":22},"end":{"line":38,"column":54}},"2":{"start":{"line":12,"column":2},"end":{"line":12,"column":20}},"3":{"start":{"line":21,"column":9},"end":{"line":21,"column":51}},"4":{"start":{"line":24,"column":9},"end":{"line":24,"column":47}},"5":{"start":{"line":27,"column":9},"end":{"line":27,"column":40}},"6":{"start":{"line":30,"column":4},"end":{"line":35,"column":null}},"7":{"start":{"line":32,"column":8},"end":{"line":32,"column":39}},"8":{"start":{"line":34,"column":8},"end":{"line":34,"column":25}},"9":{"start":{"line":41,"column":4},"end":{"line":43,"column":22}},"10":{"start":{"line":42,"column":6},"end":{"line":42,"column":19}},"11":{"start":{"line":47,"column":4},"end":{"line":47,"column":35}},"12":{"start":{"line":48,"column":4},"end":{"line":50,"column":13}},"13":{"start":{"line":49,"column":6},"end":{"line":49,"column":43}},"14":{"start":{"line":54,"column":4},"end":{"line":54,"column":30}},"15":{"start":{"line":11,"column":13},"end":{"line":56,"column":null}}},"fnMap":{"0":{"name":"(anonymous_0)","decl":{"start":{"line":38,"column":2},"end":{"line":38,"column":22}},"loc":{"start":{"line":38,"column":54},"end":{"line":38,"column":58}}},"1":{"name":"(anonymous_1)","decl":{"start":{"line":29,"column":2},"end":{"line":29,"column":13}},"loc":{"start":{"line":29,"column":23},"end":{"line":36,"column":3}}},"2":{"name":"(anonymous_2)","decl":{"start":{"line":40,"column":2},"end":{"line":40,"column":10}},"loc":{"start":{"line":40,"column":10},"end":{"line":44,"column":3}}},"3":{"name":"(anonymous_3)","decl":{"start":{"line":41,"column":15},"end":{"line":41,"column":18}},"loc":{"start":{"line":41,"column":20},"end":{"line":43,"column":5}}},"4":{"name":"(anonymous_4)","decl":{"start":{"line":46,"column":2},"end":{"line":46,"column":7}},"loc":{"start":{"line":46,"column":7},"end":{"line":51,"column":3}}},"5":{"name":"(anonymous_5)","decl":{"start":{"line":48,"column":15},"end":{"line":48,"column":18}},"loc":{"start":{"line":48,"column":20},"end":{"line":50,"column":5}}},"6":{"name":"(anonymous_6)","decl":{"start":{"line":53,"column":2},"end":{"line":53,"column":18}},"loc":{"start":{"line":53,"column":31},"end":{"line":55,"column":3}}}},"branchMap":{"0":{"loc":{"start":{"line":30,"column":4},"end":{"line":35,"column":null}},"type":"switch","locations":[{"start":{"line":31,"column":6},"end":{"line":32,"column":39}},{"start":{"line":33,"column":6},"end":{"line":34,"column":25}}]}},"s":{"0":1,"1":1,"2":1,"3":1,"4":1,"5":1,"6":2,"7":2,"8":0,"9":1,"10":0,"11":0,"12":0,"13":0,"14":0,"15":1},"f":{"0":1,"1":2,"2":1,"3":0,"4":0,"5":0,"6":0},"b":{"0":[2,0]}}
,"/home/runner/work/workflow-frontend/workflow-frontend/src/app/_main/components/snackbar-outlet/snackbar-outlet.component.ts": {"path":"/home/runner/work/workflow-frontend/workflow-frontend/src/app/_main/components/snackbar-outlet/snackbar-outlet.component.ts","statementMap":{"0":{"start":{"line":10,"column":36},"end":{"line":18,"column":null}},"1":{"start":{"line":13,"column":22},"end":{"line":13,"column":54}},"2":{"start":{"line":11,"column":9},"end":{"line":11,"column":54}},"3":{"start":{"line":16,"column":4},"end":{"line":16,"column":15}},"4":{"start":{"line":10,"column":13},"end":{"line":18,"column":null}}},"fnMap":{"0":{"name":"(anonymous_0)","decl":{"start":{"line":13,"column":2},"end":{"line":13,"column":22}},"loc":{"start":{"line":13,"column":54},"end":{"line":13,"column":58}}},"1":{"name":"(anonymous_1)","decl":{"start":{"line":15,"column":2},"end":{"line":15,"column":20}},"loc":{"start":{"line":15,"column":69},"end":{"line":17,"column":3}}}},"branchMap":{},"s":{"0":1,"1":2,"2":2,"3":0,"4":1},"f":{"0":2,"1":0},"b":{}}
,"/home/runner/work/workflow-frontend/workflow-frontend/src/app/_main/components/textarea/textarea.component.ts": {"path":"/home/runner/work/workflow-frontend/workflow-frontend/src/app/_main/components/textarea/textarea.component.ts","statementMap":{"0":{"start":{"line":27,"column":30},"end":{"line":222,"column":null}},"1":{"start":{"line":41,"column":11},"end":{"line":41,"column":36}},"2":{"start":{"line":48,"column":11},"end":{"line":48,"column":29}},"3":{"start":{"line":50,"column":11},"end":{"line":50,"column":30}},"4":{"start":{"line":55,"column":10},"end":{"line":55,"column":52}},"5":{"start":{"line":57,"column":9},"end":{"line":57,"column":47}},"6":{"start":{"line":60,"column":10},"end":{"line":60,"column":61}},"7":{"start":{"line":63,"column":2},"end":{"line":63,"column":18}},"8":{"start":{"line":66,"column":2},"end":{"line":66,"column":28}},"9":{"start":{"line":69,"column":2},"end":{"line":69,"column":18}},"10":{"start":{"line":72,"column":2},"end":{"line":72,"column":22}},"11":{"start":{"line":75,"column":2},"end":{"line":75,"column":28}},"12":{"start":{"line":78,"column":2},"end":{"line":78,"column":18}},"13":{"start":{"line":81,"column":2},"end":{"line":81,"column":32}},"14":{"start":{"line":84,"column":2},"end":{"line":84,"column":18}},"15":{"start":{"line":87,"column":2},"end":{"line":87,"column":26}},"16":{"start":{"line":90,"column":4},"end":{"line":90,"column":18}},"17":{"start":{"line":91,"column":4},"end":{"line":91,"column":18}},"18":{"start":{"line":92,"column":4},"end":{"line":92,"column":38}},"19":{"start":{"line":96,"column":22},"end":{"line":96,"column":46}},"20":{"start":{"line":97,"column":20},"end":{"line":109,"column":6}},"21":{"start":{"line":110,"column":22},"end":{"line":110,"column":27}},"22":{"start":{"line":111,"column":25},"end":{"line":122,"column":5}},"23":{"start":{"line":112,"column":28},"end":{"line":112,"column":69}},"24":{"start":{"line":113,"column":29},"end":{"line":113,"column":66}},"25":{"start":{"line":114,"column":6},"end":{"line":114,"column":52}},"26":{"start":{"line":115,"column":6},"end":{"line":115,"column":52}},"27":{"start":{"line":116,"column":6},"end":{"line":121,"column":null}},"28":{"start":{"line":117,"column":8},"end":{"line":117,"column":27}},"29":{"start":{"line":118,"column":8},"end":{"line":118,"column":73}},"30":{"start":{"line":120,"column":8},"end":{"line":120,"column":28}},"31":{"start":{"line":123,"column":4},"end":{"line":123,"column":49}},"32":{"start":{"line":124,"column":4},"end":{"line":126,"column":7}},"33":{"start":{"line":125,"column":6},"end":{"line":125,"column":48}},"34":{"start":{"line":127,"column":4},"end":{"line":127,"column":19}},"35":{"start":{"line":128,"column":4},"end":{"line":128,"column":26}},"36":{"start":{"line":132,"column":4},"end":{"line":132,"column":25}},"37":{"start":{"line":136,"column":25},"end":{"line":136,"column":29}},"38":{"start":{"line":138,"column":4},"end":{"line":138,"column":100}},"39":{"start":{"line":139,"column":4},"end":{"line":143,"column":9}},"40":{"start":{"line":142,"column":8},"end":{"line":142,"column":33}},"41":{"start":{"line":145,"column":4},"end":{"line":145,"column":26}},"42":{"start":{"line":149,"column":4},"end":{"line":152,"column":7}},"43":{"start":{"line":153,"column":4},"end":{"line":153,"column":25}},"44":{"start":{"line":157,"column":4},"end":{"line":160,"column":7}},"45":{"start":{"line":161,"column":4},"end":{"line":161,"column":25}},"46":{"start":{"line":165,"column":4},"end":{"line":168,"column":7}},"47":{"start":{"line":169,"column":4},"end":{"line":169,"column":25}},"48":{"start":{"line":173,"column":4},"end":{"line":176,"column":7}},"49":{"start":{"line":177,"column":4},"end":{"line":177,"column":25}},"50":{"start":{"line":181,"column":4},"end":{"line":186,"column":7}},"51":{"start":{"line":187,"column":4},"end":{"line":187,"column":25}},"52":{"start":{"line":191,"column":4},"end":{"line":196,"column":7}},"53":{"start":{"line":197,"column":4},"end":{"line":197,"column":25}},"54":{"start":{"line":201,"column":4},"end":{"line":203,"column":7}},"55":{"start":{"line":204,"column":4},"end":{"line":204,"column":25}},"56":{"start":{"line":208,"column":4},"end":{"line":211,"column":7}},"57":{"start":{"line":212,"column":4},"end":{"line":212,"column":25}},"58":{"start":{"line":216,"column":4},"end":{"line":219,"column":7}},"59":{"start":{"line":220,"column":4},"end":{"line":220,"column":25}},"60":{"start":{"line":27,"column":13},"end":{"line":222,"column":null}}},"fnMap":{"0":{"name":"(anonymous_1)","decl":{"start":{"line":89,"column":2},"end":{"line":89,"column":10}},"loc":{"start":{"line":89,"column":10},"end":{"line":93,"column":3}}},"1":{"name":"(anonymous_2)","decl":{"start":{"line":95,"column":2},"end":{"line":95,"column":17}},"loc":{"start":{"line":95,"column":17},"end":{"line":129,"column":3}}},"2":{"name":"(anonymous_3)","decl":{"start":{"line":111,"column":25},"end":{"line":111,"column":28}},"loc":{"start":{"line":111,"column":30},"end":{"line":122,"column":5}}},"3":{"name":"(anonymous_4)","decl":{"start":{"line":124,"column":43},"end":{"line":124,"column":46}},"loc":{"start":{"line":124,"column":48},"end":{"line":126,"column":5}}},"4":{"name":"(anonymous_5)","decl":{"start":{"line":131,"column":2},"end":{"line":131,"column":12}},"loc":{"start":{"line":131,"column":12},"end":{"line":133,"column":3}}},"5":{"name":"(anonymous_6)","decl":{"start":{"line":135,"column":2},"end":{"line":135,"column":13}},"loc":{"start":{"line":135,"column":13},"end":{"line":146,"column":3}}},"6":{"name":"(anonymous_7)","decl":{"start":{"line":141,"column":15},"end":{"line":141,"column":16}},"loc":{"start":{"line":141,"column":34},"end":{"line":143,"column":7}}},"7":{"name":"(anonymous_8)","decl":{"start":{"line":148,"column":2},"end":{"line":148,"column":16}},"loc":{"start":{"line":148,"column":16},"end":{"line":154,"column":3}}},"8":{"name":"(anonymous_9)","decl":{"start":{"line":156,"column":2},"end":{"line":156,"column":11}},"loc":{"start":{"line":156,"column":11},"end":{"line":162,"column":3}}},"9":{"name":"(anonymous_10)","decl":{"start":{"line":164,"column":2},"end":{"line":164,"column":13}},"loc":{"start":{"line":164,"column":13},"end":{"line":170,"column":3}}},"10":{"name":"(anonymous_11)","decl":{"start":{"line":172,"column":2},"end":{"line":172,"column":11}},"loc":{"start":{"line":172,"column":11},"end":{"line":178,"column":3}}},"11":{"name":"(anonymous_12)","decl":{"start":{"line":180,"column":2},"end":{"line":180,"column":11}},"loc":{"start":{"line":180,"column":11},"end":{"line":188,"column":3}}},"12":{"name":"(anonymous_13)","decl":{"start":{"line":190,"column":2},"end":{"line":190,"column":18}},"loc":{"start":{"line":190,"column":18},"end":{"line":198,"column":3}}},"13":{"name":"(anonymous_14)","decl":{"start":{"line":200,"column":2},"end":{"line":200,"column":12}},"loc":{"start":{"line":200,"column":12},"end":{"line":205,"column":3}}},"14":{"name":"(anonymous_15)","decl":{"start":{"line":207,"column":2},"end":{"line":207,"column":11}},"loc":{"start":{"line":207,"column":11},"end":{"line":213,"column":3}}},"15":{"name":"(anonymous_16)","decl":{"start":{"line":215,"column":2},"end":{"line":215,"column":16}},"loc":{"start":{"line":215,"column":16},"end":{"line":221,"column":3}}}},"branchMap":{"0":{"loc":{"start":{"line":98,"column":13},"end":{"line":98,"column":37}},"type":"binary-expr","locations":[{"start":{"line":98,"column":13},"end":{"line":98,"column":31}},{"start":{"line":98,"column":35},"end":{"line":98,"column":37}}]},"1":{"loc":{"start":{"line":124,"column":4},"end":{"line":126,"column":6}},"type":"cond-expr","locations":[{"start":{"line":124,"column":22},"end":{"line":124,"column":24}},{"start":{"line":124,"column":22},"end":{"line":126,"column":6}}]},"2":{"loc":{"start":{"line":124,"column":4},"end":{"line":124,"column":24}},"type":"binary-expr","locations":[{"start":{"line":124,"column":4},"end":{"line":124,"column":24}},{"start":{"line":124,"column":22},"end":{"line":124,"column":24}}]},"3":{"loc":{"start":{"line":138,"column":55},"end":{"line":138,"column":84}},"type":"binary-expr","locations":[{"start":{"line":138,"column":55},"end":{"line":138,"column":78}},{"start":{"line":138,"column":82},"end":{"line":138,"column":84}}]},"4":{"loc":{"start":{"line":138,"column":55},"end":{"line":138,"column":78}},"type":"cond-expr","locations":[{"start":{"line":138,"column":66},"end":{"line":138,"column":68}},{"start":{"line":138,"column":66},"end":{"line":138,"column":78}}]},"5":{"loc":{"start":{"line":138,"column":55},"end":{"line":138,"column":68}},"type":"binary-expr","locations":[{"start":{"line":138,"column":55},"end":{"line":138,"column":68}},{"start":{"line":138,"column":66},"end":{"line":138,"column":68}}]},"6":{"loc":{"start":{"line":149,"column":4},"end":{"line":152,"column":6}},"type":"cond-expr","locations":[{"start":{"line":149,"column":15},"end":{"line":149,"column":17}},{"start":{"line":149,"column":15},"end":{"line":152,"column":6}}]},"7":{"loc":{"start":{"line":149,"column":4},"end":{"line":149,"column":17}},"type":"binary-expr","locations":[{"start":{"line":149,"column":4},"end":{"line":149,"column":17}},{"start":{"line":149,"column":15},"end":{"line":149,"column":17}}]},"8":{"loc":{"start":{"line":153,"column":4},"end":{"line":153,"column":24}},"type":"cond-expr","locations":[{"start":{"line":153,"column":15},"end":{"line":153,"column":17}},{"start":{"line":153,"column":15},"end":{"line":153,"column":24}}]},"9":{"loc":{"start":{"line":153,"column":4},"end":{"line":153,"column":17}},"type":"binary-expr","locations":[{"start":{"line":153,"column":4},"end":{"line":153,"column":17}},{"start":{"line":153,"column":15},"end":{"line":153,"column":17}}]},"10":{"loc":{"start":{"line":157,"column":4},"end":{"line":160,"column":6}},"type":"cond-exp
[...]
{"start":{"line":40,"column":4},"end":{"line":40,"column":83}},"6":{"start":{"line":50,"column":4},"end":{"line":50,"column":94}},"7":{"start":{"line":60,"column":4},"end":{"line":60,"column":79}},"8":{"start":{"line":64,"column":4},"end":{"line":71,"column":6}},"9":{"start":{"line":66,"column":8},"end":{"line":68,"column":11}},"10":{"start":{"line":67,"column":11},"end":{"line":67,"column":98}},"11":{"start":{"line":67,"column":69},"end":{"line":67,"column":96}},"12":{"start":{"line":69,"column":8},"end":{"line":69,"column":45}},"13":{"start":{"line":75,"column":4},"end":{"line":102,"column":6}},"14":{"start":{"line":77,"column":60},"end":{"line":77,"column":62}},"15":{"start":{"line":78,"column":22},"end":{"line":78,"column":null}},"16":{"start":{"line":78,"column":52},"end":{"line":78,"column":73}},"17":{"start":{"line":83,"column":8},"end":{"line":97,"column":null}},"18":{"start":{"line":84,"column":10},"end":{"line":96,"column":null}},"19":{"start":{"line":85,"column":41},"end":{"line":88,"column":15}},"20":{"start":{"line":85,"column":66},"end":{"line":88,"column":15}},"21":{"start":{"line":87,"column":56},"end":{"line":87,"column":86}},"22":{"start":{"line":89,"column":12},"end":{"line":89,"column":53}},"23":{"start":{"line":91,"column":25},"end":{"line":91,"column":80}},"24":{"start":{"line":91,"column":51},"end":{"line":91,"column":78}},"25":{"start":{"line":92,"column":12},"end":{"line":94,"column":null}},"26":{"start":{"line":93,"column":14},"end":{"line":93,"column":32}},"27":{"start":{"line":95,"column":12},"end":{"line":95,"column":36}},"28":{"start":{"line":99,"column":8},"end":{"line":99,"column":26}},"29":{"start":{"line":100,"column":8},"end":{"line":100,"column":21}},"30":{"start":{"line":11,"column":13},"end":{"line":104,"column":null}}},"fnMap":{"0":{"name":"(anonymous_0)","decl":{"start":{"line":12,"column":2},"end":{"line":12,"column":22}},"loc":{"start":{"line":12,"column":78},"end":{"line":12,"column":82}}},"1":{"name":"(anonymous_1)","decl":{"start":{"line":19,"column":9},"end":{"line":19,"column":13}},"loc":{"start":{"line":19,"column":31},"end":{"line":21,"column":3}}},"2":{"name":"(anonymous_2)","decl":{"start":{"line":29,"column":9},"end":{"line":29,"column":12}},"loc":{"start":{"line":29,"column":48},"end":{"line":31,"column":3}}},"3":{"name":"(anonymous_3)","decl":{"start":{"line":39,"column":9},"end":{"line":39,"column":15}},"loc":{"start":{"line":39,"column":49},"end":{"line":41,"column":3}}},"4":{"name":"(anonymous_4)","decl":{"start":{"line":49,"column":9},"end":{"line":49,"column":15}},"loc":{"start":{"line":49,"column":49},"end":{"line":51,"column":3}}},"5":{"name":"(anonymous_5)","decl":{"start":{"line":59,"column":9},"end":{"line":59,"column":15}},"loc":{"start":{"line":59,"column":49},"end":{"line":61,"column":3}}},"6":{"name":"(anonymous_6)","decl":{"start":{"line":63,"column":9},"end":{"line":63,"column":22}},"loc":{"start":{"line":63,"column":40},"end":{"line":72,"column":3}}},"7":{"name":"(anonymous_7)","decl":{"start":{"line":65,"column":10},"end":{"line":65,"column":11}},"loc":{"start":{"line":65,"column":32},"end":{"line":70,"column":7}}},"8":{"name":"(anonymous_8)","decl":{"start":{"line":66,"column":25},"end":{"line":66,"column":26}},"loc":{"start":{"line":66,"column":36},"end":{"line":68,"column":9}}},"9":{"name":"(anonymous_9)","decl":{"start":{"line":67,"column":59},"end":{"line":67,"column":60}},"loc":{"start":{"line":67,"column":69},"end":{"line":67,"column":96}}},"10":{"name":"(anonymous_10)","decl":{"start":{"line":74,"column":9},"end":{"line":74,"column":14}},"loc":{"start":{"line":74,"column":32},"end":{"line":103,"column":3}}},"11":{"name":"(anonymous_11)","decl":{"start":{"line":76,"column":10},"end":{"line":76,"column":11}},"loc":{"start":{"line":76,"column":32},"end":{"line":101,"column":7}}},"12":{"name":"(anonymous_12)","decl":{"start":{"line":78,"column":45},"end":{"line":78,"column":46}},"loc":{"start":{"line":78,"column":52},"end":{"line":78,"column":73}}},"13":{"name":"(anonymous_13)","decl":{"start":{"line":85,"column":54},"end":{"line":85,"column":55}},"loc":{"start":{"line":85,"column":65},"end":{"line":88,"column":15}}},"14":{"name":"(anonymous_14)","decl":{"start":{"line":87,"column":43},"end":{"line":87,"column":44}},"loc":{"start":{"line":87,"column":56},"end":{"line":87,"column":86}}},"15":{"name":"(anonymous_15)","decl":{"start":{"line":91,"column":39},"end":{"line":91,"column":40}},"loc":{"start":{"line":91,"column":51},"end":{"line":91,"column":78}}}},"branchMap":{"0":{"loc":{"start":{"line":84,"column":10},"end":{"line":96,"column":null}},"type":"if","locations":[{"start":{"line":84,"column":10},"end":{"line":96,"column":null}},{"start":{"line":90,"column":17},"end":{"line":96,"column":null}}]},"1":{"loc":{"start":{"line":84,"column":14},"end":{"line":84,"column":35}},"type":"cond-expr","locations":[{"start":{"line":84,"column":27},"end":{"line":84,"column":29}},{"start":{"line":84,"column":27},"end":{"line":84,"column":35}}]},"2":{"loc":{"start":{"line":84,"column":14},"end":{"line":84,"column":29}},"type":"binary-expr","locations":[{"start":{"line":84,"column":14},"end":{"line":84,"column":29}},{"start":{"line":84,"column":27},"end":{"line":84,"column":29}}]},"3":{"loc":{"start":{"line":87,"column":21},"end":{"line":87,"column":93}},"type":"binary-expr","locations":[{"start":{"line":87,"column":21},"end":{"line":87,"column":87}},{"start":{"line":87,"column":91},"end":{"line":87,"column":93}}]},"4":{"loc":{"start":{"line":87,"column":21},"end":{"line":87,"column":87}},"type":"cond-expr","locations":[{"start":{"line":87,"column":34},"end":{"line":87,"column":36}},{"start":{"line":87,"column":34},"end":{"line":87,"column":87}}]},"5":{"loc":{"start":{"line":87,"column":21},"end":{"line":87,"column":36}},"type":"binary-expr","locations":[{"start":{"line":87,"column":21},"end":{"line":87,"column":36}},{"start":{"line":87,"column":34},"end":{"line":87,"column":36}}]},"6":{"loc":{"start":{"line":92,"column":12},"end":{"line":94,"column":null}},"type":"if","locations":[{"start":{"line":92,"column":12},"end":{"line":94,"column":null}}]}},"s":{"0":1,"1":4,"2":4,"3":3,"4":0,"5":0,"6":0,"7":0,"8":1,"9":0,"10":0,"11":0,"12":0,"13":1,"14":0,"15":0,"16":0,"17":0,"18":0,"19":0,"20":0,"21":0,"22":0,"23":0,"24":0,"25":0,"26":0,"27":0,"28":0,"29":0,"30":1},"f":{"0":4,"1":3,"2":0,"3":0,"4":0,"5":0,"6":1,"7":0,"8":0,"9":0,"10":1,"11":0,"12":0,"13":0,"14":0,"15":0},"b":{"0":[0,0],"1":[0,0],"2":[0,0],"3":[0,0],"4":[0,0],"5":[0,0],"6":[0]}}
,"/home/runner/work/workflow-frontend/workflow-frontend/src/app/tasks/services/task.service.ts": {"path":"/home/runner/work/workflow-frontend/workflow-frontend/src/app/tasks/services/task.service.ts","statementMap":{"0":{"start":{"line":32,"column":24},"end":{"line":295,"column":null}},"1":{"start":{"line":40,"column":12},"end":{"line":40,"column":34}},"2":{"start":{"line":41,"column":12},"end":{"line":41,"column":56}},"3":{"start":{"line":42,"column":12},"end":{"line":42,"column":40}},"4":{"start":{"line":43,"column":12},"end":{"line":43,"column":42}},"5":{"start":{"line":44,"column":12},"end":{"line":44,"column":40}},"6":{"start":{"line":45,"column":12},"end":{"line":45,"column":44}},"7":{"start":{"line":33,"column":10},"end":{"line":33,"column":66}},"8":{"start":{"line":55,"column":4},"end":{"line":63,"column":null}},"9":{"start":{"line":56,"column":6},"end":{"line":56,"column":43}},"10":{"start":{"line":58,"column":6},"end":{"line":58,"column":44}},"11":{"start":{"line":59,"column":6},"end":{"line":59,"column":41}},"12":{"start":{"line":60,"column":6},"end":{"line":62,"column":9}},"13":{"start":{"line":61,"column":8},"end":{"line":61,"column":28}},"14":{"start":{"line":65,"column":4},"end":{"line":65,"column":47}},"15":{"start":{"line":75,"column":4},"end":{"line":89,"column":6}},"16":{"start":{"line":77,"column":8},"end":{"line":79,"column":34}},"17":{"start":{"line":78,"column":10},"end":{"line":78,"column":96}},"18":{"start":{"line":79,"column":15},"end":{"line":79,"column":34}},"19":{"start":{"line":82,"column":8},"end":{"line":84,"column":34}},"20":{"start":{"line":83,"column":10},"end":{"line":83,"column":98}},"21":{"start":{"line":84,"column":15},"end":{"line":84,"column":34}},"22":{"start":{"line":87,"column":8},"end":{"line":87,"column":73}},"23":{"start":{"line":99,"column":4},"end":{"line":110,"column":6}},"24":{"start":{"line":101,"column":8},"end":{"line":103,"column":34}},"25":{"start":{"line":102,"column":10},"end":{"line":102,"column":96}},"26":{"start":{"line":103,"column":15},"end":{"line":103,"column":34}},"27":{"start":{"line":106,"column":8},"end":{"line":108,"column":34}},"28":{"start":{"line":107,"column":10},"end":{"line":107,"column":98}},"29":{"start":{"line":108,"column":15},"end":{"line":108,"column":34}},"30":{"start":{"line":120,"column":4},"end":{"line":120,"column":74}},"31":{"start":{"line":130,"column":4},"end":{"line":146,"column":8}},"32":{"start":{"line":140,"column":10},"end":{"line":144,"column":null}},"33":{"start":{"line":141,"column":12},"end":{"line":141,"column":83}},"34":{"start":{"line":141,"column":72},"end":{"line":141,"column":80}},"35":{"start":{"line":143,"column":12},"end":{"line":143,"column":25}},"36":{"start":{"line":156,"column":4},"end":{"line":178,"column":8}},"37":{"start":{"line":169,"column":10},"end":{"line":169,"column":28}},"38":{"start":{"line":172,"column":10},"end":{"line":176,"column":null}},"39":{"start":{"line":173,"column":12},"end":{"line":173,"column":55}},"40":{"start":{"line":175,"column":12},"end":{"line":175,"column":25}},"41":{"start":{"line":186,"column":4},"end":{"line":203,"column":8}},"42":{"start":{"line":197,"column":10},"end":{"line":201,"column":null}},"43":{"start":{"line":198,"column":12},"end":{"line":198,"column":53}},"44":{"start":{"line":200,"column":12},"end":{"line":200,"column":25}},"45":{"start":{"line":213,"column":4},"end":{"line":231,"column":8}},"46":{"start":{"line":225,"column":10},"end":{"line":229,"column":null}},"47":{"start":{"line":226,"column":12},"end":{"line":226,"column":51}},"48":{"start":{"line":228,"column":12},"end":{"line":228,"column":25}},"49":{"start":{"line":240,"column":4},"end":{"line":267,"column":6}},"50":{"start":{"line":245,"column":26},"end":{"line":245,"column":28}},"51":{"start":{"line":247,"column":8},"end":{"line":249,"column":null}},"52":{"start":{"line":248,"column":10},"end":{"line":248,"column":53}},"53":{"start":{"line":251,"column":8},"end":{"line":263,"column":null}},"54":{"start":{"line":252,"column":27},"end":{"line":252,"column":79}},"55":{"start":{"line":252,"column":49},"end":{"line":252,"column":78}},"56":{"start":{"line":254,"column":10},"end":{"line":254,"column":34}},"57":{"start":{"line":254,"column":25},"end":{"line":254,"column":34}},"58":{"start":{"line":256,"column":10},"end":{"line":262,"column":null}},"59":{"start":{"line":257,"column":12},"end":{"line":257,"column":85}},"60":{"start":{"line":259,"column":12},"end":{"line":259,"column":72}},"61":{"start":{"line":259,"column":43},"end":{"line":259,"column":72}},"62":{"start":{"line":261,"column":12},"end":{"line":261,"column":48}},"63":{"start":{"line":265,"column":8},"end":{"line":265,"column":25}},"64":{"start":{"line":278,"column":4},"end":{"line":280,"column":7}},"65":{"start":{"line":291,"column":4},"end":{"line":293,"column":7}},"66":{"start":{"line":32,"column":13},"end":{"line":295,"column":null}}},"fnMap":{"0":{"name":"(anonymous_0)","decl":{"start":{"line":39,"column":2},"end":{"line":39,"column":null}},"loc":{"start":{"line":45,"column":44},"end":{"line":46,"column":6}}},"1":{"name":"(anonymous_1)","decl":{"start":{"line":53,"column":9},"end":{"line":53,"column":13}},"loc":{"start":{"line":53,"column":51},"end":{"line":66,"column":3}}},"2":{"name":"(anonymous_2)","decl":{"start":{"line":60,"column":66},"end":{"line":60,"column":67}},"loc":{"start":{"line":60,"column":76},"end":{"line":62,"column":7}}},"3":{"name":"(anonymous_3)","decl":{"start":{"line":74,"column":9},"end":{"line":74,"column":15}},"loc":{"start":{"line":74,"column":63},"end":{"line":90,"column":3}}},"4":{"name":"(anonymous_4)","decl":{"start":{"line":76,"column":16},"end":{"line":76,"column":17}},"loc":{"start":{"line":76,"column":28},"end":{"line":80,"column":7}}},"5":{"name":"(anonymous_5)","decl":{"start":{"line":81,"column":16},"end":{"line":81,"column":17}},"loc":{"start":{"line":81,"column":28},"end":{"line":85,"column":7}}},"6":{"name":"(anonymous_6)","decl":{"start":{"line":86,"column":10},"end":{"line":86,"column":13}},"loc":{"start":{"line":86,"column":15},"end":{"line":88,"column":7}}},"7":{"name":"(anonymous_7)","decl":{"start":{"line":98,"column":9},"end":{"line":98,"column":15}},"loc":{"start":{"line":98,"column":63},"end":{"line":111,"column":3}}},"8":{"name":"(anonymous_8)","decl":{"start":{"line":100,"column":16},"end":{"line":100,"column":17}},"loc":{"start":{"line":100,"column":28},"end":{"line":104,"column":7}}},"9":{"name":"(anonymous_9)","decl":{"start":{"line":105,"column":16},"end":{"line":105,"column":17}},"loc":{"start":{"line":105,"column":28},"end":{"line":109,"column":7}}},"10":{"name":"(anonymous_10)","decl":{"start":{"line":119,"column":9},"end":{"line":119,"column":15}},"loc":{"start":{"line":119,"column":49},"end":{"line":121,"column":3}}},"11":{"name":"(anonymous_11)","decl":{"start":{"line":129,"column":9},"end":{"line":129,"column":31}},"loc":{"start":{"line":129,"column":61},"end":{"line":147,"column":3}}},"12":{"name":"(anonymous_12)","decl":{"start":{"line":139,"column":18},"end":{"line":139,"column":19}},"loc":{"start":{"line":139,"column":32},"end":{"line":145,"column":9}}},"13":{"name":"(anonymous_13)","decl":{"start":{"line":141,"column":66},"end":{"line":141,"column":69}},"loc":{"start":{"line":141,"column":72},"end":{"line":141,"column":80}}},"14":{"name":"(anonymous_14)","decl":{"start":{"line":155,"column":9},"end":{"line":155,"column":27}},"loc":{"start":{"line":155,"column":57},"end":{"line":179,"column":3}}},"15":{"name":"(anonymous_15)","decl":{"start":{"line":168,"column":12},"end":{"line":168,"column":13}},"loc":{"start":{"line":168,"column":21},"end":{"line":170,"column":9}}},"16":{"name":"(anonymous_16)","decl":{"start":{"line":171,"column":18},"end":{"line":171,"column":19}},"loc":{"start":{"line":171,"column":39},"end":{"line":177,"column":9}}},"17":{"name":"(anonymous_17)","decl":{"start":{"line":185,"column":9},"end":{"line":185,"column":32}},"loc":{"start":{"line":185,"column":32},"end":{"line":204,"column":3}}},"18":{"name":"(anonymous_18)","decl":{"start":{"line":196,"column":18},"end":{"line":196,"column":19}},"loc":{"start":{"line":196,"column":51},"end":{"line":202,"column":9}}},"19":{"name":"(anonymous_19)","decl":{"start":{"line":212,"column":9},"end":{"line":212,"column":32}},"loc":{"start":{"line":212,"column":68},"end":{"line":232,"column":3}}},"20":{"name":"(anonymous_20)","decl":{"start":{"line":224,"column":18},"end":{"line":224,"column":19}},"loc":{"start":{"line":224,"column":35},"end":{"line":230,"column":9}}},"21":{"name":"(anonymous_21)","decl":{"start":{"line":239,"column":9},"end":{"line":239,"column":17}},"loc":{"start":{"line":239,"column":35},"end":{"line":268,"column":3}}},"22":{"name":"(anonymous_22)","decl":{"start":{"line":244,"column":10},"end":{"line":244,"column":11}},"loc":{"start":{"line":244,"column":74},"end":{"line":266,"column":7}}},"23":{"name":"(anonymous_23)","decl":{"start":{"line":252,"column":42},"end":{"line":252,"column":43}},"loc":{"start":{"line":252,"column":49},"end":{"line":252,"column":78}}},"24":{"name":"(anonymous_24)","decl":{"start":{"line":277,"column":9},"end":{"line":277,"column":15}},"loc":{"start":{"line":277,"column":72},"end":{"line":281,"column":3}}},"25":{"name":"(anonymous_25)","decl":{"start":{"line":290,"column":9},"end":{"line":290,"column":21}},"loc":{"start":{"line":290,"column":73},"end":{"line":294,"column":3}}}},"branchMap":{"0":{"loc":{"start":{"line":55,"column":4},"end":{"line":63,"column":null}},"type":"if","locations":[{"start":{"line":55,"column":4},"end":{"line":63,"column":null}},{"start":{"line":57,"column":11},"end":{"line":63,"column":null}}]},"1":{"loc":{"start":{"line":77,"column":8},"end":{"line":79,"column":34}},"type":"if","locations":[{"start":{"line":77,"column":8},"end":{"line":79,"column":34}},{"start":{"line":79,"column":15},"end":{"line":79,"column":34}}]},"2":{"loc":{"start":{"line":82,"column":8},"end":{"line":84,"column":34}},"type":"if","locations":[{"start":{"line":82,"column":8},"end":{"line":84,"column":34}},{"start":{"line":84,"column":15},"end":{"line":84,"column":34}}]},"3":{"loc":{"start":{"line":82,"column":12},"end":{"line":82,"column":55}},"type":"binary-expr","locations":[{"start":{"line":82,"column":12},"end":{"line":82,"column":41}},{"start":{"line":82,"column":45},"end":{"line":82,"column":55}}]},"4":{"loc":{"start":{"line":101,"column":8},"end":{"line":103,"column":34}},"type":"if","locations":[{"start":{"line":101,"column":8},"end":{"line":103,"column":34}},{"start":{"line":103,"column":15},"end":{"line":103,"column":34}}]},"5":{"loc":{"start":{"line":106,"column":8},"end":{"line":108,"column":34}},"type":"if","locations":[{"start":{"line":106,"column":8},"end":{"line":108,"column":34}},{"start":{"line":108,"column":15},"end":{"line":108,"column":34}}]},"6":{"loc":{"start":{"line":140,"column":10},"end":{"line":144,"column":null}},"type":"if","locations":[{"start":{"line":140,"column":10},"end":{"line":144,"column":null}},{"start":{"line":142,"column":17},"end":{"line":144,"column":null}}]},"7":{"loc":{"start":{"line":172,"column":10},"end":{"line":176,"column":null}},"type":"if","locations":[{"start":{"line":172,"column":10},"end":{"line":176,"column":null}},{"start":{"line":174,"column":17},"end":{"line":176,"column":null}}]},"8":{"loc":{"start":{"line":197,"column":10},"end":{"line":201,"column":null}},"type":"if","locations":[{"start":{"line":197,"column":10},"end":{"line":201,"column":null}},{"start":{"line":199,"column":17},"end":{"line":201,"column":null}}]},"9":{"loc":{"start":{"line":225,"column":10},"end":{"line":229,"column":null}},"type":"if","locations":[{"start":{"line":225,"column":10},"end":{"line":229,"column":null}},{"start":{"line":227,"column":17},"end":{"line":229,"column":null}}]},"10":{"loc":{"start":{"line":254,"column":10},"end":{"line":254,"column":34}},"type":"if","locations":[{"start":{"line":254,"column":10},"end":{"line":254,"column":34}}]},"11":{"loc":{"start":{"line":256,"column":10},"end":{"line":262,"column":null}},"type":"if","locations":[{"start":{"line":256,"column":10},"end":{"line":262,"column":null}},{"start":{"line":258,"column":17},"end":{"line":262,"column":null}}]},"12":{"loc":{"start":{"line":259,"column":12},"end":{"line":259,"column":72}},"type":"if","locations":[{"start":{"line":259,"column":12},"end":{"line":259,"column":72}}]}},"s":{"0":1,"1":11,"2":11,"3":11,"4":11,"5":11,"6":11,"7":11,"8":4,"9":1,"10":3,"11":3,"12":3,"13":0,"14":4,"15":0,"16":0,"17":0,"18":0,"19":0,"20":0,"21":0,"22":0,"23":0,"24":0,"25":0,"26":0,"27":0,"28":0,"29":0,"30":0,"31":0,"32":0,"33":0,"34":0,"35":0,"36":0,"37":0,"38":0,"39":0,"40":0,"41":0,"42":0,"43":0,"44":0,"45":0,"46":0,"47":0,"48":0,"49":1,"50":0,"51":0,"52":0,"53":0,"54":0,"55":0,"56":0,"57":0,"58":0,"59":0,"60":0,"61":0,"62":0,"63":0,"64":0,"65":0,"66":1},"f":{"0":11,"1":4,"2":0,"3":0,"4":0,"5":0,"6":0,"7":0,"8":0,"9":0,"10":0,"11":0,"12":0,"13":0,"14":0,"15":0,"16":0,"17":0,"18":0,"19":0,"20":0,"21":1,"22":0,"23":0,"24":0,"25":0},"b":{"0":[1,3],"1":[0,0],"2":[0,0],"3":[0,0],"4":[0,0],"5":[0,0],"6":[0,0],"7":[0,0],"8":[0,0],"9":[0,0],"10":[0],"11":[0,0],"12":[0]}}
,"/home/runner/work/workflow-frontend/workflow-frontend/src/environments/environment.ts": {"path":"/home/runner/work/workflow-frontend/workflow-frontend/src/environments/environment.ts","statementMap":{"0":{"start":{"line":10,"column":27},"end":{"line":30,"column":2}}},"fnMap":{},"branchMap":{},"s":{"0":1},"f":{},"b":{}}
}
