<?xml version="1.0" encoding="UTF-8"?>
<coverage generated="1670940997125" clover="3.2.0">
  <project timestamp="1670940997125" name="All files">
    <metrics statements="4268" coveredstatements="1816" conditionals="1704" coveredconditionals="550" methods="1486" coveredmethods="532" elements="7458" coveredelements="2898" complexity="0" loc="4268" ncloc="4268" packages="224" files="391" classes="391"/>
    <package name="src">
      <metrics statements="18" coveredstatements="12" conditionals="8" coveredconditionals="4" methods="6" coveredmethods="1"/>
      <file name="main.ts" path="/home/runner/work/frontend/frontend/src/main.ts">
        <metrics statements="10" coveredstatements="4" conditionals="6" coveredconditionals="3" methods="6" coveredmethods="1"/>
        <line num="7" count="18" type="cond" truecount="1" falsecount="1"/>
        <line num="8" count="0" type="stmt"/>
        <line num="11" count="18" type="cond" truecount="2" falsecount="2"/>
        <line num="12" count="0" type="stmt"/>
        <line num="13" count="0" type="stmt"/>
        <line num="14" count="0" type="stmt"/>
        <line num="15" count="0" type="stmt"/>
        <line num="18" count="18" type="stmt"/>
        <line num="21" count="18" type="stmt"/>
        <line num="23" count="0" type="stmt"/>
      </file>
      <file name="polyfills.ts" path="/home/runner/work/frontend/frontend/src/polyfills.ts">
        <metrics statements="8" coveredstatements="8" conditionals="2" coveredconditionals="1" methods="0" coveredmethods="0"/>
        <line num="68" count="18" type="stmt"/>
        <line num="69" count="18" type="stmt"/>
        <line num="70" count="18" type="stmt"/>
        <line num="71" count="18" type="stmt"/>
        <line num="72" count="18" type="stmt"/>
        <line num="73" count="18" type="stmt"/>
        <line num="75" count="18" type="cond" truecount="1" falsecount="1"/>
        <line num="76" count="18" type="stmt"/>
      </file>
    </package>
    <package name="src.app">
      <metrics statements="20" coveredstatements="16" conditionals="6" coveredconditionals="6" methods="17" coveredmethods="9"/>
      <file name="app.component.html" path="/home/runner/work/frontend/frontend/src/app/app.component.html">
        <metrics statements="1" coveredstatements="1" conditionals="0" coveredconditionals="0" methods="0" coveredmethods="0"/>
        <line num="1" count="18" type="stmt"/>
      </file>
      <file name="app.component.ts" path="/home/runner/work/frontend/frontend/src/app/app.component.ts">
        <metrics statements="10" coveredstatements="10" conditionals="2" coveredconditionals="2" methods="3" coveredmethods="3"/>
        <line num="14" count="36" type="cond" truecount="2" falsecount="0"/>
        <line num="18" count="18" type="stmt"/>
        <line num="21" count="18" type="stmt"/>
        <line num="22" count="18" type="stmt"/>
        <line num="23" count="18" type="stmt"/>
        <line num="26" count="18" type="stmt"/>
        <line num="29" count="18" type="stmt"/>
        <line num="30" count="18" type="stmt"/>
        <line num="34" count="18" type="stmt"/>
        <line num="37" count="18" type="stmt"/>
      </file>
      <file name="app.module.ts" path="/home/runner/work/frontend/frontend/src/app/app.module.ts">
        <metrics statements="1" coveredstatements="1" conditionals="2" coveredconditionals="2" methods="1" coveredmethods="1"/>
        <line num="15" count="36" type="cond" truecount="2" falsecount="0"/>
      </file>
      <file name="app.routing.ts" path="/home/runner/work/frontend/frontend/src/app/app.routing.ts">
        <metrics statements="8" coveredstatements="4" conditionals="2" coveredconditionals="2" methods="13" coveredmethods="5"/>
        <line num="7" count="18" type="stmt"/>
        <line num="10" count="6" type="stmt"/>
        <line num="24" count="0" type="stmt"/>
        <line num="28" count="0" type="stmt"/>
        <line num="32" count="0" type="stmt"/>
        <line num="36" count="0" type="stmt"/>
        <line num="40" count="15" type="stmt"/>
        <line num="55" count="36" type="cond" truecount="2" falsecount="0"/>
      </file>
    </package>
    <package name="src.app._main">
      <metrics statements="4" coveredstatements="4" conditionals="2" coveredconditionals="2" methods="2" coveredmethods="2"/>
      <file name="_main.module.ts" path="/home/runner/work/frontend/frontend/src/app/_main/_main.module.ts">
        <metrics statements="4" coveredstatements="4" conditionals="2" coveredconditionals="2" methods="2" coveredmethods="2"/>
        <line num="83" count="18" type="stmt"/>
        <line num="224" count="40" type="cond" truecount="2" falsecount="0"/>
        <line num="228" count="40" type="stmt"/>
        <line num="229" count="40" type="stmt"/>
      </file>
    </package>
    <package name="src.app._main.classes">
      <metrics statements="24" coveredstatements="3" conditionals="1" coveredconditionals="0" methods="11" coveredmethods="1"/>
      <file name="form.class.ts" path="/home/runner/work/frontend/frontend/src/app/_main/classes/form.class.ts">
        <metrics statements="17" coveredstatements="3" conditionals="0" coveredconditionals="0" methods="7" coveredmethods="1"/>
        <line num="7" count="2" type="stmt"/>
        <line num="8" count="2" type="stmt"/>
        <line num="9" count="2" type="stmt"/>
        <line num="14" count="0" type="stmt"/>
        <line num="15" count="0" type="stmt"/>
        <line num="16" count="0" type="stmt"/>
        <line num="30" count="0" type="stmt"/>
        <line num="32" count="0" type="stmt"/>
        <line num="35" count="0" type="stmt"/>
        <line num="38" count="0" type="stmt"/>
        <line num="39" count="0" type="stmt"/>
        <line num="40" count="0" type="stmt"/>
        <line num="43" count="0" type="stmt"/>
        <line num="46" count="0" type="stmt"/>
        <line num="49" count="0" type="stmt"/>
        <line num="50" count="0" type="stmt"/>
        <line num="51" count="0" type="stmt"/>
      </file>
      <file name="time-to-interaction.class.ts" path="/home/runner/work/frontend/frontend/src/app/_main/classes/time-to-interaction.class.ts">
        <metrics statements="7" coveredstatements="0" conditionals="1" coveredconditionals="0" methods="4" coveredmethods="0"/>
        <line num="4" count="0" type="stmt"/>
        <line num="6" count="0" type="stmt"/>
        <line num="10" count="0" type="stmt"/>
        <line num="14" count="0" type="stmt"/>
        <line num="17" count="0" type="stmt"/>
        <line num="18" count="0" type="stmt"/>
        <line num="23" count="0" type="stmt"/>
      </file>
    </package>
    <package name="src.app._main.classes.color">
      <metrics statements="0" coveredstatements="0" conditionals="0" coveredconditionals="0" methods="0" coveredmethods="0"/>
      <file name="color.utils.ts" path="/home/runner/work/frontend/frontend/src/app/_main/classes/color/color.utils.ts">
        <metrics statements="0" coveredstatements="0" conditionals="0" coveredconditionals="0" methods="0" coveredmethods="0"/>
      </file>
    </package>
    <package name="src.app._main.classes.control-accessor">
      <metrics statements="73" coveredstatements="61" conditionals="58" coveredconditionals="42" methods="35" coveredmethods="28"/>
      <file name="control-accessor.class.ts" path="/home/runner/work/frontend/frontend/src/app/_main/classes/control-accessor/control-accessor.class.ts">
        <metrics statements="73" coveredstatements="61" conditionals="58" coveredconditionals="42" methods="35" coveredmethods="28"/>
        <line num="18" count="18" type="cond" truecount="1" falsecount="1"/>
        <line num="25" count="47" type="stmt"/>
        <line num="32" count="4338" type="stmt"/>
        <line num="37" count="4338" type="cond" truecount="9" falsecount="1"/>
        <line num="42" count="8" type="cond" truecount="3" falsecount="1"/>
        <line num="50" count="47" type="stmt"/>
        <line num="56" count="13299" type="cond" truecount="4" falsecount="2"/>
        <line num="64" count="47" type="stmt"/>
        <line num="71" count="47" type="stmt"/>
        <line num="74" count="47" type="stmt"/>
        <line num="78" count="0" type="stmt"/>
        <line num="83" count="0" type="stmt"/>
        <line num="88" count="0" type="stmt"/>
        <line num="95" count="47" type="stmt"/>
        <line num="98" count="47" type="stmt"/>
        <line num="101" count="47" type="stmt"/>
        <line num="104" count="47" type="stmt"/>
        <line num="114" count="47" type="stmt"/>
        <line num="115" count="47" type="stmt"/>
        <line num="117" count="47" type="stmt"/>
        <line num="121" count="47" type="stmt"/>
        <line num="126" count="47" type="stmt"/>
        <line num="127" count="47" type="stmt"/>
        <line num="128" count="47" type="stmt"/>
        <line num="129" count="47" type="stmt"/>
        <line num="131" count="47" type="stmt"/>
        <line num="134" count="47" type="cond" truecount="1" falsecount="1"/>
        <line num="135" count="47" type="stmt"/>
        <line num="138" count="0" type="stmt"/>
        <line num="139" count="0" type="stmt"/>
        <line num="140" count="0" type="stmt"/>
        <line num="142" count="0" type="stmt"/>
        <line num="143" count="0" type="stmt"/>
        <line num="153" count="47" type="cond" truecount="2" falsecount="0"/>
        <line num="155" count="38" type="stmt"/>
        <line num="156" count="34" type="cond" truecount="1" falsecount="1"/>
        <line num="157" count="34" type="stmt"/>
        <line num="158" count="34" type="stmt"/>
        <line num="160" count="0" type="stmt"/>
        <line num="167" count="639" type="stmt"/>
        <line num="168" count="47" type="stmt"/>
        <line num="173" count="639" type="cond" truecount="2" falsecount="0"/>
        <line num="174" count="298" type="stmt"/>
        <line num="175" count="298" type="stmt"/>
        <line num="180" count="298" type="stmt"/>
        <line num="185" count="47" type="cond" truecount="4" falsecount="0"/>
        <line num="187" count="3" type="stmt"/>
        <line num="188" count="5" type="cond" truecount="3" falsecount="1"/>
        <line num="190" count="3" type="stmt"/>
        <line num="191" count="2" type="cond" truecount="1" falsecount="1"/>
        <line num="192" count="2" type="cond" truecount="3" falsecount="1"/>
        <line num="194" count="0" type="cond" truecount="0" falsecount="4"/>
        <line num="197" count="3" type="stmt"/>
        <line num="198" count="3" type="cond" truecount="1" falsecount="1"/>
        <line num="199" count="3" type="cond" truecount="3" falsecount="1"/>
        <line num="202" count="3" type="stmt"/>
        <line num="206" count="639" type="stmt"/>
        <line num="207" count="639" type="stmt"/>
        <line num="208" count="639" type="stmt"/>
        <line num="220" count="53" type="stmt"/>
        <line num="221" count="53" type="stmt"/>
        <line num="244" count="0" type="stmt"/>
        <line num="253" count="26" type="stmt"/>
        <line num="258" count="34" type="stmt"/>
        <line num="263" count="0" type="stmt"/>
        <line num="268" count="639" type="stmt"/>
        <line num="269" count="639" type="stmt"/>
        <line num="271" count="639" type="cond" truecount="2" falsecount="0"/>
        <line num="273" count="1592" type="stmt"/>
        <line num="275" count="47" type="stmt"/>
        <line num="281" count="25" type="stmt"/>
        <line num="282" count="25" type="stmt"/>
        <line num="283" count="25" type="stmt"/>
      </file>
    </package>
    <package name="src.app._main.classes.dialog-ref">
      <metrics statements="23" coveredstatements="0" conditionals="0" coveredconditionals="0" methods="12" coveredmethods="0"/>
      <file name="dialog-ref.class.ts" path="/home/runner/work/frontend/frontend/src/app/_main/classes/dialog-ref/dialog-ref.class.ts">
        <metrics statements="23" coveredstatements="0" conditionals="0" coveredconditionals="0" methods="12" coveredmethods="0"/>
        <line num="9" count="0" type="stmt"/>
        <line num="12" count="0" type="stmt"/>
        <line num="15" count="0" type="stmt"/>
        <line num="18" count="0" type="stmt"/>
        <line num="25" count="0" type="stmt"/>
        <line num="26" count="0" type="stmt"/>
        <line num="27" count="0" type="stmt"/>
        <line num="28" count="0" type="stmt"/>
        <line num="30" count="0" type="stmt"/>
        <line num="31" count="0" type="stmt"/>
        <line num="32" count="0" type="stmt"/>
        <line num="33" count="0" type="stmt"/>
        <line num="40" count="0" type="stmt"/>
        <line num="41" count="0" type="stmt"/>
        <line num="48" count="0" type="stmt"/>
        <line num="55" count="0" type="stmt"/>
        <line num="62" count="0" type="stmt"/>
        <line num="69" count="0" type="stmt"/>
        <line num="77" count="0" type="stmt"/>
        <line num="86" count="0" type="stmt"/>
        <line num="91" count="0" type="stmt"/>
        <line num="96" count="0" type="stmt"/>
        <line num="101" count="0" type="stmt"/>
      </file>
    </package>
    <package name="src.app._main.classes.e-set">
      <metrics statements="3" coveredstatements="0" conditionals="2" coveredconditionals="0" methods="1" coveredmethods="0"/>
      <file name="e-set.class.ts" path="/home/runner/work/frontend/frontend/src/app/_main/classes/e-set/e-set.class.ts">
        <metrics statements="3" coveredstatements="0" conditionals="2" coveredconditionals="0" methods="1" coveredmethods="0"/>
        <line num="5" count="0" type="cond" truecount="0" falsecount="2"/>
        <line num="6" count="0" type="stmt"/>
        <line num="8" count="0" type="stmt"/>
      </file>
    </package>
    <package name="src.app._main.classes.enum">
      <metrics statements="12" coveredstatements="0" conditionals="6" coveredconditionals="0" methods="10" coveredmethods="0"/>
      <file name="enum.class.ts" path="/home/runner/work/frontend/frontend/src/app/_main/classes/enum/enum.class.ts">
        <metrics statements="12" coveredstatements="0" conditionals="6" coveredconditionals="0" methods="10" coveredmethods="0"/>
        <line num="13" count="0" type="stmt"/>
        <line num="29" count="0" type="cond" truecount="0" falsecount="2"/>
        <line num="45" count="0" type="cond" truecount="0" falsecount="2"/>
        <line num="46" count="0" type="stmt"/>
        <line num="49" count="0" type="stmt"/>
        <line num="50" count="0" type="stmt"/>
        <line num="51" count="0" type="stmt"/>
        <line num="67" count="0" type="cond" truecount="0" falsecount="2"/>
        <line num="68" count="0" type="stmt"/>
        <line num="71" count="0" type="stmt"/>
        <line num="72" count="0" type="stmt"/>
        <line num="73" count="0" type="stmt"/>
      </file>
    </package>
    <package name="src.app._main.classes.loader">
      <metrics statements="22" coveredstatements="20" conditionals="25" coveredconditionals="16" methods="7" coveredmethods="6"/>
      <file name="loader-options.interface.ts" path="/home/runner/work/frontend/frontend/src/app/_main/classes/loader/loader-options.interface.ts">
        <metrics statements="0" coveredstatements="0" conditionals="0" coveredconditionals="0" methods="0" coveredmethods="0"/>
      </file>
      <file name="loader.class.ts" path="/home/runner/work/frontend/frontend/src/app/_main/classes/loader/loader.class.ts">
        <metrics statements="22" coveredstatements="20" conditionals="25" coveredconditionals="16" methods="7" coveredmethods="6"/>
        <line num="8" count="666" type="stmt"/>
        <line num="15" count="9" type="stmt"/>
        <line num="24" count="9" type="stmt"/>
        <line num="26" count="9" type="cond" truecount="1" falsecount="0"/>
        <line num="30" count="8" type="cond" truecount="1" falsecount="1"/>
        <line num="32" count="8" type="stmt"/>
        <line num="33" count="8" type="stmt"/>
        <line num="36" count="8" type="cond" truecount="1" falsecount="1"/>
        <line num="37" count="8" type="stmt"/>
        <line num="38" count="0" type="cond" truecount="0" falsecount="2"/>
        <line num="39" count="0" type="stmt"/>
        <line num="46" count="11" type="cond" truecount="2" falsecount="0"/>
        <line num="48" count="8" type="stmt"/>
        <line num="49" count="6" type="stmt"/>
        <line num="50" count="6" type="stmt"/>
        <line num="51" count="6" type="cond" truecount="1" falsecount="1"/>
        <line num="52" count="6" type="stmt"/>
        <line num="56" count="8" type="cond" truecount="4" falsecount="2"/>
        <line num="59" count="8" type="cond" truecount="2" falsecount="0"/>
        <line num="60" count="4" type="stmt"/>
        <line num="61" count="2" type="stmt"/>
        <line num="64" count="4" type="stmt"/>
      </file>
    </package>
    <package name="src.app._main.classes.monaco-extended">
      <metrics statements="0" coveredstatements="0" conditionals="0" coveredconditionals="0" methods="0" coveredmethods="0"/>
      <file name="monaco-extended.class.ts" path="/home/runner/work/frontend/frontend/src/app/_main/classes/monaco-extended/monaco-extended.class.ts">
        <metrics statements="0" coveredstatements="0" conditionals="0" coveredconditionals="0" methods="0" coveredmethods="0"/>
      </file>
    </package>
    <package name="src.app._main.classes.persistent-map">
      <metrics statements="15" coveredstatements="0" conditionals="6" coveredconditionals="0" methods="5" coveredmethods="0"/>
      <file name="persistent-map.class.ts" path="/home/runner/work/frontend/frontend/src/app/_main/classes/persistent-map/persistent-map.class.ts">
        <metrics statements="15" coveredstatements="0" conditionals="6" coveredconditionals="0" methods="5" coveredmethods="0"/>
        <line num="7" count="0" type="stmt"/>
        <line num="8" count="0" type="stmt"/>
        <line num="12" count="0" type="stmt"/>
        <line num="13" count="0" type="stmt"/>
        <line num="14" count="0" type="stmt"/>
        <line num="18" count="0" type="stmt"/>
        <line num="19" count="0" type="stmt"/>
        <line num="20" count="0" type="stmt"/>
        <line num="24" count="0" type="stmt"/>
        <line num="27" count="0" type="stmt"/>
        <line num="33" count="0" type="stmt"/>
        <line num="39" count="0" type="cond" truecount="0" falsecount="2"/>
        <line num="40" count="0" type="stmt"/>
        <line num="41" count="0" type="stmt"/>
        <line num="44" count="0" type="stmt"/>
      </file>
    </package>
    <package name="src.app._main.classes.random">
      <metrics statements="17" coveredstatements="0" conditionals="3" coveredconditionals="0" methods="4" coveredmethods="0"/>
      <file name="random.class.ts" path="/home/runner/work/frontend/frontend/src/app/_main/classes/random/random.class.ts">
        <metrics statements="17" coveredstatements="0" conditionals="3" coveredconditionals="0" methods="4" coveredmethods="0"/>
        <line num="3" count="0" type="stmt"/>
        <line num="4" count="0" type="stmt"/>
        <line num="5" count="0" type="stmt"/>
        <line num="12" count="0" type="stmt"/>
        <line num="13" count="0" type="stmt"/>
        <line num="21" count="0" type="stmt"/>
        <line num="22" count="0" type="stmt"/>
        <line num="23" count="0" type="stmt"/>
        <line num="24" count="0" type="stmt"/>
        <line num="25" count="0" type="stmt"/>
        <line num="35" count="0" type="stmt"/>
        <line num="36" count="0" type="stmt"/>
        <line num="38" count="0" type="cond" truecount="0" falsecount="2"/>
        <line num="39" count="0" type="stmt"/>
        <line num="40" count="0" type="stmt"/>
        <line num="42" count="0" type="stmt"/>
        <line num="52" count="0" type="stmt"/>
      </file>
    </package>
    <package name="src.app._main.classes.util">
      <metrics statements="14" coveredstatements="2" conditionals="19" coveredconditionals="2" methods="4" coveredmethods="1"/>
      <file name="utils.class.ts" path="/home/runner/work/frontend/frontend/src/app/_main/classes/util/utils.class.ts">
        <metrics statements="14" coveredstatements="2" conditionals="19" coveredconditionals="2" methods="4" coveredmethods="1"/>
        <line num="17" count="34" type="stmt"/>
        <line num="18" count="34" type="cond" truecount="1" falsecount="1"/>
        <line num="28" count="0" type="stmt"/>
        <line num="29" count="0" type="cond" truecount="0" falsecount="2"/>
        <line num="30" count="0" type="stmt"/>
        <line num="33" count="0" type="stmt"/>
        <line num="42" count="0" type="cond" truecount="0" falsecount="2"/>
        <line num="43" count="0" type="cond" truecount="0" falsecount="4"/>
        <line num="53" count="0" type="cond" truecount="0" falsecount="2"/>
        <line num="54" count="0" type="cond" truecount="0" falsecount="4"/>
        <line num="55" count="0" type="cond" truecount="0" falsecount="2"/>
        <line num="56" count="0" type="stmt"/>
        <line num="58" count="0" type="stmt"/>
        <line num="61" count="0" type="stmt"/>
      </file>
    </package>
    <package name="src.app._main.components.button">
      <metrics statements="15" coveredstatements="15" conditionals="2" coveredconditionals="2" methods="4" coveredmethods="4"/>
      <file name="button.component.html" path="/home/runner/work/frontend/frontend/src/app/_main/components/button/button.component.html">
        <metrics statements="8" coveredstatements="8" conditionals="0" coveredconditionals="0" methods="0" coveredmethods="0"/>
        <line num="1" count="7538" type="stmt"/>
        <line num="3" count="15076" type="stmt"/>
        <line num="4" count="15076" type="stmt"/>
        <line num="5" count="15076" type="stmt"/>
        <line num="6" count="89" type="stmt"/>
        <line num="7" count="89" type="stmt"/>
        <line num="8" count="89" type="stmt"/>
        <line num="9" count="89" type="stmt"/>
      </file>
      <file name="button.component.ts" path="/home/runner/work/frontend/frontend/src/app/_main/components/button/button.component.ts">
        <metrics statements="7" coveredstatements="7" conditionals="2" coveredconditionals="2" methods="4" coveredmethods="4"/>
        <line num="12" count="89" type="cond" truecount="2" falsecount="0"/>
        <line num="16" count="89" type="stmt"/>
        <line num="21" count="89" type="stmt"/>
        <line num="28" count="89" type="stmt"/>
        <line num="33" count="89" type="stmt"/>
        <line num="49" count="2" type="stmt"/>
        <line num="50" count="2" type="stmt"/>
      </file>
      <file name="button.stories.ts" path="/home/runner/work/frontend/frontend/src/app/_main/components/button/button.stories.ts">
        <metrics statements="0" coveredstatements="0" conditionals="0" coveredconditionals="0" methods="0" coveredmethods="0"/>
      </file>
    </package>
    <package name="src.app._main.components.card">
      <metrics statements="6" coveredstatements="1" conditionals="2" coveredconditionals="0" methods="1" coveredmethods="1"/>
      <file name="card.component.html" path="/home/runner/work/frontend/frontend/src/app/_main/components/card/card.component.html">
        <metrics statements="5" coveredstatements="0" conditionals="0" coveredconditionals="0" methods="0" coveredmethods="0"/>
        <line num="1" count="0" type="stmt"/>
        <line num="2" count="0" type="stmt"/>
        <line num="3" count="0" type="stmt"/>
        <line num="4" count="0" type="stmt"/>
        <line num="5" count="0" type="stmt"/>
      </file>
      <file name="card.component.ts" path="/home/runner/work/frontend/frontend/src/app/_main/components/card/card.component.ts">
        <metrics statements="1" coveredstatements="1" conditionals="2" coveredconditionals="0" methods="1" coveredmethods="1"/>
        <line num="11" count="36" type="cond" truecount="0" falsecount="2"/>
      </file>
      <file name="card.stories.ts" path="/home/runner/work/frontend/frontend/src/app/_main/components/card/card.stories.ts">
        <metrics statements="0" coveredstatements="0" conditionals="0" coveredconditionals="0" methods="0" coveredmethods="0"/>
      </file>
    </package>
    <package name="src.app._main.components.checkbox">
      <metrics statements="5" coveredstatements="5" conditionals="4" coveredconditionals="4" methods="1" coveredmethods="1"/>
      <file name="checkbox.component.html" path="/home/runner/work/frontend/frontend/src/app/_main/components/checkbox/checkbox.component.html">
        <metrics statements="4" coveredstatements="4" conditionals="0" coveredconditionals="0" methods="0" coveredmethods="0"/>
        <line num="1" count="762" type="stmt"/>
        <line num="2" count="6" type="stmt"/>
        <line num="3" count="6" type="stmt"/>
        <line num="4" count="1530" type="stmt"/>
      </file>
      <file name="checkbox.component.ts" path="/home/runner/work/frontend/frontend/src/app/_main/components/checkbox/checkbox.component.ts">
        <metrics statements="1" coveredstatements="1" conditionals="4" coveredconditionals="4" methods="1" coveredmethods="1"/>
        <line num="12" count="36" type="cond" truecount="4" falsecount="0"/>
      </file>
      <file name="checkbox.stories.ts" path="/home/runner/work/frontend/frontend/src/app/_main/components/checkbox/checkbox.stories.ts">
        <metrics statements="0" coveredstatements="0" conditionals="0" coveredconditionals="0" methods="0" coveredmethods="0"/>
      </file>
    </package>
    <package name="src.app._main.components.color">
      <metrics statements="9" coveredstatements="8" conditionals="2" coveredconditionals="2" methods="5" coveredmethods="4"/>
      <file name="color.component.html" path="/home/runner/work/frontend/frontend/src/app/_main/components/color/color.component.html">
        <metrics statements="2" coveredstatements="2" conditionals="0" coveredconditionals="0" methods="0" coveredmethods="0"/>
        <line num="1" count="1008" type="stmt"/>
        <line num="2" count="2025" type="stmt"/>
      </file>
      <file name="color.component.ts" path="/home/runner/work/frontend/frontend/src/app/_main/components/color/color.component.ts">
        <metrics statements="7" coveredstatements="6" conditionals="2" coveredconditionals="2" methods="5" coveredmethods="4"/>
        <line num="13" count="36" type="cond" truecount="2" falsecount="0"/>
        <line num="18" count="9" type="stmt"/>
        <line num="19" count="9" type="stmt"/>
        <line num="22" count="0" type="stmt"/>
        <line num="26" count="9" type="stmt"/>
        <line num="29" count="9" type="stmt"/>
        <line num="35" count="2016" type="stmt"/>
      </file>
    </package>
    <package name="src.app._main.components.dialog-outlet">
      <metrics statements="25" coveredstatements="8" conditionals="2" coveredconditionals="2" methods="11" coveredmethods="3"/>
      <file name="dialog-outlet.component.html" path="/home/runner/work/frontend/frontend/src/app/_main/components/dialog-outlet/dialog-outlet.component.html">
        <metrics statements="3" coveredstatements="3" conditionals="0" coveredconditionals="0" methods="0" coveredmethods="0"/>
        <line num="1" count="15" type="stmt"/>
        <line num="2" count="15" type="stmt"/>
        <line num="3" count="15" type="stmt"/>
      </file>
      <file name="dialog-outlet.component.ts" path="/home/runner/work/frontend/frontend/src/app/_main/components/dialog-outlet/dialog-outlet.component.ts">
        <metrics statements="22" coveredstatements="5" conditionals="2" coveredconditionals="2" methods="11" coveredmethods="3"/>
        <line num="16" count="36" type="cond" truecount="2" falsecount="0"/>
        <line num="18" count="15" type="stmt"/>
        <line num="24" count="15" type="stmt"/>
        <line num="28" count="15" type="stmt"/>
        <line num="30" count="15" type="stmt"/>
        <line num="39" count="0" type="stmt"/>
        <line num="40" count="0" type="stmt"/>
        <line num="42" count="0" type="stmt"/>
        <line num="46" count="0" type="stmt"/>
        <line num="49" count="0" type="stmt"/>
        <line num="50" count="0" type="stmt"/>
        <line num="59" count="0" type="stmt"/>
        <line num="60" count="0" type="stmt"/>
        <line num="61" count="0" type="stmt"/>
        <line num="63" count="0" type="stmt"/>
        <line num="70" count="0" type="stmt"/>
        <line num="71" count="0" type="stmt"/>
        <line num="72" count="0" type="stmt"/>
        <line num="73" count="0" type="stmt"/>
        <line num="84" count="0" type="stmt"/>
        <line num="97" count="0" type="stmt"/>
        <line num="104" count="0" type="stmt"/>
      </file>
    </package>
    <package name="src.app._main.components.filters">
      <metrics statements="29" coveredstatements="10" conditionals="4" coveredconditionals="0" methods="12" coveredmethods="3"/>
      <file name="filter-channel.model.ts" path="/home/runner/work/frontend/frontend/src/app/_main/components/filters/filter-channel.model.ts">
        <metrics statements="14" coveredstatements="9" conditionals="0" coveredconditionals="0" methods="6" coveredmethods="2"/>
        <line num="6" count="15" type="stmt"/>
        <line num="15" count="15" type="stmt"/>
        <line num="16" count="15" type="stmt"/>
        <line num="17" count="15" type="stmt"/>
        <line num="19" count="15" type="stmt"/>
        <line num="23" count="15" type="stmt"/>
        <line num="24" count="0" type="stmt"/>
        <line num="27" count="0" type="stmt"/>
        <line num="30" count="0" type="stmt"/>
        <line num="32" count="0" type="stmt"/>
        <line num="37" count="15" type="stmt"/>
        <line num="38" count="0" type="stmt"/>
        <line num="43" count="15" type="stmt"/>
        <line num="45" count="15" type="stmt"/>
      </file>
      <file name="filter-entry.type.ts" path="/home/runner/work/frontend/frontend/src/app/_main/components/filters/filter-entry.type.ts">
        <metrics statements="0" coveredstatements="0" conditionals="0" coveredconditionals="0" methods="0" coveredmethods="0"/>
      </file>
      <file name="filters.component.html" path="/home/runner/work/frontend/frontend/src/app/_main/components/filters/filters.component.html">
        <metrics statements="6" coveredstatements="0" conditionals="0" coveredconditionals="0" methods="2" coveredmethods="0"/>
        <line num="1" count="0" type="stmt"/>
        <line num="3" count="0" type="stmt"/>
        <line num="4" count="0" type="stmt"/>
        <line num="6" count="0" type="stmt"/>
        <line num="7" count="0" type="stmt"/>
        <line num="8" count="0" type="stmt"/>
      </file>
      <file name="filters.component.ts" path="/home/runner/work/frontend/frontend/src/app/_main/components/filters/filters.component.ts">
        <metrics statements="9" coveredstatements="1" conditionals="4" coveredconditionals="0" methods="4" coveredmethods="1"/>
        <line num="13" count="36" type="cond" truecount="0" falsecount="4"/>
        <line num="18" count="0" type="stmt"/>
        <line num="19" count="0" type="stmt"/>
        <line num="20" count="0" type="stmt"/>
        <line num="22" count="0" type="stmt"/>
        <line num="28" count="0" type="stmt"/>
        <line num="32" count="0" type="stmt"/>
        <line num="33" count="0" type="stmt"/>
        <line num="35" count="0" type="stmt"/>
      </file>
    </package>
    <package name="src.app._main.components.icon">
      <metrics statements="40" coveredstatements="32" conditionals="6" coveredconditionals="5" methods="9" coveredmethods="8"/>
      <file name="icon.component.html" path="/home/runner/work/frontend/frontend/src/app/_main/components/icon/icon.component.html">
        <metrics statements="20" coveredstatements="14" conditionals="0" coveredconditionals="0" methods="0" coveredmethods="0"/>
        <line num="1" count="28534" type="stmt"/>
        <line num="2" count="57068" type="stmt"/>
        <line num="3" count="51608" type="stmt"/>
        <line num="4" count="266" type="stmt"/>
        <line num="5" count="57068" type="stmt"/>
        <line num="6" count="0" type="stmt"/>
        <line num="7" count="0" type="stmt"/>
        <line num="8" count="57068" type="stmt"/>
        <line num="9" count="0" type="stmt"/>
        <line num="10" count="0" type="stmt"/>
        <line num="11" count="57068" type="stmt"/>
        <line num="12" count="2619" type="stmt"/>
        <line num="13" count="19" type="stmt"/>
        <line num="14" count="57068" type="stmt"/>
        <line num="15" count="2860" type="stmt"/>
        <line num="21" count="15" type="stmt"/>
        <line num="22" count="300" type="stmt"/>
        <line num="23" count="0" type="stmt"/>
        <line num="24" count="0" type="stmt"/>
        <line num="25" count="300" type="stmt"/>
      </file>
      <file name="icon.component.ts" path="/home/runner/work/frontend/frontend/src/app/_main/components/icon/icon.component.ts">
        <metrics statements="20" coveredstatements="18" conditionals="6" coveredconditionals="5" methods="9" coveredmethods="8"/>
        <line num="15" count="300" type="cond" truecount="2" falsecount="0"/>
        <line num="20" count="300" type="stmt"/>
        <line num="37" count="300" type="stmt"/>
        <line num="39" count="300" type="cond" truecount="2" falsecount="0"/>
        <line num="40" count="34" type="stmt"/>
        <line num="42" count="34" type="stmt"/>
        <line num="43" count="34" type="stmt"/>
        <line num="45" count="266" type="stmt"/>
        <line num="46" count="266" type="stmt"/>
        <line num="54" count="0" type="stmt"/>
        <line num="61" count="28534" type="stmt"/>
        <line num="68" count="28534" type="stmt"/>
        <line num="75" count="25804" type="cond" truecount="1" falsecount="1"/>
        <line num="76" count="0" type="stmt"/>
        <line num="78" count="25804" type="stmt"/>
        <line num="85" count="28534" type="stmt"/>
        <line num="96" count="300" type="stmt"/>
        <line num="101" count="300" type="stmt"/>
        <line num="106" count="300" type="stmt"/>
        <line num="115" count="2730" type="stmt"/>
      </file>
    </package>
    <package name="src.app._main.components.input">
      <metrics statements="46" coveredstatements="42" conditionals="12" coveredconditionals="8" methods="10" coveredmethods="9"/>
      <file name="input.component.html" path="/home/runner/work/frontend/frontend/src/app/_main/components/input/input.component.html">
        <metrics statements="25" coveredstatements="23" conditionals="6" coveredconditionals="5" methods="2" coveredmethods="2"/>
        <line num="1" count="3576" type="cond" truecount="2" falsecount="0"/>
        <line num="3" count="7152" type="stmt"/>
        <line num="4" count="32" type="stmt"/>
        <line num="7" count="32" type="stmt"/>
        <line num="8" count="32" type="stmt"/>
        <line num="10" count="32" type="stmt"/>
        <line num="11" count="7184" type="stmt"/>
        <line num="12" count="32" type="stmt"/>
        <line num="13" count="32" type="stmt"/>
        <line num="14" count="7152" type="stmt"/>
        <line num="15" count="0" type="stmt"/>
        <line num="16" count="0" type="stmt"/>
        <line num="17" count="32" type="stmt"/>
        <line num="18" count="32" type="stmt"/>
        <line num="20" count="32" type="stmt"/>
        <line num="21" count="3576" type="stmt"/>
        <line num="22" count="56" type="stmt"/>
        <line num="23" count="7152" type="cond" truecount="1" falsecount="1"/>
        <line num="24" count="32" type="stmt"/>
        <line num="25" count="32" type="stmt"/>
        <line num="26" count="32" type="stmt"/>
        <line num="28" count="7152" type="cond" truecount="2" falsecount="0"/>
        <line num="29" count="30" type="stmt"/>
        <line num="30" count="2" type="stmt"/>
        <line num="31" count="32" type="stmt"/>
      </file>
      <file name="input.component.ts" path="/home/runner/work/frontend/frontend/src/app/_main/components/input/input.component.ts">
        <metrics statements="21" coveredstatements="19" conditionals="6" coveredconditionals="3" methods="8" coveredmethods="7"/>
        <line num="25" count="36" type="cond" truecount="2" falsecount="0"/>
        <line num="27" count="32" type="stmt"/>
        <line num="36" count="32" type="stmt"/>
        <line num="51" count="32" type="stmt"/>
        <line num="55" count="32" type="stmt"/>
        <line num="58" count="32" type="stmt"/>
        <line num="64" count="32" type="stmt"/>
        <line num="67" count="32" type="stmt"/>
        <line num="68" count="32" type="stmt"/>
        <line num="71" count="32" type="stmt"/>
        <line num="75" count="32" type="stmt"/>
        <line num="76" count="0" type="stmt"/>
        <line num="82" count="24" type="stmt"/>
        <line num="83" count="24" type="stmt"/>
        <line num="88" count="24" type="stmt"/>
        <line num="89" count="24" type="stmt"/>
        <line num="93" count="38" type="stmt"/>
        <line num="94" count="38" type="stmt"/>
        <line num="98" count="272" type="cond" truecount="1" falsecount="1"/>
        <line num="99" count="0" type="cond" truecount="0" falsecount="2"/>
        <line num="101" count="272" type="stmt"/>
      </file>
      <file name="input.stories.ts" path="/home/runner/work/frontend/frontend/src/app/_main/components/input/input.stories.ts">
        <metrics statements="0" coveredstatements="0" conditionals="0" coveredconditionals="0" methods="0" coveredmethods="0"/>
      </file>
    </package>
    <package name="src.app._main.components.input-color">
      <metrics statements="27" coveredstatements="1" conditionals="8" coveredconditionals="0" methods="5" coveredmethods="0"/>
      <file name="input-color.component.html" path="/home/runner/work/frontend/frontend/src/app/_main/components/input-color/input-color.component.html">
        <metrics statements="3" coveredstatements="0" conditionals="0" coveredconditionals="0" methods="0" coveredmethods="0"/>
        <line num="1" count="0" type="stmt"/>
        <line num="2" count="0" type="stmt"/>
        <line num="3" count="0" type="stmt"/>
      </file>
      <file name="input-color.component.ts" path="/home/runner/work/frontend/frontend/src/app/_main/components/input-color/input-color.component.ts">
        <metrics statements="24" coveredstatements="1" conditionals="8" coveredconditionals="0" methods="5" coveredmethods="0"/>
        <line num="18" count="18" type="cond" truecount="0" falsecount="4"/>
        <line num="22" count="0" type="stmt"/>
        <line num="23" count="0" type="stmt"/>
        <line num="28" count="0" type="cond" truecount="0" falsecount="2"/>
        <line num="29" count="0" type="stmt"/>
        <line num="30" count="0" type="stmt"/>
        <line num="32" count="0" type="stmt"/>
        <line num="33" count="0" type="stmt"/>
        <line num="36" count="0" type="stmt"/>
        <line num="37" count="0" type="stmt"/>
        <line num="38" count="0" type="stmt"/>
        <line num="39" count="0" type="stmt"/>
        <line num="41" count="0" type="stmt"/>
        <line num="44" count="0" type="stmt"/>
        <line num="47" count="0" type="stmt"/>
        <line num="48" count="0" type="stmt"/>
        <line num="49" count="0" type="stmt"/>
        <line num="51" count="0" type="stmt"/>
        <line num="52" count="0" type="cond" truecount="0" falsecount="2"/>
        <line num="53" count="0" type="stmt"/>
        <line num="54" count="0" type="stmt"/>
        <line num="55" count="0" type="stmt"/>
        <line num="56" count="0" type="stmt"/>
        <line num="57" count="0" type="stmt"/>
      </file>
    </package>
    <package name="src.app._main.components.input-date-time">
      <metrics statements="40" coveredstatements="1" conditionals="18" coveredconditionals="0" methods="16" coveredmethods="0"/>
      <file name="date-picker.model.ts" path="/home/runner/work/frontend/frontend/src/app/_main/components/input-date-time/date-picker.model.ts">
        <metrics statements="0" coveredstatements="0" conditionals="0" coveredconditionals="0" methods="0" coveredmethods="0"/>
      </file>
      <file name="input-date-time.component.html" path="/home/runner/work/frontend/frontend/src/app/_main/components/input-date-time/input-date-time.component.html">
        <metrics statements="9" coveredstatements="0" conditionals="2" coveredconditionals="0" methods="1" coveredmethods="0"/>
        <line num="1" count="0" type="stmt"/>
        <line num="3" count="0" type="stmt"/>
        <line num="4" count="0" type="stmt"/>
        <line num="5" count="0" type="stmt"/>
        <line num="6" count="0" type="stmt"/>
        <line num="9" count="0" type="cond" truecount="0" falsecount="2"/>
        <line num="12" count="0" type="stmt"/>
        <line num="13" count="0" type="stmt"/>
        <line num="14" count="0" type="stmt"/>
      </file>
      <file name="input-date-time.component.ts" path="/home/runner/work/frontend/frontend/src/app/_main/components/input-date-time/input-date-time.component.ts">
        <metrics statements="31" coveredstatements="1" conditionals="16" coveredconditionals="0" methods="15" coveredmethods="0"/>
        <line num="19" count="18" type="cond" truecount="0" falsecount="2"/>
        <line num="23" count="0" type="stmt"/>
        <line num="32" count="0" type="stmt"/>
        <line num="35" count="0" type="stmt"/>
        <line num="37" count="0" type="stmt"/>
        <line num="40" count="0" type="stmt"/>
        <line num="42" count="0" type="cond" truecount="0" falsecount="4"/>
        <line num="44" count="0" type="stmt"/>
        <line num="46" count="0" type="stmt"/>
        <line num="47" count="0" type="stmt"/>
        <line num="51" count="0" type="stmt"/>
        <line num="53" count="0" type="stmt"/>
        <line num="55" count="0" type="stmt"/>
        <line num="56" count="0" type="stmt"/>
        <line num="60" count="0" type="stmt"/>
        <line num="65" count="0" type="stmt"/>
        <line num="69" count="0" type="stmt"/>
        <line num="76" count="0" type="stmt"/>
        <line num="80" count="0" type="stmt"/>
        <line num="81" count="0" type="stmt"/>
        <line num="82" count="0" type="stmt"/>
        <line num="87" count="0" type="stmt"/>
        <line num="91" count="0" type="stmt"/>
        <line num="93" count="0" type="cond" truecount="0" falsecount="2"/>
        <line num="94" count="0" type="stmt"/>
        <line num="99" count="0" type="cond" truecount="0" falsecount="2"/>
        <line num="100" count="0" type="stmt"/>
        <line num="104" count="0" type="stmt"/>
        <line num="105" count="0" type="stmt"/>
        <line num="106" count="0" type="cond" truecount="0" falsecount="2"/>
        <line num="107" count="0" type="stmt"/>
      </file>
      <file name="input-date-time.stories.ts" path="/home/runner/work/frontend/frontend/src/app/_main/components/input-date-time/input-date-time.stories.ts">
        <metrics statements="0" coveredstatements="0" conditionals="0" coveredconditionals="0" methods="0" coveredmethods="0"/>
      </file>
    </package>
    <package name="src.app._main.components.input-date-time.date-picker">
      <metrics statements="72" coveredstatements="1" conditionals="26" coveredconditionals="0" methods="15" coveredmethods="1"/>
      <file name="date-picker.component.html" path="/home/runner/work/frontend/frontend/src/app/_main/components/input-date-time/date-picker/date-picker.component.html">
        <metrics statements="25" coveredstatements="0" conditionals="2" coveredconditionals="0" methods="4" coveredmethods="0"/>
        <line num="1" count="0" type="stmt"/>
        <line num="3" count="0" type="stmt"/>
        <line num="4" count="0" type="stmt"/>
        <line num="5" count="0" type="stmt"/>
        <line num="6" count="0" type="stmt"/>
        <line num="7" count="0" type="stmt"/>
        <line num="8" count="0" type="stmt"/>
        <line num="9" count="0" type="stmt"/>
        <line num="10" count="0" type="stmt"/>
        <line num="11" count="0" type="stmt"/>
        <line num="12" count="0" type="stmt"/>
        <line num="13" count="0" type="stmt"/>
        <line num="14" count="0" type="stmt"/>
        <line num="16" count="0" type="stmt"/>
        <line num="18" count="0" type="stmt"/>
        <line num="19" count="0" type="stmt"/>
        <line num="20" count="0" type="stmt"/>
        <line num="21" count="0" type="stmt"/>
        <line num="22" count="0" type="stmt"/>
        <line num="24" count="0" type="cond" truecount="0" falsecount="2"/>
        <line num="26" count="0" type="stmt"/>
        <line num="27" count="0" type="stmt"/>
        <line num="29" count="0" type="stmt"/>
        <line num="30" count="0" type="stmt"/>
        <line num="32" count="0" type="stmt"/>
      </file>
      <file name="date-picker.component.ts" path="/home/runner/work/frontend/frontend/src/app/_main/components/input-date-time/date-picker/date-picker.component.ts">
        <metrics statements="47" coveredstatements="1" conditionals="24" coveredconditionals="0" methods="11" coveredmethods="1"/>
        <line num="13" count="36" type="cond" truecount="0" falsecount="6"/>
        <line num="14" count="0" type="stmt"/>
        <line num="15" count="0" type="stmt"/>
        <line num="17" count="0" type="cond" truecount="0" falsecount="2"/>
        <line num="18" count="0" type="stmt"/>
        <line num="20" count="0" type="stmt"/>
        <line num="21" count="0" type="stmt"/>
        <line num="26" count="0" type="stmt"/>
        <line num="27" count="0" type="stmt"/>
        <line num="29" count="0" type="stmt"/>
        <line num="32" count="0" type="stmt"/>
        <line num="33" count="0" type="stmt"/>
        <line num="34" count="0" type="stmt"/>
        <line num="36" count="0" type="stmt"/>
        <line num="39" count="0" type="stmt"/>
        <line num="41" count="0" type="stmt"/>
        <line num="42" count="0" type="stmt"/>
        <line num="43" count="0" type="stmt"/>
        <line num="44" count="0" type="stmt"/>
        <line num="54" count="0" type="stmt"/>
        <line num="56" count="0" type="stmt"/>
        <line num="60" count="0" type="stmt"/>
        <line num="64" count="0" type="stmt"/>
        <line num="65" count="0" type="stmt"/>
        <line num="69" count="0" type="stmt"/>
        <line num="70" count="0" type="stmt"/>
        <line num="74" count="0" type="stmt"/>
        <line num="75" count="0" type="stmt"/>
        <line num="77" count="0" type="stmt"/>
        <line num="81" count="0" type="cond" truecount="0" falsecount="2"/>
        <line num="82" count="0" type="stmt"/>
        <line num="83" count="0" type="stmt"/>
        <line num="85" count="0" type="stmt"/>
        <line num="89" count="0" type="cond" truecount="0" falsecount="2"/>
        <line num="90" count="0" type="stmt"/>
        <line num="91" count="0" type="cond" truecount="0" falsecount="2"/>
        <line num="92" count="0" type="stmt"/>
        <line num="95" count="0" type="stmt"/>
        <line num="96" count="0" type="stmt"/>
        <line num="98" count="0" type="stmt"/>
        <line num="102" count="0" type="cond" truecount="0" falsecount="2"/>
        <line num="103" count="0" type="stmt"/>
        <line num="104" count="0" type="stmt"/>
        <line num="109" count="0" type="stmt"/>
        <line num="111" count="0" type="cond" truecount="0" falsecount="4"/>
        <line num="112" count="0" type="stmt"/>
        <line num="114" count="0" type="stmt"/>
      </file>
    </package>
    <package name="src.app._main.components.input-date-time.date-time-picker">
      <metrics statements="11" coveredstatements="1" conditionals="4" coveredconditionals="0" methods="1" coveredmethods="1"/>
      <file name="date-time-picker.component.html" path="/home/runner/work/frontend/frontend/src/app/_main/components/input-date-time/date-time-picker/date-time-picker.component.html">
        <metrics statements="10" coveredstatements="0" conditionals="0" coveredconditionals="0" methods="0" coveredmethods="0"/>
        <line num="1" count="0" type="stmt"/>
        <line num="3" count="0" type="stmt"/>
        <line num="4" count="0" type="stmt"/>
        <line num="5" count="0" type="stmt"/>
        <line num="6" count="0" type="stmt"/>
        <line num="7" count="0" type="stmt"/>
        <line num="8" count="0" type="stmt"/>
        <line num="9" count="0" type="stmt"/>
        <line num="10" count="0" type="stmt"/>
        <line num="11" count="0" type="stmt"/>
      </file>
      <file name="date-time-picker.component.ts" path="/home/runner/work/frontend/frontend/src/app/_main/components/input-date-time/date-time-picker/date-time-picker.component.ts">
        <metrics statements="1" coveredstatements="1" conditionals="4" coveredconditionals="0" methods="1" coveredmethods="1"/>
        <line num="11" count="36" type="cond" truecount="0" falsecount="4"/>
      </file>
    </package>
    <package name="src.app._main.components.input-date-time.time-picker">
      <metrics statements="55" coveredstatements="1" conditionals="20" coveredconditionals="0" methods="25" coveredmethods="1"/>
      <file name="time-picker.component.html" path="/home/runner/work/frontend/frontend/src/app/_main/components/input-date-time/time-picker/time-picker.component.html">
        <metrics statements="19" coveredstatements="0" conditionals="0" coveredconditionals="0" methods="10" coveredmethods="0"/>
        <line num="1" count="0" type="stmt"/>
        <line num="3" count="0" type="stmt"/>
        <line num="4" count="0" type="stmt"/>
        <line num="5" count="0" type="stmt"/>
        <line num="6" count="0" type="stmt"/>
        <line num="7" count="0" type="stmt"/>
        <line num="8" count="0" type="stmt"/>
        <line num="9" count="0" type="stmt"/>
        <line num="10" count="0" type="stmt"/>
        <line num="12" count="0" type="stmt"/>
        <line num="13" count="0" type="stmt"/>
        <line num="14" count="0" type="stmt"/>
        <line num="15" count="0" type="stmt"/>
        <line num="16" count="0" type="stmt"/>
        <line num="17" count="0" type="stmt"/>
        <line num="18" count="0" type="stmt"/>
        <line num="19" count="0" type="stmt"/>
        <line num="20" count="0" type="stmt"/>
        <line num="21" count="0" type="stmt"/>
      </file>
      <file name="time-picker.component.ts" path="/home/runner/work/frontend/frontend/src/app/_main/components/input-date-time/time-picker/time-picker.component.ts">
        <metrics statements="36" coveredstatements="1" conditionals="20" coveredconditionals="0" methods="15" coveredmethods="1"/>
        <line num="13" count="36" type="cond" truecount="0" falsecount="4"/>
        <line num="14" count="0" type="cond" truecount="0" falsecount="2"/>
        <line num="17" count="0" type="stmt"/>
        <line num="20" count="0" type="stmt"/>
        <line num="22" count="0" type="stmt"/>
        <line num="25" count="0" type="stmt"/>
        <line num="27" count="0" type="stmt"/>
        <line num="28" count="0" type="stmt"/>
        <line num="30" count="0" type="stmt"/>
        <line num="34" count="0" type="stmt"/>
        <line num="35" count="0" type="stmt"/>
        <line num="38" count="0" type="stmt"/>
        <line num="43" count="0" type="stmt"/>
        <line num="47" count="0" type="stmt"/>
        <line num="48" count="0" type="stmt"/>
        <line num="52" count="0" type="stmt"/>
        <line num="53" count="0" type="stmt"/>
        <line num="57" count="0" type="stmt"/>
        <line num="58" count="0" type="stmt"/>
        <line num="62" count="0" type="stmt"/>
        <line num="63" count="0" type="stmt"/>
        <line num="67" count="0" type="cond" truecount="0" falsecount="2"/>
        <line num="68" count="0" type="stmt"/>
        <line num="69" count="0" type="stmt"/>
        <line num="71" count="0" type="stmt"/>
        <line num="75" count="0" type="cond" truecount="0" falsecount="4"/>
        <line num="76" count="0" type="stmt"/>
        <line num="77" count="0" type="stmt"/>
        <line num="81" count="0" type="cond" truecount="0" falsecount="4"/>
        <line num="82" count="0" type="stmt"/>
        <line num="83" count="0" type="stmt"/>
        <line num="87" count="0" type="cond" truecount="0" falsecount="2"/>
        <line num="88" count="0" type="stmt"/>
        <line num="93" count="0" type="stmt"/>
        <line num="94" count="0" type="cond" truecount="0" falsecount="2"/>
        <line num="95" count="0" type="stmt"/>
      </file>
    </package>
    <package name="src.app._main.components.input-file">
      <metrics statements="26" coveredstatements="15" conditionals="20" coveredconditionals="5" methods="9" coveredmethods="3"/>
      <file name="input-file.component.html" path="/home/runner/work/frontend/frontend/src/app/_main/components/input-file/input-file.component.html">
        <metrics statements="8" coveredstatements="8" conditionals="0" coveredconditionals="0" methods="3" coveredmethods="0"/>
        <line num="1" count="384" type="stmt"/>
        <line num="2" count="3" type="stmt"/>
        <line num="3" count="3" type="stmt"/>
        <line num="4" count="768" type="stmt"/>
        <line num="6" count="6" type="stmt"/>
        <line num="8" count="768" type="stmt"/>
        <line num="9" count="3" type="stmt"/>
        <line num="11" count="768" type="stmt"/>
      </file>
      <file name="input-file.component.ts" path="/home/runner/work/frontend/frontend/src/app/_main/components/input-file/input-file.component.ts">
        <metrics statements="18" coveredstatements="7" conditionals="20" coveredconditionals="5" methods="6" coveredmethods="3"/>
        <line num="11" count="36" type="cond" truecount="4" falsecount="0"/>
        <line num="19" count="3" type="stmt"/>
        <line num="22" count="3" type="stmt"/>
        <line num="25" count="3" type="stmt"/>
        <line num="28" count="0" type="stmt"/>
        <line num="30" count="0" type="cond" truecount="0" falsecount="2"/>
        <line num="32" count="0" type="stmt"/>
        <line num="33" count="0" type="cond" truecount="0" falsecount="4"/>
        <line num="34" count="0" type="stmt"/>
        <line num="35" count="0" type="cond" truecount="0" falsecount="4"/>
        <line num="36" count="0" type="stmt"/>
        <line num="41" count="0" type="stmt"/>
        <line num="45" count="0" type="stmt"/>
        <line num="46" count="0" type="cond" truecount="0" falsecount="4"/>
        <line num="50" count="3" type="stmt"/>
        <line num="52" count="3" type="cond" truecount="1" falsecount="1"/>
        <line num="53" count="0" type="stmt"/>
        <line num="55" count="3" type="stmt"/>
      </file>
    </package>
    <package name="src.app._main.components.loader">
      <metrics statements="3" coveredstatements="1" conditionals="2" coveredconditionals="0" methods="2" coveredmethods="1"/>
      <file name="loader.component.html" path="/home/runner/work/frontend/frontend/src/app/_main/components/loader/loader.component.html">
        <metrics statements="1" coveredstatements="0" conditionals="0" coveredconditionals="0" methods="0" coveredmethods="0"/>
        <line num="1" count="0" type="stmt"/>
      </file>
      <file name="loader.component.ts" path="/home/runner/work/frontend/frontend/src/app/_main/components/loader/loader.component.ts">
        <metrics statements="2" coveredstatements="1" conditionals="2" coveredconditionals="0" methods="2" coveredmethods="1"/>
        <line num="8" count="36" type="cond" truecount="0" falsecount="2"/>
        <line num="9" count="0" type="stmt"/>
      </file>
    </package>
    <package name="src.app._main.components.main-view">
      <metrics statements="16" coveredstatements="16" conditionals="2" coveredconditionals="2" methods="3" coveredmethods="3"/>
      <file name="main-view.component.html" path="/home/runner/work/frontend/frontend/src/app/_main/components/main-view/main-view.component.html">
        <metrics statements="9" coveredstatements="9" conditionals="0" coveredconditionals="0" methods="0" coveredmethods="0"/>
        <line num="1" count="1430" type="stmt"/>
        <line num="3" count="15" type="stmt"/>
        <line num="4" count="2860" type="stmt"/>
        <line num="6" count="15" type="stmt"/>
        <line num="8" count="15" type="stmt"/>
        <line num="10" count="15" type="stmt"/>
        <line num="11" count="15" type="stmt"/>
        <line num="13" count="2860" type="stmt"/>
        <line num="14" count="15" type="stmt"/>
      </file>
      <file name="main-view.component.ts" path="/home/runner/work/frontend/frontend/src/app/_main/components/main-view/main-view.component.ts">
        <metrics statements="7" coveredstatements="7" conditionals="2" coveredconditionals="2" methods="3" coveredmethods="3"/>
        <line num="11" count="36" type="cond" truecount="2" falsecount="0"/>
        <line num="12" count="15" type="stmt"/>
        <line num="14" count="15" type="stmt"/>
        <line num="16" count="15" type="stmt"/>
        <line num="18" count="15" type="stmt"/>
        <line num="21" count="15" type="stmt"/>
        <line num="22" count="15" type="stmt"/>
      </file>
    </package>
    <package name="src.app._main.components.nav-element">
      <metrics statements="37" coveredstatements="1" conditionals="8" coveredconditionals="0" methods="11" coveredmethods="1"/>
      <file name="nav-element.component.html" path="/home/runner/work/frontend/frontend/src/app/_main/components/nav-element/nav-element.component.html">
        <metrics statements="18" coveredstatements="0" conditionals="0" coveredconditionals="0" methods="2" coveredmethods="0"/>
        <line num="1" count="0" type="stmt"/>
        <line num="2" count="0" type="stmt"/>
        <line num="3" count="0" type="stmt"/>
        <line num="4" count="0" type="stmt"/>
        <line num="5" count="0" type="stmt"/>
        <line num="6" count="0" type="stmt"/>
        <line num="8" count="0" type="stmt"/>
        <line num="9" count="0" type="stmt"/>
        <line num="11" count="0" type="stmt"/>
        <line num="13" count="0" type="stmt"/>
        <line num="14" count="0" type="stmt"/>
        <line num="15" count="0" type="stmt"/>
        <line num="17" count="0" type="stmt"/>
        <line num="18" count="0" type="stmt"/>
        <line num="19" count="0" type="stmt"/>
        <line num="22" count="0" type="stmt"/>
        <line num="23" count="0" type="stmt"/>
        <line num="24" count="0" type="stmt"/>
      </file>
      <file name="nav-element.component.ts" path="/home/runner/work/frontend/frontend/src/app/_main/components/nav-element/nav-element.component.ts">
        <metrics statements="19" coveredstatements="1" conditionals="8" coveredconditionals="0" methods="9" coveredmethods="1"/>
        <line num="11" count="36" type="cond" truecount="0" falsecount="2"/>
        <line num="18" count="0" type="stmt"/>
        <line num="20" count="0" type="stmt"/>
        <line num="22" count="0" type="stmt"/>
        <line num="26" count="0" type="stmt"/>
        <line num="31" count="0" type="stmt"/>
        <line num="33" count="0" type="stmt"/>
        <line num="34" count="0" type="stmt"/>
        <line num="35" count="0" type="stmt"/>
        <line num="39" count="0" type="stmt"/>
        <line num="41" count="0" type="stmt"/>
        <line num="42" count="0" type="stmt"/>
        <line num="43" count="0" type="stmt"/>
        <line num="47" count="0" type="cond" truecount="0" falsecount="2"/>
        <line num="48" count="0" type="stmt"/>
        <line num="50" count="0" type="stmt"/>
        <line num="55" count="0" type="stmt"/>
        <line num="56" count="0" type="stmt"/>
        <line num="57" count="0" type="cond" truecount="0" falsecount="4"/>
      </file>
    </package>
    <package name="src.app._main.components.nav-element-workspace">
      <metrics statements="85" coveredstatements="1" conditionals="22" coveredconditionals="0" methods="38" coveredmethods="1"/>
      <file name="nav-element-workspace.component.html" path="/home/runner/work/frontend/frontend/src/app/_main/components/nav-element-workspace/nav-element-workspace.component.html">
        <metrics statements="48" coveredstatements="0" conditionals="6" coveredconditionals="0" methods="12" coveredmethods="0"/>
        <line num="1" count="0" type="stmt"/>
        <line num="3" count="0" type="stmt"/>
        <line num="4" count="0" type="cond" truecount="0" falsecount="2"/>
        <line num="5" count="0" type="stmt"/>
        <line num="6" count="0" type="stmt"/>
        <line num="7" count="0" type="stmt"/>
        <line num="9" count="0" type="stmt"/>
        <line num="11" count="0" type="stmt"/>
        <line num="12" count="0" type="stmt"/>
        <line num="14" count="0" type="stmt"/>
        <line num="15" count="0" type="stmt"/>
        <line num="16" count="0" type="stmt"/>
        <line num="18" count="0" type="stmt"/>
        <line num="19" count="0" type="stmt"/>
        <line num="21" count="0" type="stmt"/>
        <line num="22" count="0" type="stmt"/>
        <line num="24" count="0" type="stmt"/>
        <line num="25" count="0" type="stmt"/>
        <line num="29" count="0" type="stmt"/>
        <line num="30" count="0" type="stmt"/>
        <line num="31" count="0" type="stmt"/>
        <line num="34" count="0" type="cond" truecount="0" falsecount="2"/>
        <line num="36" count="0" type="stmt"/>
        <line num="37" count="0" type="stmt"/>
        <line num="38" count="0" type="stmt"/>
        <line num="39" count="0" type="stmt"/>
        <line num="40" count="0" type="stmt"/>
        <line num="43" count="0" type="stmt"/>
        <line num="45" count="0" type="stmt"/>
        <line num="46" count="0" type="stmt"/>
        <line num="47" count="0" type="stmt"/>
        <line num="48" count="0" type="stmt"/>
        <line num="50" count="0" type="stmt"/>
        <line num="51" count="0" type="stmt"/>
        <line num="52" count="0" type="stmt"/>
        <line num="54" count="0" type="stmt"/>
        <line num="55" count="0" type="stmt"/>
        <line num="56" count="0" type="stmt"/>
        <line num="58" count="0" type="stmt"/>
        <line num="59" count="0" type="stmt"/>
        <line num="61" count="0" type="stmt"/>
        <line num="62" count="0" type="stmt"/>
        <line num="68" count="0" type="cond" truecount="0" falsecount="2"/>
        <line num="69" count="0" type="stmt"/>
        <line num="70" count="0" type="stmt"/>
        <line num="72" count="0" type="stmt"/>
        <line num="74" count="0" type="stmt"/>
        <line num="75" count="0" type="stmt"/>
      </file>
      <file name="nav-element-workspace.component.ts" path="/home/runner/work/frontend/frontend/src/app/_main/components/nav-element-workspace/nav-element-workspace.component.ts">
        <metrics statements="37" coveredstatements="1" conditionals="16" coveredconditionals="0" methods="26" coveredmethods="1"/>
        <line num="16" count="36" type="cond" truecount="0" falsecount="2"/>
        <line num="19" count="0" type="stmt"/>
        <line num="21" count="0" type="stmt"/>
        <line num="24" count="0" type="stmt"/>
        <line num="27" count="0" type="stmt"/>
        <line num="29" count="0" type="stmt"/>
        <line num="31" count="0" type="stmt"/>
        <line num="36" count="0" type="stmt"/>
        <line num="37" count="0" type="stmt"/>
        <line num="38" count="0" type="stmt"/>
        <line num="39" count="0" type="stmt"/>
        <line num="43" count="0" type="stmt"/>
        <line num="46" count="0" type="stmt"/>
        <line num="49" count="0" type="cond" truecount="0" falsecount="2"/>
        <line num="50" count="0" type="stmt"/>
        <line num="52" count="0" type="stmt"/>
        <line num="57" count="0" type="stmt"/>
        <line num="58" count="0" type="cond" truecount="0" falsecount="12"/>
        <line num="63" count="0" type="stmt"/>
        <line num="65" count="0" type="stmt"/>
        <line num="69" count="0" type="stmt"/>
        <line num="71" count="0" type="stmt"/>
        <line num="75" count="0" type="stmt"/>
        <line num="78" count="0" type="stmt"/>
        <line num="83" count="0" type="stmt"/>
        <line num="85" count="0" type="stmt"/>
        <line num="89" count="0" type="stmt"/>
        <line num="90" count="0" type="stmt"/>
        <line num="91" count="0" type="stmt"/>
        <line num="97" count="0" type="stmt"/>
        <line num="99" count="0" type="stmt"/>
        <line num="103" count="0" type="stmt"/>
        <line num="104" count="0" type="stmt"/>
        <line num="105" count="0" type="stmt"/>
        <line num="111" count="0" type="stmt"/>
        <line num="115" count="0" type="stmt"/>
        <line num="122" count="0" type="stmt"/>
      </file>
    </package>
    <package name="src.app._main.components.pill">
      <metrics statements="3" coveredstatements="1" conditionals="2" coveredconditionals="0" methods="2" coveredmethods="1"/>
      <file name="pill.component.html" path="/home/runner/work/frontend/frontend/src/app/_main/components/pill/pill.component.html">
        <metrics statements="1" coveredstatements="0" conditionals="0" coveredconditionals="0" methods="0" coveredmethods="0"/>
        <line num="1" count="0" type="stmt"/>
      </file>
      <file name="pill.component.ts" path="/home/runner/work/frontend/frontend/src/app/_main/components/pill/pill.component.ts">
        <metrics statements="2" coveredstatements="1" conditionals="2" coveredconditionals="0" methods="2" coveredmethods="1"/>
        <line num="8" count="36" type="cond" truecount="0" falsecount="2"/>
        <line num="9" count="0" type="stmt"/>
      </file>
    </package>
    <package name="src.app._main.components.select">
      <metrics statements="103" coveredstatements="55" conditionals="65" coveredconditionals="27" methods="33" coveredmethods="11"/>
      <file name="select-label.model.ts" path="/home/runner/work/frontend/frontend/src/app/_main/components/select/select-label.model.ts">
        <metrics statements="0" coveredstatements="0" conditionals="0" coveredconditionals="0" methods="0" coveredmethods="0"/>
      </file>
      <file name="select.component.html" path="/home/runner/work/frontend/frontend/src/app/_main/components/select/select.component.html">
        <metrics statements="21" coveredstatements="12" conditionals="5" coveredconditionals="3" methods="2" coveredmethods="0"/>
        <line num="1" count="8" type="stmt"/>
        <line num="4" count="3" type="stmt"/>
        <line num="7" count="16" type="stmt"/>
        <line num="9" count="16" type="stmt"/>
        <line num="10" count="16" type="cond" truecount="3" falsecount="0"/>
        <line num="11" count="0" type="stmt"/>
        <line num="12" count="3" type="stmt"/>
        <line num="13" count="3" type="stmt"/>
        <line num="14" count="16" type="stmt"/>
        <line num="15" count="16" type="stmt"/>
        <line num="16" count="0" type="stmt"/>
        <line num="17" count="0" type="stmt"/>
        <line num="18" count="3" type="stmt"/>
        <line num="21" count="16" type="stmt"/>
        <line num="24" count="0" type="stmt"/>
        <line num="25" count="0" type="stmt"/>
        <line num="26" count="0" type="cond" truecount="0" falsecount="2"/>
        <line num="27" count="0" type="stmt"/>
        <line num="28" count="0" type="stmt"/>
        <line num="29" count="0" type="stmt"/>
        <line num="32" count="3" type="stmt"/>
      </file>
      <file name="select.component.ts" path="/home/runner/work/frontend/frontend/src/app/_main/components/select/select.component.ts">
        <metrics statements="82" coveredstatements="43" conditionals="60" coveredconditionals="24" methods="31" coveredmethods="11"/>
        <line num="29" count="18" type="cond" truecount="2" falsecount="0"/>
        <line num="32" count="3" type="stmt"/>
        <line num="33" count="3" type="stmt"/>
        <line num="40" count="3" type="stmt"/>
        <line num="57" count="3" type="stmt"/>
        <line num="59" count="3" type="stmt"/>
        <line num="60" count="3" type="stmt"/>
        <line num="63" count="3" type="stmt"/>
        <line num="66" count="3" type="stmt"/>
        <line num="69" count="3" type="stmt"/>
        <line num="73" count="0" type="stmt"/>
        <line num="74" count="0" type="stmt"/>
        <line num="78" count="0" type="stmt"/>
        <line num="82" count="0" type="cond" truecount="0" falsecount="2"/>
        <line num="84" count="0" type="cond" truecount="0" falsecount="2"/>
        <line num="85" count="0" type="stmt"/>
        <line num="87" count="0" type="stmt"/>
        <line num="91" count="3" type="stmt"/>
        <line num="93" count="3" type="stmt"/>
        <line num="94" count="2" type="stmt"/>
        <line num="96" count="2" type="cond" truecount="3" falsecount="1"/>
        <line num="97" count="2" type="cond" truecount="1" falsecount="1"/>
        <line num="98" count="2" type="stmt"/>
        <line num="103" count="3" type="cond" truecount="3" falsecount="1"/>
        <line num="104" count="0" type="stmt"/>
        <line num="109" count="3" type="stmt"/>
        <line num="111" count="3" type="cond" truecount="3" falsecount="1"/>
        <line num="112" count="3" type="stmt"/>
        <line num="113" count="0" type="stmt"/>
        <line num="116" count="3" type="cond" truecount="1" falsecount="1"/>
        <line num="117" count="3" type="stmt"/>
        <line num="121" count="3" type="stmt"/>
        <line num="125" count="5" type="cond" truecount="1" falsecount="1"/>
        <line num="126" count="5" type="stmt"/>
        <line num="127" count="5" type="stmt"/>
        <line num="130" count="5" type="stmt"/>
        <line num="134" count="5" type="stmt"/>
        <line num="136" count="5" type="stmt"/>
        <line num="137" count="5" type="stmt"/>
        <line num="138" count="5" type="stmt"/>
        <line num="141" count="5" type="cond" truecount="1" falsecount="1"/>
        <line num="142" count="0" type="stmt"/>
        <line num="143" count="5" type="cond" truecount="1" falsecount="1"/>
        <line num="144" count="5" type="stmt"/>
        <line num="147" count="5" type="stmt"/>
        <line num="148" count="5" type="cond" truecount="1" falsecount="1"/>
        <line num="149" count="0" type="stmt"/>
        <line num="150" count="5" type="cond" truecount="3" falsecount="1"/>
        <line num="151" count="5" type="stmt"/>
        <line num="156" count="0" type="stmt"/>
        <line num="157" count="0" type="cond" truecount="0" falsecount="2"/>
        <line num="158" count="0" type="stmt"/>
        <line num="160" count="0" type="stmt"/>
        <line num="165" count="0" type="stmt"/>
        <line num="166" count="0" type="stmt"/>
        <line num="168" count="0" type="cond" truecount="0" falsecount="2"/>
        <line num="169" count="0" type="stmt"/>
        <line num="170" count="0" type="stmt"/>
        <line num="171" count="0" type="stmt"/>
        <line num="174" count="0" type="stmt"/>
        <line num="176" count="0" type="cond" truecount="0" falsecount="2"/>
        <line num="177" count="0" type="stmt"/>
        <line num="182" count="0" type="cond" truecount="0" falsecount="2"/>
        <line num="183" count="0" type="stmt"/>
        <line num="185" count="0" type="stmt"/>
        <line num="190" count="5" type="cond" truecount="2" falsecount="2"/>
        <line num="191" count="0" type="stmt"/>
        <line num="192" count="5" type="cond" truecount="1" falsecount="1"/>
        <line num="193" count="0" type="stmt"/>
        <line num="195" count="5" type="stmt"/>
        <line num="200" count="0" type="cond" truecount="0" falsecount="2"/>
        <line num="201" count="0" type="stmt"/>
        <line num="203" count="0" type="stmt"/>
        <line num="204" count="0" type="stmt"/>
        <line num="207" count="0" type="stmt"/>
        <line num="214" count="0" type="cond" truecount="0" falsecount="4"/>
        <line num="215" count="0" type="stmt"/>
        <line num="223" count="0" type="cond" truecount="0" falsecount="4"/>
        <line num="224" count="0" type="stmt"/>
        <line num="229" count="3" type="stmt"/>
        <line num="231" count="3" type="cond" truecount="1" falsecount="1"/>
        <line num="232" count="0" type="stmt"/>
      </file>
      <file name="select.stories.ts" path="/home/runner/work/frontend/frontend/src/app/_main/components/select/select.stories.ts">
        <metrics statements="0" coveredstatements="0" conditionals="0" coveredconditionals="0" methods="0" coveredmethods="0"/>
      </file>
    </package>
    <package name="src.app._main.components.select.empty-options">
      <metrics statements="7" coveredstatements="1" conditionals="2" coveredconditionals="0" methods="4" coveredmethods="1"/>
      <file name="empty-options.component.html" path="/home/runner/work/frontend/frontend/src/app/_main/components/select/empty-options/empty-options.component.html">
        <metrics statements="3" coveredstatements="0" conditionals="0" coveredconditionals="0" methods="0" coveredmethods="0"/>
        <line num="1" count="0" type="stmt"/>
        <line num="2" count="0" type="stmt"/>
        <line num="3" count="0" type="stmt"/>
      </file>
      <file name="empty-options.component.ts" path="/home/runner/work/frontend/frontend/src/app/_main/components/select/empty-options/empty-options.component.ts">
        <metrics statements="4" coveredstatements="1" conditionals="2" coveredconditionals="0" methods="4" coveredmethods="1"/>
        <line num="8" count="36" type="cond" truecount="0" falsecount="2"/>
        <line num="9" count="0" type="stmt"/>
        <line num="12" count="0" type="stmt"/>
        <line num="16" count="0" type="stmt"/>
      </file>
    </package>
    <package name="src.app._main.components.select.option">
      <metrics statements="11" coveredstatements="11" conditionals="6" coveredconditionals="4" methods="3" coveredmethods="3"/>
      <file name="option.component.html" path="/home/runner/work/frontend/frontend/src/app/_main/components/select/option/option.component.html">
        <metrics statements="5" coveredstatements="5" conditionals="2" coveredconditionals="1" methods="0" coveredmethods="0"/>
        <line num="1" count="3" type="stmt"/>
        <line num="2" count="768" type="stmt"/>
        <line num="3" count="3" type="stmt"/>
        <line num="4" count="3" type="stmt"/>
        <line num="5" count="768" type="cond" truecount="1" falsecount="1"/>
      </file>
      <file name="option.component.ts" path="/home/runner/work/frontend/frontend/src/app/_main/components/select/option/option.component.ts">
        <metrics statements="6" coveredstatements="6" conditionals="4" coveredconditionals="3" methods="3" coveredmethods="3"/>
        <line num="9" count="36" type="cond" truecount="2" falsecount="0"/>
        <line num="15" count="3" type="stmt"/>
        <line num="17" count="3" type="stmt"/>
        <line num="20" count="5" type="cond" truecount="1" falsecount="1"/>
        <line num="23" count="5" type="stmt"/>
        <line num="26" count="3" type="stmt"/>
      </file>
    </package>
    <package name="src.app._main.components.sidebar-navigation">
      <metrics statements="104" coveredstatements="70" conditionals="23" coveredconditionals="11" methods="38" coveredmethods="4"/>
      <file name="sidebar-navigation.component.html" path="/home/runner/work/frontend/frontend/src/app/_main/components/sidebar-navigation/sidebar-navigation.component.html">
        <metrics statements="57" coveredstatements="49" conditionals="7" coveredconditionals="1" methods="10" coveredmethods="0"/>
        <line num="1" count="15" type="stmt"/>
        <line num="2" count="15" type="stmt"/>
        <line num="3" count="2860" type="stmt"/>
        <line num="4" count="15" type="stmt"/>
        <line num="7" count="15" type="stmt"/>
        <line num="8" count="2860" type="stmt"/>
        <line num="9" count="15" type="stmt"/>
        <line num="11" count="2860" type="stmt"/>
        <line num="12" count="15" type="stmt"/>
        <line num="15" count="2860" type="stmt"/>
        <line num="16" count="15" type="stmt"/>
        <line num="17" count="15" type="stmt"/>
        <line num="18" count="2860" type="stmt"/>
        <line num="20" count="0" type="stmt"/>
        <line num="21" count="0" type="stmt"/>
        <line num="22" count="0" type="cond" truecount="0" falsecount="2"/>
        <line num="24" count="0" type="cond" truecount="0" falsecount="3"/>
        <line num="26" count="0" type="stmt"/>
        <line num="28" count="15" type="stmt"/>
        <line num="31" count="2860" type="stmt"/>
        <line num="32" count="15" type="stmt"/>
        <line num="33" count="15" type="stmt"/>
        <line num="34" count="2860" type="stmt"/>
        <line num="36" count="1861" type="stmt"/>
        <line num="37" count="9" type="stmt"/>
        <line num="38" count="1852" type="stmt"/>
        <line num="39" count="484" type="cond" truecount="1" falsecount="1"/>
        <line num="42" count="971" type="stmt"/>
        <line num="43" count="3" type="stmt"/>
        <line num="44" count="968" type="stmt"/>
        <line num="45" count="0" type="stmt"/>
        <line num="46" count="15" type="stmt"/>
        <line num="48" count="968" type="stmt"/>
        <line num="49" count="0" type="stmt"/>
        <line num="50" count="15" type="stmt"/>
        <line num="52" count="968" type="stmt"/>
        <line num="53" count="0" type="stmt"/>
        <line num="54" count="15" type="stmt"/>
        <line num="56" count="3" type="stmt"/>
        <line num="57" count="15" type="stmt"/>
        <line num="59" count="3" type="stmt"/>
        <line num="60" count="15" type="stmt"/>
        <line num="62" count="3" type="stmt"/>
        <line num="63" count="3" type="stmt"/>
        <line num="64" count="9" type="stmt"/>
        <line num="65" count="9" type="stmt"/>
        <line num="66" count="9" type="stmt"/>
        <line num="67" count="18" type="stmt"/>
        <line num="69" count="9" type="stmt"/>
        <line num="70" count="18" type="stmt"/>
        <line num="72" count="9" type="stmt"/>
        <line num="73" count="18" type="stmt"/>
        <line num="75" count="9" type="stmt"/>
        <line num="76" count="18" type="stmt"/>
        <line num="78" count="9" type="stmt"/>
        <line num="79" count="9" type="stmt"/>
        <line num="80" count="15" type="stmt"/>
      </file>
      <file name="sidebar-navigation.component.ts" path="/home/runner/work/frontend/frontend/src/app/_main/components/sidebar-navigation/sidebar-navigation.component.ts">
        <metrics statements="47" coveredstatements="21" conditionals="16" coveredconditionals="10" methods="28" coveredmethods="4"/>
        <line num="26" count="36" type="cond" truecount="2" falsecount="0"/>
        <line num="35" count="15" type="stmt"/>
        <line num="39" count="1430" type="cond" truecount="4" falsecount="0"/>
        <line num="40" count="1430" type="cond" truecount="3" falsecount="1"/>
        <line num="41" count="1415" type="stmt"/>
        <line num="47" count="15" type="stmt"/>
        <line num="50" count="15" type="stmt"/>
        <line num="53" count="15" type="stmt"/>
        <line num="56" count="15" type="stmt"/>
        <line num="59" count="15" type="stmt"/>
        <line num="62" count="15" type="stmt"/>
        <line num="65" count="15" type="stmt"/>
[...]
        <metrics statements="9" coveredstatements="1" conditionals="9" coveredconditionals="0" methods="2" coveredmethods="1"/>
        <line num="8" count="30" type="cond" truecount="0" falsecount="2"/>
        <line num="13" count="0" type="cond" truecount="0" falsecount="6"/>
        <line num="16" count="0" type="stmt"/>
        <line num="24" count="0" type="stmt"/>
        <line num="32" count="0" type="stmt"/>
        <line num="40" count="0" type="stmt"/>
        <line num="48" count="0" type="stmt"/>
        <line num="56" count="0" type="stmt"/>
        <line num="57" count="0" type="stmt"/>
      </file>
    </package>
    <package name="src.app.tasks.pipes.member-color">
      <metrics statements="5" coveredstatements="1" conditionals="6" coveredconditionals="0" methods="2" coveredmethods="1"/>
      <file name="member-color.pipe.ts" path="/home/runner/work/frontend/frontend/src/app/tasks/pipes/member-color/member-color.pipe.ts">
        <metrics statements="5" coveredstatements="1" conditionals="6" coveredconditionals="0" methods="2" coveredmethods="1"/>
        <line num="9" count="30" type="cond" truecount="0" falsecount="2"/>
        <line num="11" count="0" type="cond" truecount="0" falsecount="2"/>
        <line num="12" count="0" type="cond" truecount="0" falsecount="2"/>
        <line num="13" count="0" type="stmt"/>
        <line num="15" count="0" type="stmt"/>
      </file>
    </package>
    <package name="src.app.tasks.pipes.task">
      <metrics statements="0" coveredstatements="0" conditionals="0" coveredconditionals="0" methods="0" coveredmethods="0"/>
      <file name="task.pipe.ts" path="/home/runner/work/frontend/frontend/src/app/tasks/pipes/task/task.pipe.ts">
        <metrics statements="0" coveredstatements="0" conditionals="0" coveredconditionals="0" methods="0" coveredmethods="0"/>
      </file>
    </package>
    <package name="src.app.tasks.pipes.time-track-duration">
      <metrics statements="7" coveredstatements="1" conditionals="6" coveredconditionals="0" methods="3" coveredmethods="1"/>
      <file name="time-track-duration.pipe.ts" path="/home/runner/work/frontend/frontend/src/app/tasks/pipes/time-track-duration/time-track-duration.pipe.ts">
        <metrics statements="7" coveredstatements="1" conditionals="6" coveredconditionals="0" methods="3" coveredmethods="1"/>
        <line num="9" count="30" type="cond" truecount="0" falsecount="2"/>
        <line num="10" count="0" type="stmt"/>
        <line num="13" count="0" type="cond" truecount="0" falsecount="2"/>
        <line num="15" count="0" type="stmt"/>
        <line num="16" count="0" type="cond" truecount="0" falsecount="2"/>
        <line num="18" count="0" type="stmt"/>
        <line num="20" count="0" type="stmt"/>
      </file>
    </package>
    <package name="src.app.tasks.pipes.time-track-timer">
      <metrics statements="5" coveredstatements="1" conditionals="2" coveredconditionals="0" methods="2" coveredmethods="1"/>
      <file name="time-track-timer.pipe.ts" path="/home/runner/work/frontend/frontend/src/app/tasks/pipes/time-track-timer/time-track-timer.pipe.ts">
        <metrics statements="5" coveredstatements="1" conditionals="2" coveredconditionals="0" methods="2" coveredmethods="1"/>
        <line num="6" count="30" type="cond" truecount="0" falsecount="2"/>
        <line num="8" count="0" type="stmt"/>
        <line num="9" count="0" type="stmt"/>
        <line num="10" count="0" type="stmt"/>
        <line num="12" count="0" type="stmt"/>
      </file>
    </package>
    <package name="src.app.tasks.pipes.time-tracks-total">
      <metrics statements="9" coveredstatements="1" conditionals="11" coveredconditionals="0" methods="3" coveredmethods="1"/>
      <file name="time-tracks-total.pipe.ts" path="/home/runner/work/frontend/frontend/src/app/tasks/pipes/time-tracks-total/time-tracks-total.pipe.ts">
        <metrics statements="9" coveredstatements="1" conditionals="11" coveredconditionals="0" methods="3" coveredmethods="1"/>
        <line num="7" count="30" type="cond" truecount="0" falsecount="2"/>
        <line num="9" count="0" type="cond" truecount="0" falsecount="4"/>
        <line num="11" count="0" type="stmt"/>
        <line num="12" count="0" type="cond" truecount="0" falsecount="2"/>
        <line num="15" count="0" type="cond" truecount="0" falsecount="2"/>
        <line num="16" count="0" type="stmt"/>
        <line num="18" count="0" type="stmt"/>
        <line num="19" count="0" type="stmt"/>
        <line num="21" count="0" type="stmt"/>
      </file>
    </package>
    <package name="src.app.tasks.services">
      <metrics statements="32" coveredstatements="5" conditionals="12" coveredconditionals="2" methods="23" coveredmethods="5"/>
      <file name="sprint.service.ts" path="/home/runner/work/frontend/frontend/src/app/tasks/services/sprint.service.ts">
        <metrics statements="32" coveredstatements="5" conditionals="12" coveredconditionals="2" methods="23" coveredmethods="5"/>
        <line num="18" count="36" type="cond" truecount="2" falsecount="0"/>
        <line num="19" count="1" type="stmt"/>
        <line num="30" count="3" type="stmt"/>
        <line num="40" count="0" type="stmt"/>
        <line num="50" count="0" type="stmt"/>
        <line num="60" count="0" type="stmt"/>
        <line num="70" count="0" type="stmt"/>
        <line num="80" count="0" type="stmt"/>
        <line num="81" count="0" type="stmt"/>
        <line num="96" count="0" type="cond" truecount="0" falsecount="2"/>
        <line num="97" count="0" type="stmt"/>
        <line num="99" count="0" type="stmt"/>
        <line num="106" count="0" type="stmt"/>
        <line num="116" count="0" type="cond" truecount="0" falsecount="2"/>
        <line num="117" count="0" type="stmt"/>
        <line num="118" count="0" type="stmt"/>
        <line num="121" count="0" type="stmt"/>
        <line num="128" count="0" type="stmt"/>
        <line num="138" count="0" type="cond" truecount="0" falsecount="2"/>
        <line num="139" count="0" type="stmt"/>
        <line num="140" count="0" type="stmt"/>
        <line num="143" count="0" type="stmt"/>
        <line num="150" count="0" type="stmt"/>
        <line num="160" count="0" type="cond" truecount="0" falsecount="2"/>
        <line num="161" count="0" type="stmt"/>
        <line num="163" count="0" type="stmt"/>
        <line num="174" count="0" type="stmt"/>
        <line num="187" count="0" type="cond" truecount="0" falsecount="2"/>
        <line num="188" count="0" type="stmt"/>
        <line num="190" count="0" type="stmt"/>
        <line num="197" count="3" type="stmt"/>
        <line num="198" count="2" type="stmt"/>
      </file>
    </package>
    <package name="src.app.tasks.services.status">
      <metrics statements="35" coveredstatements="11" conditionals="16" coveredconditionals="2" methods="19" coveredmethods="3"/>
      <file name="status.service.ts" path="/home/runner/work/frontend/frontend/src/app/tasks/services/status/status.service.ts">
        <metrics statements="35" coveredstatements="11" conditionals="16" coveredconditionals="2" methods="19" coveredmethods="3"/>
        <line num="17" count="3" type="cond" truecount="2" falsecount="0"/>
        <line num="25" count="3" type="stmt"/>
        <line num="41" count="3" type="stmt"/>
        <line num="42" count="3" type="stmt"/>
        <line num="43" count="3" type="stmt"/>
        <line num="44" count="3" type="stmt"/>
        <line num="46" count="3" type="stmt"/>
        <line num="55" count="18" type="stmt"/>
        <line num="56" count="2" type="stmt"/>
        <line num="70" count="18" type="stmt"/>
        <line num="71" count="0" type="stmt"/>
        <line num="85" count="0" type="stmt"/>
        <line num="100" count="0" type="stmt"/>
        <line num="115" count="0" type="stmt"/>
        <line num="124" count="2" type="stmt"/>
        <line num="135" count="0" type="stmt"/>
        <line num="137" count="0" type="stmt"/>
        <line num="138" count="0" type="stmt"/>
        <line num="140" count="0" type="stmt"/>
        <line num="149" count="0" type="stmt"/>
        <line num="151" count="0" type="stmt"/>
        <line num="152" count="0" type="stmt"/>
        <line num="157" count="0" type="stmt"/>
        <line num="158" count="0" type="cond" truecount="0" falsecount="6"/>
        <line num="159" count="0" type="stmt"/>
        <line num="161" count="0" type="cond" truecount="0" falsecount="6"/>
        <line num="163" count="0" type="stmt"/>
        <line num="165" count="0" type="stmt"/>
        <line num="166" count="0" type="cond" truecount="0" falsecount="2"/>
        <line num="167" count="0" type="stmt"/>
        <line num="169" count="0" type="stmt"/>
        <line num="173" count="0" type="stmt"/>
        <line num="174" count="0" type="stmt"/>
        <line num="185" count="0" type="stmt"/>
        <line num="200" count="0" type="stmt"/>
      </file>
    </package>
    <package name="src.app.tasks.services.task">
      <metrics statements="65" coveredstatements="14" conditionals="20" coveredconditionals="4" methods="32" coveredmethods="3"/>
      <file name="task.proto.service.ts" path="/home/runner/work/frontend/frontend/src/app/tasks/services/task/task.proto.service.ts">
        <metrics statements="6" coveredstatements="6" conditionals="2" coveredconditionals="2" methods="2" coveredmethods="2"/>
        <line num="8" count="30" type="cond" truecount="2" falsecount="0"/>
        <line num="9" count="1" type="stmt"/>
        <line num="14" count="1" type="stmt"/>
        <line num="19" count="1" type="stmt"/>
        <line num="24" count="1" type="stmt"/>
        <line num="26" count="1" type="stmt"/>
      </file>
      <file name="task.service.ts" path="/home/runner/work/frontend/frontend/src/app/tasks/services/task/task.service.ts">
        <metrics statements="59" coveredstatements="8" conditionals="18" coveredconditionals="2" methods="30" coveredmethods="1"/>
        <line num="36" count="18" type="cond" truecount="2" falsecount="0"/>
        <line num="39" count="18" type="stmt"/>
        <line num="52" count="18" type="stmt"/>
        <line num="53" count="18" type="stmt"/>
        <line num="54" count="18" type="stmt"/>
        <line num="55" count="18" type="stmt"/>
        <line num="56" count="18" type="stmt"/>
        <line num="58" count="18" type="stmt"/>
        <line num="70" count="0" type="stmt"/>
        <line num="86" count="0" type="stmt"/>
        <line num="87" count="0" type="stmt"/>
        <line num="89" count="0" type="stmt"/>
        <line num="97" count="0" type="stmt"/>
        <line num="98" count="0" type="stmt"/>
        <line num="100" count="0" type="stmt"/>
        <line num="114" count="0" type="stmt"/>
        <line num="120" count="0" type="stmt"/>
        <line num="126" count="0" type="stmt"/>
        <line num="140" count="0" type="stmt"/>
        <line num="146" count="0" type="stmt"/>
        <line num="158" count="0" type="stmt"/>
        <line num="172" count="0" type="stmt"/>
        <line num="182" count="0" type="cond" truecount="0" falsecount="2"/>
        <line num="183" count="0" type="stmt"/>
        <line num="185" count="0" type="stmt"/>
        <line num="198" count="0" type="stmt"/>
        <line num="213" count="0" type="cond" truecount="0" falsecount="2"/>
        <line num="214" count="0" type="stmt"/>
        <line num="216" count="0" type="stmt"/>
        <line num="227" count="0" type="stmt"/>
        <line num="240" count="0" type="cond" truecount="0" falsecount="2"/>
        <line num="241" count="0" type="stmt"/>
        <line num="243" count="0" type="stmt"/>
        <line num="256" count="0" type="stmt"/>
        <line num="274" count="0" type="cond" truecount="0" falsecount="2"/>
        <line num="275" count="0" type="stmt"/>
        <line num="277" count="0" type="stmt"/>
        <line num="289" count="0" type="stmt"/>
        <line num="294" count="0" type="stmt"/>
        <line num="296" count="0" type="stmt"/>
        <line num="297" count="0" type="stmt"/>
        <line num="300" count="0" type="stmt"/>
        <line num="301" count="0" type="stmt"/>
        <line num="303" count="0" type="cond" truecount="0" falsecount="2"/>
        <line num="305" count="0" type="cond" truecount="0" falsecount="2"/>
        <line num="306" count="0" type="stmt"/>
        <line num="308" count="0" type="cond" truecount="0" falsecount="2"/>
        <line num="310" count="0" type="stmt"/>
        <line num="314" count="0" type="stmt"/>
        <line num="327" count="0" type="stmt"/>
        <line num="338" count="0" type="stmt"/>
        <line num="347" count="0" type="stmt"/>
        <line num="348" count="0" type="cond" truecount="0" falsecount="2"/>
        <line num="349" count="0" type="stmt"/>
        <line num="350" count="0" type="stmt"/>
        <line num="352" count="0" type="stmt"/>
        <line num="354" count="0" type="stmt"/>
        <line num="365" count="0" type="stmt"/>
        <line num="366" count="0" type="stmt"/>
      </file>
    </package>
    <package name="src.app.tasks.services.tracker">
      <metrics statements="10" coveredstatements="1" conditionals="4" coveredconditionals="0" methods="9" coveredmethods="1"/>
      <file name="tracker.service.ts" path="/home/runner/work/frontend/frontend/src/app/tasks/services/tracker/tracker.service.ts">
        <metrics statements="10" coveredstatements="1" conditionals="4" coveredconditionals="0" methods="9" coveredmethods="1"/>
        <line num="11" count="30" type="cond" truecount="0" falsecount="2"/>
        <line num="12" count="0" type="stmt"/>
        <line num="21" count="0" type="stmt"/>
        <line num="32" count="0" type="stmt"/>
        <line num="43" count="0" type="stmt"/>
        <line num="56" count="0" type="stmt"/>
        <line num="67" count="0" type="stmt"/>
        <line num="71" count="0" type="stmt"/>
        <line num="81" count="0" type="cond" truecount="0" falsecount="2"/>
        <line num="82" count="0" type="stmt"/>
      </file>
    </package>
    <package name="src.environments">
      <metrics statements="1" coveredstatements="1" conditionals="0" coveredconditionals="0" methods="0" coveredmethods="0"/>
      <file name="environment.dev.ts" path="/home/runner/work/frontend/frontend/src/environments/environment.dev.ts">
        <metrics statements="0" coveredstatements="0" conditionals="0" coveredconditionals="0" methods="0" coveredmethods="0"/>
      </file>
      <file name="environment.prod.ts" path="/home/runner/work/frontend/frontend/src/environments/environment.prod.ts">
        <metrics statements="0" coveredstatements="0" conditionals="0" coveredconditionals="0" methods="0" coveredmethods="0"/>
      </file>
      <file name="environment.ts" path="/home/runner/work/frontend/frontend/src/environments/environment.ts">
        <metrics statements="1" coveredstatements="1" conditionals="0" coveredconditionals="0" methods="0" coveredmethods="0"/>
        <line num="10" count="18" type="stmt"/>
      </file>
    </package>
    <package name="src.stories.helpers">
      <metrics statements="0" coveredstatements="0" conditionals="0" coveredconditionals="0" methods="0" coveredmethods="0"/>
      <file name="arg-type.helper.ts" path="/home/runner/work/frontend/frontend/src/stories/helpers/arg-type.helper.ts">
        <metrics statements="0" coveredstatements="0" conditionals="0" coveredconditionals="0" methods="0" coveredmethods="0"/>
      </file>
      <file name="component-content-decorator.helper.ts" path="/home/runner/work/frontend/frontend/src/stories/helpers/component-content-decorator.helper.ts">
        <metrics statements="0" coveredstatements="0" conditionals="0" coveredconditionals="0" methods="0" coveredmethods="0"/>
      </file>
      <file name="control-type.helper.ts" path="/home/runner/work/frontend/frontend/src/stories/helpers/control-type.helper.ts">
        <metrics statements="0" coveredstatements="0" conditionals="0" coveredconditionals="0" methods="0" coveredmethods="0"/>
      </file>
    </package>
    <package name="src.stories.helpers.classes">
      <metrics statements="0" coveredstatements="0" conditionals="0" coveredconditionals="0" methods="0" coveredmethods="0"/>
      <file name="form-control-story-page-config.class.ts" path="/home/runner/work/frontend/frontend/src/stories/helpers/classes/form-control-story-page-config.class.ts">
        <metrics statements="0" coveredstatements="0" conditionals="0" coveredconditionals="0" methods="0" coveredmethods="0"/>
      </file>
      <file name="story-page-config.class.ts" path="/home/runner/work/frontend/frontend/src/stories/helpers/classes/story-page-config.class.ts">
        <metrics statements="0" coveredstatements="0" conditionals="0" coveredconditionals="0" methods="0" coveredmethods="0"/>
      </file>
      <file name="story-template.class.ts" path="/home/runner/work/frontend/frontend/src/stories/helpers/classes/story-template.class.ts">
        <metrics statements="0" coveredstatements="0" conditionals="0" coveredconditionals="0" methods="0" coveredmethods="0"/>
      </file>
      <file name="story.class.ts" path="/home/runner/work/frontend/frontend/src/stories/helpers/classes/story.class.ts">
        <metrics statements="0" coveredstatements="0" conditionals="0" coveredconditionals="0" methods="0" coveredmethods="0"/>
      </file>
    </package>
    <package name="src.stories.helpers.functions">
      <metrics statements="0" coveredstatements="0" conditionals="0" coveredconditionals="0" methods="0" coveredmethods="0"/>
      <file name="component-template-decorator.function.ts" path="/home/runner/work/frontend/frontend/src/stories/helpers/functions/component-template-decorator.function.ts">
        <metrics statements="0" coveredstatements="0" conditionals="0" coveredconditionals="0" methods="0" coveredmethods="0"/>
      </file>
      <file name="get-all-properties.function.ts" path="/home/runner/work/frontend/frontend/src/stories/helpers/functions/get-all-properties.function.ts">
        <metrics statements="0" coveredstatements="0" conditionals="0" coveredconditionals="0" methods="0" coveredmethods="0"/>
      </file>
    </package>
    <package name="src.tests">
      <metrics statements="0" coveredstatements="0" conditionals="0" coveredconditionals="0" methods="0" coveredmethods="0"/>
      <file name="test.ts" path="/home/runner/work/frontend/frontend/src/tests/test.ts">
        <metrics statements="0" coveredstatements="0" conditionals="0" coveredconditionals="0" methods="0" coveredmethods="0"/>
      </file>
    </package>
    <package name="src.tests.helpers">
      <metrics statements="3" coveredstatements="0" conditionals="0" coveredconditionals="0" methods="3" coveredmethods="0"/>
      <file name="mat-dialog-testing-provider.helper.ts" path="/home/runner/work/frontend/frontend/src/tests/helpers/mat-dialog-testing-provider.helper.ts">
        <metrics statements="0" coveredstatements="0" conditionals="0" coveredconditionals="0" methods="0" coveredmethods="0"/>
      </file>
      <file name="ng-control-testing-provider.helper.ts" path="/home/runner/work/frontend/frontend/src/tests/helpers/ng-control-testing-provider.helper.ts">
        <metrics statements="3" coveredstatements="0" conditionals="0" coveredconditionals="0" methods="3" coveredmethods="0"/>
        <line num="5" count="0" type="stmt"/>
        <line num="7" count="0" type="stmt"/>
        <line num="10" count="0" type="stmt"/>
      </file>
      <file name="validator-testing.helper.ts" path="/home/runner/work/frontend/frontend/src/tests/helpers/validator-testing.helper.ts">
        <metrics statements="0" coveredstatements="0" conditionals="0" coveredconditionals="0" methods="0" coveredmethods="0"/>
      </file>
    </package>
  </project>
</coverage>
