{"total": {"lines":{"total":3088,"covered":1132,"skipped":0,"pct":36.65},"statements":{"total":3259,"covered":1168,"skipped":0,"pct":35.83},"functions":{"total":1275,"covered":332,"skipped":0,"pct":26.03},"branches":{"total":727,"covered":172,"skipped":0,"pct":23.65},"branchesTrue":{"total":0,"covered":0,"skipped":0,"pct":100}}
,"/home/runner/work/frontend/frontend/src/polyfills.ts": {"lines":{"total":9,"covered":9,"skipped":0,"pct":100},"functions":{"total":0,"covered":0,"skipped":0,"pct":100},"statements":{"total":9,"covered":9,"skipped":0,"pct":100},"branches":{"total":1,"covered":1,"skipped":0,"pct":100}}
,"/home/runner/work/frontend/frontend/src/app/app.component.ts": {"lines":{"total":10,"covered":10,"skipped":0,"pct":100},"functions":{"total":2,"covered":2,"skipped":0,"pct":100},"statements":{"total":10,"covered":10,"skipped":0,"pct":100},"branches":{"total":0,"covered":0,"skipped":0,"pct":100}}
,"/home/runner/work/frontend/frontend/src/app/_main/_main.module.ts": {"lines":{"total":4,"covered":4,"skipped":0,"pct":100},"functions":{"total":1,"covered":1,"skipped":0,"pct":100},"statements":{"total":4,"covered":4,"skipped":0,"pct":100},"branches":{"total":0,"covered":0,"skipped":0,"pct":100}}
,"/home/runner/work/frontend/frontend/src/app/_main/classes/form.class.ts": {"lines":{"total":17,"covered":0,"skipped":0,"pct":0},"functions":{"total":7,"covered":0,"skipped":0,"pct":0},"statements":{"total":17,"covered":0,"skipped":0,"pct":0},"branches":{"total":0,"covered":0,"skipped":0,"pct":100}}
,"/home/runner/work/frontend/frontend/src/app/_main/classes/time-to-interaction.class.ts": {"lines":{"total":7,"covered":0,"skipped":0,"pct":0},"functions":{"total":4,"covered":0,"skipped":0,"pct":0},"statements":{"total":7,"covered":0,"skipped":0,"pct":0},"branches":{"total":1,"covered":0,"skipped":0,"pct":0}}
,"/home/runner/work/frontend/frontend/src/app/_main/classes/control-accessor/control-accessor.class.ts": {"lines":{"total":74,"covered":67,"skipped":0,"pct":90.54},"functions":{"total":34,"covered":31,"skipped":0,"pct":91.17},"statements":{"total":80,"covered":72,"skipped":0,"pct":90},"branches":{"total":19,"covered":16,"skipped":0,"pct":84.21}}
,"/home/runner/work/frontend/frontend/src/app/_main/classes/dialog-ref/dialog-ref.class.ts": {"lines":{"total":23,"covered":23,"skipped":0,"pct":100},"functions":{"total":11,"covered":11,"skipped":0,"pct":100},"statements":{"total":23,"covered":23,"skipped":0,"pct":100},"branches":{"total":0,"covered":0,"skipped":0,"pct":100}}
,"/home/runner/work/frontend/frontend/src/app/_main/classes/e-set/e-set.class.ts": {"lines":{"total":3,"covered":3,"skipped":0,"pct":100},"functions":{"total":1,"covered":1,"skipped":0,"pct":100},"statements":{"total":3,"covered":3,"skipped":0,"pct":100},"branches":{"total":2,"covered":2,"skipped":0,"pct":100}}
,"/home/runner/work/frontend/frontend/src/app/_main/classes/enum/enum.class.ts": {"lines":{"total":13,"covered":12,"skipped":0,"pct":92.3},"functions":{"total":12,"covered":10,"skipped":0,"pct":83.33},"statements":{"total":16,"covered":14,"skipped":0,"pct":87.5},"branches":{"total":4,"covered":4,"skipped":0,"pct":100}}
,"/home/runner/work/frontend/frontend/src/app/_main/classes/loader/loader.class.ts": {"lines":{"total":22,"covered":19,"skipped":0,"pct":86.36},"functions":{"total":7,"covered":6,"skipped":0,"pct":85.71},"statements":{"total":24,"covered":20,"skipped":0,"pct":83.33},"branches":{"total":12,"covered":7,"skipped":0,"pct":58.33}}
,"/home/runner/work/frontend/frontend/src/app/_main/classes/persistent-map/persistent-map.class.ts": {"lines":{"total":15,"covered":4,"skipped":0,"pct":26.66},"functions":{"total":5,"covered":1,"skipped":0,"pct":20},"statements":{"total":15,"covered":4,"skipped":0,"pct":26.66},"branches":{"total":5,"covered":3,"skipped":0,"pct":60}}
,"/home/runner/work/frontend/frontend/src/app/_main/classes/random/random.class.ts": {"lines":{"total":17,"covered":17,"skipped":0,"pct":100},"functions":{"total":4,"covered":4,"skipped":0,"pct":100},"statements":{"total":17,"covered":17,"skipped":0,"pct":100},"branches":{"total":3,"covered":3,"skipped":0,"pct":100}}
,"/home/runner/work/frontend/frontend/src/app/_main/classes/util/utils.class.ts": {"lines":{"total":14,"covered":14,"skipped":0,"pct":100},"functions":{"total":4,"covered":4,"skipped":0,"pct":100},"statements":{"total":16,"covered":16,"skipped":0,"pct":100},"branches":{"total":16,"covered":16,"skipped":0,"pct":100}}
,"/home/runner/work/frontend/frontend/src/app/_main/components/button/button.component.ts": {"lines":{"total":12,"covered":11,"skipped":0,"pct":91.66},"functions":{"total":4,"covered":4,"skipped":0,"pct":100},"statements":{"total":12,"covered":11,"skipped":0,"pct":91.66},"branches":{"total":7,"covered":6,"skipped":0,"pct":85.71}}
,"/home/runner/work/frontend/frontend/src/app/_main/components/card/card.component.ts": {"lines":{"total":1,"covered":1,"skipped":0,"pct":100},"functions":{"total":0,"covered":0,"skipped":0,"pct":100},"statements":{"total":1,"covered":1,"skipped":0,"pct":100},"branches":{"total":0,"covered":0,"skipped":0,"pct":100}}
,"/home/runner/work/frontend/frontend/src/app/_main/components/checkbox/checkbox.component.ts": {"lines":{"total":1,"covered":1,"skipped":0,"pct":100},"functions":{"total":0,"covered":0,"skipped":0,"pct":100},"statements":{"total":1,"covered":1,"skipped":0,"pct":100},"branches":{"total":0,"covered":0,"skipped":0,"pct":100}}
,"/home/runner/work/frontend/frontend/src/app/_main/components/color/color.component.ts": {"lines":{"total":7,"covered":1,"skipped":0,"pct":14.28},"functions":{"total":4,"covered":0,"skipped":0,"pct":0},"statements":{"total":7,"covered":1,"skipped":0,"pct":14.28},"branches":{"total":0,"covered":0,"skipped":0,"pct":100}}
,"/home/runner/work/frontend/frontend/src/app/_main/components/dialog-outlet/dialog-outlet.component.ts": {"lines":{"total":21,"covered":3,"skipped":0,"pct":14.28},"functions":{"total":10,"covered":1,"skipped":0,"pct":10},"statements":{"total":22,"covered":4,"skipped":0,"pct":18.18},"branches":{"total":2,"covered":0,"skipped":0,"pct":0}}
,"/home/runner/work/frontend/frontend/src/app/_main/components/filters/filter-channel.model.ts": {"lines":{"total":12,"covered":9,"skipped":0,"pct":75},"functions":{"total":5,"covered":2,"skipped":0,"pct":40},"statements":{"total":12,"covered":9,"skipped":0,"pct":75},"branches":{"total":0,"covered":0,"skipped":0,"pct":100}}
,"/home/runner/work/frontend/frontend/src/app/_main/components/filters/filters.component.ts": {"lines":{"total":8,"covered":1,"skipped":0,"pct":12.5},"functions":{"total":3,"covered":0,"skipped":0,"pct":0},"statements":{"total":8,"covered":1,"skipped":0,"pct":12.5},"branches":{"total":0,"covered":0,"skipped":0,"pct":100}}
,"/home/runner/work/frontend/frontend/src/app/_main/components/icon/icon.component.ts": {"lines":{"total":20,"covered":20,"skipped":0,"pct":100},"functions":{"total":8,"covered":8,"skipped":0,"pct":100},"statements":{"total":20,"covered":20,"skipped":0,"pct":100},"branches":{"total":3,"covered":3,"skipped":0,"pct":100}}
,"/home/runner/work/frontend/frontend/src/app/_main/components/input/input.component.ts": {"lines":{"total":21,"covered":15,"skipped":0,"pct":71.42},"functions":{"total":7,"covered":4,"skipped":0,"pct":57.14},"statements":{"total":21,"covered":15,"skipped":0,"pct":71.42},"branches":{"total":3,"covered":0,"skipped":0,"pct":0}}
,"/home/runner/work/frontend/frontend/src/app/_main/components/input-color/input-color.component.ts": {"lines":{"total":24,"covered":1,"skipped":0,"pct":4.16},"functions":{"total":6,"covered":0,"skipped":0,"pct":0},"statements":{"total":24,"covered":1,"skipped":0,"pct":4.16},"branches":{"total":3,"covered":0,"skipped":0,"pct":0}}
,"/home/runner/work/frontend/frontend/src/app/_main/components/input-date-time/input-date-time.component.ts": {"lines":{"total":30,"covered":12,"skipped":0,"pct":40},"functions":{"total":15,"covered":3,"skipped":0,"pct":20},"statements":{"total":32,"covered":13,"skipped":0,"pct":40.62},"branches":{"total":7,"covered":1,"skipped":0,"pct":14.28}}
,"/home/runner/work/frontend/frontend/src/app/_main/components/input-date-time/date-picker/date-picker.component.ts": {"lines":{"total":47,"covered":1,"skipped":0,"pct":2.12},"functions":{"total":10,"covered":0,"skipped":0,"pct":0},"statements":{"total":50,"covered":1,"skipped":0,"pct":2},"branches":{"total":15,"covered":0,"skipped":0,"pct":0}}
,"/home/runner/work/frontend/frontend/src/app/_main/components/input-date-time/date-time-picker/date-time-picker.component.ts": {"lines":{"total":1,"covered":1,"skipped":0,"pct":100},"functions":{"total":0,"covered":0,"skipped":0,"pct":100},"statements":{"total":1,"covered":1,"skipped":0,"pct":100},"branches":{"total":0,"covered":0,"skipped":0,"pct":100}}
,"/home/runner/work/frontend/frontend/src/app/_main/components/input-date-time/time-picker/time-picker.component.ts": {"lines":{"total":36,"covered":1,"skipped":0,"pct":2.77},"functions":{"total":14,"covered":0,"skipped":0,"pct":0},"statements":{"total":37,"covered":1,"skipped":0,"pct":2.7},"branches":{"total":6,"covered":0,"skipped":0,"pct":0}}
,"/home/runner/work/frontend/frontend/src/app/_main/components/input-file/input-file.component.ts": {"lines":{"total":18,"covered":1,"skipped":0,"pct":5.55},"functions":{"total":5,"covered":0,"skipped":0,"pct":0},"statements":{"total":19,"covered":1,"skipped":0,"pct":5.26},"branches":{"total":6,"covered":0,"skipped":0,"pct":0}}
,"/home/runner/work/frontend/frontend/src/app/_main/components/loader/loader.component.ts": {"lines":{"total":2,"covered":2,"skipped":0,"pct":100},"functions":{"total":1,"covered":1,"skipped":0,"pct":100},"statements":{"total":2,"covered":2,"skipped":0,"pct":100},"branches":{"total":0,"covered":0,"skipped":0,"pct":100}}
,"/home/runner/work/frontend/frontend/src/app/_main/components/main-view/main-view.component.ts": {"lines":{"total":15,"covered":13,"skipped":0,"pct":86.66},"functions":{"total":3,"covered":3,"skipped":0,"pct":100},"statements":{"total":16,"covered":14,"skipped":0,"pct":87.5},"branches":{"total":1,"covered":1,"skipped":0,"pct":100}}
,"/home/runner/work/frontend/frontend/src/app/_main/components/nav-element/nav-element.component.ts": {"lines":{"total":19,"covered":8,"skipped":0,"pct":42.1},"functions":{"total":8,"covered":3,"skipped":0,"pct":37.5},"statements":{"total":19,"covered":8,"skipped":0,"pct":42.1},"branches":{"total":2,"covered":0,"skipped":0,"pct":0}}
,"/home/runner/work/frontend/frontend/src/app/_main/components/nav-element-workspace/nav-element-workspace.component.ts": {"lines":{"total":37,"covered":13,"skipped":0,"pct":35.13},"functions":{"total":25,"covered":3,"skipped":0,"pct":12},"statements":{"total":37,"covered":13,"skipped":0,"pct":35.13},"branches":{"total":2,"covered":0,"skipped":0,"pct":0}}
,"/home/runner/work/frontend/frontend/src/app/_main/components/pill/pill.component.ts": {"lines":{"total":2,"covered":1,"skipped":0,"pct":50},"functions":{"total":1,"covered":0,"skipped":0,"pct":0},"statements":{"total":2,"covered":1,"skipped":0,"pct":50},"branches":{"total":0,"covered":0,"skipped":0,"pct":100}}
,"/home/runner/work/frontend/frontend/src/app/_main/components/select/select.component.ts": {"lines":{"total":80,"covered":38,"skipped":0,"pct":47.5},"functions":{"total":31,"covered":9,"skipped":0,"pct":29.03},"statements":{"total":88,"covered":38,"skipped":0,"pct":43.18},"branches":{"total":28,"covered":12,"skipped":0,"pct":42.85}}
,"/home/runner/work/frontend/frontend/src/app/_main/components/select/empty-options/empty-options.component.ts": {"lines":{"total":4,"covered":1,"skipped":0,"pct":25},"functions":{"total":3,"covered":0,"skipped":0,"pct":0},"statements":{"total":4,"covered":1,"skipped":0,"pct":25},"branches":{"total":0,"covered":0,"skipped":0,"pct":100}}
,"/home/runner/work/frontend/frontend/src/app/_main/components/select/option/option.component.ts": {"lines":{"total":6,"covered":6,"skipped":0,"pct":100},"functions":{"total":2,"covered":2,"skipped":0,"pct":100},"statements":{"total":7,"covered":6,"skipped":0,"pct":85.71},"branches":{"total":1,"covered":0,"skipped":0,"pct":0}}
,"/home/runner/work/frontend/frontend/src/app/_main/components/sidebar-navigation/sidebar-navigation.component.ts": {"lines":{"total":45,"covered":20,"skipped":0,"pct":44.44},"functions":{"total":26,"covered":3,"skipped":0,"pct":11.53},"statements":{"total":46,"covered":21,"skipped":0,"pct":45.65},"branches":{"total":9,"covered":3,"skipped":0,"pct":33.33}}
,"/home/runner/work/frontend/frontend/src/app/_main/components/sidebar-navigation/sidebar-entry/sidebar-entry.component.ts": {"lines":{"total":12,"covered":1,"skipped":0,"pct":8.33},"functions":{"total":4,"covered":0,"skipped":0,"pct":0},"statements":{"total":12,"covered":1,"skipped":0,"pct":8.33},"branches":{"total":2,"covered":0,"skipped":0,"pct":0}}
,"/home/runner/work/frontend/frontend/src/app/_main/components/sidebar-navigation/sidebar-group/sidebar-group.component.ts": {"lines":{"total":2,"covered":1,"skipped":0,"pct":50},"functions":{"total":1,"covered":0,"skipped":0,"pct":0},"statements":{"total":2,"covered":1,"skipped":0,"pct":50},"branches":{"total":0,"covered":0,"skipped":0,"pct":100}}
,"/home/runner/work/frontend/frontend/src/app/_main/components/snackbar/snackbar.component.ts": {"lines":{"total":19,"covered":10,"skipped":0,"pct":52.63},"functions":{"total":7,"covered":3,"skipped":0,"pct":42.85},"statements":{"total":19,"covered":10,"skipped":0,"pct":52.63},"branches":{"total":5,"covered":1,"skipped":0,"pct":20}}
,"/home/runner/work/frontend/frontend/src/app/_main/components/snackbar-outlet/snackbar-outlet.component.ts": {"lines":{"total":4,"covered":3,"skipped":0,"pct":75},"functions":{"total":2,"covered":1,"skipped":0,"pct":50},"statements":{"total":4,"covered":3,"skipped":0,"pct":75},"branches":{"total":0,"covered":0,"skipped":0,"pct":100}}
,"/home/runner/work/frontend/frontend/src/app/_main/components/tabs/tabs.component.ts": {"lines":{"total":1,"covered":1,"skipped":0,"pct":100},"functions":{"total":0,"covered":0,"skipped":0,"pct":100},"statements":{"total":1,"covered":1,"skipped":0,"pct":100},"branches":{"total":0,"covered":0,"skipped":0,"pct":100}}
,"/home/runner/work/frontend/frontend/src/app/_main/components/tabs/tab/tab.component.ts": {"lines":{"total":1,"covered":1,"skipped":0,"pct":100},"functions":{"total":0,"covered":0,"skipped":0,"pct":100},"statements":{"total":1,"covered":1,"skipped":0,"pct":100},"branches":{"total":0,"covered":0,"skipped":0,"pct":100}}
,"/home/runner/work/frontend/frontend/src/app/_main/components/textarea/textarea.component.ts": {"lines":{"total":50,"covered":19,"skipped":0,"pct":38},"functions":{"total":17,"covered":3,"skipped":0,"pct":17.64},"statements":{"total":50,"covered":19,"skipped":0,"pct":38},"branches":{"total":3,"covered":0,"skipped":0,"pct":0}}
,"/home/runner/work/frontend/frontend/src/app/_main/components/upper-navigation/upper-navigation.component.ts": {"lines":{"total":38,"covered":19,"skipped":0,"pct":50},"functions":{"total":15,"covered":3,"skipped":0,"pct":20},"statements":{"total":38,"covered":19,"skipped":0,"pct":50},"branches":{"total":6,"covered":0,"skipped":0,"pct":0}}
,"/home/runner/work/frontend/frontend/src/app/_main/decorators/cache/cache.decorator.ts": {"lines":{"total":16,"covered":16,"skipped":0,"pct":100},"functions":{"total":4,"covered":4,"skipped":0,"pct":100},"statements":{"total":16,"covered":16,"skipped":0,"pct":100},"branches":{"total":4,"covered":4,"skipped":0,"pct":100}}
,"/home/runner/work/frontend/frontend/src/app/_main/decorators/page/page.decorator.ts": {"lines":{"total":1,"covered":1,"skipped":0,"pct":100},"functions":{"total":2,"covered":2,"skipped":0,"pct":100},"statements":{"total":1,"covered":1,"skipped":0,"pct":100},"branches":{"total":0,"covered":0,"skipped":0,"pct":100}}
,"/home/runner/work/frontend/frontend/src/app/_main/decorators/service/service.decorator.ts": {"lines":{"total":8,"covered":5,"skipped":0,"pct":62.5},"functions":{"total":3,"covered":3,"skipped":0,"pct":100},"statements":{"total":9,"covered":6,"skipped":0,"pct":66.66},"branches":{"total":2,"covered":1,"skipped":0,"pct":50}}
,"/home/runner/work/frontend/frontend/src/app/_main/dialogs/alert/alert.dialog.ts": {"lines":{"total":11,"covered":9,"skipped":0,"pct":81.81},"functions":{"total":4,"covered":2,"skipped":0,"pct":50},"statements":{"total":11,"covered":9,"skipped":0,"pct":81.81},"branches":{"total":4,"covered":4,"skipped":0,"pct":100}}
,"/home/runner/work/frontend/frontend/src/app/_main/dialogs/manual/manual.dialog.ts": {"lines":{"total":4,"covered":1,"skipped":0,"pct":25},"functions":{"total":2,"covered":0,"skipped":0,"pct":0},"statements":{"total":4,"covered":1,"skipped":0,"pct":25},"branches":{"total":0,"covered":0,"skipped":0,"pct":100}}
,"/home/runner/work/frontend/frontend/src/app/_main/dialogs/report-bug/report-bug.dialog.ts": {"lines":{"total":6,"covered":1,"skipped":0,"pct":16.66},"functions":{"total":4,"covered":0,"skipped":0,"pct":0},"statements":{"total":6,"covered":1,"skipped":0,"pct":16.66},"branches":{"total":1,"covered":0,"skipped":0,"pct":0}}
,"/home/runner/work/frontend/frontend/src/app/_main/directives/click-outside/click-outside.directive.ts": {"lines":{"total":11,"covered":1,"skipped":0,"pct":9.09},"functions":{"total":2,"covered":0,"skipped":0,"pct":0},"statements":{"total":11,"covered":1,"skipped":0,"pct":9.09},"branches":{"total":2,"covered":0,"skipped":0,"pct":0}}
,"/home/runner/work/frontend/frontend/src/app/_main/directives/click-stop-propagation/click-stop-propagation.directive.ts": {"lines":{"total":3,"covered":3,"skipped":0,"pct":100},"functions":{"total":1,"covered":1,"skipped":0,"pct":100},"statements":{"total":3,"covered":3,"skipped":0,"pct":100},"branches":{"total":0,"covered":0,"skipped":0,"pct":100}}
,"/home/runner/work/frontend/frontend/src/app/_main/directives/collapsable/collapsable.directive.ts": {"lines":{"total":17,"covered":1,"skipped":0,"pct":5.88},"functions":{"total":7,"covered":0,"skipped":0,"pct":0},"statements":{"total":17,"covered":1,"skipped":0,"pct":5.88},"branches":{"total":2,"covered":0,"skipped":0,"pct":0}}
,"/home/runner/work/frontend/frontend/src/app/_main/directives/focus-initial/focus-initial.directive.ts": {"lines":{"total":3,"covered":1,"skipped":0,"pct":33.33},"functions":{"total":2,"covered":0,"skipped":0,"pct":0},"statements":{"total":3,"covered":1,"skipped":0,"pct":33.33},"branches":{"total":0,"covered":0,"skipped":0,"pct":100}}
,"/home/runner/work/frontend/frontend/src/app/_main/directives/let/let.directive.ts": {"lines":{"total":4,"covered":4,"skipped":0,"pct":100},"functions":{"total":2,"covered":2,"skipped":0,"pct":100},"statements":{"total":4,"covered":4,"skipped":0,"pct":100},"branches":{"total":0,"covered":0,"skipped":0,"pct":100}}
,"/home/runner/work/frontend/frontend/src/app/_main/directives/view-container/view-container.directive.ts": {"lines":{"total":2,"covered":1,"skipped":0,"pct":50},"functions":{"total":1,"covered":0,"skipped":0,"pct":0},"statements":{"total":2,"covered":1,"skipped":0,"pct":50},"branches":{"total":0,"covered":0,"skipped":0,"pct":100}}
,"/home/runner/work/frontend/frontend/src/app/_main/interceptors/error.interceptor.ts": {"lines":{"total":25,"covered":11,"skipped":0,"pct":44},"functions":{"total":6,"covered":5,"skipped":0,"pct":83.33},"statements":{"total":26,"covered":12,"skipped":0,"pct":46.15},"branches":{"total":11,"covered":3,"skipped":0,"pct":27.27}}
,"/home/runner/work/frontend/frontend/src/app/_main/interfaces/filters.interface.ts": {"lines":{"total":9,"covered":9,"skipped":0,"pct":100},"functions":{"total":2,"covered":2,"skipped":0,"pct":100},"statements":{"total":9,"covered":9,"skipped":0,"pct":100},"branches":{"total":4,"covered":4,"skipped":0,"pct":100}}
,"/home/runner/work/frontend/frontend/src/app/_main/libs/emoji/emoji-sequence.aliases.ts": {"lines":{"total":4,"covered":4,"skipped":0,"pct":100},"functions":{"total":2,"covered":2,"skipped":0,"pct":100},"statements":{"total":4,"covered":4,"skipped":0,"pct":100},"branches":{"total":2,"covered":2,"skipped":0,"pct":100}}
,"/home/runner/work/frontend/frontend/src/app/_main/libs/emoji/emoji.aliases.ts": {"lines":{"total":1,"covered":1,"skipped":0,"pct":100},"functions":{"total":0,"covered":0,"skipped":0,"pct":100},"statements":{"total":1,"covered":1,"skipped":0,"pct":100},"branches":{"total":0,"covered":0,"skipped":0,"pct":100}}
,"/home/runner/work/frontend/frontend/src/app/_main/libs/emoji/emoji.lib.ts": {"lines":{"total":11,"covered":7,"skipped":0,"pct":63.63},"functions":{"total":5,"covered":1,"skipped":0,"pct":20},"statements":{"total":11,"covered":7,"skipped":0,"pct":63.63},"branches":{"total":2,"covered":0,"skipped":0,"pct":0}}
,"/home/runner/work/frontend/frontend/src/app/_main/libs/localization/weekdays.localization.lib.ts": {"lines":{"total":13,"covered":0,"skipped":0,"pct":0},"functions":{"total":2,"covered":0,"skipped":0,"pct":0},"statements":{"total":15,"covered":0,"skipped":0,"pct":0},"branches":{"total":0,"covered":0,"skipped":0,"pct":100}}
,"/home/runner/work/frontend/frontend/src/app/_main/libs/marked/marked.lib.ts": {"lines":{"total":7,"covered":7,"skipped":0,"pct":100},"functions":{"total":2,"covered":2,"skipped":0,"pct":100},"statements":{"total":8,"covered":7,"skipped":0,"pct":87.5},"branches":{"total":1,"covered":0,"skipped":0,"pct":0}}
,"/home/runner/work/frontend/frontend/src/app/_main/libs/marked/extensions/marked-emoji-extension.ts": {"lines":{"total":13,"covered":1,"skipped":0,"pct":7.69},"functions":{"total":3,"covered":0,"skipped":0,"pct":0},"statements":{"total":13,"covered":1,"skipped":0,"pct":7.69},"branches":{"total":4,"covered":0,"skipped":0,"pct":0}}
,"/home/runner/work/frontend/frontend/src/app/_main/libs/marked/overrides/link.override.ts": {"lines":{"total":7,"covered":3,"skipped":0,"pct":42.85},"functions":{"total":2,"covered":1,"skipped":0,"pct":50},"statements":{"total":8,"covered":3,"skipped":0,"pct":37.5},"branches":{"total":3,"covered":0,"skipped":0,"pct":0}}
,"/home/runner/work/frontend/frontend/src/app/_main/libs/monaco/plugins/selection-edit.plugin.ts": {"lines":{"total":44,"covered":7,"skipped":0,"pct":15.9},"functions":{"total":15,"covered":1,"skipped":0,"pct":6.66},"statements":{"total":49,"covered":7,"skipped":0,"pct":14.28},"branches":{"total":6,"covered":2,"skipped":0,"pct":33.33}}
,"/home/runner/work/frontend/frontend/src/app/_main/libs/proto/message-metadata-registry.class.ts": {"lines":{"total":16,"covered":13,"skipped":0,"pct":81.25},"functions":{"total":6,"covered":3,"skipped":0,"pct":50},"statements":{"total":16,"covered":13,"skipped":0,"pct":81.25},"branches":{"total":1,"covered":1,"skipped":0,"pct":100}}
,"/home/runner/work/frontend/frontend/src/app/_main/libs/proto/message-metadata.class.ts": {"lines":{"total":3,"covered":3,"skipped":0,"pct":100},"functions":{"total":1,"covered":1,"skipped":0,"pct":100},"statements":{"total":3,"covered":3,"skipped":0,"pct":100},"branches":{"total":0,"covered":0,"skipped":0,"pct":100}}
,"/home/runner/work/frontend/frontend/src/app/_main/libs/store/store.class.ts": {"lines":{"total":11,"covered":2,"skipped":0,"pct":18.18},"functions":{"total":6,"covered":1,"skipped":0,"pct":16.66},"statements":{"total":11,"covered":2,"skipped":0,"pct":18.18},"branches":{"total":0,"covered":0,"skipped":0,"pct":100}}
,"/home/runner/work/frontend/frontend/src/app/_main/libs/store/operators/use-store.operator.ts": {"lines":{"total":4,"covered":3,"skipped":0,"pct":75},"functions":{"total":3,"covered":2,"skipped":0,"pct":66.66},"statements":{"total":4,"covered":3,"skipped":0,"pct":75},"branches":{"total":2,"covered":1,"skipped":0,"pct":50}}
,"/home/runner/work/frontend/frontend/src/app/_main/modules/audit-log/audit-log.module.ts": {"lines":{"total":1,"covered":1,"skipped":0,"pct":100},"functions":{"total":0,"covered":0,"skipped":0,"pct":100},"statements":{"total":1,"covered":1,"skipped":0,"pct":100},"branches":{"total":0,"covered":0,"skipped":0,"pct":100}}
,"/home/runner/work/frontend/frontend/src/app/_main/modules/audit-log/components/audit-log/audit-log.component.ts": {"lines":{"total":3,"covered":1,"skipped":0,"pct":33.33},"functions":{"total":2,"covered":0,"skipped":0,"pct":0},"statements":{"total":3,"covered":1,"skipped":0,"pct":33.33},"branches":{"total":0,"covered":0,"skipped":0,"pct":100}}
,"/home/runner/work/frontend/frontend/src/app/_main/modules/audit-log/components/audit-log-entry/audit-log-entry.component.ts": {"lines":{"total":1,"covered":1,"skipped":0,"pct":100},"functions":{"total":0,"covered":0,"skipped":0,"pct":100},"statements":{"total":1,"covered":1,"skipped":0,"pct":100},"branches":{"total":0,"covered":0,"skipped":0,"pct":100}}
,"/home/runner/work/frontend/frontend/src/app/_main/modules/audit-log/pipes/audit-log-project-entries/audit-log-project-entries.pipe.ts": {"lines":{"total":67,"covered":1,"skipped":0,"pct":1.49},"functions":{"total":18,"covered":0,"skipped":0,"pct":0},"statements":{"total":67,"covered":1,"skipped":0,"pct":1.49},"branches":{"total":48,"covered":0,"skipped":0,"pct":0}}
,"/home/runner/work/frontend/frontend/src/app/_main/modules/resize/resize-handle.component.ts": {"lines":{"total":1,"covered":1,"skipped":0,"pct":100},"functions":{"total":0,"covered":0,"skipped":0,"pct":100},"statements":{"total":1,"covered":1,"skipped":0,"pct":100},"branches":{"total":0,"covered":0,"skipped":0,"pct":100}}
,"/home/runner/work/frontend/frontend/src/app/_main/modules/resize/resize.directive.ts": {"lines":{"total":32,"covered":1,"skipped":0,"pct":3.12},"functions":{"total":8,"covered":0,"skipped":0,"pct":0},"statements":{"total":32,"covered":1,"skipped":0,"pct":3.12},"branches":{"total":3,"covered":0,"skipped":0,"pct":0}}
,"/home/runner/work/frontend/frontend/src/app/_main/modules/resize/resize.module.ts": {"lines":{"total":1,"covered":1,"skipped":0,"pct":100},"functions":{"total":0,"covered":0,"skipped":0,"pct":100},"statements":{"total":1,"covered":1,"skipped":0,"pct":100},"branches":{"total":0,"covered":0,"skipped":0,"pct":100}}
,"/home/runner/work/frontend/frontend/src/app/_main/operators/apply-options.operator.ts": {"lines":{"total":5,"covered":2,"skipped":0,"pct":40},"functions":{"total":2,"covered":2,"skipped":0,"pct":100},"statements":{"total":6,"covered":3,"skipped":0,"pct":50},"branches":{"total":3,"covered":1,"skipped":0,"pct":33.33}}
,"/home/runner/work/frontend/frontend/src/app/_main/operators/loader.operator.ts": {"lines":{"total":14,"covered":10,"skipped":0,"pct":71.42},"functions":{"total":13,"covered":9,"skipped":0,"pct":69.23},"statements":{"total":14,"covered":10,"skipped":0,"pct":71.42},"branches":{"total":0,"covered":0,"skipped":0,"pct":100}}
,"/home/runner/work/frontend/frontend/src/app/_main/pages/mock/mock.page.ts": {"lines":{"total":5,"covered":5,"skipped":0,"pct":100},"functions":{"total":3,"covered":3,"skipped":0,"pct":100},"statements":{"total":5,"covered":5,"skipped":0,"pct":100},"branches":{"total":0,"covered":0,"skipped":0,"pct":100}}
,"/home/runner/work/frontend/frontend/src/app/_main/pages/privacy-policy/privacy-policy.page.ts": {"lines":{"total":9,"covered":1,"skipped":0,"pct":11.11},"functions":{"total":3,"covered":0,"skipped":0,"pct":0},"statements":{"total":9,"covered":1,"skipped":0,"pct":11.11},"branches":{"total":3,"covered":0,"skipped":0,"pct":0}}
,"/home/runner/work/frontend/frontend/src/app/_main/pages/terms-and-conditions/terms-and-conditions.page.ts": {"lines":{"total":9,"covered":1,"skipped":0,"pct":11.11},"functions":{"total":3,"covered":0,"skipped":0,"pct":0},"statements":{"total":9,"covered":1,"skipped":0,"pct":11.11},"branches":{"total":3,"covered":0,"skipped":0,"pct":0}}
,"/home/runner/work/frontend/frontend/src/app/_main/pipes/color/color.pipe.ts": {"lines":{"total":8,"covered":1,"skipped":0,"pct":12.5},"functions":{"total":1,"covered":0,"skipped":0,"pct":0},"statements":{"total":9,"covered":1,"skipped":0,"pct":11.11},"branches":{"total":5,"covered":0,"skipped":0,"pct":0}}
,"/home/runner/work/frontend/frontend/src/app/_main/pipes/contrast-color/contrast-color.pipe.ts": {"lines":{"total":3,"covered":1,"skipped":0,"pct":33.33},"functions":{"total":1,"covered":0,"skipped":0,"pct":0},"statements":{"total":3,"covered":1,"skipped":0,"pct":33.33},"branches":{"total":3,"covered":0,"skipped":0,"pct":0}}
,"/home/runner/work/frontend/frontend/src/app/_main/pipes/date-by-preferences/date-by-preferences.pipe.ts": {"lines":{"total":10,"covered":1,"skipped":0,"pct":10},"functions":{"total":4,"covered":0,"skipped":0,"pct":0},"statements":{"total":10,"covered":1,"skipped":0,"pct":10},"branches":{"total":6,"covered":0,"skipped":0,"pct":0}}
,"/home/runner/work/frontend/frontend/src/app/_main/pipes/date-time-by-preferences/date-time-by-preferences.pipe.ts": {"lines":{"total":10,"covered":1,"skipped":0,"pct":10},"functions":{"total":4,"covered":0,"skipped":0,"pct":0},"statements":{"total":10,"covered":1,"skipped":0,"pct":10},"branches":{"total":6,"covered":0,"skipped":0,"pct":0}}
,"/home/runner/work/frontend/frontend/src/app/_main/pipes/day-of-week/day-of-week.pipe.ts": {"lines":{"total":3,"covered":1,"skipped":0,"pct":33.33},"functions":{"total":2,"covered":0,"skipped":0,"pct":0},"statements":{"total":3,"covered":1,"skipped":0,"pct":33.33},"branches":{"total":0,"covered":0,"skipped":0,"pct":100}}
,"/home/runner/work/frontend/frontend/src/app/_main/pipes/dayjs/dayjs.pipe.ts": {"lines":{"total":6,"covered":1,"skipped":0,"pct":16.66},"functions":{"total":1,"covered":0,"skipped":0,"pct":0},"statements":{"total":6,"covered":1,"skipped":0,"pct":16.66},"branches":{"total":4,"covered":0,"skipped":0,"pct":0}}
,"/home/runner/work/frontend/frontend/src/app/_main/pipes/dayjs-format/dayjs-format.pipe.ts": {"lines":{"total":4,"covered":1,"skipped":0,"pct":25},"functions":{"total":1,"covered":0,"skipped":0,"pct":0},"statements":{"total":6,"covered":1,"skipped":0,"pct":16.66},"branches":{"total":2,"covered":0,"skipped":0,"pct":0}}
,"/home/runner/work/frontend/frontend/src/app/_main/pipes/markdown/markdown.pipe.ts": {"lines":{"total":5,"covered":1,"skipped":0,"pct":20},"functions":{"total":2,"covered":0,"skipped":0,"pct":0},"statements":{"total":5,"covered":1,"skipped":0,"pct":20},"branches":{"total":0,"covered":0,"skipped":0,"pct":100}}
,"/home/runner/work/frontend/frontend/src/app/_main/pipes/month/month.pipe.ts": {"lines":{"total":7,"covered":1,"skipped":0,"pct":14.28},"functions":{"total":2,"covered":0,"skipped":0,"pct":0},"statements":{"total":7,"covered":1,"skipped":0,"pct":14.28},"branches":{"total":4,"covered":0,"skipped":0,"pct":0}}
,"/home/runner/work/frontend/frontend/src/app/_main/pipes/reverse/reverse.pipe.ts": {"lines":{"total":3,"covered":1,"skipped":0,"pct":33.33},"functions":{"total":1,"covered":0,"skipped":0,"pct":0},"statements":{"total":4,"covered":1,"skipped":0,"pct":25},"branches":{"total":1,"covered":0,"skipped":0,"pct":0}}
,"/home/runner/work/frontend/frontend/src/app/_main/pipes/validation-error/validation-error.pipe.ts": {"lines":{"total":2,"covered":2,"skipped":0,"pct":100},"functions":{"total":1,"covered":1,"skipped":0,"pct":100},"statements":{"total":2,"covered":2,"skipped":0,"pct":100},"branches":{"total":2,"covered":2,"skipped":0,"pct":100}}
,"/home/runner/work/frontend/frontend/src/app/_main/pipes/year/year.pipe.ts": {"lines":{"total":2,"covered":1,"skipped":0,"pct":50},"functions":{"total":1,"covered":0,"skipped":0,"pct":0},"statements":{"total":2,"covered":1,"skipped":0,"pct":50},"branches":{"total":0,"covered":0,"skipped":0,"pct":100}}
,"/home/runner/work/frontend/frontend/src/app/_main/services/api/api.service.ts": {"lines":{"total":27,"covered":15,"skipped":0,"pct":55.55},"functions":{"total":8,"covered":8,"skipped":0,"pct":100},"statements":{"total":27,"covered":15,"skipped":0,"pct":55.55},"branches":{"total":10,"covered":4,"skipped":0,"pct":40}}
,"/home/runner/work/frontend/frontend/src/app/_main/services/base/base.service.ts": {"lines":{"total":15,"covered":11,"skipped":0,"pct":73.33},"functions":{"total":6,"covered":6,"skipped":0,"pct":100},"statements":{"total":16,"covered":12,"skipped":0,"pct":75},"branches":{"total":8,"covered":5,"skipped":0,"pct":62.5}}
,"/home/runner/work/frontend/frontend/src/app/_main/services/command/command.service.ts": {"lines":{"total":9,"covered":6,"skipped":0,"pct":66.66},"functions":{"total":6,"covered":3,"skipped":0,"pct":50},"statements":{"total":9,"covered":6,"skipped":0,"pct":66.66},"branches":{"total":0,"covered":0,"skipped":0,"pct":100}}
,"/home/runner/work/frontend/frontend/src/app/_main/services/dialog/dialog.service.ts": {"lines":{"total":31,"covered":7,"skipped":0,"pct":22.58},"functions":{"total":14,"covered":2,"skipped":0,"pct":14.28},"statements":{"total":32,"covered":8,"skipped":0,"pct":25},"branches":{"total":8,"covered":2,"skipped":0,"pct":25}}
,"/home/runner/work/frontend/frontend/src/app/_main/services/icons/icon.service.ts": {"lines":{"total":25,"covered":24,"skipped":0,"pct":96},"functions":{"total":4,"covered":4,"skipped":0,"pct":100},"statements":{"total":25,"covered":24,"skipped":0,"pct":96},"branches":{"total":5,"covered":3,"skipped":0,"pct":60}}
,"/home/runner/work/frontend/frontend/src/app/_main/services/manual/manual.service.ts": {"lines":{"total":3,"covered":2,"skipped":0,"pct":66.66},"functions":{"total":2,"covered":1,"skipped":0,"pct":50},"statements":{"total":3,"covered":2,"skipped":0,"pct":66.66},"branches":{"total":0,"covered":0,"skipped":0,"pct":100}}
,"/home/runner/work/frontend/frontend/src/app/_main/services/notification/notification.service.ts": {"lines":{"total":6,"covered":5,"skipped":0,"pct":83.33},"functions":{"total":3,"covered":2,"skipped":0,"pct":66.66},"statements":{"total":6,"covered":5,"skipped":0,"pct":83.33},"branches":{"total":0,"covered":0,"skipped":0,"pct":100}}
,"/home/runner/work/frontend/frontend/src/app/_main/services/proto/dump.proto.service.ts": {"lines":{"total":2,"covered":1,"skipped":0,"pct":50},"functions":{"total":1,"covered":0,"skipped":0,"pct":0},"statements":{"total":2,"covered":1,"skipped":0,"pct":50},"branches":{"total":0,"covered":0,"skipped":0,"pct":100}}
,"/home/runner/work/frontend/frontend/src/app/_main/services/proto/proto.service.ts": {"lines":{"total":49,"covered":10,"skipped":0,"pct":20.4},"functions":{"total":27,"covered":6,"skipped":0,"pct":22.22},"statements":{"total":53,"covered":10,"skipped":0,"pct":18.86},"branches":{"total":10,"covered":0,"skipped":0,"pct":0}}
,"/home/runner/work/frontend/frontend/src/app/_main/services/reports/report.service.ts": {"lines":{"total":10,"covered":6,"skipped":0,"pct":60},"functions":{"total":4,"covered":1,"skipped":0,"pct":25},"statements":{"total":11,"covered":6,"skipped":0,"pct":54.54},"branches":{"total":1,"covered":0,"skipped":0,"pct":0}}
,"/home/runner/work/frontend/frontend/src/app/_main/services/router-extensions/router-extensions.service.ts": {"lines":{"total":18,"covered":11,"skipped":0,"pct":61.11},"functions":{"total":5,"covered":4,"skipped":0,"pct":80},"statements":{"total":22,"covered":11,"skipped":0,"pct":50},"branches":{"total":7,"covered":1,"skipped":0,"pct":14.28}}
,"/home/runner/work/frontend/frontend/src/app/_main/services/snackbar/snackbar.service.ts": {"lines":{"total":11,"covered":3,"skipped":0,"pct":27.27},"functions":{"total":5,"covered":2,"skipped":0,"pct":40},"statements":{"total":12,"covered":4,"skipped":0,"pct":33.33},"branches":{"total":2,"covered":0,"skipped":0,"pct":0}}
,"/home/runner/work/frontend/frontend/src/app/_main/services/store/store.service.ts": {"lines":{"total":2,"covered":2,"skipped":0,"pct":100},"functions":{"total":1,"covered":1,"skipped":0,"pct":100},"statements":{"total":2,"covered":2,"skipped":0,"pct":100},"branches":{"total":0,"covered":0,"skipped":0,"pct":100}}
,"/home/runner/work/frontend/frontend/src/app/_main/util/is-api-file/is-api-file.util.ts": {"lines":{"total":1,"covered":1,"skipped":0,"pct":100},"functions":{"total":1,"covered":1,"skipped":0,"pct":100},"statements":{"total":1,"covered":1,"skipped":0,"pct":100},"branches":{"total":5,"covered":5,"skipped":0,"pct":100}}
,"/home/runner/work/frontend/frontend/src/app/_main/util/is-class/is-class.util.ts": {"lines":{"total":4,"covered":4,"skipped":0,"pct":100},"functions":{"total":1,"covered":1,"skipped":0,"pct":100},"statements":{"total":6,"covered":6,"skipped":0,"pct":100},"branches":{"total":2,"covered":2,"skipped":0,"pct":100}}
,"/home/runner/work/frontend/frontend/src/app/_main/validators/boolean.validator.ts": {"lines":{"total":4,"covered":4,"skipped":0,"pct":100},"functions":{"total":2,"covered":2,"skipped":0,"pct":100},"statements":{"total":4,"covered":4,"skipped":0,"pct":100},"branches":{"total":3,"covered":3,"skipped":0,"pct":100}}
,"/home/runner/work/frontend/frontend/src/app/_main/validators/email.validator.ts": {"lines":{"total":4,"covered":4,"skipped":0,"pct":100},"functions":{"total":2,"covered":2,"skipped":0,"pct":100},"statements":{"total":4,"covered":4,"skipped":0,"pct":100},"branches":{"total":3,"covered":3,"skipped":0,"pct":100}}
,"/home/runner/work/frontend/frontend/src/app/_main/validators/length.validator.ts": {"lines":{"total":6,"covered":6,"skipped":0,"pct":100},"functions":{"total":2,"covered":2,"skipped":0,"pct":100},"statements":{"total":6,"covered":6,"skipped":0,"pct":100},"branches":{"total":5,"covered":5,"skipped":0,"pct":100}}
,"/home/runner/work/frontend/frontend/src/app/_main/validators/max-length.validator.ts": {"lines":{"total":4,"covered":4,"skipped":0,"pct":100},"functions":{"total":2,"covered":2,"skipped":0,"pct":100},"statements":{"total":4,"covered":4,"skipped":0,"pct":100},"branches":{"total":1,"covered":1,"skipped":0,"pct":100}}
,"/home/runner/work/frontend/frontend/src/app/_main/validators/min-length.validator.ts": {"lines":{"total":4,"covered":4,"skipped":0,"pct":100},"functions":{"total":2,"covered":2,"skipped":0,"pct":100},"statements":{"total":4,"covered":4,"skipped":0,"pct":100},"branches":{"total":3,"covered":3,"skipped":0,"pct":100}}
,"/home/runner/work/frontend/frontend/src/app/_main/validators/not-empty.validator.ts": {"lines":{"total":4,"covered":3,"skipped":0,"pct":75},"functions":{"total":2,"covered":2,"skipped":0,"pct":100},"statements":{"total":4,"covered":3,"skipped":0,"pct":75},"branches":{"total":3,"covered":1,"skipped":0,"pct":33.33}}
,"/home/runner/work/frontend/frontend/src/app/_main/validators/not-negative-number.validator.ts": {"lines":{"total":4,"covered":4,"skipped":0,"pct":100},"functions":{"total":2,"covered":2,"skipped":0,"pct":100},"statements":{"total":4,"covered":4,"skipped":0,"pct":100},"branches":{"total":1,"covered":1,"skipped":0,"pct":100}}
,"/home/runner/work/frontend/frontend/src/app/_main/validators/password.validator.ts": {"lines":{"total":4,"covered":4,"skipped":0,"pct":100},"functions":{"total":2,"covered":2,"skipped":0,"pct":100},"statements":{"total":4,"covered":4,"skipped":0,"pct":100},"branches":{"total":3,"covered":3,"skipped":0,"pct":100}}
,"/home/runner/work/frontend/frontend/src/app/_main/validators/required.validator.ts": {"lines":{"total":4,"covered":4,"skipped":0,"pct":100},"functions":{"total":2,"covered":2,"skipped":0,"pct":100},"statements":{"total":4,"covered":4,"skipped":0,"pct":100},"branches":{"total":8,"covered":7,"skipped":0,"pct":87.5}}
,"/home/runner/work/frontend/frontend/src/app/_main/validators/same-as.validator.ts": {"lines":{"total":11,"covered":10,"skipped":0,"pct":90.9},"functions":{"total":3,"covered":3,"skipped":0,"pct":100},"statements":{"total":11,"covered":10,"skipped":0,"pct":90.9},"branches":{"total":5,"covered":4,"skipped":0,"pct":80}}
,"/home/runner/work/frontend/frontend/src/app/auth/pages/change-password/change-password.page.ts": {"lines":{"total":13,"covered":7,"skipped":0,"pct":53.84},"functions":{"total":4,"covered":2,"skipped":0,"pct":50},"statements":{"total":14,"covered":7,"skipped":0,"pct":50},"branches":{"total":6,"covered":0,"skipped":0,"pct":0}}
,"/home/runner/work/frontend/frontend/src/app/auth/pages/delete-account/delete-account.page.ts": {"lines":{"total":8,"covered":7,"skipped":0,"pct":87.5},"functions":{"total":4,"covered":3,"skipped":0,"pct":75},"statements":{"total":8,"covered":7,"skipped":0,"pct":87.5},"branches":{"total":1,"covered":0,"skipped":0,"pct":0}}
,"/home/runner/work/frontend/frontend/src/app/auth/pages/forgot-password/forgot-password.page.ts": {"lines":{"total":9,"covered":4,"skipped":0,"pct":44.44},"functions":{"total":2,"covered":1,"skipped":0,"pct":50},"statements":{"total":11,"covered":5,"skipped":0,"pct":45.45},"branches":{"total":4,"covered":0,"skipped":0,"pct":0}}
,"/home/runner/work/frontend/frontend/src/app/auth/pages/login/login.page.ts": {"lines":{"total":27,"covered":6,"skipped":0,"pct":22.22},"functions":{"total":8,"covered":3,"skipped":0,"pct":37.5},"statements":{"total":30,"covered":8,"skipped":0,"pct":26.66},"branches":{"total":11,"covered":1,"skipped":0,"pct":9.09}}
,"/home/runner/work/frontend/frontend/src/app/auth/pages/register/register.page.ts": {"lines":{"total":38,"covered":11,"skipped":0,"pct":28.94},"functions":{"total":9,"covered":2,"skipped":0,"pct":22.22},"statements":{"total":39,"covered":11,"skipped":0,"pct":28.2},"branches":{"total":13,"covered":2,"skipped":0,"pct":15.38}}
,"/home/runner/work/frontend/frontend/src/app/auth/pages/restore-account/restore-account.page.ts": {"lines":{"total":4,"covered":2,"skipped":0,"pct":50},"functions":{"total":3,"covered":1,"skipped":0,"pct":33.33},"statements":{"total":5,"covered":3,"skipped":0,"pct":60},"branches":{"total":0,"covered":0,"skipped":0,"pct":100}}
,"/home/runner/work/frontend/frontend/src/app/auth/services/auth/auth.service.ts": {"lines":{"total":42,"covered":11,"skipped":0,"pct":26.19},"functions":{"total":25,"covered":3,"skipped":0,"pct":12},"statements":{"total":43,"covered":11,"skipped":0,"pct":25.58},"branches":{"total":5,"covered":0,"skipped":0,"pct":0}}
,"/home/runner/work/frontend/frontend/src/app/auth/services/user/user.service.ts": {"lines":{"total":44,"covered":13,"skipped":0,"pct":29.54},"functions":{"total":18,"covered":2,"skipped":0,"pct":11.11},"statements":{"total":48,"covered":13,"skipped":0,"pct":27.08},"branches":{"total":22,"covered":0,"skipped":0,"pct":0}}
,"/home/runner/work/frontend/frontend/src/app/dashboard/classes/user.class.ts": {"lines":{"total":12,"covered":0,"skipped":0,"pct":0},"functions":{"total":4,"covered":0,"skipped":0,"pct":0},"statements":{"total":12,"covered":0,"skipped":0,"pct":0},"branches":{"total":0,"covered":0,"skipped":0,"pct":100}}
,"/home/runner/work/frontend/frontend/src/app/dashboard/components/member-list/member-list.component.ts": {"lines":{"total":6,"covered":5,"skipped":0,"pct":83.33},"functions":{"total":6,"covered":3,"skipped":0,"pct":50},"statements":{"total":8,"covered":5,"skipped":0,"pct":62.5},"branches":{"total":0,"covered":0,"skipped":0,"pct":100}}
,"/home/runner/work/frontend/frontend/src/app/dashboard/components/view-options/view-options.component.ts": {"lines":{"total":21,"covered":21,"skipped":0,"pct":100},"functions":{"total":3,"covered":3,"skipped":0,"pct":100},"statements":{"total":21,"covered":21,"skipped":0,"pct":100},"branches":{"total":0,"covered":0,"skipped":0,"pct":100}}
,"/home/runner/work/frontend/frontend/src/app/dashboard/dialogs/add-member/add-member.dialog.ts": {"lines":{"total":10,"covered":4,"skipped":0,"pct":40},"functions":{"total":3,"covered":1,"skipped":0,"pct":33.33},"statements":{"total":11,"covered":4,"skipped":0,"pct":36.36},"branches":{"total":1,"covered":0,"skipped":0,"pct":0}}
,"/home/runner/work/frontend/frontend/src/app/dashboard/dialogs/status/status.dialog.ts": {"lines":{"total":10,"covered":1,"skipped":0,"pct":10},"functions":{"total":4,"covered":0,"skipped":0,"pct":0},"statements":{"total":10,"covered":1,"skipped":0,"pct":10},"branches":{"total":2,"covered":0,"skipped":0,"pct":0}}
,"/home/runner/work/frontend/frontend/src/app/dashboard/filters/sprint.filters.ts": {"lines":{"total":2,"covered":0,"skipped":0,"pct":0},"functions":{"total":3,"covered":0,"skipped":0,"pct":0},"statements":{"total":3,"covered":0,"skipped":0,"pct":0},"branches":{"total":0,"covered":0,"skipped":0,"pct":100}}
,"/home/runner/work/frontend/frontend/src/app/dashboard/modules/integration-modules/components/integration-github/integration-github.component.ts": {"lines":{"total":29,"covered":13,"skipped":0,"pct":44.82},"functions":{"total":14,"covered":4,"skipped":0,"pct":28.57},"statements":{"total":32,"covered":13,"skipped":0,"pct":40.62},"branches":{"total":7,"covered":0,"skipped":0,"pct":0}}
,"/home/runner/work/frontend/frontend/src/app/dashboard/modules/integration-modules/decorators/integration-module/integration-module.decorator.ts": {"lines":{"total":2,"covered":2,"skipped":0,"pct":100},"functions":{"total":2,"covered":2,"skipped":0,"pct":100},"statements":{"total":2,"covered":2,"skipped":0,"pct":100},"branches":{"total":0,"covered":0,"skipped":0,"pct":100}}
,"/home/runner/work/frontend/frontend/src/app/dashboard/pages/create-workspace/create-workspace.page.ts": {"lines":{"total":10,"covered":3,"skipped":0,"pct":30},"functions":{"total":4,"covered":1,"skipped":0,"pct":25},"statements":{"total":13,"covered":4,"skipped":0,"pct":30.76},"branches":{"total":4,"covered":0,"skipped":0,"pct":0}}
,"/home/runner/work/frontend/frontend/src/app/dashboard/pages/edit-workspace/edit-workspace.page.ts": {"lines":{"total":17,"covered":9,"skipped":0,"pct":52.94},"functions":{"total":6,"covered":2,"skipped":0,"pct":33.33},"statements":{"total":19,"covered":9,"skipped":0,"pct":47.36},"branches":{"total":4,"covered":0,"skipped":0,"pct":0}}
,"/home/runner/work/frontend/frontend/src/app/dashboard/pages/github-integration/github-integration.page.ts": {"lines":{"total":1,"covered":1,"skipped":0,"pct":100},"functions":{"total":0,"covered":0,"skipped":0,"pct":100},"statements":{"total":1,"covered":1,"skipped":0,"pct":100},"branches":{"total":0,"covered":0,"skipped":0,"pct":100}}
,"/home/runner/work/frontend/frontend/src/app/dashboard/pages/projects-list/projects-list.page.ts": {"lines":{"total":21,"covered":15,"skipped":0,"pct":71.42},"functions":{"total":10,"covered":3,"skipped":0,"pct":30},"statements":{"total":22,"covered":15,"skipped":0,"pct":68.18},"branches":{"total":0,"covered":0,"skipped":0,"pct":100}}
,"/home/runner/work/frontend/frontend/src/app/dashboard/pages/workspaces-list/workspaces-list.page.ts": {"lines":{"total":15,"covered":10,"skipped":0,"pct":66.66},"functions":{"total":9,"covered":4,"skipped":0,"pct":44.44},"statements":{"total":15,"covered":10,"skipped":0,"pct":66.66},"branches":{"total":0,"covered":0,"skipped":0,"pct":100}}
,"/home/runner/work/frontend/frontend/src/app/dashboard/services/git-integration/git-integration.service.ts": {"lines":{"total":36,"covered":11,"skipped":0,"pct":30.55},"functions":{"total":25,"covered":3,"skipped":0,"pct":12},"statements":{"total":40,"covered":11,"skipped":0,"pct":27.5},"branches":{"total":4,"covered":0,"skipped":0,"pct":0}}
,"/home/runner/work/frontend/frontend/src/app/dashboard/services/member/member.service.ts": {"lines":{"total":15,"covered":6,"skipped":0,"pct":40},"functions":{"total":11,"covered":2,"skipped":0,"pct":18.18},"statements":{"total":17,"covered":7,"skipped":0,"pct":41.17},"branches":{"total":0,"covered":0,"skipped":0,"pct":100}}
,"/home/runner/work/frontend/frontend/src/app/dashboard/services/project/project.service.ts": {"lines":{"total":24,"covered":10,"skipped":0,"pct":41.66},"functions":{"total":15,"covered":2,"skipped":0,"pct":13.33},"statements":{"total":26,"covered":10,"skipped":0,"pct":38.46},"branches":{"total":0,"covered":0,"skipped":0,"pct":100}}
,"/home/runner/work/frontend/frontend/src/app/dashboard/services/workspace/workspace.service.ts": {"lines":{"total":17,"covered":8,"skipped":0,"pct":47.05},"functions":{"total":10,"covered":3,"skipped":0,"pct":30},"statements":{"total":19,"covered":9,"skipped":0,"pct":47.36},"branches":{"total":1,"covered":0,"skipped":0,"pct":0}}
,"/home/runner/work/frontend/frontend/src/app/landing-page/components/landing-page-nav/landing-page-nav.component.ts": {"lines":{"total":1,"covered":1,"skipped":0,"pct":100},"functions":{"total":0,"covered":0,"skipped":0,"pct":100},"statements":{"total":1,"covered":1,"skipped":0,"pct":100},"branches":{"total":0,"covered":0,"skipped":0,"pct":100}}
,"/home/runner/work/frontend/frontend/src/app/landing-page/pages/landing-page/landing-page.page.ts": {"lines":{"total":1,"covered":1,"skipped":0,"pct":100},"functions":{"total":0,"covered":0,"skipped":0,"pct":100},"statements":{"total":1,"covered":1,"skipped":0,"pct":100},"branches":{"total":0,"covered":0,"skipped":0,"pct":100}}
,"/home/runner/work/frontend/frontend/src/app/landing-page/pages/landing-page-about/landing-page-about.page.ts": {"lines":{"total":1,"covered":1,"skipped":0,"pct":100},"functions":{"total":0,"covered":0,"skipped":0,"pct":100},"statements":{"total":1,"covered":1,"skipped":0,"pct":100},"branches":{"total":0,"covered":0,"skipped":0,"pct":100}}
,"/home/runner/work/frontend/frontend/src/app/landing-page/pages/landing-page-changelog/landing-page-changelog.page.ts": {"lines":{"total":1,"covered":1,"skipped":0,"pct":100},"functions":{"total":0,"covered":0,"skipped":0,"pct":100},"statements":{"total":1,"covered":1,"skipped":0,"pct":100},"branches":{"total":0,"covered":0,"skipped":0,"pct":100}}
,"/home/runner/work/frontend/frontend/src/app/landing-page/pages/landing-page-docs/landing-page-docs.page.ts": {"lines":{"total":1,"covered":1,"skipped":0,"pct":100},"functions":{"total":0,"covered":0,"skipped":0,"pct":100},"statements":{"total":1,"covered":1,"skipped":0,"pct":100},"branches":{"total":0,"covered":0,"skipped":0,"pct":100}}
,"/home/runner/work/frontend/frontend/src/app/messages/messages.module.ts": {"lines":{"total":1,"covered":1,"skipped":0,"pct":100},"functions":{"total":0,"covered":0,"skipped":0,"pct":100},"statements":{"total":1,"covered":1,"skipped":0,"pct":100},"branches":{"total":0,"covered":0,"skipped":0,"pct":100}}
,"/home/runner/work/frontend/frontend/src/app/messages/messages.routing.ts": {"lines":{"total":2,"covered":2,"skipped":0,"pct":100},"functions":{"total":0,"covered":0,"skipped":0,"pct":100},"statements":{"total":2,"covered":2,"skipped":0,"pct":100},"branches":{"total":0,"covered":0,"skipped":0,"pct":100}}
,"/home/runner/work/frontend/frontend/src/app/messages/components/message/message.component.ts": {"lines":{"total":4,"covered":1,"skipped":0,"pct":25},"functions":{"total":1,"covered":0,"skipped":0,"pct":0},"statements":{"total":4,"covered":1,"skipped":0,"pct":25},"branches":{"total":0,"covered":0,"skipped":0,"pct":100}}
,"/home/runner/work/frontend/frontend/src/app/messages/components/message-group/message-group.component.ts": {"lines":{"total":3,"covered":1,"skipped":0,"pct":33.33},"functions":{"total":1,"covered":0,"skipped":0,"pct":0},"statements":{"total":3,"covered":1,"skipped":0,"pct":33.33},"branches":{"total":0,"covered":0,"skipped":0,"pct":100}}
,"/home/runner/work/frontend/frontend/src/app/messages/components/messenger-sidebar/messenger-sidebar.component.ts": {"lines":{"total":1,"covered":1,"skipped":0,"pct":100},"functions":{"total":0,"covered":0,"skipped":0,"pct":100},"statements":{"total":1,"covered":1,"skipped":0,"pct":100},"branches":{"total":0,"covered":0,"skipped":0,"pct":100}}
,"/home/runner/work/frontend/frontend/src/app/messages/pages/conversation/conversation.page.ts": {"lines":{"total":32,"covered":1,"skipped":0,"pct":3.12},"functions":{"total":14,"covered":0,"skipped":0,"pct":0},"statements":{"total":35,"covered":1,"skipped":0,"pct":2.85},"branches":{"total":3,"covered":0,"skipped":0,"pct":0}}
,"/home/runner/work/frontend/frontend/src/app/messages/pages/messages-no-integration/messages-no-integration.page.ts": {"lines":{"total":1,"covered":1,"skipped":0,"pct":100},"functions":{"total":0,"covered":0,"skipped":0,"pct":100},"statements":{"total":1,"covered":1,"skipped":0,"pct":100},"branches":{"total":0,"covered":0,"skipped":0,"pct":100}}
,"/home/runner/work/frontend/frontend/src/app/messages/pages/messenger/messenger.page.ts": {"lines":{"total":1,"covered":1,"skipped":0,"pct":100},"functions":{"total":0,"covered":0,"skipped":0,"pct":100},"statements":{"total":1,"covered":1,"skipped":0,"pct":100},"branches":{"total":0,"covered":0,"skipped":0,"pct":100}}
,"/home/runner/work/frontend/frontend/src/app/messages/pages/messenger-summary/messenger-summary.page.ts": {"lines":{"total":1,"covered":1,"skipped":0,"pct":100},"functions":{"total":0,"covered":0,"skipped":0,"pct":100},"statements":{"total":1,"covered":1,"skipped":0,"pct":100},"branches":{"total":0,"covered":0,"skipped":0,"pct":100}}
,"/home/runner/work/frontend/frontend/src/app/messages/services/slack-integration.service.ts": {"lines":{"total":51,"covered":17,"skipped":0,"pct":33.33},"functions":{"total":31,"covered":4,"skipped":0,"pct":12.9},"statements":{"total":56,"covered":17,"skipped":0,"pct":30.35},"branches":{"total":7,"covered":0,"skipped":0,"pct":0}}
,"/home/runner/work/frontend/frontend/src/app/releases/dialog/release/release.dialog.ts": {"lines":{"total":17,"covered":4,"skipped":0,"pct":23.52},"functions":{"total":5,"covered":1,"skipped":0,"pct":20},"statements":{"total":17,"covered":4,"skipped":0,"pct":23.52},"branches":{"total":4,"covered":2,"skipped":0,"pct":50}}
,"/home/runner/work/frontend/frontend/src/app/releases/services/release.service.ts": {"lines":{"total":26,"covered":3,"skipped":0,"pct":11.53},"functions":{"total":13,"covered":0,"skipped":0,"pct":0},"statements":{"total":27,"covered":3,"skipped":0,"pct":11.11},"branches":{"total":5,"covered":0,"skipped":0,"pct":0}}
,"/home/runner/work/frontend/frontend/src/app/settings/components/integration-entry/integration-entry.component.ts": {"lines":{"total":3,"covered":3,"skipped":0,"pct":100},"functions":{"total":1,"covered":1,"skipped":0,"pct":100},"statements":{"total":3,"covered":3,"skipped":0,"pct":100},"branches":{"total":0,"covered":0,"skipped":0,"pct":100}}
,"/home/runner/work/frontend/frontend/src/app/settings/components/list-group/list-group.component.ts": {"lines":{"total":1,"covered":1,"skipped":0,"pct":100},"functions":{"total":1,"covered":1,"skipped":0,"pct":100},"statements":{"total":1,"covered":1,"skipped":0,"pct":100},"branches":{"total":0,"covered":0,"skipped":0,"pct":100}}
,"/home/runner/work/frontend/frontend/src/app/settings/dialog/change-password/change-password.dialog.ts": {"lines":{"total":18,"covered":1,"skipped":0,"pct":5.55},"functions":{"total":8,"covered":0,"skipped":0,"pct":0},"statements":{"total":19,"covered":1,"skipped":0,"pct":5.26},"branches":{"total":2,"covered":0,"skipped":0,"pct":0}}
,"/home/runner/work/frontend/frontend/src/app/settings/pages/settings/settings.page.ts": {"lines":{"total":5,"covered":5,"skipped":0,"pct":100},"functions":{"total":1,"covered":1,"skipped":0,"pct":100},"statements":{"total":5,"covered":5,"skipped":0,"pct":100},"branches":{"total":0,"covered":0,"skipped":0,"pct":100}}
,"/home/runner/work/frontend/frontend/src/app/settings/pages/settings-account/settings-account.page.ts": {"lines":{"total":16,"covered":7,"skipped":0,"pct":43.75},"functions":{"total":8,"covered":2,"skipped":0,"pct":25},"statements":{"total":17,"covered":7,"skipped":0,"pct":41.17},"branches":{"total":1,"covered":0,"skipped":0,"pct":0}}
,"/home/runner/work/frontend/frontend/src/app/settings/pages/settings-integrations/settings-integrations.page.ts": {"lines":{"total":19,"covered":8,"skipped":0,"pct":42.1},"functions":{"total":16,"covered":4,"skipped":0,"pct":25},"statements":{"total":20,"covered":8,"skipped":0,"pct":40},"branches":{"total":0,"covered":0,"skipped":0,"pct":100}}
,"/home/runner/work/frontend/frontend/src/app/settings/pages/settings-localization/settings-localization.page.ts": {"lines":{"total":14,"covered":7,"skipped":0,"pct":50},"functions":{"total":8,"covered":4,"skipped":0,"pct":50},"statements":{"total":17,"covered":10,"skipped":0,"pct":58.82},"branches":{"total":2,"covered":0,"skipped":0,"pct":0}}
,"/home/runner/work/frontend/frontend/src/app/settings/pages/settings-sessions/settings-sessions.page.ts": {"lines":{"total":26,"covered":3,"skipped":0,"pct":11.53},"functions":{"total":6,"covered":2,"skipped":0,"pct":33.33},"statements":{"total":27,"covered":3,"skipped":0,"pct":11.11},"branches":{"total":13,"covered":0,"skipped":0,"pct":0}}
,"/home/runner/work/frontend/frontend/src/app/settings/services/sessions.service.ts": {"lines":{"total":6,"covered":5,"skipped":0,"pct":83.33},"functions":{"total":3,"covered":2,"skipped":0,"pct":66.66},"statements":{"total":7,"covered":6,"skipped":0,"pct":85.71},"branches":{"total":0,"covered":0,"skipped":0,"pct":100}}
,"/home/runner/work/frontend/frontend/src/app/tasks/tasks.module.ts": {"lines":{"total":1,"covered":1,"skipped":0,"pct":100},"functions":{"total":0,"covered":0,"skipped":0,"pct":100},"statements":{"total":1,"covered":1,"skipped":0,"pct":100},"branches":{"total":0,"covered":0,"skipped":0,"pct":100}}
,"/home/runner/work/frontend/frontend/src/app/tasks/tasks.routing.ts": {"lines":{"total":4,"covered":2,"skipped":0,"pct":50},"functions":{"total":4,"covered":0,"skipped":0,"pct":0},"statements":{"total":6,"covered":2,"skipped":0,"pct":33.33},"branches":{"total":0,"covered":0,"skipped":0,"pct":100}}
,"/home/runner/work/frontend/frontend/src/app/tasks/components/assignee/assignee.component.ts": {"lines":{"total":36,"covered":8,"skipped":0,"pct":22.22},"functions":{"total":14,"covered":2,"skipped":0,"pct":14.28},"statements":{"total":36,"covered":8,"skipped":0,"pct":22.22},"branches":{"total":11,"covered":0,"skipped":0,"pct":0}}
,"/home/runner/work/frontend/frontend/src/app/tasks/components/board-task/board-task.component.ts": {"lines":{"total":13,"covered":6,"skipped":0,"pct":46.15},"functions":{"total":7,"covered":1,"skipped":0,"pct":14.28},"statements":{"total":14,"covered":6,"skipped":0,"pct":42.85},"branches":{"total":1,"covered":0,"skipped":0,"pct":0}}
,"/home/runner/work/frontend/frontend/src/app/tasks/components/input-assignee/input-assignee.component.ts": {"lines":{"total":9,"covered":1,"skipped":0,"pct":11.11},"functions":{"total":3,"covered":0,"skipped":0,"pct":0},"statements":{"total":10,"covered":1,"skipped":0,"pct":10},"branches":{"total":0,"covered":0,"skipped":0,"pct":100}}
,"/home/runner/work/frontend/frontend/src/app/tasks/components/input-epic/input-epic.component.ts": {"lines":{"total":17,"covered":1,"skipped":0,"pct":5.88},"functions":{"total":9,"covered":0,"skipped":0,"pct":0},"statements":{"total":19,"covered":1,"skipped":0,"pct":5.26},"branches":{"total":6,"covered":0,"skipped":0,"pct":0}}
,"/home/runner/work/frontend/frontend/src/app/tasks/components/input-issue/input-issue.component.ts": {"lines":{"total":14,"covered":1,"skipped":0,"pct":7.14},"functions":{"total":6,"covered":0,"skipped":0,"pct":0},"statements":{"total":15,"covered":1,"skipped":0,"pct":6.66},"branches":{"total":3,"covered":0,"skipped":0,"pct":0}}
,"/home/runner/work/frontend/frontend/src/app/tasks/components/input-pull-request/input-pull-request.component.ts": {"lines":{"total":19,"covered":1,"skipped":0,"pct":5.26},"functions":{"total":9,"covered":0,"skipped":0,"pct":0},"statements":{"total":21,"covered":1,"skipped":0,"pct":4.76},"branches":{"total":6,"covered":0,"skipped":0,"pct":0}}
,"/home/runner/work/frontend/frontend/src/app/tasks/components/input-task-parent/input-task-parent.component.ts": {"lines":{"total":25,"covered":1,"skipped":0,"pct":4},"functions":{"total":13,"covered":0,"skipped":0,"pct":0},"statements":{"total":28,"covered":1,"skipped":0,"pct":3.57},"branches":{"total":14,"covered":0,"skipped":0,"pct":0}}
,"/home/runner/work/frontend/frontend/src/app/tasks/components/input-task-property/input-task-property.component.ts": {"lines":{"total":17,"covered":1,"skipped":0,"pct":5.88},"functions":{"total":6,"covered":0,"skipped":0,"pct":0},"statements":{"total":17,"covered":1,"skipped":0,"pct":5.88},"branches":{"total":2,"covered":0,"skipped":0,"pct":0}}
,"/home/runner/work/frontend/frontend/src/app/tasks/components/status-label/status-label.component.ts": {"lines":{"total":27,"covered":8,"skipped":0,"pct":29.62},"functions":{"total":13,"covered":1,"skipped":0,"pct":7.69},"statements":{"total":27,"covered":8,"skipped":0,"pct":29.62},"branches":{"total":4,"covered":0,"skipped":0,"pct":0}}
,"/home/runner/work/frontend/frontend/src/app/tasks/components/task-comments/task-comments.component.ts": {"lines":{"total":9,"covered":1,"skipped":0,"pct":11.11},"functions":{"total":4,"covered":0,"skipped":0,"pct":0},"statements":{"total":9,"covered":1,"skipped":0,"pct":11.11},"branches":{"total":1,"covered":0,"skipped":0,"pct":0}}
,"/home/runner/work/frontend/frontend/src/app/tasks/components/task-list/task-list.component.ts": {"lines":{"total":14,"covered":1,"skipped":0,"pct":7.14},"functions":{"total":5,"covered":0,"skipped":0,"pct":0},"statements":{"total":14,"covered":1,"skipped":0,"pct":7.14},"branches":{"total":1,"covered":0,"skipped":0,"pct":0}}
,"/home/runner/work/frontend/frontend/src/app/tasks/components/task-row/task-row.component.ts": {"lines":{"total":25,"covered":1,"skipped":0,"pct":4},"functions":{"total":13,"covered":0,"skipped":0,"pct":0},"statements":{"total":26,"covered":1,"skipped":0,"pct":3.84},"branches":{"total":4,"covered":0,"skipped":0,"pct":0}}
,"/home/runner/work/frontend/frontend/src/app/tasks/components/task-view-options/task-view-options.component.ts": {"lines":{"total":12,"covered":9,"skipped":0,"pct":75},"functions":{"total":4,"covered":2,"skipped":0,"pct":50},"statements":{"total":13,"covered":10,"skipped":0,"pct":76.92},"branches":{"total":1,"covered":0,"skipped":0,"pct":0}}
,"/home/runner/work/frontend/frontend/src/app/tasks/components/tasks-board/tasks-board.component.ts": {"lines":{"total":41,"covered":14,"skipped":0,"pct":34.14},"functions":{"total":12,"covered":1,"skipped":0,"pct":8.33},"statements":{"total":43,"covered":14,"skipped":0,"pct":32.55},"branches":{"total":12,"covered":0,"skipped":0,"pct":0}}
,"/home/runner/work/frontend/frontend/src/app/tasks/components/tracker/tracker.component.ts": {"lines":{"total":42,"covered":1,"skipped":0,"pct":2.38},"functions":{"total":21,"covered":0,"skipped":0,"pct":0},"statements":{"total":43,"covered":1,"skipped":0,"pct":2.32},"branches":{"total":6,"covered":0,"skipped":0,"pct":0}}
,"/home/runner/work/frontend/frontend/src/app/tasks/components/tracker/tracker-entry/tracker-entry.component.ts": {"lines":{"total":26,"covered":1,"skipped":0,"pct":3.84},"functions":{"total":10,"covered":0,"skipped":0,"pct":0},"statements":{"total":27,"covered":1,"skipped":0,"pct":3.7},"branches":{"total":7,"covered":0,"skipped":0,"pct":0}}
,"/home/runner/work/frontend/frontend/src/app/tasks/dialogs/sprint/sprint.dialog.ts": {"lines":{"total":22,"covered":4,"skipped":0,"pct":18.18},"functions":{"total":6,"covered":1,"skipped":0,"pct":16.66},"statements":{"total":23,"covered":4,"skipped":0,"pct":17.39},"branches":{"total":9,"covered":2,"skipped":0,"pct":22.22}}
,"/home/runner/work/frontend/frontend/src/app/tasks/dialogs/task/task.dialog.ts": {"lines":{"total":65,"covered":4,"skipped":0,"pct":6.15},"functions":{"total":12,"covered":1,"skipped":0,"pct":8.33},"statements":{"total":71,"covered":4,"skipped":0,"pct":5.63},"branches":{"total":21,"covered":2,"skipped":0,"pct":9.52}}
,"/home/runner/work/frontend/frontend/src/app/tasks/enums/sprint-status.enum.ts": {"lines":{"total":4,"covered":4,"skipped":0,"pct":100},"functions":{"total":1,"covered":1,"skipped":0,"pct":100},"statements":{"total":4,"covered":4,"skipped":0,"pct":100},"branches":{"total":2,"covered":2,"skipped":0,"pct":100}}
,"/home/runner/work/frontend/frontend/src/app/tasks/enums/task-priority.enum.ts": {"lines":{"total":6,"covered":6,"skipped":0,"pct":100},"functions":{"total":1,"covered":1,"skipped":0,"pct":100},"statements":{"total":6,"covered":6,"skipped":0,"pct":100},"branches":{"total":2,"covered":2,"skipped":0,"pct":100}}
,"/home/runner/work/frontend/frontend/src/app/tasks/enums/task-type.enum.ts": {"lines":{"total":8,"covered":8,"skipped":0,"pct":100},"functions":{"total":1,"covered":1,"skipped":0,"pct":100},"statements":{"total":8,"covered":8,"skipped":0,"pct":100},"branches":{"total":2,"covered":2,"skipped":0,"pct":100}}
,"/home/runner/work/frontend/frontend/src/app/tasks/filters/task.filters.ts": {"lines":{"total":14,"covered":0,"skipped":0,"pct":0},"functions":{"total":17,"covered":0,"skipped":0,"pct":0},"statements":{"total":19,"covered":0,"skipped":0,"pct":0},"branches":{"total":5,"covered":0,"skipped":0,"pct":0}}
,"/home/runner/work/frontend/frontend/src/app/tasks/guards/active-sprint-exist.guard.ts": {"lines":{"total":12,"covered":1,"skipped":0,"pct":8.33},"functions":{"total":7,"covered":0,"skipped":0,"pct":0},"statements":{"total":14,"covered":1,"skipped":0,"pct":7.14},"branches":{"total":2,"covered":0,"skipped":0,"pct":0}}
,"/home/runner/work/frontend/frontend/src/app/tasks/pages/backlog/backlog.page.ts": {"lines":{"total":43,"covered":1,"skipped":0,"pct":2.32},"functions":{"total":16,"covered":0,"skipped":0,"pct":0},"statements":{"total":43,"covered":1,"skipped":0,"pct":2.32},"branches":{"total":1,"covered":0,"skipped":0,"pct":0}}
,"/home/runner/work/frontend/frontend/src/app/tasks/pages/project-about/project-about.page.ts": {"lines":{"total":11,"covered":1,"skipped":0,"pct":9.09},"functions":{"total":3,"covered":0,"skipped":0,"pct":0},"statements":{"total":11,"covered":1,"skipped":0,"pct":9.09},"branches":{"total":0,"covered":0,"skipped":0,"pct":100}}
,"/home/runner/work/frontend/frontend/src/app/tasks/pages/schedule/schedule.page.ts": {"lines":{"total":15,"covered":15,"skipped":0,"pct":100},"functions":{"total":2,"covered":2,"skipped":0,"pct":100},"statements":{"total":16,"covered":16,"skipped":0,"pct":100},"branches":{"total":0,"covered":0,"skipped":0,"pct":100}}
,"/home/runner/work/frontend/frontend/src/app/tasks/pages/sprint/sprint.page.ts": {"lines":{"total":47,"covered":1,"skipped":0,"pct":2.12},"functions":{"total":18,"covered":0,"skipped":0,"pct":0},"statements":{"total":48,"covered":1,"skipped":0,"pct":2.08},"branches":{"total":3,"covered":0,"skipped":0,"pct":0}}
,"/home/runner/work/frontend/frontend/src/app/tasks/pages/task/task.page.ts": {"lines":{"total":37,"covered":1,"skipped":0,"pct":2.7},"functions":{"total":15,"covered":0,"skipped":0,"pct":0},"statements":{"total":38,"covered":1,"skipped":0,"pct":2.63},"branches":{"total":4,"covered":0,"skipped":0,"pct":0}}
,"/home/runner/work/frontend/frontend/src/app/tasks/pipes/status-color.pipe.ts": {"lines":{"total":2,"covered":1,"skipped":0,"pct":50},"functions":{"total":1,"covered":0,"skipped":0,"pct":0},"statements":{"total":2,"covered":1,"skipped":0,"pct":50},"branches":{"total":0,"covered":0,"skipped":0,"pct":100}}
,"/home/runner/work/frontend/frontend/src/app/tasks/pipes/task-priority-icon.pipe.ts": {"lines":{"total":7,"covered":1,"skipped":0,"pct":14.28},"functions":{"total":1,"covered":0,"skipped":0,"pct":0},"statements":{"total":7,"covered":1,"skipped":0,"pct":14.28},"branches":{"total":5,"covered":0,"skipped":0,"pct":0}}
,"/home/runner/work/frontend/frontend/src/app/tasks/pipes/task-priority.pipe.ts": {"lines":{"total":7,"covered":1,"skipped":0,"pct":14.28},"functions":{"total":1,"covered":0,"skipped":0,"pct":0},"statements":{"total":7,"covered":1,"skipped":0,"pct":14.28},"branches":{"total":5,"covered":0,"skipped":0,"pct":0}}
,"/home/runner/work/frontend/frontend/src/app/tasks/pipes/task-type.pipe.ts": {"lines":{"total":9,"covered":1,"skipped":0,"pct":11.11},"functions":{"total":1,"covered":0,"skipped":0,"pct":0},"statements":{"total":9,"covered":1,"skipped":0,"pct":11.11},"branches":{"total":7,"covered":0,"skipped":0,"pct":0}}
,"/home/runner/work/frontend/frontend/src/app/tasks/pipes/member-color/member-color.pipe.ts": {"lines":{"total":5,"covered":1,"skipped":0,"pct":20},"functions":{"total":1,"covered":0,"skipped":0,"pct":0},"statements":{"total":6,"covered":1,"skipped":0,"pct":16.66},"branches":{"total":3,"covered":0,"skipped":0,"pct":0}}
,"/home/runner/work/frontend/frontend/src/app/tasks/pipes/task/task.pipe.ts": {"lines":{"total":4,"covered":1,"skipped":0,"pct":25},"functions":{"total":2,"covered":0,"skipped":0,"pct":0},"statements":{"total":5,"covered":1,"skipped":0,"pct":20},"branches":{"total":3,"covered":0,"skipped":0,"pct":0}}
,"/home/runner/work/frontend/frontend/src/app/tasks/pipes/task-property/task-property.pipe.ts": {"lines":{"total":3,"covered":1,"skipped":0,"pct":33.33},"functions":{"total":2,"covered":0,"skipped":0,"pct":0},"statements":{"total":3,"covered":1,"skipped":0,"pct":33.33},"branches":{"total":0,"covered":0,"skipped":0,"pct":100}}
,"/home/runner/work/frontend/frontend/src/app/tasks/pipes/time-track-duration/time-track-duration.pipe.ts": {"lines":{"total":7,"covered":1,"skipped":0,"pct":14.28},"functions":{"total":2,"covered":0,"skipped":0,"pct":0},"statements":{"total":8,"covered":1,"skipped":0,"pct":12.5},"branches":{"total":3,"covered":0,"skipped":0,"pct":0}}
,"/home/runner/work/frontend/frontend/src/app/tasks/pipes/time-track-timer/time-track-timer.pipe.ts": {"lines":{"total":5,"covered":1,"skipped":0,"pct":20},"functions":{"total":1,"covered":0,"skipped":0,"pct":0},"statements":{"total":5,"covered":1,"skipped":0,"pct":20},"branches":{"total":0,"covered":0,"skipped":0,"pct":100}}
,"/home/runner/work/frontend/frontend/src/app/tasks/pipes/time-tracks-total/time-tracks-total.pipe.ts": {"lines":{"total":9,"covered":1,"skipped":0,"pct":11.11},"functions":{"total":2,"covered":0,"skipped":0,"pct":0},"statements":{"total":10,"covered":1,"skipped":0,"pct":10},"branches":{"total":8,"covered":0,"skipped":0,"pct":0}}
,"/home/runner/work/frontend/frontend/src/app/tasks/services/sprint.service.ts": {"lines":{"total":32,"covered":3,"skipped":0,"pct":9.37},"functions":{"total":22,"covered":1,"skipped":0,"pct":4.54},"statements":{"total":35,"covered":4,"skipped":0,"pct":11.42},"branches":{"total":10,"covered":0,"skipped":0,"pct":0}}
,"/home/runner/work/frontend/frontend/src/app/tasks/services/comment/comment.service.ts": {"lines":{"total":9,"covered":1,"skipped":0,"pct":11.11},"functions":{"total":6,"covered":0,"skipped":0,"pct":0},"statements":{"total":10,"covered":1,"skipped":0,"pct":10},"branches":{"total":0,"covered":0,"skipped":0,"pct":100}}
,"/home/runner/work/frontend/frontend/src/app/tasks/services/status/status.service.ts": {"lines":{"total":37,"covered":12,"skipped":0,"pct":32.43},"functions":{"total":19,"covered":2,"skipped":0,"pct":10.52},"statements":{"total":41,"covered":12,"skipped":0,"pct":29.26},"branches":{"total":5,"covered":0,"skipped":0,"pct":0}}
,"/home/runner/work/frontend/frontend/src/app/tasks/services/task/task.proto.service.ts": {"lines":{"total":6,"covered":1,"skipped":0,"pct":16.66},"functions":{"total":1,"covered":0,"skipped":0,"pct":0},"statements":{"total":6,"covered":1,"skipped":0,"pct":16.66},"branches":{"total":0,"covered":0,"skipped":0,"pct":100}}
,"/home/runner/work/frontend/frontend/src/app/tasks/services/task/task.service.ts": {"lines":{"total":62,"covered":11,"skipped":0,"pct":17.74},"functions":{"total":34,"covered":3,"skipped":0,"pct":8.82},"statements":{"total":69,"covered":11,"skipped":0,"pct":15.94},"branches":{"total":14,"covered":0,"skipped":0,"pct":0}}
,"/home/runner/work/frontend/frontend/src/app/tasks/services/tracker/tracker.service.ts": {"lines":{"total":10,"covered":1,"skipped":0,"pct":10},"functions":{"total":8,"covered":0,"skipped":0,"pct":0},"statements":{"total":12,"covered":1,"skipped":0,"pct":8.33},"branches":{"total":1,"covered":0,"skipped":0,"pct":0}}
,"/home/runner/work/frontend/frontend/src/environments/environment.dev.ts": {"lines":{"total":1,"covered":1,"skipped":0,"pct":100},"functions":{"total":0,"covered":0,"skipped":0,"pct":100},"statements":{"total":1,"covered":1,"skipped":0,"pct":100},"branches":{"total":0,"covered":0,"skipped":0,"pct":100}}
,"/home/runner/work/frontend/frontend/src/environments/environment.ts": {"lines":{"total":1,"covered":1,"skipped":0,"pct":100},"functions":{"total":0,"covered":0,"skipped":0,"pct":100},"statements":{"total":1,"covered":1,"skipped":0,"pct":100},"branches":{"total":0,"covered":0,"skipped":0,"pct":100}}
}
