TN:
SF:src/polyfills.ts
FNF:0
FNH:0
DA:68,1
DA:69,1
DA:70,1
DA:71,1
DA:72,1
DA:73,1
DA:75,1
DA:76,1
LF:8
LH:8
BRDA:75,0,0,1
BRF:1
BRH:1
end_of_record
TN:
SF:src/app/app.component.ts
FN:20,(anonymous_0)
FN:29,(anonymous_1)
FNF:2
FNH:2
FNDA:3,(anonymous_0)
FNDA:3,(anonymous_1)
DA:14,1
DA:18,3
DA:21,3
DA:22,3
DA:23,3
DA:26,3
DA:29,3
DA:30,3
DA:34,3
DA:37,3
LF:10
LH:10
BRF:0
BRH:0
end_of_record
TN:
SF:src/app/_main/_main.module.ts
FN:237,(anonymous_0)
FNF:1
FNH:1
FNDA:26,(anonymous_0)
DA:88,1
DA:234,1
DA:238,26
DA:239,26
LF:4
LH:4
BRF:0
BRH:0
end_of_record
TN:
SF:src/app/_main/classes/form.class.ts
FN:6,validateForm
FN:13,validateControl
FN:25,connectFormToControl
FN:35,(anonymous_3)
FN:37,(anonymous_4)
FN:46,(anonymous_5)
FN:48,(anonymous_6)
FNF:7
FNH:0
FNDA:0,validateForm
FNDA:0,validateControl
FNDA:0,connectFormToControl
FNDA:0,(anonymous_3)
FNDA:0,(anonymous_4)
FNDA:0,(anonymous_5)
FNDA:0,(anonymous_6)
DA:7,0
DA:8,0
DA:9,0
DA:14,0
DA:15,0
DA:16,0
DA:30,0
DA:32,0
DA:35,0
DA:38,0
DA:39,0
DA:40,0
DA:43,0
DA:46,0
DA:49,0
DA:50,0
DA:51,0
LF:17
LH:0
BRF:0
BRH:0
end_of_record
TN:
SF:src/app/_main/classes/time-to-interaction.class.ts
FN:8,timeToInteraction
FN:15,(anonymous_1)
FN:19,(anonymous_2)
FN:21,(anonymous_3)
FNF:4
FNH:0
FNDA:0,timeToInteraction
FNDA:0,(anonymous_1)
FNDA:0,(anonymous_2)
FNDA:0,(anonymous_3)
DA:9,0
DA:11,0
DA:15,0
DA:19,0
DA:22,0
DA:23,0
DA:28,0
LF:7
LH:0
BRDA:8,0,0,0
BRF:1
BRH:0
end_of_record
TN:
SF:src/app/_main/classes/control-accessor/control-accessor.class.ts
FN:110,(anonymous_0)
FN:31,(anonymous_1)
FN:36,(anonymous_2)
FN:41,(anonymous_3)
FN:55,(anonymous_4)
FN:77,(anonymous_5)
FN:82,(anonymous_6)
FN:87,(anonymous_7)
FN:122,(anonymous_8)
FN:127,(anonymous_9)
FN:128,(anonymous_10)
FN:141,(anonymous_11)
FN:154,(anonymous_12)
FN:168,(anonymous_13)
FN:169,(anonymous_14)
FN:174,(anonymous_15)
FN:182,(anonymous_16)
FN:186,(anonymous_17)
FN:189,(anonymous_18)
FN:192,(anonymous_19)
FN:199,(anonymous_20)
FN:200,(anonymous_21)
FN:207,(anonymous_22)
FN:221,(anonymous_23)
FN:232,(anonymous_24)
FN:239,(anonymous_25)
FN:245,(anonymous_26)
FN:254,(anonymous_27)
FN:259,(anonymous_28)
FN:264,(anonymous_29)
FN:269,(anonymous_30)
FN:275,(anonymous_31)
FN:282,(anonymous_32)
FN:289,(anonymous_33)
FNF:34
FNH:30
FNDA:38,(anonymous_0)
FNDA:48,(anonymous_1)
FNDA:54,(anonymous_2)
FNDA:8,(anonymous_3)
FNDA:224,(anonymous_4)
FNDA:2,(anonymous_5)
FNDA:0,(anonymous_6)
FNDA:2,(anonymous_7)
FNDA:30,(anonymous_8)
FNDA:30,(anonymous_9)
FNDA:23,(anonymous_10)
FNDA:0,(anonymous_11)
FNDA:23,(anonymous_12)
FNDA:23,(anonymous_13)
FNDA:66,(anonymous_14)
FNDA:66,(anonymous_15)
FNDA:23,(anonymous_16)
FNDA:23,(anonymous_17)
FNDA:3,(anonymous_18)
FNDA:0,(anonymous_19)
FNDA:3,(anonymous_20)
FNDA:3,(anonymous_21)
FNDA:66,(anonymous_22)
FNDA:23,(anonymous_23)
FNDA:46,(anonymous_24)
FNDA:46,(anonymous_25)
FNDA:2,(anonymous_26)
FNDA:5,(anonymous_27)
FNDA:18,(anonymous_28)
FNDA:0,(anonymous_29)
FNDA:66,(anonymous_30)
FNDA:96,(anonymous_31)
FNDA:30,(anonymous_32)
FNDA:23,(anonymous_33)
DA:18,1
DA:25,38
DA:32,48
DA:37,54
DA:42,8
DA:50,38
DA:56,224
DA:64,38
DA:71,38
DA:74,38
DA:78,2
DA:83,0
DA:88,2
DA:95,38
DA:98,38
DA:101,38
DA:104,38
DA:114,38
DA:115,38
DA:117,38
DA:118,38
DA:123,30
DA:128,30
DA:129,23
DA:130,23
DA:131,23
DA:133,23
DA:136,30
DA:137,23
DA:140,7
DA:141,7
DA:142,0
DA:144,0
DA:145,0
DA:155,23
DA:157,19
DA:158,18
DA:159,18
DA:160,18
DA:162,0
DA:169,66
DA:170,23
DA:175,66
DA:176,23
DA:177,23
DA:182,23
DA:187,23
DA:189,3
DA:190,3
DA:192,3
DA:193,0
DA:194,0
DA:196,0
DA:199,3
DA:200,3
DA:201,1
DA:204,3
DA:208,66
DA:209,66
DA:210,66
DA:222,23
DA:223,23
DA:246,2
DA:255,5
DA:260,18
DA:265,0
DA:270,66
DA:271,66
DA:273,66
DA:275,96
DA:277,23
DA:283,30
DA:284,30
DA:285,30
LF:74
LH:65
BRDA:117,0,0,38
BRDA:37,1,0,54
BRDA:37,1,1,14
BRDA:56,2,0,224
BRDA:56,2,1,27
BRDA:136,3,0,23
BRDA:155,4,0,4
BRDA:158,5,0,18
BRDA:158,5,1,0
BRDA:175,6,0,43
BRDA:187,7,0,20
BRDA:187,8,0,23
BRDA:187,8,1,23
BRDA:193,9,0,0
BRDA:193,9,1,0
BRDA:200,10,0,1
BRDA:273,11,0,23
BRDA:274,12,0,66
BRDA:274,12,1,43
BRF:19
BRH:16
end_of_record
TN:
SF:src/app/_main/classes/dialog-ref/dialog-ref.class.ts
FN:24,(anonymous_1)
FN:39,(anonymous_2)
FN:47,(anonymous_3)
FN:54,(anonymous_4)
FN:61,(anonymous_5)
FN:68,(anonymous_6)
FN:76,(anonymous_7)
FN:85,(anonymous_8)
FN:90,(anonymous_9)
FN:95,(anonymous_10)
FN:100,(anonymous_11)
FNF:11
FNH:11
FNDA:2,(anonymous_1)
FNDA:1,(anonymous_2)
FNDA:1,(anonymous_3)
FNDA:1,(anonymous_4)
FNDA:1,(anonymous_5)
FNDA:1,(anonymous_6)
FNDA:1,(anonymous_7)
FNDA:1,(anonymous_8)
FNDA:1,(anonymous_9)
FNDA:1,(anonymous_10)
FNDA:3,(anonymous_11)
DA:9,10
DA:12,10
DA:15,10
DA:18,10
DA:25,2
DA:26,2
DA:27,2
DA:28,2
DA:30,2
DA:31,2
DA:32,2
DA:33,2
DA:40,1
DA:41,1
DA:48,1
DA:55,1
DA:62,1
DA:69,1
DA:77,1
DA:86,1
DA:91,1
DA:96,1
DA:101,3
LF:23
LH:23
BRF:0
BRH:0
end_of_record
TN:
SF:src/app/_main/classes/e-set/e-set.class.ts
FN:4,(anonymous_0)
FNF:1
FNH:1
FNDA:2,(anonymous_0)
DA:5,2
DA:6,1
DA:8,1
LF:3
LH:3
BRDA:5,0,0,1
BRDA:5,0,1,1
BRF:2
BRH:2
end_of_record
TN:
SF:src/app/_main/classes/enum/enum.class.ts
FN:12,(anonymous_0)
FN:13,(anonymous_1)
FN:28,(anonymous_2)
FN:29,(anonymous_3)
FN:44,(anonymous_4)
FN:50,(anonymous_5)
FN:51,(anonymous_6)
FN:66,(anonymous_7)
FN:72,(anonymous_8)
FN:73,(anonymous_9)
FN:82,(anonymous_10)
FN:83,(anonymous_11)
FNF:12
FNH:10
FNDA:6,(anonymous_0)
FNDA:21,(anonymous_1)
FNDA:2,(anonymous_2)
FNDA:9,(anonymous_3)
FNDA:2,(anonymous_4)
FNDA:6,(anonymous_5)
FNDA:3,(anonymous_6)
FNDA:2,(anonymous_7)
FNDA:6,(anonymous_8)
FNDA:3,(anonymous_9)
FNDA:0,(anonymous_10)
FNDA:0,(anonymous_11)
DA:13,21
DA:29,9
DA:45,2
DA:46,1
DA:49,1
DA:50,6
DA:51,3
DA:67,2
DA:68,1
DA:71,1
DA:72,6
DA:73,3
DA:83,0
LF:13
LH:12
BRDA:29,0,0,9
BRDA:29,0,1,6
BRDA:45,1,0,1
BRDA:67,2,0,1
BRF:4
BRH:4
end_of_record
TN:
SF:src/app/_main/classes/loader/loader.class.ts
FN:26,(anonymous_0)
FN:7,(anonymous_1)
FN:29,(anonymous_2)
FN:37,(anonymous_3)
FN:45,(anonymous_4)
FN:48,(anonymous_5)
FN:60,(anonymous_6)
FNF:7
FNH:6
FNDA:3,(anonymous_0)
FNDA:4,(anonymous_1)
FNDA:1,(anonymous_2)
FNDA:0,(anonymous_3)
FNDA:1,(anonymous_4)
FNDA:1,(anonymous_5)
FNDA:1,(anonymous_6)
DA:8,4
DA:15,3
DA:24,3
DA:26,3
DA:30,1
DA:32,1
DA:33,1
DA:36,1
DA:37,1
DA:38,0
DA:39,0
DA:46,1
DA:48,1
DA:49,1
DA:50,1
DA:51,1
DA:52,1
DA:56,1
DA:59,1
DA:60,1
DA:61,1
DA:64,0
LF:22
LH:19
BRDA:26,0,0,3
BRDA:30,1,0,0
BRDA:36,2,0,1
BRDA:38,3,0,0
BRDA:46,4,0,0
BRDA:51,5,0,1
BRDA:56,6,0,1
BRDA:56,6,1,0
BRDA:57,7,0,1
BRDA:57,7,1,0
BRDA:59,8,0,1
BRDA:59,8,1,0
BRF:12
BRH:6
end_of_record
TN:
SF:src/app/_main/classes/persistent-map/persistent-map.class.ts
FN:56,(anonymous_0)
FN:16,(anonymous_1)
FN:26,(anonymous_2)
FN:38,(anonymous_3)
FN:47,(anonymous_4)
FNF:5
FNH:1
FNDA:1,(anonymous_0)
FNDA:0,(anonymous_1)
FNDA:0,(anonymous_2)
FNDA:0,(anonymous_3)
FNDA:0,(anonymous_4)
DA:17,0
DA:18,0
DA:27,0
DA:28,0
DA:29,0
DA:39,0
DA:40,0
DA:41,0
DA:48,0
DA:54,1
DA:60,1
DA:66,1
DA:67,0
DA:68,0
DA:71,1
LF:15
LH:4
BRDA:61,0,0,0
BRDA:61,0,1,1
BRDA:61,1,0,1
BRDA:61,1,1,1
BRDA:66,2,0,0
BRF:5
BRH:3
end_of_record
TN:
SF:src/app/_main/classes/random/random.class.ts
FN:11,(anonymous_0)
FN:20,(anonymous_1)
FN:34,(anonymous_2)
FN:51,(anonymous_3)
FNF:4
FNH:4
FNDA:8,(anonymous_0)
FNDA:8,(anonymous_1)
FNDA:3,(anonymous_2)
FNDA:1,(anonymous_3)
DA:3,8
DA:4,8
DA:5,8
DA:12,8
DA:13,8
DA:21,8
DA:22,8
DA:23,8
DA:24,8
DA:25,8
DA:35,3
DA:36,3
DA:38,3
DA:39,2
DA:40,2
DA:42,1
DA:52,1
LF:17
LH:17
BRDA:11,0,0,1
BRDA:38,1,0,2
BRDA:38,1,1,1
BRF:3
BRH:3
end_of_record
TN:
SF:src/app/_main/classes/util/utils.class.ts
FN:16,(anonymous_0)
FN:27,(anonymous_1)
FN:41,(anonymous_2)
FN:52,(anonymous_3)
FNF:4
FNH:4
FNDA:3,(anonymous_0)
FNDA:2,(anonymous_1)
FNDA:9,(anonymous_2)
FNDA:4,(anonymous_3)
DA:17,3
DA:18,3
DA:28,2
DA:29,4
DA:30,1
DA:33,1
DA:42,9
DA:43,8
DA:53,4
DA:54,3
DA:55,2
DA:56,1
DA:58,1
DA:61,1
LF:14
LH:14
BRDA:16,0,0,3
BRDA:18,1,0,2
BRDA:18,1,1,1
BRDA:29,2,0,1
BRDA:42,3,0,1
BRDA:43,4,0,8
BRDA:43,4,1,5
BRDA:43,4,2,6
BRDA:43,4,3,2
BRDA:53,5,0,1
BRDA:54,6,0,2
BRDA:54,6,1,1
BRDA:54,7,0,3
BRDA:54,7,1,3
BRDA:55,8,0,1
BRDA:55,8,1,1
BRF:16
BRH:16
end_of_record
TN:
SF:src/app/_main/components/button/button.component.ts
FN:20,(anonymous_0)
FN:58,(anonymous_1)
FN:59,(anonymous_2)
FN:64,(anonymous_3)
FNF:4
FNH:4
FNDA:28,(anonymous_0)
FNDA:1,(anonymous_1)
FNDA:1,(anonymous_2)
FNDA:23,(anonymous_3)
DA:20,1
DA:24,28
DA:29,28
DA:36,28
DA:41,28
DA:53,28
DA:59,1
DA:60,1
DA:65,23
DA:66,3
DA:67,0
DA:69,3
LF:12
LH:11
BRDA:65,0,0,3
BRDA:65,1,0,23
BRDA:65,1,1,23
BRDA:66,2,0,0
BRDA:66,2,1,3
BRDA:66,3,0,3
BRDA:66,3,1,3
BRF:7
BRH:6
end_of_record
TN:
SF:src/app/_main/components/card/card.component.ts
FNF:0
FNH:0
DA:11,1
LF:1
LH:1
BRF:0
BRH:0
end_of_record
TN:
SF:src/app/_main/components/checkbox/checkbox.component.ts
FNF:0
FNH:0
DA:12,1
LF:1
LH:1
BRF:0
BRH:0
end_of_record
TN:
SF:src/app/_main/components/color/color.component.ts
FN:13,(anonymous_0)
FN:17,(anonymous_1)
FN:21,(anonymous_2)
FN:34,(anonymous_3)
FNF:4
FNH:0
FNDA:0,(anonymous_0)
FNDA:0,(anonymous_1)
FNDA:0,(anonymous_2)
FNDA:0,(anonymous_3)
DA:13,1
DA:18,0
DA:19,0
DA:22,0
DA:26,0
DA:29,0
DA:35,0
LF:7
LH:1
BRF:0
BRH:0
end_of_record
TN:
SF:src/app/_main/components/dialog-outlet/dialog-outlet.component.ts
FN:30,(anonymous_0)
FN:23,(anonymous_1)
FN:38,(anonymous_2)
FN:45,(anonymous_3)
FN:58,(anonymous_4)
FN:69,(anonymous_5)
FN:71,(anonymous_6)
FN:83,(anonymous_7)
FN:96,(anonymous_8)
FN:103,(anonymous_9)
FNF:10
FNH:1
FNDA:1,(anonymous_0)
FNDA:0,(anonymous_1)
FNDA:0,(anonymous_2)
FNDA:0,(anonymous_3)
FNDA:0,(anonymous_4)
FNDA:0,(anonymous_5)
FNDA:0,(anonymous_6)
FNDA:0,(anonymous_7)
FNDA:0,(anonymous_8)
FNDA:0,(anonymous_9)
DA:16,1
DA:24,0
DA:28,1
DA:30,1
DA:39,0
DA:40,0
DA:42,0
DA:46,0
DA:49,0
DA:50,0
DA:59,0
DA:60,0
DA:61,0
DA:63,0
DA:70,0
DA:71,0
DA:72,0
DA:73,0
DA:84,0
DA:97,0
DA:104,0
LF:21
LH:3
BRF:0
BRH:0
end_of_record
TN:
SF:src/app/_main/components/filters/filter-channel.model.ts
FN:20,createChannel
FN:26,(anonymous_1)
FN:33,(anonymous_2)
FN:35,(anonymous_3)
FN:41,(anonymous_4)
FNF:5
FNH:2
FNDA:1,createChannel
FNDA:1,(anonymous_1)
FNDA:0,(anonymous_2)
FNDA:0,(anonymous_3)
FNDA:0,(anonymous_4)
DA:9,1
DA:25,1
DA:26,1
DA:27,1
DA:29,1
DA:33,1
DA:34,0
DA:36,0
DA:41,1
DA:42,0
DA:48,1
DA:50,1
LF:12
LH:9
BRF:0
BRH:0
end_of_record
TN:
SF:src/app/_main/components/filters/filters.component.ts
FN:28,(anonymous_0)
FN:29,(anonymous_1)
FN:44,(anonymous_2)
FNF:3
FNH:0
FNDA:0,(anonymous_0)
FNDA:0,(anonymous_1)
FNDA:0,(anonymous_2)
DA:14,1
DA:29,0
DA:30,0
DA:32,0
DA:38,0
DA:45,0
DA:46,0
DA:48,0
LF:8
LH:1
BRF:0
BRH:0
end_of_record
TN:
SF:src/app/_main/components/icon/icon.component.ts
FN:15,(anonymous_0)
FN:36,(anonymous_1)
FN:53,(anonymous_2)
FN:60,(anonymous_3)
FN:67,(anonymous_4)
FN:74,(anonymous_5)
FN:84,(anonymous_6)
FN:114,(anonymous_7)
FNF:8
FNH:8
FNDA:24,(anonymous_0)
FNDA:21,(anonymous_1)
FNDA:2,(anonymous_2)
FNDA:58,(anonymous_3)
FNDA:58,(anonymous_4)
FNDA:54,(anonymous_5)
FNDA:58,(anonymous_6)
FNDA:5,(anonymous_7)
DA:15,1
DA:20,24
DA:37,21
DA:39,21
DA:40,1
DA:42,1
DA:43,1
DA:45,20
DA:46,20
DA:54,2
DA:61,58
DA:68,58
DA:75,54
DA:76,12
DA:78,42
DA:85,58
DA:96,24
DA:101,24
DA:106,24
DA:115,5
LF:20
LH:20
BRDA:39,0,0,1
BRDA:39,0,1,20
BRDA:75,1,0,12
BRF:3
BRH:3
end_of_record
TN:
SF:src/app/_main/components/input/input.component.ts
FN:66,(anonymous_0)
FN:74,(anonymous_1)
FN:75,(anonymous_2)
FN:81,(anonymous_3)
FN:87,(anonymous_4)
FN:92,(anonymous_5)
FN:97,(anonymous_6)
FNF:7
FNH:4
FNDA:19,(anonymous_0)
FNDA:19,(anonymous_1)
FNDA:0,(anonymous_2)
FNDA:0,(anonymous_3)
FNDA:0,(anonymous_4)
FNDA:18,(anonymous_5)
FNDA:18,(anonymous_6)
DA:25,1
DA:27,19
DA:36,19
DA:51,19
DA:55,19
DA:58,19
DA:64,19
DA:67,19
DA:68,19
DA:71,19
DA:75,19
DA:76,0
DA:82,0
DA:83,0
DA:88,0
DA:89,0
DA:93,18
DA:94,18
DA:98,18
DA:99,0
DA:101,18
LF:21
LH:15
BRDA:98,0,0,0
BRDA:99,1,0,0
BRDA:99,1,1,0
BRF:3
BRH:0
end_of_record
TN:
SF:src/app/_main/components/input-color/input-color.component.ts
FN:18,(anonymous_0)
FN:27,(anonymous_1)
FN:37,(anonymous_2)
FN:44,(anonymous_3)
FN:46,(anonymous_4)
FN:51,(anonymous_5)
FNF:6
FNH:0
FNDA:0,(anonymous_0)
FNDA:0,(anonymous_1)
FNDA:0,(anonymous_2)
FNDA:0,(anonymous_3)
FNDA:0,(anonymous_4)
FNDA:0,(anonymous_5)
DA:18,1
DA:22,0
DA:23,0
DA:28,0
DA:29,0
DA:30,0
DA:32,0
DA:33,0
DA:36,0
DA:37,0
DA:38,0
DA:39,0
DA:41,0
DA:44,0
DA:47,0
DA:48,0
DA:49,0
DA:51,0
DA:52,0
DA:53,0
DA:54,0
DA:55,0
DA:56,0
DA:57,0
LF:24
LH:1
BRDA:28,0,0,0
BRDA:28,0,1,0
BRDA:52,1,0,0
BRF:3
BRH:0
end_of_record
TN:
SF:src/app/_main/components/input-date-time/input-date-time.component.ts
FN:61,(anonymous_0)
FN:65,(anonymous_1)
FN:70,(anonymous_2)
FN:71,(anonymous_3)
FN:74,(anonymous_4)
FN:83,(anonymous_5)
FN:87,(anonymous_6)
FN:95,(anonymous_7)
FN:101,(anonymous_8)
FN:103,(anonymous_9)
FN:104,(anonymous_10)
FN:111,(anonymous_11)
FN:119,(anonymous_12)
FN:132,(anonymous_13)
FN:137,(anonymous_14)
FNF:15
FNH:3
FNDA:1,(anonymous_0)
FNDA:1,(anonymous_1)
FNDA:0,(anonymous_2)
FNDA:0,(anonymous_3)
FNDA:0,(anonymous_4)
FNDA:0,(anonymous_5)
FNDA:0,(anonymous_6)
FNDA:0,(anonymous_7)
FNDA:0,(anonymous_8)
FNDA:0,(anonymous_9)
FNDA:0,(anonymous_10)
FNDA:0,(anonymous_11)
FNDA:0,(anonymous_12)
FNDA:1,(anonymous_13)
FNDA:0,(anonymous_14)
DA:22,1
DA:27,1
DA:45,1
DA:48,1
DA:54,1
DA:56,1
DA:59,1
DA:61,1
DA:62,1
DA:66,1
DA:68,1
DA:70,0
DA:71,0
DA:75,0
DA:84,0
DA:88,0
DA:95,0
DA:102,0
DA:103,0
DA:104,0
DA:112,0
DA:120,0
DA:122,0
DA:123,0
DA:133,1
DA:134,0
DA:138,0
DA:139,0
DA:140,0
DA:141,0
LF:30
LH:12
BRDA:89,0,0,0
BRDA:89,0,1,0
BRDA:89,0,2,0
BRDA:89,0,3,0
BRDA:122,1,0,0
BRDA:133,2,0,1
BRDA:140,3,0,0
BRF:7
BRH:1
end_of_record
TN:
SF:src/app/_main/components/input-date-time/date-picker/date-picker.component.ts
FN:16,(anonymous_0)
FN:52,(anonymous_1)
FN:53,(anonymous_2)
FN:87,(anonymous_3)
FN:95,(anonymous_4)
FN:103,(anonymous_5)
FN:115,(anonymous_6)
FN:127,(anonymous_7)
FN:140,(anonymous_8)
FN:147,(anonymous_9)
FNF:10
FNH:0
FNDA:0,(anonymous_0)
FNDA:0,(anonymous_1)
FNDA:0,(anonymous_2)
FNDA:0,(anonymous_3)
FNDA:0,(anonymous_4)
FNDA:0,(anonymous_5)
FNDA:0,(anonymous_6)
FNDA:0,(anonymous_7)
FNDA:0,(anonymous_8)
FNDA:0,(anonymous_9)
DA:16,1
DA:20,0
DA:25,0
DA:28,0
DA:31,0
DA:34,0
DA:37,0
DA:43,0
DA:46,0
DA:49,0
DA:53,0
DA:54,0
DA:55,0
DA:57,0
DA:60,0
DA:62,0
DA:63,0
DA:64,0
DA:65,0
DA:75,0
DA:77,0
DA:81,0
DA:88,0
DA:89,0
DA:96,0
DA:97,0
DA:104,0
DA:105,0
DA:107,0
DA:116,0
DA:117,0
DA:118,0
DA:120,0
DA:128,0
DA:129,0
DA:130,0
DA:131,0
DA:134,0
DA:135,0
DA:137,0
DA:141,0
DA:142,0
DA:143,0
DA:148,0
DA:150,0
DA:151,0
DA:153,0
LF:47
LH:1
BRDA:28,0,0,0
BRDA:28,0,1,0
BRDA:68,1,0,0
BRDA:68,1,1,0
BRDA:72,2,0,0
BRDA:72,2,1,0
BRDA:116,3,0,0
BRDA:116,3,1,0
BRDA:128,4,0,0
BRDA:128,4,1,0
BRDA:130,5,0,0
BRDA:141,6,0,0
BRDA:150,7,0,0
BRDA:150,8,0,0
BRDA:150,8,1,0
BRF:15
BRH:0
end_of_record
TN:
SF:src/app/_main/components/input-date-time/date-time-picker/date-time-picker.component.ts
FNF:0
FNH:0
DA:11,1
LF:1
LH:1
BRF:0
BRH:0
end_of_record
TN:
SF:src/app/_main/components/input-date-time/time-picker/time-picker.component.ts
FN:13,(anonymous_0)
FN:24,(anonymous_1)
FN:33,(anonymous_2)
FN:37,(anonymous_3)
FN:42,(anonymous_4)
FN:46,(anonymous_5)
FN:51,(anonymous_6)
FN:56,(anonymous_7)
FN:61,(anonymous_8)
FN:66,(anonymous_9)
FN:74,(anonymous_10)
FN:80,(anonymous_11)
FN:86,(anonymous_12)
FN:92,(anonymous_13)
FNF:14
FNH:0
FNDA:0,(anonymous_0)
FNDA:0,(anonymous_1)
FNDA:0,(anonymous_2)
FNDA:0,(anonymous_3)
FNDA:0,(anonymous_4)
FNDA:0,(anonymous_5)
FNDA:0,(anonymous_6)
FNDA:0,(anonymous_7)
FNDA:0,(anonymous_8)
FNDA:0,(anonymous_9)
FNDA:0,(anonymous_10)
FNDA:0,(anonymous_11)
FNDA:0,(anonymous_12)
FNDA:0,(anonymous_13)
DA:13,1
DA:14,0
DA:17,0
DA:20,0
DA:22,0
DA:25,0
DA:27,0
DA:28,0
DA:30,0
DA:34,0
DA:35,0
DA:38,0
DA:43,0
DA:47,0
DA:48,0
DA:52,0
DA:53,0
DA:57,0
DA:58,0
DA:62,0
DA:63,0
DA:67,0
DA:68,0
DA:69,0
DA:71,0
DA:75,0
DA:76,0
DA:77,0
DA:81,0
DA:82,0
DA:83,0
DA:87,0
DA:88,0
DA:93,0
DA:94,0
DA:95,0
LF:36
LH:1
BRDA:14,0,0,0
BRDA:14,0,1,0
BRDA:67,1,0,0
BRDA:67,1,1,0
BRDA:87,2,0,0
BRDA:94,3,0,0
BRF:6
BRH:0
end_of_record
TN:
SF:src/app/_main/components/input-file/input-file.component.ts
FN:11,(anonymous_0)
FN:27,(anonymous_1)
FN:40,(anonymous_2)
FN:44,(anonymous_3)
FN:49,(anonymous_4)
FNF:5
FNH:0
FNDA:0,(anonymous_0)
FNDA:0,(anonymous_1)
FNDA:0,(anonymous_2)
FNDA:0,(anonymous_3)
FNDA:0,(anonymous_4)
DA:11,1
DA:19,0
DA:22,0
DA:25,0
DA:28,0
DA:30,0
DA:32,0
DA:33,0
DA:34,0
DA:35,0
DA:36,0
DA:41,0
DA:45,0
DA:46,0
DA:50,0
DA:52,0
DA:53,0
DA:55,0
LF:18
LH:1
BRDA:30,0,0,0
BRDA:33,1,0,0
BRDA:33,2,0,0
BRDA:33,2,1,0
BRDA:52,3,0,0
BRDA:52,3,1,0
BRF:6
BRH:0
end_of_record
TN:
SF:src/app/_main/components/loader/loader.component.ts
FN:11,(anonymous_0)
FNF:1
FNH:0
FNDA:0,(anonymous_0)
DA:11,1
DA:13,0
LF:2
LH:1
BRF:0
BRH:0
end_of_record
TN:
SF:src/app/_main/components/main-view/main-view.component.ts
FN:29,(anonymous_0)
FN:35,(anonymous_1)
FN:39,(anonymous_2)
FNF:3
FNH:3
FNDA:1,(anonymous_0)
FNDA:1,(anonymous_1)
FNDA:1,(anonymous_2)
DA:16,1
DA:18,1
DA:21,1
DA:24,1
DA:27,1
DA:30,1
DA:31,1
DA:32,1
DA:36,1
DA:37,1
DA:39,1
DA:40,1
DA:42,0
LF:13
LH:12
BRDA:40,0,0,1
BRF:1
BRH:1
end_of_record
TN:
SF:src/app/_main/components/nav-element/nav-element.component.ts
FN:54,(anonymous_0)
FN:56,(anonymous_1)
FN:58,(anonymous_2)
FN:66,(anonymous_3)
FN:70,(anonymous_4)
FN:78,(anonymous_5)
FN:81,(anonymous_6)
FN:90,(anonymous_7)
FNF:8
FNH:3
FNDA:1,(anonymous_0)
FNDA:1,(anonymous_1)
FNDA:1,(anonymous_2)
FNDA:0,(anonymous_3)
FNDA:0,(anonymous_4)
FNDA:0,(anonymous_5)
FNDA:0,(anonymous_6)
FNDA:0,(anonymous_7)
DA:14,1
DA:34,1
DA:39,1
DA:44,1
DA:52,1
DA:57,1
DA:58,1
DA:59,1
DA:67,0
DA:69,0
DA:70,0
DA:71,0
DA:79,0
DA:81,0
DA:82,0
DA:83,0
DA:91,0
DA:92,0
DA:94,0
LF:19
LH:8
BRDA:91,0,0,0
BRDA:91,0,1,0
BRF:2
BRH:0
end_of_record
TN:
SF:src/app/_main/components/nav-element-workspace/nav-element-workspace.component.ts
FN:46,(anonymous_0)
FN:54,(anonymous_1)
FN:59,(anonymous_2)
FN:64,(anonymous_3)
FN:72,(anonymous_4)
FN:73,(anonymous_5)
FN:79,(anonymous_6)
FN:82,(anonymous_7)
FN:86,(anonymous_8)
FN:89,(anonymous_9)
FN:93,(anonymous_10)
FN:96,(anonymous_11)
FN:102,(anonymous_12)
FN:105,(anonymous_13)
FN:109,(anonymous_14)
FN:110,(anonymous_15)
FN:111,(anonymous_16)
FN:118,(anonymous_17)
FN:121,(anonymous_18)
FN:125,(anonymous_19)
FN:126,(anonymous_20)
FN:127,(anonymous_21)
FN:134,(anonymous_22)
FN:139,(anonymous_23)
FN:147,(anonymous_24)
FNF:25
FNH:3
FNDA:1,(anonymous_0)
FNDA:0,(anonymous_1)
FNDA:0,(anonymous_2)
FNDA:0,(anonymous_3)
FNDA:1,(anonymous_4)
FNDA:1,(anonymous_5)
FNDA:0,(anonymous_6)
FNDA:0,(anonymous_7)
FNDA:0,(anonymous_8)
FNDA:0,(anonymous_9)
FNDA:0,(anonymous_10)
FNDA:0,(anonymous_11)
FNDA:0,(anonymous_12)
FNDA:0,(anonymous_13)
FNDA:0,(anonymous_14)
FNDA:0,(anonymous_15)
FNDA:0,(anonymous_16)
FNDA:0,(anonymous_17)
FNDA:0,(anonymous_18)
FNDA:0,(anonymous_19)
FNDA:0,(anonymous_20)
FNDA:0,(anonymous_21)
FNDA:0,(anonymous_22)
FNDA:0,(anonymous_23)
FNDA:0,(anonymous_24)
DA:19,1
DA:26,1
DA:29,1
DA:32,1
DA:35,1
DA:38,1
DA:41,1
DA:47,1
DA:48,1
DA:49,1
DA:50,1
DA:55,0
DA:60,0
DA:65,0
DA:66,0
DA:68,0
DA:73,1
DA:74,1
DA:80,0
DA:82,0
DA:87,0
DA:89,0
DA:94,0
DA:97,0
DA:103,0
DA:105,0
DA:110,0
DA:111,0
DA:112,0
DA:119,0
DA:121,0
DA:126,0
DA:127,0
DA:128,0
DA:135,0
DA:140,0
DA:148,0
LF:37
LH:13
BRDA:65,0,0,0
BRDA:65,0,1,0
BRF:2
BRH:0
end_of_record
TN:
SF:src/app/_main/components/pill/pill.component.ts
FN:11,(anonymous_0)
FNF:1
FNH:0
FNDA:0,(anonymous_0)
DA:11,1
DA:13,0
LF:2
LH:1
BRF:0
BRH:0
end_of_record
TN:
SF:src/app/_main/components/select/select.component.ts
FN:77,(anonymous_0)
FN:84,(anonymous_1)
FN:92,(anonymous_2)
FN:99,(anonymous_3)
FN:108,(anonymous_4)
FN:111,(anonymous_5)
FN:114,(anonymous_6)
FN:121,(anonymous_7)
FN:129,(anonymous_8)
FN:132,(anonymous_9)
FN:133,(anonymous_10)
FN:148,(anonymous_11)
FN:161,(anonymous_12)
FN:164,(anonymous_13)
FN:170,(anonymous_14)
FN:187,(anonymous_15)
FN:192,(anonymous_16)
FN:200,(anonymous_17)
FN:202,(anonymous_18)
FN:210,(anonymous_19)
FN:221,(anonymous_20)
FN:235,(anonymous_21)
FN:237,(anonymous_22)
FN:237,(anonymous_23)
FN:239,(anonymous_24)
FN:249,(anonymous_25)
FN:263,(anonymous_26)
FN:264,(anonymous_27)
FN:272,(anonymous_28)
FN:273,(anonymous_29)
FN:278,(anonymous_30)
FNF:31
FNH:7
FNDA:4,(anonymous_0)
FNDA:0,(anonymous_1)
FNDA:0,(anonymous_2)
FNDA:0,(anonymous_3)
FNDA:4,(anonymous_4)
FNDA:0,(anonymous_5)
FNDA:0,(anonymous_6)
FNDA:0,(anonymous_7)
FNDA:4,(anonymous_8)
FNDA:14,(anonymous_9)
FNDA:0,(anonymous_10)
FNDA:4,(anonymous_11)
FNDA:0,(anonymous_12)
FNDA:0,(anonymous_13)
FNDA:0,(anonymous_14)
FNDA:0,(anonymous_15)
FNDA:0,(anonymous_16)
FNDA:0,(anonymous_17)
FNDA:0,(anonymous_18)
FNDA:0,(anonymous_19)
FNDA:0,(anonymous_20)
FNDA:14,(anonymous_21)
FNDA:0,(anonymous_22)
FNDA:0,(anonymous_23)
FNDA:0,(anonymous_24)
FNDA:0,(anonymous_25)
FNDA:0,(anonymous_26)
FNDA:0,(anonymous_27)
FNDA:0,(anonymous_28)
FNDA:0,(anonymous_29)
FNDA:3,(anonymous_30)
DA:32,1
DA:49,4
DA:64,4
DA:67,4
DA:69,4
DA:72,4
DA:75,4
DA:78,4
DA:85,0
DA:86,0
DA:93,0
DA:100,0
DA:102,0
DA:103,0
DA:105,0
DA:109,4
DA:111,4
DA:112,0
DA:114,0
DA:115,0
DA:116,0
DA:121,4
DA:122,0
DA:130,4
DA:132,4
DA:133,14
DA:134,0
DA:137,14
DA:138,0
DA:142,4
DA:149,4
DA:150,4
DA:151,14
DA:154,4
DA:162,0
DA:164,0
DA:165,0
DA:166,0
DA:169,0
DA:170,0
DA:171,0
DA:172,0
DA:175,0
DA:176,0
DA:177,0
DA:178,0
DA:179,0
DA:188,0
DA:189,0
DA:190,0
DA:192,0
DA:201,0
DA:202,0
DA:204,0
DA:205,0
DA:206,0
DA:207,0
DA:210,0
DA:212,0
DA:213,0
DA:222,0
DA:223,0
DA:225,0
DA:236,14
DA:237,0
DA:238,14
DA:239,0
DA:241,14
DA:250,0
DA:251,0
DA:253,0
DA:254,0
DA:257,0
DA:264,0
DA:265,0
DA:273,0
DA:274,0
DA:279,3
DA:281,3
DA:282,3
LF:80
LH:26
BRDA:100,0,0,0
BRDA:102,1,0,0
BRDA:115,2,0,0
BRDA:137,3,0,0
BRDA:149,4,0,4
BRDA:169,5,0,0
BRDA:169,5,1,0
BRDA:171,6,0,0
BRDA:176,7,0,0
BRDA:176,7,1,0
BRDA:178,8,0,0
BRDA:178,9,0,0
BRDA:178,9,1,0
BRDA:189,10,0,0
BRDA:189,10,1,0
BRDA:204,11,0,0
BRDA:212,12,0,0
BRDA:222,13,0,0
BRDA:222,13,1,0
BRDA:236,14,0,0
BRDA:236,14,1,14
BRDA:236,15,0,14
BRDA:236,15,1,0
BRDA:238,16,0,0
BRDA:238,16,1,14
BRDA:250,17,0,0
BRDA:250,17,1,0
BRDA:281,18,0,3
BRF:28
BRH:5
end_of_record
TN:
SF:src/app/_main/components/select/empty-options/empty-options.component.ts
FN:11,(anonymous_0)
FN:18,(anonymous_1)
FN:25,(anonymous_2)
FNF:3
FNH:0
FNDA:0,(anonymous_0)
FNDA:0,(anonymous_1)
FNDA:0,(anonymous_2)
DA:11,1
DA:13,0
DA:19,0
DA:26,0
LF:4
LH:1
BRF:0
BRH:0
end_of_record
TN:
SF:src/app/_main/components/select/option/option.component.ts
FN:36,(anonymous_0)
FN:29,(anonymous_1)
FNF:2
FNH:1
FNDA:15,(anonymous_0)
FNDA:0,(anonymous_1)
DA:12,1
DA:23,15
DA:26,15
DA:30,0
DA:33,0
DA:36,15
LF:6
LH:4
BRDA:30,0,0,0
BRF:1
BRH:0
end_of_record
TN:
SF:src/app/_main/components/sidebar-navigation/sidebar-navigation.component.ts
FN:77,(anonymous_0)
FN:41,(anonymous_1)
FN:73,(anonymous_2)
FN:85,(anonymous_3)
FN:93,(anonymous_4)
FN:104,(anonymous_5)
FN:111,(anonymous_6)
FN:119,(anonymous_7)
FN:122,(anonymous_8)
FN:129,(anonymous_9)
FN:132,(anonymous_10)
FN:139,(anonymous_11)
FN:142,(anonymous_12)
FN:149,(anonymous_13)
FN:152,(anonymous_14)
FN:159,(anonymous_15)
FN:160,(anonymous_16)
FN:161,(anonymous_17)
FN:171,(anonymous_18)
FN:174,(anonymous_19)
FN:181,(anonymous_20)
FN:182,(anonymous_21)
FN:183,(anonymous_22)
FN:193,(anonymous_23)
FN:201,(anonymous_24)
FN:212,(anonymous_25)
FNF:26
FNH:3
FNDA:1,(anonymous_0)
FNDA:2,(anonymous_1)
FNDA:0,(anonymous_2)
FNDA:1,(anonymous_3)
FNDA:0,(anonymous_4)
FNDA:0,(anonymous_5)
FNDA:0,(anonymous_6)
FNDA:0,(anonymous_7)
FNDA:0,(anonymous_8)
FNDA:0,(anonymous_9)
FNDA:0,(anonymous_10)
FNDA:0,(anonymous_11)
FNDA:0,(anonymous_12)
FNDA:0,(anonymous_13)
FNDA:0,(anonymous_14)
FNDA:0,(anonymous_15)
FNDA:0,(anonymous_16)
FNDA:0,(anonymous_17)
FNDA:0,(anonymous_18)
FNDA:0,(anonymous_19)
FNDA:0,(anonymous_20)
FNDA:0,(anonymous_21)
FNDA:0,(anonymous_22)
FNDA:0,(anonymous_23)
FNDA:0,(anonymous_24)
FNDA:0,(anonymous_25)
DA:26,1
DA:37,1
DA:42,2
DA:43,2
DA:44,1
DA:50,1
DA:53,1
DA:56,1
DA:59,1
DA:62,1
DA:65,1
DA:68,1
DA:71,1
DA:74,0
DA:78,1
DA:79,1
DA:80,1
DA:81,1
DA:82,1
DA:86,1
DA:87,1
DA:94,0
DA:95,0
DA:97,0
DA:105,0
DA:112,0
DA:120,0
DA:122,0
DA:130,0
DA:132,0
DA:140,0
DA:142,0
DA:150,0
DA:152,0
DA:160,0
DA:161,0
DA:162,0
DA:172,0
DA:174,0
DA:182,0
DA:183,0
DA:184,0
DA:194,0
DA:202,0
DA:213,0
LF:45
LH:20
BRDA:43,0,0,1
BRDA:43,1,0,0
BRDA:43,1,1,1
BRDA:45,2,0,0
BRDA:45,2,1,1
BRDA:45,3,0,0
BRDA:45,3,1,0
BRDA:94,4,0,0
BRDA:94,4,1,0
BRF:9
BRH:3
end_of_record
TN:
SF:src/app/_main/components/sidebar-navigation/sidebar-entry/sidebar-entry.component.ts
FN:12,(anonymous_0)
FN:29,(anonymous_1)
FN:34,(anonymous_2)
FN:48,(anonymous_3)
FNF:4
FNH:0
FNDA:0,(anonymous_0)
FNDA:0,(anonymous_1)
FNDA:0,(anonymous_2)
FNDA:0,(anonymous_3)
DA:12,1
DA:14,0
DA:18,0
DA:20,0
DA:22,0
DA:24,0
DA:30,0
DA:35,0
DA:39,0
DA:42,0
DA:45,0
DA:49,0
LF:12
LH:1
BRDA:30,0,0,0
BRDA:30,0,1,0
BRF:2
BRH:0
end_of_record
TN:
SF:src/app/_main/components/sidebar-navigation/sidebar-group/sidebar-group.component.ts
FN:12,(anonymous_0)
FNF:1
FNH:0
FNDA:0,(anonymous_0)
DA:12,1
DA:16,0
LF:2
LH:1
BRF:0
BRH:0
end_of_record
TN:
SF:src/app/_main/components/snackbar/snackbar.component.ts
FN:50,(anonymous_0)
FN:35,(anonymous_1)
FN:52,(anonymous_2)
FN:53,(anonymous_3)
FN:59,(anonymous_4)
FN:61,(anonymous_5)
FN:67,(anonymous_6)
FNF:7
FNH:3
FNDA:1,(anonymous_0)
FNDA:2,(anonymous_1)
FNDA:1,(anonymous_2)
FNDA:0,(anonymous_3)
FNDA:0,(anonymous_4)
FNDA:0,(anonymous_5)
FNDA:0,(anonymous_6)
DA:15,1
DA:17,1
DA:20,1
DA:26,1
DA:29,1
DA:32,1
DA:36,2
DA:38,2
DA:40,0
DA:42,0
DA:44,0
DA:46,0
DA:50,1
DA:53,1
DA:54,0
DA:60,0
DA:61,0
DA:62,0
DA:68,0
LF:19
LH:10
BRDA:36,0,0,2
BRDA:36,0,1,0
BRDA:36,0,2,0
BRDA:36,0,3,0
BRDA:36,0,4,0
BRF:5
BRH:1
end_of_record
TN:
SF:src/app/_main/components/snackbar-outlet/snackbar-outlet.component.ts
FN:19,(anonymous_0)
FN:27,(anonymous_1)
FNF:2
FNH:1
FNDA:2,(anonymous_0)
FNDA:0,(anonymous_1)
DA:13,1
DA:17,2
DA:19,2
DA:28,0
LF:4
LH:3
BRF:0
BRH:0
end_of_record
TN:
SF:src/app/_main/components/tabs/tabs.component.ts
FNF:0
FNH:0
DA:11,1
LF:1
LH:1
BRF:0
BRH:0
end_of_record
TN:
SF:src/app/_main/components/tabs/tab/tab.component.ts
FNF:0
FNH:0
DA:11,1
LF:1
LH:1
BRF:0
BRH:0
end_of_record
TN:
SF:src/app/_main/components/textarea/textarea.component.ts
FN:25,(anonymous_0)
FN:102,(anonymous_1)
FN:108,(anonymous_2)
FN:110,(anonymous_3)
FN:130,(anonymous_4)
FN:134,(anonymous_5)
FN:140,(anonymous_6)
FN:147,(anonymous_7)
FN:151,(anonymous_8)
FN:159,(anonymous_9)
FN:167,(anonymous_10)
FN:175,(anonymous_11)
FN:183,(anonymous_12)
FN:193,(anonymous_13)
FN:203,(anonymous_14)
FN:210,(anonymous_15)
FN:218,(anonymous_16)
FNF:17
FNH:3
FNDA:1,(anonymous_0)
FNDA:1,(anonymous_1)
FNDA:1,(anonymous_2)
FNDA:0,(anonymous_3)
FNDA:0,(anonymous_4)
FNDA:0,(anonymous_5)
FNDA:0,(anonymous_6)
FNDA:0,(anonymous_7)
FNDA:0,(anonymous_8)
FNDA:0,(anonymous_9)
FNDA:0,(anonymous_10)
FNDA:0,(anonymous_11)
FNDA:0,(anonymous_12)
FNDA:0,(anonymous_13)
FNDA:0,(anonymous_14)
FNDA:0,(anonymous_15)
FNDA:0,(anonymous_16)
DA:25,1
DA:39,1
DA:46,1
DA:48,1
DA:53,1
DA:55,1
DA:57,1
DA:76,1
DA:79,1
DA:82,1
DA:85,1
DA:88,1
DA:91,1
DA:94,1
DA:97,1
DA:100,1
DA:103,1
DA:104,1
DA:105,1
DA:111,0
DA:113,0
DA:114,0
DA:115,0
DA:124,0
DA:127,0
DA:131,0
DA:135,0
DA:137,0
DA:138,0
DA:141,0
DA:144,0
DA:148,0
DA:152,0
DA:156,0
DA:160,0
DA:164,0
DA:168,0
DA:172,0
DA:176,0
DA:180,0
DA:184,0
DA:190,0
DA:194,0
DA:200,0
DA:204,0
DA:207,0
DA:211,0
DA:215,0
DA:219,0
DA:223,0
LF:50
LH:19
BRDA:113,0,0,0
BRDA:137,1,0,0
BRDA:137,1,1,0
BRF:3
BRH:0
end_of_record
TN:
SF:src/app/_main/components/upper-navigation/upper-navigation.component.ts
FN:48,(anonymous_0)
FN:57,(anonymous_1)
FN:59,(anonymous_2)
FN:63,(anonymous_3)
FN:76,(anonymous_4)
FN:77,(anonymous_5)
FN:83,(anonymous_6)
FN:87,(anonymous_7)
FN:95,(anonymous_8)
FN:102,(anonymous_9)
FN:106,(anonymous_10)
FN:114,(anonymous_11)
FN:121,(anonymous_12)
FN:132,(anonymous_13)
FNF:14
FNH:3
FNDA:2,(anonymous_0)
FNDA:2,(anonymous_1)
FNDA:0,(anonymous_2)
FNDA:0,(anonymous_3)
FNDA:0,(anonymous_4)
FNDA:0,(anonymous_5)
FNDA:0,(anonymous_6)
FNDA:0,(anonymous_7)
FNDA:4,(anonymous_8)
FNDA:0,(anonymous_9)
FNDA:0,(anonymous_10)
FNDA:0,(anonymous_11)
FNDA:0,(anonymous_12)
FNDA:0,(anonymous_13)
DA:20,1
DA:25,2
DA:28,2
DA:31,2
DA:34,2
DA:37,2
DA:40,2
DA:43,2
DA:49,2
DA:50,2
DA:51,2
DA:52,2
DA:53,2
DA:54,2
DA:58,2
DA:60,0
DA:61,0
DA:62,0
DA:63,0
DA:65,0
DA:67,0
DA:72,2
DA:77,0
DA:78,0
DA:84,0
DA:88,0
DA:96,4
DA:103,0
DA:104,0
DA:107,0
DA:115,0
DA:122,0
DA:123,0
DA:125,0
DA:133,0
LF:35
LH:17
BRDA:60,0,0,0
BRDA:60,0,1,0
BRDA:62,1,0,0
BRDA:62,1,1,0
BRDA:122,2,0,0
BRDA:122,2,1,0
BRF:6
BRH:0
end_of_record
TN:
SF:src/app/_main/decorators/cache/cache.decorator.ts
FN:20,Cache
FN:21,(anonymous_1)
FN:26,(anonymous_2)
FN:38,(anonymous_3)
FNF:4
FNH:4
FNDA:21,Cache
FNDA:21,(anonymous_1)
FNDA:24,(anonymous_2)
FNDA:5,(anonymous_3)
DA:13,1
DA:21,21
DA:22,21
DA:24,21
DA:26,21
DA:27,24
DA:28,24
DA:30,24
DA:31,10
DA:34,14
DA:35,14
DA:37,14
DA:38,14
DA:39,5
DA:43,14
DA:46,21
LF:16
LH:16
BRDA:30,0,0,10
BRDA:37,1,0,14
BRDA:37,2,0,14
BRDA:37,2,1,14
BRF:4
BRH:4
end_of_record
TN:
SF:src/app/_main/decorators/page/page.decorator.ts
FN:14,Page
FN:15,decorator
FNF:2
FNH:2
FNDA:2,Page
FNDA:2,decorator
DA:15,2
LF:1
LH:1
BRF:0
BRH:0
end_of_record
TN:
SF:src/app/_main/decorators/service/service.decorator.ts
FN:4,Service
FN:5,decorator
FN:6,(anonymous_2)
FNF:3
FNH:3
FNDA:15,Service
FNDA:15,decorator
FNDA:15,(anonymous_2)
DA:5,15
DA:6,15
DA:7,15
DA:8,15
DA:9,15
DA:10,0
DA:11,0
DA:13,0
LF:8
LH:5
BRDA:9,0,0,15
BRDA:10,1,0,0
BRF:2
BRH:1
end_of_record
TN:
SF:src/app/_main/dialogs/alert/alert.dialog.ts
FN:7,(anonymous_0)
FN:57,(anonymous_1)
FN:73,(anonymous_2)
FN:80,(anonymous_3)
FNF:4
FNH:2
FNDA:1,(anonymous_0)
FNDA:1,(anonymous_1)
FNDA:0,(anonymous_2)
FNDA:0,(anonymous_3)
DA:7,1
DA:8,1
DA:9,1
DA:46,1
DA:50,1
DA:58,1
DA:59,1
DA:61,1
DA:67,1
DA:74,0
DA:81,0
LF:11
LH:9
BRDA:7,0,0,1
BRDA:7,0,1,1
BRDA:61,1,0,1
BRDA:61,1,1,1
BRF:4
BRH:4
end_of_record
TN:
SF:src/app/_main/dialogs/report-bug/report-bug.dialog.ts
FN:20,(anonymous_0)
FN:22,(anonymous_1)
FN:25,(anonymous_2)
FN:30,(anonymous_3)
FNF:4
FNH:0
FNDA:0,(anonymous_0)
FNDA:0,(anonymous_1)
FNDA:0,(anonymous_2)
FNDA:0,(anonymous_3)
DA:13,1
DA:15,0
DA:20,0
DA:26,0
DA:31,0
DA:32,0
LF:6
LH:1
BRDA:31,0,0,0
BRF:1
BRH:0
end_of_record
TN:
SF:src/app/_main/directives/click-outside/click-outside.directive.ts
FN:16,(anonymous_0)
FN:20,(anonymous_1)
FNF:2
FNH:0
FNDA:0,(anonymous_0)
FNDA:0,(anonymous_1)
DA:9,1
DA:11,0
DA:14,0
DA:16,0
DA:21,0
DA:22,0
DA:23,0
DA:26,0
DA:27,0
DA:28,0
DA:31,0
LF:11
LH:1
BRDA:21,0,0,0
BRDA:27,1,0,0
BRF:2
BRH:0
end_of_record
TN:
SF:src/app/_main/directives/click-stop-propagation/click-stop-propagation.directive.ts
FN:12,(anonymous_0)
FNF:1
FNH:1
FNDA:1,(anonymous_0)
DA:9,1
DA:13,1
DA:15,1
LF:3
LH:3
BRF:0
BRH:0
end_of_record
TN:
SF:src/app/_main/directives/collapsable/collapsable.directive.ts
FN:42,(anonymous_0)
FN:28,(anonymous_1)
FN:38,(anonymous_2)
FN:45,(anonymous_3)
FN:48,(anonymous_4)
FN:54,(anonymous_5)
FN:57,(anonymous_6)
FNF:7
FNH:0
FNDA:0,(anonymous_0)
FNDA:0,(anonymous_1)
FNDA:0,(anonymous_2)
FNDA:0,(anonymous_3)
FNDA:0,(anonymous_4)
FNDA:0,(anonymous_5)
FNDA:0,(anonymous_6)
DA:9,1
DA:12,0
DA:16,0
DA:21,0
DA:24,0
DA:29,0
DA:31,0
DA:32,0
DA:34,0
DA:39,0
DA:42,0
DA:46,0
DA:48,0
DA:49,0
DA:55,0
DA:57,0
DA:58,0
LF:17
LH:1
BRDA:31,0,0,0
BRDA:31,0,1,0
BRF:2
BRH:0
end_of_record
TN:
SF:src/app/_main/directives/focus-initial/focus-initial.directive.ts
FN:14,(anonymous_0)
FN:19,(anonymous_1)
FNF:2
FNH:0
FNDA:0,(anonymous_0)
FNDA:0,(anonymous_1)
DA:9,1
DA:14,0
DA:20,0
LF:3
LH:1
BRF:0
BRH:0
end_of_record
TN:
SF:src/app/_main/directives/let/let.directive.ts
FN:25,(anonymous_0)
FN:32,(anonymous_1)
FNF:2
FNH:2
FNDA:4,(anonymous_0)
FNDA:7,(anonymous_1)
DA:19,1
DA:23,4
DA:26,4
DA:33,7
LF:4
LH:4
BRF:0
BRH:0
end_of_record
TN:
SF:src/app/_main/directives/view-container/view-container.directive.ts
FN:11,(anonymous_0)
FNF:1
FNH:0
FNDA:0,(anonymous_0)
DA:9,1
DA:13,0
LF:2
LH:1
BRF:0
BRH:0
end_of_record
TN:
SF:src/app/_main/interceptors/error.interceptor.ts
FN:15,(anonymous_0)
FN:32,(anonymous_1)
FN:42,(anonymous_2)
FN:46,(anonymous_3)
FN:48,(anonymous_4)
FN:83,(anonymous_5)
FNF:6
FNH:5
FNDA:3,(anonymous_0)
FNDA:3,(anonymous_1)
FNDA:0,(anonymous_2)
FNDA:3,(anonymous_3)
FNDA:3,(anonymous_4)
FNDA:3,(anonymous_5)
DA:14,1
DA:16,3
DA:17,3
DA:18,3
DA:19,3
DA:25,3
DA:33,3
DA:43,0
DA:47,3
DA:49,3
DA:51,3
DA:52,0
DA:54,0
DA:55,0
DA:59,0
DA:60,0
DA:61,0
DA:62,0
DA:66,0
DA:67,0
DA:70,0
DA:74,0
DA:79,0
DA:80,0
DA:83,3
LF:25
LH:11
BRDA:34,0,0,3
BRDA:34,0,1,0
BRDA:35,1,0,3
BRDA:35,1,1,3
BRDA:51,2,0,0
BRDA:54,3,0,0
BRDA:59,4,0,0
BRDA:66,5,0,0
BRDA:70,6,0,0
BRDA:71,7,0,0
BRDA:71,7,1,0
BRF:11
BRH:3
end_of_record
TN:
SF:src/app/_main/interfaces/filters.interface.ts
FN:4,(anonymous_0)
FN:12,(anonymous_1)
FNF:2
FNH:2
FNDA:1,(anonymous_0)
FNDA:1,(anonymous_1)
DA:4,1
DA:5,1
DA:6,1
DA:12,1
DA:13,1
DA:14,1
DA:15,1
DA:16,1
DA:17,1
LF:9
LH:9
BRDA:4,0,0,1
BRDA:4,0,1,1
BRDA:12,1,0,1
BRDA:12,1,1,1
BRF:4
BRH:4
end_of_record
TN:
SF:src/app/_main/libs/emoji/emoji-sequence.aliases.ts
FN:30,(anonymous_0)
FN:33,(anonymous_1)
FNF:2
FNH:2
FNDA:17,(anonymous_0)
FNDA:43,(anonymous_1)
DA:4,1
DA:27,1
DA:31,17
DA:33,43
LF:4
LH:4
BRDA:33,0,0,9
BRDA:33,0,1,34
BRF:2
BRH:2
end_of_record
TN:
SF:src/app/_main/libs/emoji/emoji.aliases.ts
FNF:0
FNH:0
DA:4,1
LF:1
LH:1
BRF:0
BRH:0
end_of_record
TN:
SF:src/app/_main/libs/emoji/emoji.lib.ts
FN:22,(anonymous_0)
FN:31,(anonymous_1)
FN:40,(anonymous_2)
FN:48,(anonymous_3)
FN:8,(anonymous_4)
FNF:5
FNH:1
FNDA:0,(anonymous_0)
FNDA:0,(anonymous_1)
FNDA:0,(anonymous_2)
FNDA:0,(anonymous_3)
FNDA:1,(anonymous_4)
DA:8,1
DA:9,1
DA:10,1
DA:11,1
DA:12,1
DA:13,1
DA:14,1
DA:23,0
DA:32,0
DA:41,0
DA:49,0
LF:11
LH:7
BRDA:41,0,0,0
BRDA:41,0,1,0
BRF:2
BRH:0
end_of_record
TN:
SF:src/app/_main/libs/marked/marked.lib.ts
FN:17,(anonymous_0)
FN:31,(anonymous_1)
FNF:2
FNH:2
FNDA:1,(anonymous_0)
FNDA:1,(anonymous_1)
DA:12,1
DA:18,1
DA:20,1
DA:24,1
DA:32,1
DA:34,1
DA:36,1
LF:7
LH:7
BRDA:18,0,0,0
BRF:1
BRH:0
end_of_record
TN:
SF:src/app/_main/libs/marked/extensions/marked-emoji-extension.ts
FN:27,(anonymous_0)
FN:30,(anonymous_1)
FN:57,(anonymous_2)
FNF:3
FNH:0
FNDA:0,(anonymous_0)
FNDA:0,(anonymous_1)
FNDA:0,(anonymous_2)
DA:24,1
DA:28,0
DA:31,0
DA:32,0
DA:34,0
DA:36,0
DA:37,0
DA:45,0
DA:46,0
DA:55,0
DA:59,0
DA:60,0
DA:62,0
LF:13
LH:1
BRDA:36,0,0,0
BRDA:45,1,0,0
BRDA:59,2,0,0
BRDA:59,2,1,0
BRF:4
BRH:0
end_of_record
TN:
SF:src/app/_main/libs/marked/overrides/link.override.ts
FN:8,linkOverride
FN:10,(anonymous_1)
FNF:2
FNH:1
FNDA:1,linkOverride
FNDA:0,(anonymous_1)
DA:9,1
DA:10,1
DA:11,0
DA:13,0
DA:14,0
DA:15,0
DA:19,1
LF:7
LH:3
BRDA:11,0,0,0
BRDA:15,1,0,0
BRDA:15,1,1,0
BRF:3
BRH:0
end_of_record
TN:
SF:src/app/_main/libs/monaco/plugins/selection-edit.plugin.ts
FN:12,(anonymous_0)
FN:39,(anonymous_1)
FN:52,(anonymous_2)
FN:67,(anonymous_3)
FN:77,(anonymous_4)
FN:79,(anonymous_5)
FN:89,(anonymous_6)
FN:102,(anonymous_7)
FN:104,(anonymous_8)
FN:128,(anonymous_9)
FN:129,(anonymous_10)
FN:133,(anonymous_11)
FN:146,(anonymous_12)
FN:154,(anonymous_13)
FN:180,(anonymous_14)
FNF:15
FNH:1
FNDA:1,(anonymous_0)
FNDA:0,(anonymous_1)
FNDA:0,(anonymous_2)
FNDA:0,(anonymous_3)
FNDA:0,(anonymous_4)
FNDA:0,(anonymous_5)
FNDA:0,(anonymous_6)
FNDA:0,(anonymous_7)
FNDA:0,(anonymous_8)
FNDA:0,(anonymous_9)
FNDA:0,(anonymous_10)
FNDA:0,(anonymous_11)
FNDA:0,(anonymous_12)
FNDA:0,(anonymous_13)
FNDA:0,(anonymous_14)
DA:12,1
DA:13,1
DA:14,1
DA:15,1
DA:16,1
DA:22,1
DA:38,1
DA:40,0
DA:53,0
DA:55,0
DA:72,0
DA:73,0
DA:75,0
DA:76,0
DA:77,0
DA:79,0
DA:94,0
DA:95,0
DA:97,0
DA:98,0
DA:100,0
DA:101,0
DA:102,0
DA:104,0
DA:105,0
DA:107,0
DA:129,0
DA:130,0
DA:133,0
DA:137,0
DA:147,0
DA:148,0
DA:149,0
DA:151,0
DA:153,0
DA:154,0
DA:155,0
DA:160,0
DA:161,0
DA:162,0
DA:172,0
DA:184,0
DA:185,0
DA:186,0
LF:44
LH:7
BRDA:12,0,0,1
BRDA:12,0,1,1
BRDA:53,1,0,0
BRDA:53,1,1,0
BRDA:95,2,0,0
BRDA:151,3,0,0
BRF:6
BRH:2
end_of_record
TN:
SF:src/app/_main/libs/proto/message-metadata-registry.class.ts
FN:16,(anonymous_0)
FN:25,(anonymous_1)
FN:30,(anonymous_2)
FN:35,(anonymous_3)
FN:43,(anonymous_4)
FN:56,(anonymous_5)
FNF:6
FNH:3
FNDA:16,(anonymous_0)
FNDA:0,(anonymous_1)
FNDA:0,(anonymous_2)
FNDA:0,(anonymous_3)
FNDA:128,(anonymous_4)
FNDA:128,(anonymous_5)
DA:11,16
DA:14,16
DA:17,16
DA:19,16
DA:20,112
DA:26,0
DA:31,0
DA:36,0
DA:44,128
DA:45,128
DA:47,128
DA:57,128
DA:59,128
DA:60,128
DA:61,112
DA:69,128
LF:16
LH:13
BRDA:60,0,0,112
BRF:1
BRH:1
end_of_record
TN:
SF:src/app/_main/libs/proto/message-metadata.class.ts
FN:14,(anonymous_0)
FNF:1
FNH:1
FNDA:128,(anonymous_0)
DA:15,128
DA:16,128
DA:17,128
LF:3
LH:3
BRF:0
BRH:0
end_of_record
TN:
SF:src/app/_main/libs/store/store.class.ts
FN:18,(anonymous_1)
FN:28,(anonymous_2)
FN:37,(anonymous_3)
FN:45,(anonymous_4)
FN:52,(anonymous_5)
FN:59,(anonymous_6)
FNF:6
FNH:1
FNDA:0,(anonymous_1)
FNDA:1,(anonymous_2)
FNDA:0,(anonymous_3)
FNDA:0,(anonymous_4)
FNDA:0,(anonymous_5)
FNDA:0,(anonymous_6)
DA:11,34
DA:19,0
DA:20,0
DA:29,1
DA:38,0
DA:46,0
DA:53,0
DA:60,0
DA:61,0
DA:62,0
DA:64,0
LF:11
LH:2
BRF:0
BRH:0
end_of_record
TN:
SF:src/app/_main/libs/store/operators/use-store.operator.ts
FN:11,useStore
FN:12,(anonymous_1)
FN:18,(anonymous_2)
FNF:3
FNH:2
FNDA:1,useStore
FNDA:1,(anonymous_1)
FNDA:0,(anonymous_2)
DA:12,1
DA:13,1
DA:15,1
DA:19,0
LF:4
LH:3
BRDA:16,0,0,0
BRDA:16,0,1,1
BRF:2
BRH:1
end_of_record
TN:
SF:src/app/_main/modules/audit-log/audit-log.module.ts
FNF:0
FNH:0
DA:14,1
LF:1
LH:1
BRF:0
BRH:0
end_of_record
TN:
SF:src/app/_main/modules/audit-log/components/audit-log/audit-log.component.ts
FN:12,(anonymous_0)
FNF:1
FNH:0
FNDA:0,(anonymous_0)
DA:9,1
DA:13,0
LF:2
LH:1
BRF:0
BRH:0
end_of_record
TN:
SF:src/app/_main/modules/audit-log/components/audit-log-entry/audit-log-entry.component.ts
FNF:0
FNH:0
DA:9,1
LF:1
LH:1
BRF:0
BRH:0
end_of_record
TN:
SF:src/app/_main/modules/audit-log/pipes/audit-log-project-entries/audit-log-project-entries.pipe.ts
FN:26,(anonymous_0)
FN:34,(anonymous_1)
FN:63,(anonymous_2)
FN:78,(anonymous_3)
FN:87,(anonymous_4)
FN:100,(anonymous_5)
FN:106,(anonymous_6)
FN:109,(anonymous_7)
FN:152,(anonymous_8)
FN:155,(anonymous_9)
FN:162,(anonymous_10)
FN:165,(anonymous_11)
FN:178,(anonymous_12)
FN:195,(anonymous_13)
FN:199,(anonymous_14)
FN:203,(anonymous_15)
FNF:16
FNH:0
FNDA:0,(anonymous_0)
FNDA:0,(anonymous_1)
FNDA:0,(anonymous_2)
FNDA:0,(anonymous_3)
FNDA:0,(anonymous_4)
FNDA:0,(anonymous_5)
FNDA:0,(anonymous_6)
FNDA:0,(anonymous_7)
FNDA:0,(anonymous_8)
FNDA:0,(anonymous_9)
FNDA:0,(anonymous_10)
FNDA:0,(anonymous_11)
FNDA:0,(anonymous_12)
FNDA:0,(anonymous_13)
FNDA:0,(anonymous_14)
FNDA:0,(anonymous_15)
DA:20,1
DA:21,0
DA:22,0
DA:23,0
DA:24,0
DA:27,0
DA:28,0
DA:29,0
DA:30,0
DA:31,0
DA:35,0
DA:36,0
DA:37,0
DA:43,0
DA:45,0
DA:72,0
DA:79,0
DA:80,0
DA:81,0
DA:82,0
DA:84,0
DA:88,0
DA:89,0
DA:90,0
DA:91,0
DA:93,0
DA:101,0
DA:103,0
DA:106,0
DA:109,0
DA:113,0
DA:119,0
DA:125,0
DA:131,0
DA:137,0
DA:143,0
DA:149,0
DA:152,0
DA:155,0
DA:159,0
DA:162,0
DA:165,0
DA:169,0
DA:175,0
DA:179,0
DA:180,0
DA:181,0
DA:182,0
DA:184,0
DA:192,0
DA:196,0
DA:200,0
DA:203,0
DA:204,0
DA:205,0
DA:206,0
DA:207,0
DA:209,0
DA:213,0
DA:215,0
LF:60
LH:1
BRDA:35,0,0,0
BRDA:49,1,0,0
BRDA:49,1,1,0
BRDA:52,2,0,0
BRDA:52,2,1,0
BRDA:55,3,0,0
BRDA:55,3,1,0
BRDA:58,4,0,0
BRDA:58,4,1,0
BRDA:79,5,0,0
BRDA:79,5,1,0
BRDA:81,6,0,0
BRDA:81,6,1,0
BRDA:88,7,0,0
BRDA:88,7,1,0
BRDA:90,8,0,0
BRDA:90,8,1,0
BRDA:97,9,0,0
BRDA:97,9,1,0
BRDA:97,9,2,0
BRDA:101,10,0,0
BRDA:101,10,1,0
BRDA:101,10,2,0
BRDA:101,10,3,0
BRDA:101,10,4,0
BRDA:101,10,5,0
BRDA:101,10,6,0
BRDA:101,10,7,0
BRDA:101,10,8,0
BRDA:101,10,9,0
BRDA:179,11,0,0
BRDA:179,11,1,0
BRDA:179,12,0,0
BRDA:179,12,1,0
BRDA:179,12,2,0
BRDA:181,13,0,0
BRDA:181,13,1,0
BRDA:181,14,0,0
BRDA:181,14,1,0
BRDA:181,14,2,0
BRDA:200,15,0,0
BRDA:200,15,1,0
BRDA:200,15,2,0
BRDA:204,16,0,0
BRDA:204,16,1,0
BRDA:206,17,0,0
BRDA:206,17,1,0
BRF:47
BRH:0
end_of_record
TN:
SF:src/app/_main/modules/resize/resize-handle.component.ts
FNF:0
FNH:0
DA:11,1
LF:1
LH:1
BRF:0
BRH:0
end_of_record
TN:
SF:src/app/_main/modules/resize/resize.directive.ts
FN:28,(anonymous_0)
FN:33,(anonymous_1)
FN:47,(anonymous_2)
FN:64,(anonymous_3)
FN:75,(anonymous_4)
FN:88,(anonymous_5)
FN:96,(anonymous_6)
FN:104,(anonymous_7)
FNF:8
FNH:0
FNDA:0,(anonymous_0)
FNDA:0,(anonymous_1)
FNDA:0,(anonymous_2)
FNDA:0,(anonymous_3)
FNDA:0,(anonymous_4)
FNDA:0,(anonymous_5)
FNDA:0,(anonymous_6)
FNDA:0,(anonymous_7)
DA:18,1
DA:20,0
DA:22,0
DA:24,0
DA:29,0
DA:30,0
DA:34,0
DA:36,0
DA:37,0
DA:38,0
DA:48,0
DA:49,0
DA:51,0
DA:52,0
DA:54,0
DA:55,0
DA:56,0
DA:65,0
DA:66,0
DA:67,0
DA:76,0
DA:77,0
DA:80,0
DA:81,0
DA:82,0
DA:89,0
DA:90,0
DA:97,0
DA:105,0
DA:106,0
DA:107,0
DA:108,0
LF:32
LH:1
BRDA:37,0,0,0
BRDA:48,1,0,0
BRDA:76,2,0,0
BRF:3
BRH:0
end_of_record
TN:
SF:src/app/_main/modules/resize/resize.module.ts
FNF:0
FNH:0
DA:9,1
LF:1
LH:1
BRF:0
BRH:0
end_of_record
TN:
SF:src/app/_main/operators/apply-options.operator.ts
FN:8,applyOptions
FN:9,(anonymous_1)
FNF:2
FNH:2
FNDA:1,applyOptions
FNDA:1,(anonymous_1)
DA:9,1
DA:10,1
DA:12,0
DA:13,0
DA:15,0
LF:5
LH:2
BRDA:10,0,0,1
BRDA:12,1,0,0
BRDA:12,1,1,0
BRF:3
BRH:1
end_of_record
TN:
SF:src/app/_main/operators/loader.operator.ts
FN:10,startLoader
FN:11,(anonymous_1)
FN:13,(anonymous_2)
FN:27,setLoaderMessage
FN:28,(anonymous_4)
FN:30,(anonymous_5)
FN:42,stopLoader
FN:43,(anonymous_7)
FN:45,(anonymous_8)
FN:48,(anonymous_9)
FN:62,withLoader
FN:63,(anonymous_11)
FN:66,(anonymous_12)
FNF:13
FNH:6
FNDA:1,startLoader
FNDA:1,(anonymous_1)
FNDA:1,(anonymous_2)
FNDA:0,setLoaderMessage
FNDA:0,(anonymous_4)
FNDA:0,(anonymous_5)
FNDA:1,stopLoader
FNDA:1,(anonymous_7)
FNDA:1,(anonymous_8)
FNDA:0,(anonymous_9)
FNDA:0,withLoader
FNDA:0,(anonymous_11)
FNDA:0,(anonymous_12)
DA:11,1
DA:12,1
DA:14,1
DA:15,1
DA:28,0
DA:29,0
DA:31,0
DA:43,1
DA:44,1
DA:46,1
DA:49,0
DA:63,0
DA:64,0
DA:66,0
LF:14
LH:7
BRF:0
BRH:0
end_of_record
TN:
SF:src/app/_main/pages/mock/mock.page.ts
FN:18,(anonymous_0)
FN:20,(anonymous_1)
FN:21,(anonymous_2)
FNF:3
FNH:3
FNDA:1,(anonymous_0)
FNDA:1,(anonymous_1)
FNDA:1,(anonymous_2)
DA:12,1
DA:16,1
DA:18,1
DA:21,1
DA:22,1
LF:5
LH:5
BRF:0
BRH:0
end_of_record
TN:
SF:src/app/_main/pipes/color/color.pipe.ts
FN:17,(anonymous_0)
FNF:1
FNH:0
FNDA:0,(anonymous_0)
DA:10,1
DA:18,0
DA:19,0
DA:20,0
DA:23,0
DA:25,0
DA:27,0
DA:29,0
LF:8
LH:1
BRDA:18,0,0,0
BRDA:19,1,0,0
BRDA:23,2,0,0
BRDA:23,2,1,0
BRDA:23,2,2,0
BRF:5
BRH:0
end_of_record
TN:
SF:src/app/_main/pipes/contrast-color/contrast-color.pipe.ts
FN:17,(anonymous_0)
FNF:1
FNH:0
FNDA:0,(anonymous_0)
DA:10,1
DA:18,0
DA:19,0
LF:3
LH:1
BRDA:17,0,0,0
BRDA:19,1,0,0
BRDA:19,1,1,0
BRF:3
BRH:0
end_of_record
TN:
SF:src/app/_main/pipes/date-by-preferences/date-by-preferences.pipe.ts
FN:14,(anonymous_0)
FN:22,(anonymous_1)
FN:27,(anonymous_2)
FN:31,(anonymous_3)
FNF:4
FNH:0
FNDA:0,(anonymous_0)
FNDA:0,(anonymous_1)
FNDA:0,(anonymous_2)
FNDA:0,(anonymous_3)
DA:13,1
DA:14,0
DA:23,0
DA:24,0
DA:25,0
DA:27,0
DA:28,0
DA:29,0
DA:31,0
DA:34,0
LF:10
LH:1
BRDA:22,0,0,0
BRDA:23,1,0,0
BRDA:23,1,1,0
BRDA:24,2,0,0
BRDA:24,2,1,0
BRDA:28,3,0,0
BRF:6
BRH:0
end_of_record
TN:
SF:src/app/_main/pipes/day-of-week/day-of-week.pipe.ts
FN:10,(anonymous_0)
FN:21,(anonymous_1)
FNF:2
FNH:0
FNDA:0,(anonymous_0)
FNDA:0,(anonymous_1)
DA:10,1
DA:14,0
DA:22,0
LF:3
LH:1
BRF:0
BRH:0
end_of_record
TN:
SF:src/app/_main/pipes/dayjs/dayjs.pipe.ts
FN:18,(anonymous_0)
FNF:1
FNH:0
FNDA:0,(anonymous_0)
DA:11,1
DA:19,0
DA:20,0
DA:21,0
DA:22,0
DA:24,0
LF:6
LH:1
BRDA:19,0,0,0
BRDA:19,0,1,0
BRDA:21,1,0,0
BRDA:21,1,1,0
BRF:4
BRH:0
end_of_record
TN:
SF:src/app/_main/pipes/dayjs-format/dayjs-format.pipe.ts
FN:20,(anonymous_0)
FNF:1
FNH:0
FNDA:0,(anonymous_0)
DA:13,1
DA:21,0
DA:23,0
DA:24,0
LF:4
LH:1
BRDA:21,0,0,0
BRDA:23,1,0,0
BRF:2
BRH:0
end_of_record
TN:
SF:src/app/_main/pipes/markdown/markdown.pipe.ts
FN:16,(anonymous_0)
FN:26,(anonymous_1)
FNF:2
FNH:0
FNDA:0,(anonymous_0)
FNDA:0,(anonymous_1)
DA:12,1
DA:16,0
DA:17,0
DA:18,0
DA:35,0
LF:5
LH:1
BRF:0
BRH:0
end_of_record
TN:
SF:src/app/_main/pipes/month/month.pipe.ts
FN:12,(anonymous_0)
FN:23,(anonymous_1)
FNF:2
FNH:0
FNDA:0,(anonymous_0)
FNDA:0,(anonymous_1)
DA:12,1
DA:16,0
DA:24,0
DA:25,0
DA:26,0
DA:27,0
DA:29,0
LF:7
LH:1
BRDA:24,0,0,0
BRDA:24,0,1,0
BRDA:26,1,0,0
BRDA:26,1,1,0
BRF:4
BRH:0
end_of_record
TN:
SF:src/app/_main/pipes/reverse/reverse.pipe.ts
FN:15,(anonymous_0)
FNF:1
FNH:0
FNDA:0,(anonymous_0)
DA:9,1
DA:16,0
DA:17,0
LF:3
LH:1
BRDA:16,0,0,0
BRF:1
BRH:0
end_of_record
TN:
SF:src/app/_main/pipes/validation-error/validation-error.pipe.ts
FN:15,(anonymous_0)
FNF:1
FNH:1
FNDA:2,(anonymous_0)
DA:9,1
DA:16,2
LF:2
LH:2
BRDA:16,0,0,2
BRDA:16,0,1,1
BRF:2
BRH:2
end_of_record
TN:
SF:src/app/_main/pipes/year/year.pipe.ts
FN:17,(anonymous_0)
FNF:1
FNH:0
FNDA:0,(anonymous_0)
DA:11,1
DA:18,0
LF:2
LH:1
BRF:0
BRH:0
end_of_record
TN:
SF:src/app/_main/services/api/api.service.ts
FN:24,(anonymous_0)
FN:33,(anonymous_1)
FN:62,(anonymous_2)
FN:72,(anonymous_3)
FN:82,(anonymous_4)
FN:92,(anonymous_5)
FN:102,(anonymous_6)
FN:106,(anonymous_7)
FNF:8
FNH:8
FNDA:42,(anonymous_0)
FNDA:21,(anonymous_1)
FNDA:17,(anonymous_2)
FNDA:1,(anonymous_3)
FNDA:1,(anonymous_4)
FNDA:1,(anonymous_5)
FNDA:1,(anonymous_6)
FNDA:21,(anonymous_7)
DA:15,1
DA:19,42
DA:24,42
DA:34,21
DA:36,21
DA:37,0
DA:40,21
DA:41,0
DA:42,0
DA:44,21
DA:45,0
DA:48,21
DA:63,17
DA:73,1
DA:83,1
DA:93,1
DA:103,1
DA:109,21
DA:110,21
DA:113,0
DA:115,0
DA:116,0
DA:118,0
DA:119,0
DA:120,0
DA:121,0
DA:126,0
LF:27
LH:15
BRDA:34,0,0,21
BRDA:34,0,1,21
BRDA:36,1,0,0
BRDA:40,2,0,0
BRDA:40,2,1,21
BRDA:44,3,0,0
BRDA:109,4,0,21
BRDA:115,5,0,0
BRDA:119,6,0,0
BRDA:120,7,0,0
BRF:10
BRH:4
end_of_record
TN:
SF:src/app/_main/services/base/base.service.ts
FN:23,(anonymous_0)
FN:19,(anonymous_1)
FN:26,(anonymous_2)
FN:38,(anonymous_3)
FN:39,(anonymous_4)
FN:43,(anonymous_5)
FNF:6
FNH:6
FNDA:77,(anonymous_0)
FNDA:1,(anonymous_1)
FNDA:10,(anonymous_2)
FNDA:7,(anonymous_3)
FNDA:10,(anonymous_4)
FNDA:10,(anonymous_5)
DA:13,77
DA:16,77
DA:20,1
DA:23,77
DA:27,10
DA:28,0
DA:29,0
DA:30,10
DA:31,0
DA:32,10
DA:33,0
DA:39,7
DA:40,10
DA:41,10
DA:43,10
LF:15
LH:11
BRDA:27,0,0,0
BRDA:27,0,1,10
BRDA:30,1,0,0
BRDA:30,1,1,10
BRDA:32,2,0,0
BRDA:38,3,0,2
BRDA:40,4,0,10
BRDA:40,4,1,8
BRF:8
BRH:5
end_of_record
TN:
SF:src/app/_main/services/command/command.service.ts
FN:12,(anonymous_0)
FN:19,(anonymous_1)
FN:21,(anonymous_2)
FN:26,(anonymous_3)
FN:36,(anonymous_4)
FN:44,(anonymous_5)
FNF:6
FNH:3
FNDA:3,(anonymous_0)
FNDA:3,(anonymous_1)
FNDA:0,(anonymous_2)
FNDA:0,(anonymous_3)
FNDA:6,(anonymous_4)
FNDA:0,(anonymous_5)
DA:12,1
DA:14,3
DA:21,3
DA:22,0
DA:26,3
DA:27,0
DA:37,6
DA:38,6
DA:45,0
LF:9
LH:6
BRF:0
BRH:0
end_of_record
TN:
SF:src/app/_main/services/dialog/dialog.service.ts
FN:13,(anonymous_0)
FN:41,(anonymous_1)
FN:37,(anonymous_2)
FN:49,(anonymous_3)
FN:71,(anonymous_4)
FN:84,(anonymous_5)
FN:85,(anonymous_6)
FN:95,(anonymous_7)
FN:104,(anonymous_8)
FN:107,(anonymous_9)
FN:110,(anonymous_10)
FN:125,(anonymous_11)
FN:130,(anonymous_12)
FN:141,(anonymous_13)
FNF:14
FNH:2
FNDA:1,(anonymous_0)
FNDA:21,(anonymous_1)
FNDA:0,(anonymous_2)
FNDA:0,(anonymous_3)
FNDA:0,(anonymous_4)
FNDA:0,(anonymous_5)
FNDA:0,(anonymous_6)
FNDA:0,(anonymous_7)
FNDA:0,(anonymous_8)
FNDA:0,(anonymous_9)
FNDA:0,(anonymous_10)
FNDA:0,(anonymous_11)
FNDA:0,(anonymous_12)
FNDA:0,(anonymous_13)
DA:13,1
DA:14,1
DA:24,1
DA:26,21
DA:29,21
DA:34,21
DA:38,0
DA:41,21
DA:52,0
DA:53,0
DA:55,0
DA:56,0
DA:60,0
DA:62,0
DA:68,0
DA:69,0
DA:71,0
DA:72,0
DA:73,0
DA:76,0
DA:78,0
DA:85,0
DA:86,0
DA:96,0
DA:105,0
DA:107,0
DA:111,0
DA:117,0
DA:126,0
DA:131,0
DA:142,0
LF:31
LH:7
BRDA:13,0,0,1
BRDA:13,0,1,1
BRDA:49,1,0,0
BRDA:52,2,0,0
BRDA:52,2,1,0
BRDA:55,3,0,0
BRDA:64,4,0,0
BRDA:64,4,1,0
BRF:8
BRH:2
end_of_record
TN:
SF:src/app/_main/services/icons/icon.service.ts
FN:19,(anonymous_0)
FN:29,(anonymous_1)
FN:52,(anonymous_2)
FN:63,(anonymous_3)
FNF:4
FNH:4
FNDA:3,(anonymous_0)
FNDA:3,(anonymous_1)
FNDA:33,(anonymous_2)
FNDA:3,(anonymous_3)
DA:15,1
DA:17,3
DA:20,3
DA:21,3
DA:22,3
DA:23,3
DA:30,3
DA:32,3
DA:34,3
DA:35,3
DA:36,3
DA:37,3
DA:38,3
DA:40,3
DA:41,3
DA:42,3
DA:43,3
DA:44,3
DA:53,33
DA:64,3
DA:65,3
DA:67,3
DA:69,3
DA:70,0
DA:73,3
LF:25
LH:24
BRDA:64,0,0,3
BRDA:64,0,1,3
BRDA:69,1,0,0
BRDA:69,2,0,3
BRDA:69,2,1,0
BRF:5
BRH:3
end_of_record
TN:
SF:src/app/_main/services/notification/notification.service.ts
FN:16,(anonymous_0)
FN:25,(anonymous_1)
FN:28,(anonymous_2)
FNF:3
FNH:2
FNDA:3,(anonymous_0)
FNDA:3,(anonymous_1)
FNDA:0,(anonymous_2)
DA:15,1
DA:17,3
DA:18,3
DA:19,3
DA:26,3
DA:29,0
LF:6
LH:5
BRF:0
BRH:0
end_of_record
TN:
SF:src/app/_main/services/proto/dump.proto.service.ts
FN:11,(anonymous_0)
FNF:1
FNH:0
FNDA:0,(anonymous_0)
DA:11,1
DA:13,0
LF:2
LH:1
BRF:0
BRH:0
end_of_record
TN:
SF:src/app/_main/services/proto/proto.service.ts
FN:39,(anonymous_0)
FN:45,(anonymous_1)
FN:50,(anonymous_2)
FN:56,(anonymous_3)
FN:65,(anonymous_4)
FN:68,(anonymous_5)
FN:69,(anonymous_6)
FN:76,(anonymous_7)
FN:77,(anonymous_8)
FN:85,(anonymous_9)
FN:86,(anonymous_10)
FN:92,(anonymous_11)
FN:95,(anonymous_12)
FN:102,(anonymous_13)
FN:112,(anonymous_14)
FN:114,(anonymous_15)
FN:119,(anonymous_16)
FN:132,(anonymous_17)
FN:140,(anonymous_18)
FN:148,(anonymous_19)
FN:151,(anonymous_20)
FN:157,(anonymous_21)
FN:167,(anonymous_22)
FN:173,(anonymous_23)
FN:177,(anonymous_24)
FN:187,(anonymous_25)
FN:199,(anonymous_26)
FNF:27
FNH:6
FNDA:16,(anonymous_0)
FNDA:0,(anonymous_1)
FNDA:0,(anonymous_2)
FNDA:0,(anonymous_3)
FNDA:0,(anonymous_4)
FNDA:0,(anonymous_5)
FNDA:0,(anonymous_6)
FNDA:16,(anonymous_7)
FNDA:0,(anonymous_8)
FNDA:16,(anonymous_9)
FNDA:0,(anonymous_10)
FNDA:35,(anonymous_11)
FNDA:0,(anonymous_12)
FNDA:0,(anonymous_13)
FNDA:0,(anonymous_14)
FNDA:0,(anonymous_15)
FNDA:0,(anonymous_16)
FNDA:0,(anonymous_17)
FNDA:0,(anonymous_18)
FNDA:0,(anonymous_19)
FNDA:0,(anonymous_20)
FNDA:35,(anonymous_21)
FNDA:35,(anonymous_22)
FNDA:0,(anonymous_23)
FNDA:0,(anonymous_24)
FNDA:0,(anonymous_25)
FNDA:0,(anonymous_26)
DA:29,1
DA:34,16
DA:37,16
DA:40,16
DA:41,16
DA:46,0
DA:48,0
DA:50,0
DA:51,0
DA:57,0
DA:58,0
DA:66,0
DA:68,0
DA:69,0
DA:77,16
DA:78,0
DA:86,16
DA:87,0
DA:95,35
DA:96,0
DA:97,0
DA:103,0
DA:104,0
DA:108,0
DA:113,0
DA:115,0
DA:116,0
DA:118,0
DA:119,0
DA:120,0
DA:123,0
DA:133,0
DA:141,0
DA:149,0
DA:151,0
DA:152,0
DA:158,35
DA:171,35
DA:174,0
DA:175,0
DA:178,0
DA:188,0
DA:189,0
DA:190,0
DA:191,0
DA:200,0
DA:201,0
DA:202,0
DA:203,0
LF:49
LH:10
BRDA:46,0,0,0
BRDA:96,1,0,0
BRDA:133,2,0,0
BRDA:133,2,1,0
BRDA:141,3,0,0
BRDA:141,3,1,0
BRDA:149,4,0,0
BRDA:174,5,0,0
BRDA:188,6,0,0
BRDA:200,7,0,0
BRF:10
BRH:0
end_of_record
TN:
SF:src/app/_main/services/reports/report.service.ts
FN:25,(anonymous_0)
FN:38,(anonymous_1)
FN:51,(anonymous_2)
FN:62,(anonymous_3)
FNF:4
FNH:1
FNDA:2,(anonymous_0)
FNDA:0,(anonymous_1)
FNDA:0,(anonymous_2)
FNDA:0,(anonymous_3)
DA:18,1
DA:19,2
DA:26,2
DA:27,2
DA:28,2
DA:30,2
DA:39,0
DA:52,0
DA:63,0
DA:65,0
LF:10
LH:6
BRDA:63,0,0,0
BRF:1
BRH:0
end_of_record
TN:
SF:src/app/_main/services/router-extensions/router-extensions.service.ts
FN:11,(anonymous_0)
FN:16,(anonymous_1)
FN:36,(anonymous_2)
FN:51,(anonymous_3)
FNF:4
FNH:4
FNDA:5,(anonymous_0)
FNDA:4,(anonymous_1)
FNDA:4,(anonymous_2)
FNDA:4,(anonymous_3)
DA:10,1
DA:11,5
DA:17,4
DA:19,4
DA:20,4
DA:21,0
DA:24,4
DA:37,4
DA:39,4
DA:40,4
DA:41,0
DA:43,4
DA:52,4
LF:13
LH:11
BRDA:17,0,0,0
BRDA:39,1,0,0
BRDA:40,2,0,0
BRDA:40,2,1,4
BRF:4
BRH:1
end_of_record
TN:
SF:src/app/_main/services/snackbar/snackbar.service.ts
FN:14,(anonymous_0)
FN:19,(anonymous_1)
FN:27,(anonymous_2)
FN:41,(anonymous_3)
FN:49,(anonymous_4)
FNF:5
FNH:2
FNDA:40,(anonymous_0)
FNDA:2,(anonymous_1)
FNDA:0,(anonymous_2)
FNDA:0,(anonymous_3)
FNDA:0,(anonymous_4)
DA:14,1
DA:16,40
DA:19,40
DA:28,0
DA:29,0
DA:31,0
DA:32,0
DA:34,0
DA:42,0
DA:43,0
DA:50,0
LF:11
LH:3
BRDA:27,0,0,0
BRDA:27,1,0,0
BRF:2
BRH:0
end_of_record
TN:
SF:src/app/_main/services/store/store.service.ts
FN:10,(anonymous_0)
FNF:1
FNH:1
FNDA:34,(anonymous_0)
DA:10,1
DA:12,34
LF:2
LH:2
BRF:0
BRH:0
end_of_record
TN:
SF:src/app/_main/util/is-api-file/is-api-file.util.ts
FN:4,isApiFile
FNF:1
FNH:1
FNDA:2,isApiFile
DA:5,2
LF:1
LH:1
BRDA:5,0,0,2
BRDA:5,0,1,2
BRDA:5,0,2,2
BRDA:5,0,3,2
BRDA:5,0,4,2
BRF:5
BRH:5
end_of_record
TN:
SF:src/app/_main/util/is-class/is-class.util.ts
FN:2,isClass
FNF:1
FNH:1
FNDA:132,isClass
DA:4,132
DA:21,114
DA:25,114
DA:27,113
LF:4
LH:4
BRDA:4,0,0,18
BRDA:25,1,0,1
BRF:2
BRH:2
end_of_record
TN:
SF:src/app/_main/validators/email.validator.ts
FN:8,emailValidator
FN:9,(anonymous_1)
FNF:2
FNH:2
FNDA:3,emailValidator
FNDA:17,(anonymous_1)
DA:9,3
DA:10,17
DA:16,3
DA:18,14
LF:4
LH:4
BRDA:10,0,0,3
BRDA:11,1,0,17
BRDA:11,1,1,9
BRF:3
BRH:3
end_of_record
TN:
SF:src/app/_main/validators/max-length.validator.ts
FN:8,maxLengthValidator
FN:9,(anonymous_1)
FNF:2
FNH:2
FNDA:4,maxLengthValidator
FNDA:15,(anonymous_1)
DA:9,4
DA:10,15
DA:11,1
DA:16,14
LF:4
LH:4
BRDA:10,0,0,1
BRF:1
BRH:1
end_of_record
TN:
SF:src/app/_main/validators/password.validator.ts
FN:8,passwordValidator
FN:9,(anonymous_1)
FNF:2
FNH:2
FNDA:5,passwordValidator
FNDA:29,(anonymous_1)
DA:9,5
DA:10,29
DA:11,3
DA:16,26
LF:4
LH:4
BRDA:10,0,0,3
BRDA:10,1,0,29
BRDA:10,1,1,4
BRF:3
BRH:3
end_of_record
TN:
SF:src/app/_main/validators/required.validator.ts
FN:8,requiredValidator
FN:9,required
FNF:2
FNH:2
FNDA:25,requiredValidator
FNDA:127,required
DA:9,25
DA:10,127
DA:17,124
DA:19,3
LF:4
LH:4
BRDA:8,0,0,25
BRDA:10,1,0,124
BRDA:11,2,0,127
BRDA:11,2,1,0
BRDA:11,2,2,127
BRDA:11,2,3,123
BRDA:11,2,4,122
BRDA:11,2,5,3
BRF:8
BRH:7
end_of_record
TN:
SF:src/app/_main/validators/same-as.validator.ts
FN:8,sameAsValidator
FN:12,(anonymous_1)
FN:16,(anonymous_2)
FNF:3
FNH:3
FNDA:3,sameAsValidator
FNDA:13,(anonymous_1)
FNDA:2,(anonymous_2)
DA:10,3
DA:12,3
DA:13,13
DA:15,13
DA:16,2
DA:17,2
DA:18,0
DA:21,2
DA:24,13
DA:25,3
DA:30,10
LF:11
LH:10
BRDA:15,0,0,2
BRDA:15,1,0,13
BRDA:15,1,1,5
BRDA:17,2,0,0
BRDA:24,3,0,3
BRF:5
BRH:4
end_of_record
TN:
SF:src/app/auth/pages/change-password/change-password.page.ts
FN:46,(anonymous_0)
FN:52,(anonymous_1)
FN:60,(anonymous_2)
FN:69,(anonymous_3)
FNF:4
FNH:2
FNDA:1,(anonymous_0)
FNDA:1,(anonymous_1)
FNDA:0,(anonymous_2)
FNDA:0,(anonymous_3)
DA:18,1
DA:33,1
DA:47,1
DA:48,1
DA:49,1
DA:53,1
DA:54,1
DA:61,0
DA:63,0
DA:64,0
DA:66,0
DA:67,0
DA:70,0
LF:13
LH:7
BRDA:61,0,0,0
BRDA:61,1,0,0
BRDA:61,1,1,0
BRDA:66,2,0,0
BRDA:66,3,0,0
BRDA:66,3,1,0
BRF:6
BRH:0
end_of_record
TN:
SF:src/app/auth/pages/delete-account/delete-account.page.ts
FN:14,(anonymous_0)
FN:20,(anonymous_1)
FN:29,(anonymous_2)
FN:31,(anonymous_3)
FNF:4
FNH:3
FNDA:1,(anonymous_0)
FNDA:1,(anonymous_1)
FNDA:1,(anonymous_2)
FNDA:0,(anonymous_3)
DA:13,1
DA:15,1
DA:16,1
DA:17,1
DA:21,1
DA:22,1
DA:30,1
DA:31,0
LF:8
LH:7
BRDA:30,0,0,0
BRF:1
BRH:0
end_of_record
TN:
SF:src/app/auth/pages/forgot-password/forgot-password.page.ts
FN:18,(anonymous_0)
FN:39,(anonymous_1)
FNF:2
FNH:1
FNDA:1,(anonymous_0)
FNDA:0,(anonymous_1)
DA:17,1
DA:18,1
DA:21,1
DA:32,1
DA:40,0
DA:42,0
DA:43,0
DA:45,0
DA:46,0
LF:9
LH:4
BRDA:40,0,0,0
BRDA:40,1,0,0
BRDA:40,1,1,0
BRDA:45,2,0,0
BRF:4
BRH:0
end_of_record
TN:
SF:src/app/auth/pages/login/login.page.ts
FN:19,(anonymous_0)
FN:43,(anonymous_1)
FN:44,(anonymous_2)
FN:55,(anonymous_3)
FN:67,(anonymous_4)
FN:69,(anonymous_5)
FN:74,(anonymous_6)
FN:88,(anonymous_7)
FNF:8
FNH:3
FNDA:1,(anonymous_0)
FNDA:1,(anonymous_1)
FNDA:1,(anonymous_2)
FNDA:0,(anonymous_3)
FNDA:0,(anonymous_4)
FNDA:0,(anonymous_5)
FNDA:0,(anonymous_6)
FNDA:0,(anonymous_7)
DA:18,1
DA:19,1
DA:34,1
DA:37,1
DA:44,1
DA:45,1
DA:47,0
DA:48,0
DA:56,0
DA:58,0
DA:59,0
DA:61,0
DA:62,0
DA:64,0
DA:67,0
DA:70,0
DA:71,0
DA:75,0
DA:76,0
DA:78,0
DA:89,0
DA:91,0
DA:92,0
DA:93,0
DA:95,0
DA:96,0
DA:99,0
LF:27
LH:6
BRDA:45,0,0,1
BRDA:56,1,0,0
BRDA:56,2,0,0
BRDA:56,2,1,0
BRDA:61,3,0,0
BRDA:75,4,0,0
BRDA:75,4,1,0
BRDA:89,5,0,0
BRDA:89,5,1,0
BRDA:89,5,2,0
BRDA:89,5,3,0
BRF:11
BRH:1
end_of_record
TN:
SF:src/app/auth/pages/register/register.page.ts
FN:17,(anonymous_0)
FN:31,(anonymous_1)
FN:72,(anonymous_2)
FN:96,(anonymous_3)
FN:103,(anonymous_4)
FN:114,(anonymous_5)
FN:116,(anonymous_6)
FN:121,(anonymous_7)
FN:131,(anonymous_8)
FNF:9
FNH:2
FNDA:1,(anonymous_0)
FNDA:1,(anonymous_1)
FNDA:0,(anonymous_2)
FNDA:0,(anonymous_3)
FNDA:0,(anonymous_4)
FNDA:0,(anonymous_5)
FNDA:0,(anonymous_6)
FNDA:0,(anonymous_7)
FNDA:0,(anonymous_8)
DA:17,1
DA:18,1
DA:19,1
DA:30,1
DA:32,1
DA:33,1
DA:34,1
DA:41,1
DA:44,1
DA:50,1
DA:55,1
DA:74,0
DA:80,0
DA:81,0
DA:82,0
DA:83,0
DA:84,0
DA:85,0
DA:88,0
DA:89,0
DA:97,0
DA:104,0
DA:106,0
DA:107,0
DA:109,0
DA:110,0
DA:111,0
DA:114,0
DA:117,0
DA:118,0
DA:122,0
DA:132,0
DA:134,0
DA:136,0
DA:137,0
DA:139,0
DA:141,0
DA:144,0
LF:38
LH:11
BRDA:17,0,0,1
BRDA:17,0,1,1
BRDA:84,1,0,0
BRDA:88,2,0,0
BRDA:104,3,0,0
BRDA:104,4,0,0
BRDA:104,4,1,0
BRDA:109,5,0,0
BRDA:132,6,0,0
BRDA:132,6,1,0
BRDA:132,6,2,0
BRDA:134,7,0,0
BRDA:134,7,1,0
BRF:13
BRH:2
end_of_record
TN:
SF:src/app/auth/pages/restore-account/restore-account.page.ts
FN:14,(anonymous_0)
FN:19,(anonymous_1)
FN:26,(anonymous_2)
FNF:3
FNH:1
FNDA:1,(anonymous_0)
FNDA:0,(anonymous_1)
FNDA:0,(anonymous_2)
DA:13,1
DA:14,1
DA:20,0
DA:27,0
LF:4
LH:2
BRF:0
BRH:0
end_of_record
TN:
SF:src/app/auth/services/auth/auth.service.ts
FN:26,(anonymous_0)
FN:40,(anonymous_1)
FN:54,(anonymous_2)
FN:67,(anonymous_3)
FN:77,(anonymous_4)
FN:80,(anonymous_5)
FN:93,(anonymous_6)
FN:98,(anonymous_7)
FN:109,(anonymous_8)
FN:119,(anonymous_9)
FN:127,(anonymous_10)
FN:136,(anonymous_11)
FN:149,(anonymous_12)
FN:156,(anonymous_13)
FN:165,(anonymous_14)
FN:177,(anonymous_15)
FN:179,(anonymous_16)
FN:180,(anonymous_17)
FN:187,(anonymous_18)
FN:196,(anonymous_19)
FNF:20
FNH:3
FNDA:12,(anonymous_0)
FNDA:0,(anonymous_1)
FNDA:0,(anonymous_2)
FNDA:0,(anonymous_3)
FNDA:0,(anonymous_4)
FNDA:0,(anonymous_5)
FNDA:0,(anonymous_6)
FNDA:0,(anonymous_7)
FNDA:0,(anonymous_8)
FNDA:0,(anonymous_9)
FNDA:0,(anonymous_10)
FNDA:0,(anonymous_11)
FNDA:0,(anonymous_12)
FNDA:0,(anonymous_13)
FNDA:0,(anonymous_14)
FNDA:2,(anonymous_15)
FNDA:0,(anonymous_16)
FNDA:2,(anonymous_17)
FNDA:0,(anonymous_18)
FNDA:0,(anonymous_19)
DA:19,1
DA:20,12
DA:27,12
DA:28,12
DA:29,12
DA:30,12
DA:32,12
DA:53,0
DA:55,0
DA:76,0
DA:78,0
DA:81,0
DA:82,0
DA:84,0
DA:94,0
DA:95,0
DA:97,0
DA:99,0
DA:110,0
DA:120,0
DA:128,0
DA:137,0
DA:150,0
DA:157,0
DA:158,0
DA:166,0
DA:167,0
DA:169,0
DA:178,2
DA:179,0
DA:180,2
DA:188,0
DA:189,0
DA:197,0
LF:34
LH:9
BRDA:166,0,0,0
BRDA:166,0,1,0
BRDA:197,1,0,0
BRDA:197,1,1,0
BRF:4
BRH:0
end_of_record
TN:
SF:src/app/auth/services/user/user.service.ts
FN:21,(anonymous_0)
FN:33,(anonymous_1)
FN:46,(anonymous_2)
FN:55,(anonymous_3)
FN:58,(anonymous_4)
FN:66,(anonymous_5)
FN:67,(anonymous_6)
FN:73,(anonymous_7)
FN:80,(anonymous_8)
FN:91,(anonymous_9)
FNF:10
FNH:2
FNDA:6,(anonymous_0)
FNDA:0,(anonymous_1)
FNDA:0,(anonymous_2)
FNDA:4,(anonymous_3)
FNDA:0,(anonymous_4)
FNDA:0,(anonymous_5)
FNDA:0,(anonymous_6)
FNDA:0,(anonymous_7)
FNDA:0,(anonymous_8)
FNDA:0,(anonymous_9)
DA:18,1
DA:19,6
DA:22,6
DA:23,6
DA:24,6
DA:26,6
DA:34,0
DA:47,0
DA:55,1
DA:56,4
DA:58,0
DA:66,1
DA:67,0
DA:74,0
DA:81,0
DA:91,1
DA:92,0
LF:17
LH:10
BRF:0
BRH:0
end_of_record
TN:
SF:src/app/dashboard/classes/user.class.ts
FN:13,(anonymous_0)
FN:24,(anonymous_1)
FN:27,(anonymous_2)
FN:28,(anonymous_3)
FNF:4
FNH:0
FNDA:0,(anonymous_0)
FNDA:0,(anonymous_1)
FNDA:0,(anonymous_2)
FNDA:0,(anonymous_3)
DA:14,0
DA:15,0
DA:16,0
DA:17,0
DA:25,0
DA:27,0
DA:28,0
DA:31,0
DA:33,0
DA:34,0
DA:35,0
DA:36,0
LF:12
LH:0
BRF:0
BRH:0
end_of_record
TN:
SF:src/app/dashboard/components/member-list/member-list.component.ts
FN:33,(anonymous_0)
FN:24,(anonymous_1)
FN:25,(anonymous_2)
FN:29,(anonymous_3)
FN:30,(anonymous_4)
FN:39,(anonymous_5)
FNF:6
FNH:3
FNDA:1,(anonymous_0)
FNDA:2,(anonymous_1)
FNDA:0,(anonymous_2)
FNDA:4,(anonymous_3)
FNDA:0,(anonymous_4)
FNDA:0,(anonymous_5)
DA:13,1
DA:18,1
DA:21,1
DA:25,2
DA:30,4
DA:40,0
LF:6
LH:5
BRF:0
BRH:0
end_of_record
TN:
SF:src/app/dashboard/components/view-options/view-options.component.ts
FN:76,(anonymous_0)
FN:83,(anonymous_1)
FN:84,(anonymous_2)
FNF:3
FNH:3
FNDA:1,(anonymous_0)
FNDA:1,(anonymous_1)
FNDA:1,(anonymous_2)
DA:23,1
DA:25,1
DA:28,1
DA:31,1
DA:37,1
DA:40,1
DA:43,1
DA:46,1
DA:49,1
DA:52,1
DA:55,1
DA:65,1
DA:77,1
DA:78,1
DA:79,1
DA:80,1
DA:84,1
DA:85,1
DA:87,1
DA:88,1
DA:89,1
LF:21
LH:21
BRF:0
BRH:0
end_of_record
TN:
SF:src/app/dashboard/dialogs/add-member/add-member.dialog.ts
FN:39,(anonymous_0)
FN:45,(anonymous_1)
FN:57,(anonymous_2)
FNF:3
FNH:1
FNDA:1,(anonymous_0)
FNDA:0,(anonymous_1)
FNDA:0,(anonymous_2)
DA:27,1
DA:35,1
DA:40,1
DA:41,1
DA:46,0
DA:48,0
DA:49,0
DA:51,0
DA:53,0
DA:58,0
LF:10
LH:4
BRDA:51,0,0,0
BRF:1
BRH:0
end_of_record
TN:
SF:src/app/dashboard/dialogs/status/status.dialog.ts
FN:38,(anonymous_0)
FN:43,(anonymous_1)
FN:54,(anonymous_2)
FN:61,(anonymous_3)
FNF:4
FNH:0
FNDA:0,(anonymous_0)
FNDA:0,(anonymous_1)
FNDA:0,(anonymous_2)
FNDA:0,(anonymous_3)
DA:29,1
DA:31,0
DA:39,0
DA:40,0
DA:44,0
DA:46,0
DA:47,0
DA:55,0
DA:62,0
DA:63,0
LF:10
LH:1
BRDA:46,0,0,0
BRDA:62,1,0,0
BRF:2
BRH:0
end_of_record
TN:
SF:src/app/dashboard/filters/sprint.filters.ts
FN:14,(anonymous_0)
FN:20,(anonymous_1)
FN:21,(anonymous_2)
FNF:3
FNH:0
FNDA:0,(anonymous_0)
FNDA:0,(anonymous_1)
FNDA:0,(anonymous_2)
DA:15,0
DA:21,0
LF:2
LH:0
BRF:0
BRH:0
end_of_record
TN:
SF:src/app/dashboard/modules/integration-modules/components/integration-github/integration-github.component.ts
FN:61,(anonymous_0)
FN:63,(anonymous_1)
FN:74,(anonymous_2)
FN:75,(anonymous_3)
FN:80,(anonymous_4)
FN:81,(anonymous_5)
FN:90,(anonymous_6)
FN:94,(anonymous_7)
FN:97,(anonymous_8)
FN:103,(anonymous_9)
FN:113,(anonymous_10)
FN:22,(anonymous_12)
FN:25,(anonymous_13)
FN:28,(anonymous_14)
FNF:14
FNH:4
FNDA:1,(anonymous_0)
FNDA:1,(anonymous_1)
FNDA:0,(anonymous_2)
FNDA:0,(anonymous_3)
FNDA:0,(anonymous_4)
FNDA:0,(anonymous_5)
FNDA:1,(anonymous_6)
FNDA:1,(anonymous_7)
FNDA:0,(anonymous_8)
FNDA:0,(anonymous_9)
FNDA:0,(anonymous_10)
FNDA:0,(anonymous_12)
FNDA:0,(anonymous_13)
FNDA:0,(anonymous_14)
DA:23,0
DA:26,0
DA:28,0
DA:36,1
DA:41,1
DA:44,1
DA:47,1
DA:50,1
DA:53,1
DA:57,1
DA:61,1
DA:64,1
DA:66,1
DA:67,0
DA:70,1
DA:75,0
DA:76,0
DA:81,0
DA:82,0
DA:85,0
DA:91,1
DA:94,1
DA:98,0
DA:105,0
DA:108,0
DA:110,0
DA:112,0
DA:114,0
DA:122,0
LF:29
LH:13
BRDA:66,0,0,0
BRDA:105,1,0,0
BRDA:105,2,0,0
BRDA:105,2,1,0
BRDA:108,3,0,0
BRDA:110,4,0,0
BRDA:110,4,1,0
BRF:7
BRH:0
end_of_record
TN:
SF:src/app/dashboard/modules/integration-modules/decorators/integration-module/integration-module.decorator.ts
FN:11,IntegrationModule
FN:12,decorator
FNF:2
FNH:2
FNDA:1,IntegrationModule
FNDA:1,decorator
DA:12,1
DA:13,1
LF:2
LH:2
BRF:0
BRH:0
end_of_record
TN:
SF:src/app/dashboard/pages/create-project-members/create-project-members.page.ts
FN:47,(anonymous_0)
FN:66,(anonymous_1)
FN:70,(anonymous_2)
FN:75,(anonymous_3)
FN:81,(anonymous_4)
FN:83,(anonymous_5)
FN:84,(anonymous_6)
FN:89,(anonymous_7)
FNF:8
FNH:1
FNDA:1,(anonymous_0)
FNDA:0,(anonymous_1)
FNDA:0,(anonymous_2)
FNDA:0,(anonymous_3)
FNDA:0,(anonymous_4)
FNDA:0,(anonymous_5)
FNDA:0,(anonymous_6)
FNDA:0,(anonymous_7)
DA:20,1
DA:21,1
DA:26,1
DA:48,1
DA:49,1
DA:50,1
DA:51,1
DA:52,1
DA:53,1
DA:55,1
DA:56,1
DA:57,1
DA:58,1
DA:67,0
DA:71,0
DA:76,0
DA:77,0
DA:78,0
DA:79,0
DA:81,0
DA:82,0
DA:83,0
DA:84,0
DA:85,0
DA:89,0
DA:90,0
LF:26
LH:13
BRDA:76,0,0,0
BRDA:76,1,0,0
BRDA:76,1,1,0
BRDA:79,2,0,0
BRDA:82,3,0,0
BRDA:82,3,1,0
BRF:6
BRH:0
end_of_record
TN:
SF:src/app/dashboard/pages/create-workspace/create-workspace.page.ts
FN:37,(anonymous_0)
FN:43,(anonymous_1)
FN:49,(anonymous_2)
FN:50,(anonymous_3)
FNF:4
FNH:1
FNDA:1,(anonymous_0)
FNDA:0,(anonymous_1)
FNDA:0,(anonymous_2)
FNDA:0,(anonymous_3)
DA:19,1
DA:23,1
DA:37,1
DA:44,0
DA:45,0
DA:46,0
DA:47,0
DA:49,0
DA:50,0
DA:51,0
LF:10
LH:3
BRDA:44,0,0,0
BRDA:44,1,0,0
BRDA:44,1,1,0
BRDA:47,2,0,0
BRF:4
BRH:0
end_of_record
TN:
SF:src/app/dashboard/pages/edit-workspace/edit-workspace.page.ts
FN:44,(anonymous_0)
FN:58,(anonymous_1)
FN:60,(anonymous_2)
FN:69,(anonymous_3)
FN:75,(anonymous_4)
FN:76,(anonymous_5)
FNF:6
FNH:2
FNDA:1,(anonymous_0)
FNDA:1,(anonymous_1)
FNDA:0,(anonymous_2)
FNDA:0,(anonymous_3)
FNDA:0,(anonymous_4)
FNDA:0,(anonymous_5)
DA:18,1
DA:22,1
DA:45,1
DA:46,1
DA:47,1
DA:49,1
DA:51,1
DA:59,1
DA:60,1
DA:61,0
DA:70,0
DA:71,0
DA:72,0
DA:73,0
DA:75,0
DA:76,0
DA:77,0
LF:17
LH:9
BRDA:70,0,0,0
BRDA:70,1,0,0
BRDA:70,1,1,0
BRDA:73,2,0,0
BRF:4
BRH:0
end_of_record
TN:
SF:src/app/dashboard/pages/github-integration/github-integration.page.ts
FNF:0
FNH:0
DA:11,1
LF:1
LH:1
BRF:0
BRH:0
end_of_record
TN:
SF:src/app/dashboard/pages/projects-list/projects-list.page.ts
FN:29,(anonymous_0)
FN:40,(anonymous_1)
FN:40,(anonymous_2)
FN:45,(anonymous_3)
FN:50,(anonymous_4)
FN:55,(anonymous_5)
FN:56,(anonymous_6)
FN:57,(anonymous_7)
FNF:8
FNH:1
FNDA:1,(anonymous_0)
FNDA:0,(anonymous_1)
FNDA:0,(anonymous_2)
FNDA:0,(anonymous_3)
FNDA:0,(anonymous_4)
FNDA:0,(anonymous_5)
FNDA:0,(anonymous_6)
FNDA:0,(anonymous_7)
DA:19,1
DA:27,1
DA:30,1
DA:31,1
DA:32,1
DA:33,1
DA:34,1
DA:36,1
DA:38,1
DA:39,1
DA:40,0
DA:46,0
DA:51,0
DA:56,0
DA:57,0
DA:58,0
LF:16
LH:10
BRF:0
BRH:0
end_of_record
TN:
SF:src/app/dashboard/pages/workspaces-list/workspaces-list.page.ts
FN:27,(anonymous_0)
FN:47,(anonymous_1)
FN:54,(anonymous_2)
FN:62,(anonymous_3)
FN:63,(anonymous_4)
FN:64,(anonymous_5)
FN:75,(anonymous_6)
FN:79,(anonymous_7)
FNF:8
FNH:3
FNDA:1,(anonymous_0)
FNDA:1,(anonymous_1)
FNDA:1,(anonymous_2)
FNDA:0,(anonymous_3)
FNDA:0,(anonymous_4)
FNDA:0,(anonymous_5)
FNDA:0,(anonymous_6)
FNDA:0,(anonymous_7)
DA:20,1
DA:28,1
DA:29,1
DA:30,1
DA:31,1
DA:37,1
DA:48,1
DA:55,1
DA:63,0
DA:64,0
DA:66,0
DA:76,0
DA:80,0
LF:13
LH:8
BRF:0
BRH:0
end_of_record
TN:
SF:src/app/dashboard/services/git-integration/git-integration.service.ts
FN:35,(anonymous_0)
FN:64,(anonymous_1)
FN:66,(anonymous_2)
FN:67,(anonymous_3)
FN:73,(anonymous_4)
FN:74,(anonymous_5)
FN:85,(anonymous_6)
FN:91,(anonymous_7)
FN:97,(anonymous_8)
FN:98,(anonymous_9)
FN:107,(anonymous_10)
FN:117,(anonymous_11)
FN:138,(anonymous_12)
FN:142,(anonymous_13)
FN:143,(anonymous_14)
FN:153,(anonymous_15)
FN:165,(anonymous_16)
FN:178,(anonymous_17)
FN:179,(anonymous_18)
FN:187,(anonymous_19)
FN:200,(anonymous_20)
FN:215,(anonymous_21)
FN:225,(anonymous_22)
FN:229,(anonymous_23)
FN:231,(anonymous_24)
FNF:25
FNH:3
FNDA:3,(anonymous_0)
FNDA:0,(anonymous_1)
FNDA:0,(anonymous_2)
FNDA:0,(anonymous_3)
FNDA:0,(anonymous_4)
FNDA:0,(anonymous_5)
FNDA:0,(anonymous_6)
FNDA:0,(anonymous_7)
FNDA:0,(anonymous_8)
FNDA:0,(anonymous_9)
FNDA:1,(anonymous_10)
FNDA:0,(anonymous_11)
FNDA:1,(anonymous_12)
FNDA:0,(anonymous_13)
FNDA:0,(anonymous_14)
FNDA:0,(anonymous_15)
FNDA:0,(anonymous_16)
FNDA:0,(anonymous_17)
FNDA:0,(anonymous_18)
FNDA:0,(anonymous_19)
FNDA:0,(anonymous_20)
FNDA:0,(anonymous_21)
FNDA:0,(anonymous_22)
FNDA:0,(anonymous_23)
FNDA:0,(anonymous_24)
DA:27,1
DA:36,3
DA:37,3
DA:38,3
DA:40,3
DA:43,3
DA:65,0
DA:66,0
DA:68,0
DA:70,0
DA:72,0
DA:73,0
DA:74,0
DA:86,0
DA:92,0
DA:94,0
DA:96,0
DA:97,0
DA:98,0
DA:107,1
DA:108,1
DA:109,1
DA:121,0
DA:138,1
DA:139,1
DA:143,0
DA:154,0
DA:166,0
DA:179,0
DA:188,0
DA:201,0
DA:216,0
DA:217,0
DA:226,0
DA:230,0
DA:232,0
LF:36
LH:11
BRDA:70,0,0,0
BRDA:94,1,0,0
BRDA:232,2,0,0
BRDA:232,2,1,0
BRF:4
BRH:0
end_of_record
TN:
SF:src/app/dashboard/services/member/member.service.ts
FN:29,(anonymous_0)
FN:39,(anonymous_1)
FN:55,(anonymous_2)
FN:70,(anonymous_3)
FN:84,(anonymous_4)
FN:96,(anonymous_5)
FN:98,(anonymous_6)
FN:99,(anonymous_7)
FN:107,(anonymous_8)
FN:109,(anonymous_9)
FN:109,(anonymous_10)
FNF:11
FNH:2
FNDA:12,(anonymous_0)
FNDA:1,(anonymous_1)
FNDA:0,(anonymous_2)
FNDA:0,(anonymous_3)
FNDA:0,(anonymous_4)
FNDA:0,(anonymous_5)
FNDA:0,(anonymous_6)
FNDA:0,(anonymous_7)
FNDA:0,(anonymous_8)
FNDA:0,(anonymous_9)
FNDA:0,(anonymous_10)
DA:17,1
DA:20,12
DA:29,12
DA:30,12
DA:39,1
DA:40,1
DA:56,0
DA:71,0
DA:88,0
DA:97,0
DA:99,0
DA:100,0
DA:101,0
DA:108,0
DA:109,0
LF:15
LH:6
BRF:0
BRH:0
end_of_record
TN:
SF:src/app/dashboard/services/project/project.service.ts
FN:34,(anonymous_0)
FN:49,(anonymous_1)
FN:63,(anonymous_2)
FN:77,(anonymous_3)
FN:91,(anonymous_4)
FN:103,(anonymous_5)
FN:105,(anonymous_6)
FN:106,(anonymous_7)
FN:107,(anonymous_8)
FN:122,(anonymous_9)
FN:134,(anonymous_10)
FN:146,(anonymous_11)
FN:155,(anonymous_12)
FN:157,(anonymous_13)
FN:158,(anonymous_14)
FNF:15
FNH:2
FNDA:11,(anonymous_0)
FNDA:1,(anonymous_1)
FNDA:0,(anonymous_2)
FNDA:0,(anonymous_3)
FNDA:0,(anonymous_4)
FNDA:0,(anonymous_5)
FNDA:0,(anonymous_6)
FNDA:0,(anonymous_7)
FNDA:0,(anonymous_8)
FNDA:0,(anonymous_9)
FNDA:0,(anonymous_10)
FNDA:0,(anonymous_11)
FNDA:0,(anonymous_12)
FNDA:0,(anonymous_13)
FNDA:0,(anonymous_14)
DA:19,1
DA:22,11
DA:35,11
DA:36,11
DA:37,11
DA:39,11
DA:49,1
DA:50,1
DA:64,0
DA:78,0
DA:92,0
DA:104,0
DA:106,0
DA:107,0
DA:108,0
DA:122,1
DA:123,0
DA:135,0
DA:136,0
DA:138,0
DA:147,0
DA:156,0
DA:158,0
LF:23
LH:9
BRF:0
BRH:0
end_of_record
TN:
SF:src/app/dashboard/services/workspace/workspace.service.ts
FN:30,(anonymous_0)
FN:40,(anonymous_1)
FN:53,(anonymous_2)
FN:67,(anonymous_3)
FN:81,(anonymous_4)
FN:90,(anonymous_5)
FN:103,(anonymous_6)
FN:105,(anonymous_7)
FN:106,(anonymous_8)
FN:107,(anonymous_9)
FNF:10
FNH:3
FNDA:15,(anonymous_0)
FNDA:1,(anonymous_1)
FNDA:0,(anonymous_2)
FNDA:0,(anonymous_3)
FNDA:1,(anonymous_4)
FNDA:0,(anonymous_5)
FNDA:0,(anonymous_6)
FNDA:0,(anonymous_7)
FNDA:0,(anonymous_8)
FNDA:0,(anonymous_9)
DA:15,1
DA:18,15
DA:30,15
DA:31,15
DA:40,1
DA:41,1
DA:54,0
DA:68,0
DA:81,1
DA:82,1
DA:91,0
DA:104,0
DA:106,0
DA:107,0
DA:109,0
DA:110,0
DA:112,0
LF:17
LH:8
BRDA:109,0,0,0
BRF:1
BRH:0
end_of_record
TN:
SF:src/app/landing-page/landing-page/landing-page.component.ts
FNF:0
FNH:0
DA:11,1
LF:1
LH:1
BRF:0
BRH:0
end_of_record
TN:
SF:src/app/messages/messages.module.ts
FNF:0
FNH:0
DA:23,1
LF:1
LH:1
BRF:0
BRH:0
end_of_record
TN:
SF:src/app/messages/messages.routing.ts
FNF:0
FNH:0
DA:10,1
DA:35,1
LF:2
LH:2
BRF:0
BRH:0
end_of_record
TN:
SF:src/app/messages/components/message/message.component.ts
FN:12,(anonymous_0)
FNF:1
FNH:0
FNDA:0,(anonymous_0)
DA:12,1
DA:14,0
DA:17,0
DA:20,0
LF:4
LH:1
BRF:0
BRH:0
end_of_record
TN:
SF:src/app/messages/components/message-group/message-group.component.ts
FN:13,(anonymous_0)
FNF:1
FNH:0
FNDA:0,(anonymous_0)
DA:13,1
DA:15,0
DA:21,0
LF:3
LH:1
BRF:0
BRH:0
end_of_record
TN:
SF:src/app/messages/components/messenger-sidebar/messenger-sidebar.component.ts
FNF:0
FNH:0
DA:11,1
LF:1
LH:1
BRF:0
BRH:0
end_of_record
TN:
SF:src/app/messages/pages/conversation/conversation.page.ts
FN:43,(anonymous_0)
FN:51,(anonymous_1)
FN:52,(anonymous_2)
FN:59,(anonymous_3)
FN:60,(anonymous_4)
FN:62,(anonymous_5)
FN:63,(anonymous_6)
FN:67,(anonymous_7)
FN:75,(anonymous_8)
FN:77,(anonymous_9)
FN:87,(anonymous_10)
FN:88,(anonymous_11)
FN:105,(anonymous_12)
FN:115,(anonymous_13)
FNF:14
FNH:0
FNDA:0,(anonymous_0)
FNDA:0,(anonymous_1)
FNDA:0,(anonymous_2)
FNDA:0,(anonymous_3)
FNDA:0,(anonymous_4)
FNDA:0,(anonymous_5)
FNDA:0,(anonymous_6)
FNDA:0,(anonymous_7)
FNDA:0,(anonymous_8)
FNDA:0,(anonymous_9)
FNDA:0,(anonymous_10)
FNDA:0,(anonymous_11)
FNDA:0,(anonymous_12)
FNDA:0,(anonymous_13)
DA:19,1
DA:21,0
DA:24,0
DA:35,0
DA:38,0
DA:44,0
DA:45,0
DA:46,0
DA:48,0
DA:52,0
DA:53,0
DA:54,0
DA:56,0
DA:59,0
DA:60,0
DA:63,0
DA:64,0
DA:65,0
DA:67,0
DA:68,0
DA:69,0
DA:73,0
DA:75,0
DA:76,0
DA:77,0
DA:78,0
DA:88,0
DA:89,0
DA:96,0
DA:106,0
DA:116,0
LF:31
LH:1
BRDA:64,0,0,0
BRDA:68,1,0,0
BRF:2
BRH:0
end_of_record
TN:
SF:src/app/messages/pages/messenger/messenger.page.ts
FNF:0
FNH:0
DA:11,1
LF:1
LH:1
BRF:0
BRH:0
end_of_record
TN:
SF:src/app/messages/pages/messenger-summary/messenger-summary.page.ts
FNF:0
FNH:0
DA:11,1
LF:1
LH:1
BRF:0
BRH:0
end_of_record
TN:
SF:src/app/messages/services/slack-integration.service.ts
FN:48,(anonymous_0)
FN:58,(anonymous_1)
FN:64,(anonymous_2)
FN:65,(anonymous_3)
FN:72,(anonymous_4)
FN:83,(anonymous_5)
FN:85,(anonymous_6)
FN:87,(anonymous_7)
FN:89,(anonymous_8)
FN:102,(anonymous_9)
FN:106,(anonymous_10)
FN:108,(anonymous_11)
FN:110,(anonymous_12)
FN:127,(anonymous_13)
FN:145,(anonymous_14)
FN:169,(anonymous_15)
FN:184,(anonymous_16)
FN:186,(anonymous_17)
FN:188,(anonymous_18)
FN:192,(anonymous_19)
FN:209,(anonymous_20)
FN:212,(anonymous_21)
FN:212,(anonymous_22)
FN:222,(anonymous_23)
FN:224,(anonymous_24)
FN:229,(anonymous_25)
FN:243,(anonymous_26)
FN:257,(anonymous_27)
FN:267,(anonymous_28)
FN:281,(anonymous_29)
FN:297,(anonymous_30)
FN:300,(anonymous_31)
FNF:32
FNH:4
FNDA:2,(anonymous_0)
FNDA:0,(anonymous_1)
FNDA:0,(anonymous_2)
FNDA:0,(anonymous_3)
FNDA:1,(anonymous_4)
FNDA:1,(anonymous_5)
FNDA:0,(anonymous_6)
FNDA:0,(anonymous_7)
FNDA:0,(anonymous_8)
FNDA:1,(anonymous_9)
FNDA:0,(anonymous_10)
FNDA:0,(anonymous_11)
FNDA:0,(anonymous_12)
FNDA:0,(anonymous_13)
FNDA:0,(anonymous_14)
FNDA:0,(anonymous_15)
FNDA:0,(anonymous_16)
FNDA:0,(anonymous_17)
FNDA:0,(anonymous_18)
FNDA:0,(anonymous_19)
FNDA:0,(anonymous_20)
FNDA:0,(anonymous_21)
FNDA:0,(anonymous_22)
FNDA:0,(anonymous_23)
FNDA:0,(anonymous_24)
FNDA:0,(anonymous_25)
FNDA:0,(anonymous_26)
FNDA:0,(anonymous_27)
FNDA:0,(anonymous_28)
FNDA:0,(anonymous_29)
FNDA:0,(anonymous_30)
FNDA:0,(anonymous_31)
DA:25,1
DA:33,2
DA:49,2
DA:50,2
DA:51,2
DA:52,2
DA:54,2
DA:59,0
DA:61,0
DA:63,0
DA:64,0
DA:65,0
DA:72,1
DA:73,1
DA:83,1
DA:84,1
DA:86,0
DA:88,0
DA:89,0
DA:102,1
DA:105,1
DA:107,0
DA:109,0
DA:110,0
DA:127,1
DA:128,0
DA:145,1
DA:150,0
DA:169,1
DA:170,0
DA:185,0
DA:187,0
DA:189,0
DA:191,0
DA:192,0
DA:211,0
DA:212,0
DA:223,0
DA:225,0
DA:226,0
DA:228,0
DA:229,0
DA:244,0
DA:258,0
DA:268,0
DA:269,0
DA:282,0
DA:289,0
DA:298,0
DA:300,0
LF:50
LH:16
BRDA:61,0,0,0
BRDA:152,1,0,0
BRDA:152,1,1,0
BRDA:189,2,0,0
BRDA:225,3,0,0
BRDA:226,4,0,0
BRDA:268,5,0,0
BRF:7
BRH:0
end_of_record
TN:
SF:src/app/releases/dialog/release/release.dialog.ts
FN:13,(anonymous_0)
FN:52,(anonymous_1)
FN:58,(anonymous_2)
FN:67,(anonymous_3)
FN:74,(anonymous_4)
FNF:5
FNH:1
FNDA:1,(anonymous_0)
FNDA:0,(anonymous_1)
FNDA:0,(anonymous_2)
FNDA:0,(anonymous_3)
FNDA:0,(anonymous_4)
DA:13,1
DA:14,1
DA:15,1
DA:36,1
DA:38,0
DA:41,0
DA:44,0
DA:53,0
DA:54,0
DA:55,0
DA:59,0
DA:60,0
DA:61,0
DA:62,0
DA:68,0
DA:69,0
DA:75,0
LF:17
LH:4
BRDA:13,0,0,1
BRDA:13,0,1,1
BRDA:61,1,0,0
BRDA:68,2,0,0
BRF:4
BRH:2
end_of_record
TN:
SF:src/app/releases/services/release.service.ts
FN:43,(anonymous_0)
FN:58,(anonymous_1)
FN:74,(anonymous_2)
FN:89,(anonymous_3)
FN:105,(anonymous_4)
FN:124,(anonymous_5)
FN:134,(anonymous_6)
FN:149,(anonymous_7)
FN:159,(anonymous_8)
FN:171,(anonymous_9)
FN:183,(anonymous_10)
FN:199,(anonymous_11)
FN:212,(anonymous_12)
FNF:13
FNH:0
FNDA:0,(anonymous_0)
FNDA:0,(anonymous_1)
FNDA:0,(anonymous_2)
FNDA:0,(anonymous_3)
FNDA:0,(anonymous_4)
FNDA:0,(anonymous_5)
FNDA:0,(anonymous_6)
FNDA:0,(anonymous_7)
FNDA:0,(anonymous_8)
FNDA:0,(anonymous_9)
FNDA:0,(anonymous_10)
FNDA:0,(anonymous_11)
FNDA:0,(anonymous_12)
DA:23,1
DA:28,0
DA:44,0
DA:45,0
DA:46,0
DA:47,0
DA:49,0
DA:58,1
DA:59,0
DA:74,1
DA:75,0
DA:90,0
DA:106,0
DA:125,0
DA:135,0
DA:150,0
DA:160,0
DA:161,0
DA:172,0
DA:184,0
DA:185,0
DA:187,0
DA:200,0
DA:213,0
DA:214,0
DA:216,0
LF:26
LH:3
BRDA:160,0,0,0
BRDA:184,1,0,0
BRDA:184,1,1,0
BRDA:213,2,0,0
BRDA:213,2,1,0
BRF:5
BRH:0
end_of_record
TN:
SF:src/app/settings/components/integration-entry/integration-entry.component.ts
FN:11,(anonymous_0)
FNF:1
FNH:1
FNDA:1,(anonymous_0)
DA:11,1
DA:22,1
DA:25,1
LF:3
LH:3
BRF:0
BRH:0
end_of_record
TN:
SF:src/app/settings/components/list-group/list-group.component.ts
FN:18,(anonymous_0)
FNF:1
FNH:1
FNDA:1,(anonymous_0)
DA:11,1
LF:1
LH:1
BRF:0
BRH:0
end_of_record
TN:
SF:src/app/settings/pages/settings/settings.page.ts
FN:25,(anonymous_0)
FNF:1
FNH:1
FNDA:1,(anonymous_0)
DA:12,1
DA:14,1
DA:17,1
DA:20,1
DA:23,1
LF:5
LH:5
BRF:0
BRH:0
end_of_record
TN:
SF:src/app/settings/pages/settings-account/settings-account.page.ts
FN:17,(anonymous_0)
FN:31,(anonymous_1)
FN:32,(anonymous_2)
FN:40,(anonymous_3)
FN:45,(anonymous_4)
FN:54,(anonymous_5)
FN:57,(anonymous_6)
FN:66,(anonymous_7)
FN:67,(anonymous_8)
FNF:9
FNH:2
FNDA:1,(anonymous_0)
FNDA:1,(anonymous_1)
FNDA:0,(anonymous_2)
FNDA:0,(anonymous_3)
FNDA:0,(anonymous_4)
FNDA:0,(anonymous_5)
FNDA:0,(anonymous_6)
FNDA:0,(anonymous_7)
FNDA:0,(anonymous_8)
DA:16,1
DA:18,1
DA:19,1
DA:20,1
DA:24,1
DA:32,1
DA:33,0
DA:41,0
DA:42,0
DA:43,0
DA:45,0
DA:46,0
DA:55,0
DA:57,0
DA:58,0
DA:67,0
DA:68,0
LF:17
LH:6
BRDA:43,0,0,0
BRF:1
BRH:0
end_of_record
TN:
SF:src/app/settings/pages/settings-integrations/settings-integrations.page.ts
FN:44,(anonymous_0)
FN:49,(anonymous_1)
FN:55,(anonymous_2)
FN:56,(anonymous_3)
FN:62,(anonymous_4)
FN:64,(anonymous_5)
FN:65,(anonymous_6)
FN:76,(anonymous_7)
FN:77,(anonymous_8)
FN:83,(anonymous_9)
FN:86,(anonymous_10)
FN:86,(anonymous_11)
FN:90,(anonymous_12)
FN:95,(anonymous_13)
FN:100,(anonymous_14)
FN:101,(anonymous_15)
FNF:16
FNH:4
FNDA:1,(anonymous_0)
FNDA:1,(anonymous_1)
FNDA:0,(anonymous_2)
FNDA:0,(anonymous_3)
FNDA:1,(anonymous_4)
FNDA:0,(anonymous_5)
FNDA:0,(anonymous_6)
FNDA:0,(anonymous_7)
FNDA:0,(anonymous_8)
FNDA:0,(anonymous_9)
FNDA:0,(anonymous_10)
FNDA:0,(anonymous_11)
FNDA:0,(anonymous_12)
FNDA:1,(anonymous_13)
FNDA:0,(anonymous_14)
FNDA:0,(anonymous_15)
DA:34,1
DA:42,1
DA:45,1
DA:46,1
DA:50,1
DA:51,1
DA:56,0
DA:57,0
DA:63,1
DA:65,0
DA:66,0
DA:77,0
DA:78,0
DA:84,0
DA:86,0
DA:91,0
DA:96,1
DA:101,0
DA:102,0
LF:19
LH:8
BRF:0
BRH:0
end_of_record
TN:
SF:src/app/settings/pages/settings-localization/settings-localization.page.ts
FN:78,(anonymous_0)
FN:64,(anonymous_1)
FN:73,(anonymous_2)
FN:80,(anonymous_3)
FN:81,(anonymous_4)
FN:87,(anonymous_5)
FN:88,(anonymous_6)
FN:100,(anonymous_7)
FNF:8
FNH:4
FNDA:1,(anonymous_0)
FNDA:4,(anonymous_1)
FNDA:3,(anonymous_2)
FNDA:1,(anonymous_3)
FNDA:0,(anonymous_4)
FNDA:0,(anonymous_5)
FNDA:0,(anonymous_6)
FNDA:0,(anonymous_7)
DA:17,1
DA:19,1
DA:29,1
DA:64,4
DA:73,3
DA:78,1
DA:81,1
DA:82,0
DA:88,0
DA:89,0
DA:91,0
DA:92,0
DA:94,0
DA:101,0
LF:14
LH:7
BRDA:91,0,0,0
BRDA:91,0,1,0
BRF:2
BRH:0
end_of_record
TN:
SF:src/app/settings/pages/settings-sessions/settings-sessions.page.ts
FN:20,(anonymous_0)
FN:22,(anonymous_1)
FN:30,(anonymous_2)
FN:49,(anonymous_3)
FN:66,(anonymous_4)
FN:79,(anonymous_5)
FNF:6
FNH:2
FNDA:1,(anonymous_0)
FNDA:1,(anonymous_1)
FNDA:0,(anonymous_2)
FNDA:0,(anonymous_3)
FNDA:0,(anonymous_4)
FNDA:0,(anonymous_5)
DA:16,1
DA:20,1
DA:23,1
DA:31,0
DA:32,0
DA:34,0
DA:35,0
DA:36,0
DA:38,0
DA:41,0
DA:50,0
DA:51,0
DA:52,0
DA:53,0
DA:54,0
DA:56,0
DA:57,0
DA:59,0
DA:67,0
DA:68,0
DA:69,0
DA:71,0
DA:72,0
DA:73,0
DA:75,0
DA:80,0
LF:26
LH:3
BRDA:34,0,0,0
BRDA:34,0,1,0
BRDA:35,1,0,0
BRDA:35,1,1,0
BRDA:51,2,0,0
BRDA:51,2,1,0
BRDA:52,3,0,0
BRDA:52,3,1,0
BRDA:53,4,0,0
BRDA:56,5,0,0
BRDA:68,6,0,0
BRDA:71,7,0,0
BRDA:72,8,0,0
BRF:13
BRH:0
end_of_record
TN:
SF:src/app/settings/services/sessions.service.ts
FN:21,(anonymous_0)
FN:29,(anonymous_1)
FN:38,(anonymous_2)
FNF:3
FNH:2
FNDA:2,(anonymous_0)
FNDA:1,(anonymous_1)
FNDA:0,(anonymous_2)
DA:14,1
DA:15,2
DA:21,2
DA:22,2
DA:30,1
DA:39,0
LF:6
LH:5
BRF:0
BRH:0
end_of_record
TN:
SF:src/app/tasks/tasks.module.ts
FNF:0
FNH:0
DA:86,1
LF:1
LH:1
BRF:0
BRH:0
end_of_record
TN:
SF:src/app/tasks/tasks.routing.ts
FN:47,(anonymous_0)
FN:47,(anonymous_1)
FN:51,(anonymous_2)
FN:51,(anonymous_3)
FNF:4
FNH:0
FNDA:0,(anonymous_0)
FNDA:0,(anonymous_1)
FNDA:0,(anonymous_2)
FNDA:0,(anonymous_3)
DA:12,1
DA:47,0
DA:51,0
DA:62,1
LF:4
LH:2
BRF:0
BRH:0
end_of_record
TN:
SF:src/app/tasks/components/assignee/assignee.component.ts
FN:66,(anonymous_0)
FN:20,(anonymous_1)
FN:29,(anonymous_2)
FN:33,(anonymous_3)
FN:58,(anonymous_4)
FN:62,(anonymous_5)
FN:74,(anonymous_6)
FN:75,(anonymous_7)
FN:80,(anonymous_8)
FN:82,(anonymous_9)
FN:87,(anonymous_10)
FN:91,(anonymous_11)
FN:98,(anonymous_12)
FN:102,(anonymous_13)
FNF:14
FNH:2
FNDA:1,(anonymous_0)
FNDA:0,(anonymous_1)
FNDA:16,(anonymous_2)
FNDA:0,(anonymous_3)
FNDA:0,(anonymous_4)
FNDA:0,(anonymous_5)
FNDA:0,(anonymous_6)
FNDA:0,(anonymous_7)
FNDA:0,(anonymous_8)
FNDA:0,(anonymous_9)
FNDA:0,(anonymous_10)
FNDA:0,(anonymous_11)
FNDA:0,(anonymous_12)
FNDA:0,(anonymous_13)
DA:19,1
DA:21,0
DA:23,0
DA:24,0
DA:26,0
DA:30,16
DA:34,0
DA:35,0
DA:36,0
DA:38,0
DA:39,0
DA:40,0
DA:41,0
DA:42,0
DA:44,0
DA:52,1
DA:54,1
DA:55,1
DA:59,0
DA:63,0
DA:67,1
DA:68,1
DA:71,1
DA:75,0
DA:76,0
DA:80,0
DA:82,0
DA:83,0
DA:88,0
DA:92,0
DA:93,0
DA:95,0
DA:99,0
DA:100,0
DA:103,0
DA:104,0
LF:36
LH:8
BRDA:23,0,0,0
BRDA:23,0,1,0
BRDA:34,1,0,0
BRDA:34,1,1,0
BRDA:39,2,0,0
BRDA:92,3,0,0
BRDA:99,4,0,0
BRDA:99,5,0,0
BRDA:99,5,1,0
BRDA:101,6,0,0
BRDA:101,6,1,0
BRF:11
BRH:0
end_of_record
TN:
SF:src/app/tasks/components/board-task/board-task.component.ts
FN:34,(anonymous_0)
FN:37,(anonymous_1)
FN:38,(anonymous_2)
FN:44,(anonymous_3)
[...]
DA:61,1
DA:63,1
DA:65,1
DA:70,0
DA:75,0
DA:78,0
DA:79,0
DA:80,0
DA:81,0
DA:82,0
DA:84,0
DA:85,0
DA:86,0
DA:88,0
DA:89,0
DA:91,0
DA:101,0
DA:102,0
DA:110,0
DA:112,0
DA:115,0
DA:121,0
DA:128,0
DA:129,0
DA:130,0
DA:138,0
DA:143,0
DA:148,0
DA:149,0
DA:150,0
LF:41
LH:14
BRDA:88,0,0,0
BRDA:88,0,1,0
BRDA:101,1,0,0
BRDA:101,1,1,0
BRDA:101,2,0,0
BRDA:101,2,1,0
BRDA:110,3,0,0
BRDA:128,4,0,0
BRDA:138,5,0,0
BRDA:138,5,1,0
BRDA:149,6,0,0
BRDA:149,6,1,0
BRF:12
BRH:0
end_of_record
TN:
SF:src/app/tasks/components/tracker/tracker.component.ts
FN:88,(anonymous_0)
FN:33,(anonymous_1)
FN:36,(anonymous_2)
FN:37,(anonymous_3)
FN:40,(anonymous_4)
FN:44,(anonymous_5)
FN:79,(anonymous_6)
FN:84,(anonymous_7)
FN:94,(anonymous_8)
FN:97,(anonymous_9)
FN:100,(anonymous_10)
FN:106,(anonymous_11)
FN:111,(anonymous_12)
FN:116,(anonymous_13)
FN:124,(anonymous_14)
FN:130,(anonymous_15)
FN:136,(anonymous_16)
FN:144,(anonymous_17)
FN:149,(anonymous_18)
FN:154,(anonymous_19)
FN:155,(anonymous_20)
FNF:21
FNH:0
FNDA:0,(anonymous_0)
FNDA:0,(anonymous_1)
FNDA:0,(anonymous_2)
FNDA:0,(anonymous_3)
FNDA:0,(anonymous_4)
FNDA:0,(anonymous_5)
FNDA:0,(anonymous_6)
FNDA:0,(anonymous_7)
FNDA:0,(anonymous_8)
FNDA:0,(anonymous_9)
FNDA:0,(anonymous_10)
FNDA:0,(anonymous_11)
FNDA:0,(anonymous_12)
FNDA:0,(anonymous_13)
FNDA:0,(anonymous_14)
FNDA:0,(anonymous_15)
FNDA:0,(anonymous_16)
FNDA:0,(anonymous_17)
FNDA:0,(anonymous_18)
FNDA:0,(anonymous_19)
FNDA:0,(anonymous_20)
DA:22,1
DA:34,0
DA:35,0
DA:36,0
DA:37,0
DA:39,0
DA:40,0
DA:41,0
DA:45,0
DA:52,0
DA:55,0
DA:58,0
DA:61,0
DA:64,0
DA:67,0
DA:70,0
DA:73,0
DA:76,0
DA:80,0
DA:85,0
DA:89,0
DA:90,0
DA:91,0
DA:95,0
DA:97,0
DA:101,0
DA:107,0
DA:112,0
DA:117,0
DA:118,0
DA:120,0
DA:125,0
DA:126,0
DA:131,0
DA:132,0
DA:137,0
DA:138,0
DA:140,0
DA:145,0
DA:150,0
DA:155,0
DA:156,0
LF:42
LH:1
BRDA:40,0,0,0
BRDA:40,1,0,0
BRDA:40,1,1,0
BRDA:40,1,2,0
BRDA:117,2,0,0
BRDA:137,3,0,0
BRF:6
BRH:0
end_of_record
TN:
SF:src/app/tasks/components/tracker/tracker-entry/tracker-entry.component.ts
FN:51,(anonymous_0)
FN:23,(anonymous_1)
FN:27,(anonymous_2)
FN:55,(anonymous_3)
FN:56,(anonymous_4)
FN:67,(anonymous_5)
FN:76,(anonymous_6)
FN:82,(anonymous_7)
FN:87,(anonymous_8)
FN:94,(anonymous_9)
FNF:10
FNH:0
FNDA:0,(anonymous_0)
FNDA:0,(anonymous_1)
FNDA:0,(anonymous_2)
FNDA:0,(anonymous_3)
FNDA:0,(anonymous_4)
FNDA:0,(anonymous_5)
FNDA:0,(anonymous_6)
FNDA:0,(anonymous_7)
FNDA:0,(anonymous_8)
FNDA:0,(anonymous_9)
DA:21,1
DA:24,0
DA:25,0
DA:28,0
DA:32,0
DA:34,0
DA:40,0
DA:43,0
DA:49,0
DA:51,0
DA:52,0
DA:56,0
DA:57,0
DA:59,0
DA:60,0
DA:61,0
DA:68,0
DA:69,0
DA:70,0
DA:73,0
DA:77,0
DA:83,0
DA:84,0
DA:88,0
DA:91,0
DA:95,0
LF:26
LH:1
BRDA:57,0,0,0
BRDA:57,1,0,0
BRDA:57,1,1,0
BRDA:60,2,0,0
BRDA:68,3,0,0
BRDA:83,4,0,0
BRDA:83,4,1,0
BRF:7
BRH:0
end_of_record
TN:
SF:src/app/tasks/dialogs/sprint/sprint.dialog.ts
FN:22,(anonymous_0)
FN:68,(anonymous_1)
FN:75,(anonymous_2)
FN:88,(anonymous_3)
FN:95,(anonymous_4)
FN:102,(anonymous_5)
FNF:6
FNH:1
FNDA:1,(anonymous_0)
FNDA:0,(anonymous_1)
FNDA:0,(anonymous_2)
FNDA:0,(anonymous_3)
FNDA:0,(anonymous_4)
FNDA:0,(anonymous_5)
DA:22,1
DA:23,1
DA:24,1
DA:44,1
DA:46,0
DA:52,0
DA:55,0
DA:66,0
DA:69,0
DA:70,0
DA:71,0
DA:72,0
DA:76,0
DA:78,0
DA:79,0
DA:80,0
DA:81,0
DA:89,0
DA:91,0
DA:96,0
DA:97,0
DA:103,0
LF:22
LH:4
BRDA:22,0,0,1
BRDA:22,0,1,1
BRDA:62,1,0,0
BRDA:62,1,1,0
BRDA:80,2,0,0
BRDA:91,3,0,0
BRDA:91,4,0,0
BRDA:91,4,1,0
BRDA:96,5,0,0
BRF:9
BRH:2
end_of_record
TN:
SF:src/app/tasks/dialogs/task/task.dialog.ts
FN:33,(anonymous_0)
FN:133,(anonymous_1)
FN:146,(anonymous_2)
FN:161,(anonymous_3)
FN:174,(anonymous_4)
FN:186,(anonymous_5)
FN:195,(anonymous_6)
FN:201,(anonymous_7)
FN:202,(anonymous_8)
FN:222,(anonymous_9)
FN:233,(anonymous_10)
FN:240,(anonymous_11)
FNF:12
FNH:1
FNDA:1,(anonymous_0)
FNDA:0,(anonymous_1)
FNDA:0,(anonymous_2)
FNDA:0,(anonymous_3)
FNDA:0,(anonymous_4)
FNDA:0,(anonymous_5)
FNDA:0,(anonymous_6)
FNDA:0,(anonymous_7)
FNDA:0,(anonymous_8)
FNDA:0,(anonymous_9)
FNDA:0,(anonymous_10)
FNDA:0,(anonymous_11)
DA:33,1
DA:34,1
DA:35,1
DA:61,1
DA:63,0
DA:66,0
DA:69,0
DA:75,0
DA:87,0
DA:90,0
DA:93,0
DA:96,0
DA:99,0
DA:102,0
DA:122,0
DA:125,0
DA:128,0
DA:131,0
DA:134,0
DA:135,0
DA:136,0
DA:137,0
DA:138,0
DA:139,0
DA:140,0
DA:141,0
DA:142,0
DA:143,0
DA:147,0
DA:149,0
DA:151,0
DA:156,0
DA:158,0
DA:162,0
DA:164,0
DA:166,0
DA:167,0
DA:168,0
DA:171,0
DA:175,0
DA:176,0
DA:178,0
DA:182,0
DA:183,0
DA:187,0
DA:190,0
DA:196,0
DA:198,0
DA:199,0
DA:202,0
DA:204,0
DA:205,0
DA:206,0
DA:210,0
DA:211,0
DA:213,0
DA:217,0
DA:222,0
DA:223,0
DA:225,0
DA:226,0
DA:227,0
DA:234,0
DA:235,0
DA:241,0
LF:65
LH:4
BRDA:33,0,0,1
BRDA:33,0,1,1
BRDA:70,1,0,0
BRDA:70,1,1,0
BRDA:70,2,0,0
BRDA:70,2,1,0
BRDA:149,3,0,0
BRDA:156,4,0,0
BRDA:162,5,0,0
BRDA:175,6,0,0
BRDA:175,6,1,0
BRDA:175,7,0,0
BRDA:175,7,1,0
BRDA:182,8,0,0
BRDA:182,9,0,0
BRDA:182,9,1,0
BRDA:196,10,0,0
BRDA:204,11,0,0
BRDA:205,12,0,0
BRDA:225,13,0,0
BRDA:234,14,0,0
BRF:21
BRH:2
end_of_record
TN:
SF:src/app/tasks/enums/sprint-status.enum.ts
FN:1,(anonymous_0)
FNF:1
FNH:1
FNDA:1,(anonymous_0)
DA:1,1
DA:2,1
DA:3,1
DA:4,1
LF:4
LH:4
BRDA:1,0,0,1
BRDA:1,0,1,1
BRF:2
BRH:2
end_of_record
TN:
SF:src/app/tasks/enums/task-priority.enum.ts
FN:1,(anonymous_0)
FNF:1
FNH:1
FNDA:1,(anonymous_0)
DA:1,1
DA:2,1
DA:3,1
DA:4,1
DA:5,1
DA:6,1
LF:6
LH:6
BRDA:1,0,0,1
BRDA:1,0,1,1
BRF:2
BRH:2
end_of_record
TN:
SF:src/app/tasks/enums/task-type.enum.ts
FN:2,(anonymous_0)
FNF:1
FNH:1
FNDA:1,(anonymous_0)
DA:2,1
DA:3,1
DA:4,1
DA:5,1
DA:6,1
DA:7,1
DA:8,1
DA:15,1
LF:8
LH:8
BRDA:2,0,0,1
BRDA:2,0,1,1
BRF:2
BRH:2
end_of_record
TN:
SF:src/app/tasks/filters/task.filters.ts
FN:8,(anonymous_0)
FN:14,(anonymous_1)
FN:15,(anonymous_2)
FN:21,(anonymous_3)
FN:29,(anonymous_4)
FN:30,(anonymous_5)
FN:36,(anonymous_6)
FN:44,(anonymous_7)
FN:46,(anonymous_8)
FN:54,(anonymous_9)
FN:60,(anonymous_10)
FN:61,(anonymous_11)
FN:67,(anonymous_12)
FN:73,(anonymous_13)
FN:74,(anonymous_14)
FN:80,(anonymous_15)
FN:86,(anonymous_16)
FNF:17
FNH:0
FNDA:0,(anonymous_0)
FNDA:0,(anonymous_1)
FNDA:0,(anonymous_2)
FNDA:0,(anonymous_3)
FNDA:0,(anonymous_4)
FNDA:0,(anonymous_5)
FNDA:0,(anonymous_6)
FNDA:0,(anonymous_7)
FNDA:0,(anonymous_8)
FNDA:0,(anonymous_9)
FNDA:0,(anonymous_10)
FNDA:0,(anonymous_11)
FNDA:0,(anonymous_12)
FNDA:0,(anonymous_13)
FNDA:0,(anonymous_14)
FNDA:0,(anonymous_15)
FNDA:0,(anonymous_16)
DA:9,0
DA:15,0
DA:24,0
DA:30,0
DA:39,0
DA:45,0
DA:46,0
DA:48,0
DA:55,0
DA:61,0
DA:68,0
DA:74,0
DA:81,0
DA:88,0
LF:14
LH:0
BRDA:28,0,0,0
BRDA:28,0,1,0
BRDA:43,1,0,0
BRDA:43,1,1,0
BRDA:45,2,0,0
BRF:5
BRH:0
end_of_record
TN:
SF:src/app/tasks/guards/active-sprint-exist.guard.ts
FN:11,(anonymous_0)
FN:13,(anonymous_1)
FN:20,(anonymous_2)
FN:30,(anonymous_3)
FN:31,(anonymous_4)
FN:34,(anonymous_5)
FN:39,(anonymous_6)
FNF:7
FNH:0
FNDA:0,(anonymous_0)
FNDA:0,(anonymous_1)
FNDA:0,(anonymous_2)
FNDA:0,(anonymous_3)
FNDA:0,(anonymous_4)
FNDA:0,(anonymous_5)
FNDA:0,(anonymous_6)
DA:10,1
DA:11,0
DA:17,0
DA:19,0
DA:21,0
DA:22,0
DA:24,0
DA:31,0
DA:35,0
DA:36,0
DA:40,0
DA:41,0
LF:12
LH:1
BRDA:21,0,0,0
BRDA:21,0,1,0
BRF:2
BRH:0
end_of_record
TN:
SF:src/app/tasks/pages/backlog/backlog.page.ts
FN:56,(anonymous_0)
FN:66,(anonymous_1)
FN:67,(anonymous_2)
FN:84,(anonymous_3)
FN:99,(anonymous_4)
FN:105,(anonymous_5)
FN:113,(anonymous_6)
FN:118,(anonymous_7)
FN:124,(anonymous_8)
FN:125,(anonymous_9)
FN:131,(anonymous_10)
FN:132,(anonymous_11)
FN:138,(anonymous_12)
FN:139,(anonymous_13)
FN:145,(anonymous_14)
FN:146,(anonymous_15)
FNF:16
FNH:0
FNDA:0,(anonymous_0)
FNDA:0,(anonymous_1)
FNDA:0,(anonymous_2)
FNDA:0,(anonymous_3)
FNDA:0,(anonymous_4)
FNDA:0,(anonymous_5)
FNDA:0,(anonymous_6)
FNDA:0,(anonymous_7)
FNDA:0,(anonymous_8)
FNDA:0,(anonymous_9)
FNDA:0,(anonymous_10)
FNDA:0,(anonymous_11)
FNDA:0,(anonymous_12)
FNDA:0,(anonymous_13)
FNDA:0,(anonymous_14)
FNDA:0,(anonymous_15)
DA:28,1
DA:33,0
DA:36,0
DA:39,0
DA:42,0
DA:45,0
DA:48,0
DA:51,0
DA:54,0
DA:57,0
DA:58,0
DA:59,0
DA:60,0
DA:61,0
DA:62,0
DA:63,0
DA:67,0
DA:68,0
DA:70,0
DA:71,0
DA:72,0
DA:73,0
DA:75,0
DA:79,0
DA:84,0
DA:85,0
DA:86,0
DA:87,0
DA:91,0
DA:99,0
DA:100,0
DA:106,0
DA:114,0
DA:118,0
DA:119,0
DA:125,0
DA:126,0
DA:132,0
DA:133,0
DA:139,0
DA:140,0
DA:146,0
DA:147,0
LF:43
LH:1
BRDA:85,0,0,0
BRF:1
BRH:0
end_of_record
TN:
SF:src/app/tasks/pages/project-about/project-about.page.ts
FN:26,(anonymous_0)
FN:32,(anonymous_1)
FN:33,(anonymous_2)
FNF:3
FNH:0
FNDA:0,(anonymous_0)
FNDA:0,(anonymous_1)
FNDA:0,(anonymous_2)
DA:16,1
DA:18,0
DA:21,0
DA:24,0
DA:27,0
DA:28,0
DA:29,0
DA:33,0
DA:34,0
DA:35,0
DA:36,0
LF:11
LH:1
BRF:0
BRH:0
end_of_record
TN:
SF:src/app/tasks/pages/schedule/schedule.page.ts
FN:52,(anonymous_0)
FN:36,(anonymous_1)
FNF:2
FNH:2
FNDA:1,(anonymous_0)
FNDA:4,(anonymous_1)
DA:19,1
DA:27,1
DA:30,1
DA:33,1
DA:37,4
DA:39,4
DA:41,4
DA:42,84
DA:49,4
DA:53,1
DA:54,1
DA:55,1
DA:57,1
DA:59,1
DA:60,1
LF:15
LH:15
BRF:0
BRH:0
end_of_record
TN:
SF:src/app/tasks/pages/sprint/sprint.page.ts
FN:61,(anonymous_0)
FN:71,(anonymous_1)
FN:72,(anonymous_2)
FN:76,(anonymous_3)
FN:86,(anonymous_4)
FN:92,(anonymous_5)
FN:100,(anonymous_6)
FN:102,(anonymous_7)
FN:124,(anonymous_8)
FN:130,(anonymous_9)
FN:139,(anonymous_10)
FN:140,(anonymous_11)
FN:149,(anonymous_12)
FN:150,(anonymous_13)
FN:159,(anonymous_14)
FN:160,(anonymous_15)
FN:169,(anonymous_16)
FN:170,(anonymous_17)
FNF:18
FNH:0
FNDA:0,(anonymous_0)
FNDA:0,(anonymous_1)
FNDA:0,(anonymous_2)
FNDA:0,(anonymous_3)
FNDA:0,(anonymous_4)
FNDA:0,(anonymous_5)
FNDA:0,(anonymous_6)
FNDA:0,(anonymous_7)
FNDA:0,(anonymous_8)
FNDA:0,(anonymous_9)
FNDA:0,(anonymous_10)
FNDA:0,(anonymous_11)
FNDA:0,(anonymous_12)
FNDA:0,(anonymous_13)
FNDA:0,(anonymous_14)
FNDA:0,(anonymous_15)
FNDA:0,(anonymous_16)
FNDA:0,(anonymous_17)
DA:27,1
DA:32,0
DA:35,0
DA:38,0
DA:41,0
DA:44,0
DA:47,0
DA:50,0
DA:53,0
DA:56,0
DA:59,0
DA:62,0
DA:63,0
DA:64,0
DA:65,0
DA:66,0
DA:67,0
DA:68,0
DA:72,0
DA:73,0
DA:76,0
DA:77,0
DA:79,0
DA:80,0
DA:81,0
DA:83,0
DA:86,0
DA:87,0
DA:88,0
DA:92,0
DA:93,0
DA:101,0
DA:102,0
DA:103,0
DA:104,0
DA:108,0
DA:112,0
DA:125,0
DA:131,0
DA:140,0
DA:141,0
DA:150,0
DA:151,0
DA:160,0
DA:161,0
DA:170,0
DA:171,0
LF:47
LH:1
BRDA:73,0,0,0
BRDA:87,1,0,0
BRDA:103,2,0,0
BRF:3
BRH:0
end_of_record
TN:
SF:src/app/tasks/pages/task/task.page.ts
FN:55,(anonymous_0)
FN:63,(anonymous_1)
FN:78,(anonymous_2)
FN:80,(anonymous_3)
FN:81,(anonymous_4)
FN:86,(anonymous_5)
FN:87,(anonymous_6)
FN:95,(anonymous_7)
FN:96,(anonymous_8)
FN:107,(anonymous_9)
FN:108,(anonymous_10)
FN:109,(anonymous_11)
FN:118,(anonymous_12)
FN:119,(anonymous_13)
FN:120,(anonymous_14)
FNF:15
FNH:0
FNDA:0,(anonymous_0)
FNDA:0,(anonymous_1)
FNDA:0,(anonymous_2)
FNDA:0,(anonymous_3)
FNDA:0,(anonymous_4)
FNDA:0,(anonymous_5)
FNDA:0,(anonymous_6)
FNDA:0,(anonymous_7)
FNDA:0,(anonymous_8)
FNDA:0,(anonymous_9)
FNDA:0,(anonymous_10)
FNDA:0,(anonymous_11)
FNDA:0,(anonymous_12)
FNDA:0,(anonymous_13)
FNDA:0,(anonymous_14)
DA:24,1
DA:26,0
DA:29,0
DA:32,0
DA:35,0
DA:38,0
DA:41,0
DA:44,0
DA:47,0
DA:50,0
DA:53,0
DA:56,0
DA:57,0
DA:58,0
DA:59,0
DA:60,0
DA:61,0
DA:63,0
DA:64,0
DA:66,0
DA:67,0
DA:68,0
DA:79,0
DA:80,0
DA:82,0
DA:86,0
DA:88,0
DA:89,0
DA:91,0
DA:92,0
DA:96,0
DA:108,0
DA:109,0
DA:110,0
DA:119,0
DA:120,0
DA:121,0
LF:37
LH:1
BRDA:82,0,0,0
BRDA:82,0,1,0
BRDA:88,1,0,0
BRDA:91,2,0,0
BRF:4
BRH:0
end_of_record
TN:
SF:src/app/tasks/pipes/status-color.pipe.ts
FN:12,(anonymous_0)
FNF:1
FNH:0
FNDA:0,(anonymous_0)
DA:11,1
DA:13,0
LF:2
LH:1
BRF:0
BRH:0
end_of_record
TN:
SF:src/app/tasks/pipes/task-priority-icon.pipe.ts
FN:10,(anonymous_0)
FNF:1
FNH:0
FNDA:0,(anonymous_0)
DA:9,1
DA:11,0
DA:13,0
DA:15,0
DA:17,0
DA:19,0
DA:21,0
LF:7
LH:1
BRDA:11,0,0,0
BRDA:11,0,1,0
BRDA:11,0,2,0
BRDA:11,0,3,0
BRDA:11,0,4,0
BRF:5
BRH:0
end_of_record
TN:
SF:src/app/tasks/pipes/task-priority.pipe.ts
FN:10,(anonymous_0)
FNF:1
FNH:0
FNDA:0,(anonymous_0)
DA:9,1
DA:11,0
DA:13,0
DA:15,0
DA:17,0
DA:19,0
DA:21,0
LF:7
LH:1
BRDA:11,0,0,0
BRDA:11,0,1,0
BRDA:11,0,2,0
BRDA:11,0,3,0
BRDA:11,0,4,0
BRF:5
BRH:0
end_of_record
TN:
SF:src/app/tasks/pipes/task-type.pipe.ts
FN:15,(anonymous_0)
FNF:1
FNH:0
FNDA:0,(anonymous_0)
DA:11,1
DA:16,0
DA:19,0
DA:27,0
DA:35,0
DA:43,0
DA:51,0
DA:59,0
DA:60,0
LF:9
LH:1
BRDA:15,0,0,0
BRDA:16,1,0,0
BRDA:16,1,1,0
BRDA:16,1,2,0
BRDA:16,1,3,0
BRDA:16,1,4,0
BRDA:16,1,5,0
BRF:7
BRH:0
end_of_record
TN:
SF:src/app/tasks/pipes/member-color/member-color.pipe.ts
FN:13,(anonymous_0)
FNF:1
FNH:0
FNDA:0,(anonymous_0)
DA:12,1
DA:14,0
DA:15,0
DA:16,0
DA:18,0
LF:5
LH:1
BRDA:14,0,0,0
BRDA:15,1,0,0
BRDA:15,1,1,0
BRF:3
BRH:0
end_of_record
TN:
SF:src/app/tasks/pipes/task/task.pipe.ts
FN:11,(anonymous_0)
FN:13,(anonymous_1)
FNF:2
FNH:0
FNDA:0,(anonymous_0)
FNDA:0,(anonymous_1)
DA:10,1
DA:11,0
DA:14,0
DA:16,0
LF:4
LH:1
BRDA:14,0,0,0
BRDA:14,1,0,0
BRDA:14,1,1,0
BRF:3
BRH:0
end_of_record
TN:
SF:src/app/tasks/pipes/task-property/task-property.pipe.ts
FN:7,(anonymous_0)
FN:28,(anonymous_1)
FNF:2
FNH:0
FNDA:0,(anonymous_0)
FNDA:0,(anonymous_1)
DA:7,1
DA:8,0
DA:29,0
LF:3
LH:1
BRF:0
BRH:0
end_of_record
TN:
SF:src/app/tasks/pipes/time-track-duration/time-track-duration.pipe.ts
FN:12,(anonymous_0)
FN:15,(anonymous_1)
FNF:2
FNH:0
FNDA:0,(anonymous_0)
FNDA:0,(anonymous_1)
DA:12,1
DA:13,0
DA:16,0
DA:18,0
DA:19,0
DA:21,0
DA:23,0
LF:7
LH:1
BRDA:16,0,0,0
BRDA:19,1,0,0
BRDA:19,1,1,0
BRF:3
BRH:0
end_of_record
TN:
SF:src/app/tasks/pipes/time-track-timer/time-track-timer.pipe.ts
FN:12,(anonymous_0)
FNF:1
FNH:0
FNDA:0,(anonymous_0)
DA:11,1
DA:13,0
DA:14,0
DA:15,0
DA:17,0
LF:5
LH:1
BRF:0
BRH:0
end_of_record
TN:
SF:src/app/tasks/pipes/time-tracks-total/time-tracks-total.pipe.ts
FN:11,(anonymous_0)
FN:15,(anonymous_1)
FNF:2
FNH:0
FNDA:0,(anonymous_0)
FNDA:0,(anonymous_1)
DA:10,1
DA:12,0
DA:14,0
DA:15,0
DA:18,0
DA:19,0
DA:21,0
DA:22,0
DA:24,0
LF:9
LH:1
BRDA:11,0,0,0
BRDA:12,1,0,0
BRDA:12,2,0,0
BRDA:12,2,1,0
BRDA:15,3,0,0
BRDA:15,3,1,0
BRDA:18,4,0,0
BRDA:18,4,1,0
BRF:8
BRH:0
end_of_record
TN:
SF:src/app/tasks/services/sprint.service.ts
FN:20,(anonymous_0)
FN:28,(anonymous_1)
FN:41,(anonymous_2)
FN:51,(anonymous_3)
FN:61,(anonymous_4)
FN:71,(anonymous_5)
FN:81,(anonymous_6)
FN:96,(anonymous_7)
FN:106,(anonymous_8)
FN:116,(anonymous_9)
FN:119,(anonymous_10)
FN:128,(anonymous_11)
FN:138,(anonymous_12)
FN:141,(anonymous_13)
FN:150,(anonymous_14)
FN:163,(anonymous_15)
FN:165,(anonymous_16)
FN:177,(anonymous_17)
FN:190,(anonymous_18)
FN:200,(anonymous_19)
FN:202,(anonymous_20)
FN:202,(anonymous_21)
FNF:22
FNH:1
FNDA:1,(anonymous_0)
FNDA:0,(anonymous_1)
FNDA:0,(anonymous_2)
FNDA:0,(anonymous_3)
FNDA:0,(anonymous_4)
FNDA:0,(anonymous_5)
FNDA:0,(anonymous_6)
FNDA:0,(anonymous_7)
FNDA:0,(anonymous_8)
FNDA:0,(anonymous_9)
FNDA:0,(anonymous_10)
FNDA:0,(anonymous_11)
FNDA:0,(anonymous_12)
FNDA:0,(anonymous_13)
FNDA:0,(anonymous_14)
FNDA:0,(anonymous_15)
FNDA:0,(anonymous_16)
FNDA:0,(anonymous_17)
FNDA:0,(anonymous_18)
FNDA:0,(anonymous_19)
FNDA:0,(anonymous_20)
FNDA:0,(anonymous_21)
DA:19,1
DA:20,1
DA:28,1
DA:32,0
DA:42,0
DA:52,0
DA:62,0
DA:72,0
DA:82,0
DA:97,0
DA:98,0
DA:100,0
DA:107,0
DA:117,0
DA:118,0
DA:119,0
DA:122,0
DA:129,0
DA:139,0
DA:140,0
DA:141,0
DA:144,0
DA:154,0
DA:164,0
DA:165,0
DA:167,0
DA:178,0
DA:191,0
DA:192,0
DA:194,0
DA:201,0
DA:202,0
LF:32
LH:3
BRDA:97,0,0,0
BRDA:97,0,1,0
BRDA:117,1,0,0
BRDA:117,1,1,0
BRDA:139,2,0,0
BRDA:139,2,1,0
BRDA:164,3,0,0
BRDA:164,3,1,0
BRDA:191,4,0,0
BRDA:191,4,1,0
BRF:10
BRH:0
end_of_record
TN:
SF:src/app/tasks/services/comment/comment.service.ts
FN:20,(anonymous_0)
FN:30,(anonymous_1)
FN:45,(anonymous_2)
FN:62,(anonymous_3)
FN:79,(anonymous_4)
FN:96,(anonymous_5)
FNF:6
FNH:0
FNDA:0,(anonymous_0)
FNDA:0,(anonymous_1)
FNDA:0,(anonymous_2)
FNDA:0,(anonymous_3)
FNDA:0,(anonymous_4)
FNDA:0,(anonymous_5)
DA:13,1
DA:14,0
DA:20,0
DA:21,0
DA:31,0
DA:46,0
DA:63,0
DA:80,0
DA:97,0
LF:9
LH:1
BRF:0
BRH:0
end_of_record
TN:
SF:src/app/tasks/services/status/status.service.ts
FN:42,(anonymous_0)
FN:58,(anonymous_1)
FN:74,(anonymous_2)
FN:88,(anonymous_3)
FN:103,(anonymous_4)
FN:118,(anonymous_5)
FN:127,(anonymous_6)
FN:135,(anonymous_7)
FN:140,(anonymous_8)
FN:141,(anonymous_9)
FN:142,(anonymous_10)
FN:149,(anonymous_11)
FN:154,(anonymous_12)
FN:156,(anonymous_13)
FN:163,(anonymous_14)
FN:165,(anonymous_15)
FN:169,(anonymous_16)
FN:188,(anonymous_17)
FN:203,(anonymous_18)
FNF:19
FNH:2
FNDA:2,(anonymous_0)
FNDA:1,(anonymous_1)
FNDA:0,(anonymous_2)
FNDA:0,(anonymous_3)
FNDA:0,(anonymous_4)
FNDA:0,(anonymous_5)
FNDA:0,(anonymous_6)
FNDA:0,(anonymous_7)
FNDA:0,(anonymous_8)
FNDA:0,(anonymous_9)
FNDA:0,(anonymous_10)
FNDA:0,(anonymous_11)
FNDA:0,(anonymous_12)
FNDA:0,(anonymous_13)
FNDA:0,(anonymous_14)
FNDA:0,(anonymous_15)
FNDA:0,(anonymous_16)
FNDA:0,(anonymous_17)
FNDA:0,(anonymous_18)
DA:19,1
DA:27,2
DA:43,2
DA:44,2
DA:45,2
DA:46,2
DA:48,2
DA:49,2
DA:58,1
DA:59,1
DA:60,1
DA:74,1
DA:75,0
DA:89,0
DA:104,0
DA:119,0
DA:128,0
DA:139,0
DA:141,0
DA:142,0
DA:144,0
DA:153,0
DA:155,0
DA:156,0
DA:161,0
DA:162,0
DA:163,0
DA:165,0
DA:167,0
DA:169,0
DA:170,0
DA:171,0
DA:173,0
DA:177,0
DA:178,0
DA:189,0
DA:204,0
LF:37
LH:12
BRDA:162,0,0,0
BRDA:162,0,1,0
BRDA:165,1,0,0
BRDA:165,1,1,0
BRDA:170,2,0,0
BRF:5
BRH:0
end_of_record
TN:
SF:src/app/tasks/services/task/task.proto.service.ts
FN:41,(anonymous_0)
FNF:1
FNH:0
FNDA:0,(anonymous_0)
DA:11,1
DA:15,0
DA:23,0
DA:31,0
DA:39,0
DA:41,0
LF:6
LH:1
BRF:0
BRH:0
end_of_record
TN:
SF:src/app/tasks/services/task/task.service.ts
FN:51,(anonymous_0)
FN:66,(anonymous_1)
FN:82,(anonymous_2)
FN:96,(anonymous_3)
FN:113,(anonymous_4)
FN:119,(anonymous_5)
FN:125,(anonymous_6)
FN:139,(anonymous_7)
FN:145,(anonymous_8)
FN:157,(anonymous_9)
FN:171,(anonymous_10)
FN:184,(anonymous_11)
FN:186,(anonymous_12)
FN:200,(anonymous_13)
FN:215,(anonymous_14)
FN:229,(anonymous_15)
FN:242,(anonymous_16)
FN:258,(anonymous_17)
FN:276,(anonymous_18)
FN:291,(anonymous_19)
FN:296,(anonymous_20)
FN:304,(anonymous_21)
FN:329,(anonymous_22)
FN:340,(anonymous_23)
FN:349,(anonymous_24)
FN:356,(anonymous_25)
FN:356,(anonymous_26)
FN:366,(anonymous_27)
FN:368,(anonymous_28)
FN:368,(anonymous_29)
FNF:30
FNH:3
FNDA:10,(anonymous_0)
FNDA:1,(anonymous_1)
FNDA:0,(anonymous_2)
FNDA:0,(anonymous_3)
FNDA:0,(anonymous_4)
FNDA:0,(anonymous_5)
FNDA:0,(anonymous_6)
FNDA:0,(anonymous_7)
FNDA:0,(anonymous_8)
FNDA:0,(anonymous_9)
FNDA:0,(anonymous_10)
FNDA:0,(anonymous_11)
FNDA:0,(anonymous_12)
FNDA:0,(anonymous_13)
FNDA:0,(anonymous_14)
FNDA:0,(anonymous_15)
FNDA:0,(anonymous_16)
FNDA:0,(anonymous_17)
FNDA:0,(anonymous_18)
FNDA:1,(anonymous_19)
FNDA:0,(anonymous_20)
FNDA:0,(anonymous_21)
FNDA:0,(anonymous_22)
FNDA:0,(anonymous_23)
FNDA:0,(anonymous_24)
FNDA:0,(anonymous_25)
FNDA:0,(anonymous_26)
FNDA:0,(anonymous_27)
FNDA:0,(anonymous_28)
FNDA:0,(anonymous_29)
DA:36,1
DA:39,10
DA:52,10
DA:53,10
DA:54,10
DA:55,10
DA:56,10
DA:58,10
DA:70,1
DA:86,0
DA:87,0
DA:89,0
DA:97,0
DA:98,0
DA:100,0
DA:114,0
DA:120,0
DA:126,0
DA:140,0
DA:146,0
DA:158,0
DA:175,0
DA:185,0
DA:186,0
DA:188,0
DA:201,0
DA:216,0
DA:217,0
DA:219,0
DA:230,0
DA:243,0
DA:244,0
DA:246,0
DA:259,0
DA:277,0
DA:278,0
DA:280,0
DA:292,1
DA:297,0
DA:299,0
DA:300,0
DA:303,0
DA:304,0
DA:306,0
DA:308,0
DA:309,0
DA:311,0
DA:313,0
DA:317,0
DA:330,0
DA:341,0
DA:350,0
DA:351,0
DA:352,0
DA:354,0
DA:356,0
DA:367,0
DA:368,0
LF:58
LH:10
BRDA:185,0,0,0
BRDA:185,0,1,0
BRDA:216,1,0,0
BRDA:216,1,1,0
BRDA:243,2,0,0
BRDA:243,2,1,0
BRDA:277,3,0,0
BRDA:277,3,1,0
BRDA:306,4,0,0
BRDA:308,5,0,0
BRDA:308,5,1,0
BRDA:311,6,0,0
BRDA:350,7,0,0
BRDA:350,7,1,0
BRF:14
BRH:0
end_of_record
TN:
SF:src/app/tasks/services/tracker/tracker.service.ts
FN:12,(anonymous_0)
FN:20,(anonymous_1)
FN:31,(anonymous_2)
FN:42,(anonymous_3)
FN:55,(anonymous_4)
FN:66,(anonymous_5)
FN:70,(anonymous_6)
FN:80,(anonymous_7)
FNF:8
FNH:0
FNDA:0,(anonymous_0)
FNDA:0,(anonymous_1)
FNDA:0,(anonymous_2)
FNDA:0,(anonymous_3)
FNDA:0,(anonymous_4)
FNDA:0,(anonymous_5)
FNDA:0,(anonymous_6)
FNDA:0,(anonymous_7)
DA:11,1
DA:12,0
DA:21,0
DA:32,0
DA:43,0
DA:56,0
DA:67,0
DA:71,0
DA:81,0
DA:82,0
LF:10
LH:1
BRDA:81,0,0,0
BRF:1
BRH:0
end_of_record
TN:
SF:src/environments/environment.dev.ts
FNF:0
FNH:0
DA:5,1
LF:1
LH:1
BRF:0
BRH:0
end_of_record
TN:
SF:src/environments/environment.ts
FNF:0
FNH:0
DA:10,1
LF:1
LH:1
BRF:0
BRH:0
end_of_record
