{"/home/runner/work/frontend/frontend/src/polyfills.ts": {"path":"/home/runner/work/frontend/frontend/src/polyfills.ts","statementMap":{"0":{"start":{"line":68,"column":0},"end":{"line":68,"column":18}},"1":{"start":{"line":69,"column":0},"end":{"line":69,"column":25}},"2":{"start":{"line":70,"column":0},"end":{"line":70,"column":28}},"3":{"start":{"line":71,"column":0},"end":{"line":71,"column":27}},"4":{"start":{"line":72,"column":0},"end":{"line":72,"column":22}},"5":{"start":{"line":73,"column":0},"end":{"line":73,"column":24}},"6":{"start":{"line":75,"column":0},"end":{"line":77,"column":null}},"7":{"start":{"line":76,"column":3},"end":{"line":76,"column":32}}},"fnMap":{},"branchMap":{"0":{"loc":{"start":{"line":75,"column":0},"end":{"line":77,"column":null}},"type":"if","locations":[{"start":{"line":75,"column":0},"end":{"line":77,"column":null}}]}},"s":{"0":1,"1":1,"2":1,"3":1,"4":1,"5":1,"6":1,"7":1},"f":{},"b":{"0":[1]}}
,"/home/runner/work/frontend/frontend/src/app/app.component.ts": {"path":"/home/runner/work/frontend/frontend/src/app/app.component.ts","statementMap":{"0":{"start":{"line":12,"column":25},"end":{"line":24,"column":null}},"1":{"start":{"line":18,"column":22},"end":{"line":18,"column":46}},"2":{"start":{"line":16,"column":9},"end":{"line":16,"column":27}},"3":{"start":{"line":19,"column":4},"end":{"line":19,"column":28}},"4":{"start":{"line":20,"column":4},"end":{"line":22,"column":7}},"5":{"start":{"line":21,"column":6},"end":{"line":21,"column":48}},"6":{"start":{"line":12,"column":13},"end":{"line":24,"column":null}}},"fnMap":{"0":{"name":"(anonymous_0)","decl":{"start":{"line":18,"column":2},"end":{"line":18,"column":22}},"loc":{"start":{"line":18,"column":46},"end":{"line":23,"column":3}}},"1":{"name":"(anonymous_1)","decl":{"start":{"line":20,"column":50},"end":{"line":20,"column":53}},"loc":{"start":{"line":20,"column":55},"end":{"line":22,"column":5}}}},"branchMap":{},"s":{"0":1,"1":3,"2":3,"3":3,"4":3,"5":3,"6":1},"f":{"0":3,"1":3},"b":{}}
,"/home/runner/work/frontend/frontend/src/app/_main/_main.module.ts": {"path":"/home/runner/work/frontend/frontend/src/app/_main/_main.module.ts","statementMap":{"0":{"start":{"line":80,"column":23},"end":{"line":195,"column":2}},"1":{"start":{"line":218,"column":23},"end":{"line":225,"column":null}},"2":{"start":{"line":222,"column":4},"end":{"line":222,"column":35}},"3":{"start":{"line":223,"column":5},"end":{"line":223,"column":40}},"4":{"start":{"line":218,"column":13},"end":{"line":225,"column":null}}},"fnMap":{"0":{"name":"(anonymous_0)","decl":{"start":{"line":221,"column":2},"end":{"line":221,"column":14}},"loc":{"start":{"line":221,"column":32},"end":{"line":224,"column":3}}}},"branchMap":{},"s":{"0":1,"1":1,"2":27,"3":27,"4":1},"f":{"0":27},"b":{}}
,"/home/runner/work/frontend/frontend/src/app/_main/classes/control-accessor.class.ts": {"path":"/home/runner/work/frontend/frontend/src/app/_main/classes/control-accessor.class.ts","statementMap":{"0":{"start":{"line":18,"column":28},"end":{"line":272,"column":null}},"1":{"start":{"line":103,"column":23},"end":{"line":103,"column":43}},"2":{"start":{"line":104,"column":14},"end":{"line":104,"column":38}},"3":{"start":{"line":25,"column":11},"end":{"line":25,"column":46}},"4":{"start":{"line":48,"column":10},"end":{"line":48,"column":37}},"5":{"start":{"line":62,"column":12},"end":{"line":62,"column":52}},"6":{"start":{"line":69,"column":12},"end":{"line":69,"column":55}},"7":{"start":{"line":71,"column":12},"end":{"line":71,"column":67}},"8":{"start":{"line":90,"column":10},"end":{"line":90,"column":52}},"9":{"start":{"line":91,"column":10},"end":{"line":91,"column":58}},"10":{"start":{"line":92,"column":10},"end":{"line":92,"column":47}},"11":{"start":{"line":93,"column":10},"end":{"line":93,"column":47}},"12":{"start":{"line":106,"column":4},"end":{"line":106,"column":40}},"13":{"start":{"line":32,"column":4},"end":{"line":32,"column":26}},"14":{"start":{"line":36,"column":4},"end":{"line":36,"column":50}},"15":{"start":{"line":40,"column":4},"end":{"line":40,"column":44}},"16":{"start":{"line":54,"column":4},"end":{"line":54,"column":88}},"17":{"start":{"line":77,"column":4},"end":{"line":77,"column":30}},"18":{"start":{"line":81,"column":4},"end":{"line":81,"column":31}},"19":{"start":{"line":85,"column":4},"end":{"line":85,"column":31}},"20":{"start":{"line":110,"column":4},"end":{"line":110,"column":25}},"21":{"start":{"line":117,"column":23},"end":{"line":123,"column":5}},"22":{"start":{"line":118,"column":6},"end":{"line":118,"column":32}},"23":{"start":{"line":119,"column":6},"end":{"line":119,"column":29}},"24":{"start":{"line":120,"column":6},"end":{"line":120,"column":33}},"25":{"start":{"line":122,"column":6},"end":{"line":122,"column":32}},"26":{"start":{"line":125,"column":4},"end":{"line":127,"column":null}},"27":{"start":{"line":126,"column":6},"end":{"line":126,"column":26}},"28":{"start":{"line":129,"column":27},"end":{"line":129,"column":63}},"29":{"start":{"line":130,"column":5},"end":{"line":135,"column":6}},"30":{"start":{"line":131,"column":18},"end":{"line":131,"column":62}},"31":{"start":{"line":133,"column":6},"end":{"line":133,"column":19}},"32":{"start":{"line":134,"column":6},"end":{"line":134,"column":17}},"33":{"start":{"line":144,"column":4},"end":{"line":144,"column":54}},"34":{"start":{"line":144,"column":47},"end":{"line":144,"column":54}},"35":{"start":{"line":146,"column":4},"end":{"line":153,"column":null}},"36":{"start":{"line":147,"column":6},"end":{"line":152,"column":null}},"37":{"start":{"line":148,"column":8},"end":{"line":148,"column":30}},"38":{"start":{"line":149,"column":8},"end":{"line":149,"column":14}},"39":{"start":{"line":151,"column":8},"end":{"line":151,"column":30}},"40":{"start":{"line":160,"column":4},"end":{"line":160,"column":85}},"41":{"start":{"line":160,"column":61},"end":{"line":160,"column":83}},"42":{"start":{"line":161,"column":4},"end":{"line":161,"column":74}},"43":{"start":{"line":165,"column":4},"end":{"line":165,"column":41}},"44":{"start":{"line":165,"column":34},"end":{"line":165,"column":41}},"45":{"start":{"line":166,"column":4},"end":{"line":166,"column":36}},"46":{"start":{"line":167,"column":4},"end":{"line":171,"column":7}},"47":{"start":{"line":172,"column":4},"end":{"line":172,"column":57}},"48":{"start":{"line":172,"column":22},"end":{"line":172,"column":54}},"49":{"start":{"line":176,"column":4},"end":{"line":176,"column":65}},"50":{"start":{"line":176,"column":58},"end":{"line":176,"column":65}},"51":{"start":{"line":178,"column":4},"end":{"line":180,"column":7}},"52":{"start":{"line":179,"column":6},"end":{"line":179,"column":45}},"53":{"start":{"line":181,"column":4},"end":{"line":187,"column":7}},"54":{"start":{"line":182,"column":6},"end":{"line":186,"column":null}},"55":{"start":{"line":183,"column":8},"end":{"line":183,"column":45}},"56":{"start":{"line":185,"column":8},"end":{"line":185,"column":47}},"57":{"start":{"line":188,"column":4},"end":{"line":192,"column":7}},"58":{"start":{"line":189,"column":6},"end":{"line":191,"column":null}},"59":{"start":{"line":189,"column":33},"end":{"line":189,"column":54}},"60":{"start":{"line":190,"column":8},"end":{"line":190,"column":66}},"61":{"start":{"line":193,"column":4},"end":{"line":193,"column":36}},"62":{"start":{"line":197,"column":4},"end":{"line":197,"column":40}},"63":{"start":{"line":198,"column":4},"end":{"line":198,"column":37}},"64":{"start":{"line":199,"column":4},"end":{"line":199,"column":16}},"65":{"start":{"line":211,"column":4},"end":{"line":211,"column":52}},"66":{"start":{"line":212,"column":4},"end":{"line":212,"column":38}},"67":{"start":{"line":235,"column":4},"end":{"line":235,"column":40}},"68":{"start":{"line":239,"column":4},"end":{"line":239,"column":17}},"69":{"start":{"line":243,"column":4},"end":{"line":243,"column":26}},"70":{"start":{"line":247,"column":4},"end":{"line":247,"column":27}},"71":{"start":{"line":251,"column":31},"end":{"line":251,"column":53}},"72":{"start":{"line":252,"column":31},"end":{"line":252,"column":76}},"73":{"start":{"line":254,"column":4},"end":{"line":259,"column":null}},"74":{"start":{"line":256,"column":54},"end":{"line":256,"column":81}},"75":{"start":{"line":258,"column":6},"end":{"line":258,"column":47}},"76":{"start":{"line":266,"column":4},"end":{"line":266,"column":29}},"77":{"start":{"line":267,"column":4},"end":{"line":267,"column":29}},"78":{"start":{"line":268,"column":4},"end":{"line":268,"column":29}},"79":{"start":{"line":18,"column":13},"end":{"line":272,"column":null}}},"fnMap":{"0":{"name":"(anonymous_0)","decl":{"start":{"line":99,"column":2},"end":{"line":99,"column":null}},"loc":{"start":{"line":104,"column":38},"end":{"line":107,"column":3}}},"1":{"name":"(anonymous_1)","decl":{"start":{"line":31,"column":2},"end":{"line":31,"column":13}},"loc":{"start":{"line":31,"column":21},"end":{"line":33,"column":3}}},"2":{"name":"(anonymous_2)","decl":{"start":{"line":35,"column":2},"end":{"line":35,"column":13}},"loc":{"start":{"line":35,"column":17},"end":{"line":37,"column":3}}},"3":{"name":"(anonymous_3)","decl":{"start":{"line":39,"column":2},"end":{"line":39,"column":13}},"loc":{"start":{"line":39,"column":33},"end":{"line":41,"column":3}}},"4":{"name":"(anonymous_4)","decl":{"start":{"line":53,"column":2},"end":{"line":53,"column":13}},"loc":{"start":{"line":53,"column":20},"end":{"line":55,"column":3}}},"5":{"name":"(anonymous_5)","decl":{"start":{"line":76,"column":2},"end":{"line":76,"column":13}},"loc":{"start":{"line":76,"column":18},"end":{"line":78,"column":3}}},"6":{"name":"(anonymous_6)","decl":{"start":{"line":80,"column":2},"end":{"line":80,"column":13}},"loc":{"start":{"line":80,"column":26},"end":{"line":82,"column":3}}},"7":{"name":"(anonymous_7)","decl":{"start":{"line":84,"column":2},"end":{"line":84,"column":13}},"loc":{"start":{"line":84,"column":19},"end":{"line":86,"column":3}}},"8":{"name":"(anonymous_8)","decl":{"start":{"line":109,"column":2},"end":{"line":109,"column":10}},"loc":{"start":{"line":109,"column":10},"end":{"line":111,"column":3}}},"9":{"name":"(anonymous_9)","decl":{"start":{"line":116,"column":10},"end":{"line":116,"column":23}},"loc":{"start":{"line":116,"column":23},"end":{"line":136,"column":3}}},"10":{"name":"(anonymous_10)","decl":{"start":{"line":117,"column":23},"end":{"line":117,"column":26}},"loc":{"start":{"line":117,"column":28},"end":{"line":123,"column":5}}},"11":{"name":"(anonymous_11)","decl":{"start":{"line":130,"column":44},"end":{"line":130,"column":45}},"loc":{"start":{"line":130,"column":63},"end":{"line":135,"column":5}}},"12":{"name":"(anonymous_12)","decl":{"start":{"line":143,"column":10},"end":{"line":143,"column":28}},"loc":{"start":{"line":143,"column":28},"end":{"line":154,"column":3}}},"13":{"name":"(anonymous_13)","decl":{"start":{"line":159,"column":10},"end":{"line":159,"column":25}},"loc":{"start":{"line":159,"column":25},"end":{"line":162,"column":3}}},"14":{"name":"(anonymous_14)","decl":{"start":{"line":160,"column":31},"end":{"line":160,"column":32}},"loc":{"start":{"line":160,"column":61},"end":{"line":160,"column":83}}},"15":{"name":"(anonymous_15)","decl":{"start":{"line":164,"column":10},"end":{"line":164,"column":31}},"loc":{"start":{"line":164,"column":56},"end":{"line":173,"column":3}}},"16":{"name":"(anonymous_16)","decl":{"start":{"line":172,"column":15},"end":{"line":172,"column":18}},"loc":{"start":{"line":172,"column":22},"end":{"line":172,"column":54}}},"17":{"name":"(anonymous_17)","decl":{"start":{"line":175,"column":10},"end":{"line":175,"column":29}},"loc":{"start":{"line":175,"column":29},"end":{"line":194,"column":3}}},"18":{"name":"(anonymous_18)","decl":{"start":{"line":178,"column":62},"end":{"line":178,"column":63}},"loc":{"start":{"line":178,"column":73},"end":{"line":180,"column":5}}},"19":{"name":"(anonymous_19)","decl":{"start":{"line":181,"column":61},"end":{"line":181,"column":62}},"loc":{"start":{"line":181,"column":73},"end":{"line":187,"column":5}}},"20":{"name":"(anonymous_20)","decl":{"start":{"line":188,"column":31},"end":{"line":188,"column":32}},"loc":{"start":{"line":188,"column":46},"end":{"line":192,"column":5}}},"21":{"name":"(anonymous_21)","decl":{"start":{"line":189,"column":26},"end":{"line":189,"column":27}},"loc":{"start":{"line":189,"column":33},"end":{"line":189,"column":54}}},"22":{"name":"(anonymous_22)","decl":{"start":{"line":196,"column":2},"end":{"line":196,"column":10}},"loc":{"start":{"line":196,"column":35},"end":{"line":200,"column":3}}},"23":{"name":"(anonymous_23)","decl":{"start":{"line":210,"column":2},"end":{"line":210,"column":12}},"loc":{"start":{"line":210,"column":21},"end":{"line":213,"column":3}}},"24":{"name":"(anonymous_24)","decl":{"start":{"line":221,"column":2},"end":{"line":221,"column":18}},"loc":{"start":{"line":221,"column":26},"end":{"line":221,"column":36}}},"25":{"name":"(anonymous_25)","decl":{"start":{"line":228,"column":2},"end":{"line":228,"column":19}},"loc":{"start":{"line":228,"column":27},"end":{"line":228,"column":37}}},"26":{"name":"(anonymous_26)","decl":{"start":{"line":234,"column":2},"end":{"line":234,"column":18}},"loc":{"start":{"line":234,"column":38},"end":{"line":236,"column":3}}},"27":{"name":"(anonymous_27)","decl":{"start":{"line":238,"column":2},"end":{"line":238,"column":12}},"loc":{"start":{"line":238,"column":23},"end":{"line":240,"column":3}}},"28":{"name":"(anonymous_28)","decl":{"start":{"line":242,"column":2},"end":{"line":242,"column":16}},"loc":{"start":{"line":242,"column":16},"end":{"line":244,"column":3}}},"29":{"name":"(anonymous_29)","decl":{"start":{"line":246,"column":2},"end":{"line":246,"column":16}},"loc":{"start":{"line":246,"column":16},"end":{"line":248,"column":3}}},"30":{"name":"(anonymous_30)","decl":{"start":{"line":250,"column":2},"end":{"line":250,"column":27}},"loc":{"start":{"line":250,"column":27},"end":{"line":260,"column":3}}},"31":{"name":"(anonymous_31)","decl":{"start":{"line":256,"column":31},"end":{"line":256,"column":32}},"loc":{"start":{"line":256,"column":54},"end":{"line":256,"column":81}}},"32":{"name":"(anonymous_32)","decl":{"start":{"line":262,"column":2},"end":{"line":262,"column":20}},"loc":{"start":{"line":262,"column":20},"end":{"line":262,"column":25}}},"33":{"name":"(anonymous_33)","decl":{"start":{"line":265,"column":2},"end":{"line":265,"column":13}},"loc":{"start":{"line":265,"column":13},"end":{"line":269,"column":3}}},"34":{"name":"(anonymous_34)","decl":{"start":{"line":271,"column":2},"end":{"line":271,"column":20}},"loc":{"start":{"line":271,"column":20},"end":{"line":271,"column":31}}}},"branchMap":{"0":{"loc":{"start":{"line":36,"column":11},"end":{"line":36,"column":49}},"type":"binary-expr","locations":[{"start":{"line":36,"column":11},"end":{"line":36,"column":43}},{"start":{"line":36,"column":47},"end":{"line":36,"column":49}}]},"1":{"loc":{"start":{"line":36,"column":11},"end":{"line":36,"column":43}},"type":"cond-expr","locations":[{"start":{"line":36,"column":31},"end":{"line":36,"column":33}},{"start":{"line":36,"column":31},"end":{"line":36,"column":43}}]},"2":{"loc":{"start":{"line":36,"column":11},"end":{"line":36,"column":33}},"type":"binary-expr","locations":[{"start":{"line":36,"column":11},"end":{"line":36,"column":33}},{"start":{"line":36,"column":31},"end":{"line":36,"column":33}}]},"3":{"loc":{"start":{"line":36,"column":11},"end":{"line":36,"column":31}},"type":"cond-expr","locations":[{"start":{"line":36,"column":25},"end":{"line":36,"column":27}},{"start":{"line":36,"column":25},"end":{"line":36,"column":31}}]},"4":{"loc":{"start":{"line":36,"column":11},"end":{"line":36,"column":27}},"type":"binary-expr","locations":[{"start":{"line":36,"column":11},"end":{"line":36,"column":27}},{"start":{"line":36,"column":25},"end":{"line":36,"column":27}}]},"5":{"loc":{"start":{"line":40,"column":19},"end":{"line":40,"column":42}},"type":"cond-expr","locations":[{"start":{"line":40,"column":33},"end":{"line":40,"column":35}},{"start":{"line":40,"column":33},"end":{"line":40,"column":42}}]},"6":{"loc":{"start":{"line":40,"column":19},"end":{"line":40,"column":35}},"type":"binary-expr","locations":[{"start":{"line":40,"column":19},"end":{"line":40,"column":35}},{"start":{"line":40,"column":33},"end":{"line":40,"column":35}}]},"7":{"loc":{"start":{"line":54,"column":11},"end":{"line":54,"column":87}},"type":"binary-expr","locations":[{"start":{"line":54,"column":12},"end":{"line":54,"column":63}},{"start":{"line":54,"column":67},"end":{"line":54,"column":87}}]},"8":{"loc":{"start":{"line":54,"column":12},"end":{"line":54,"column":63}},"type":"cond-expr","locations":[{"start":{"line":54,"column":35},"end":{"line":54,"column":37}},{"start":{"line":54,"column":35},"end":{"line":54,"column":63}}]},"9":{"loc":{"start":{"line":54,"column":12},"end":{"line":54,"column":37}},"type":"binary-expr","locations":[{"start":{"line":54,"column":12},"end":{"line":54,"column":37}},{"start":{"line":54,"column":35},"end":{"line":54,"column":37}}]},"10":{"loc":{"start":{"line":125,"column":4},"end":{"line":127,"column":null}},"type":"if","locations":[{"start":{"line":125,"column":4},"end":{"line":127,"column":null}}]},"11":{"loc":{"start":{"line":144,"column":4},"end":{"line":144,"column":54}},"type":"if","locations":[{"start":{"line":144,"column":4},"end":{"line":144,"column":54}}]},"12":{"loc":{"start":{"line":147,"column":6},"end":{"line":152,"column":null}},"type":"if","locations":[{"start":{"line":147,"column":6},"end":{"line":152,"column":null}},{"start":{"line":150,"column":13},"end":{"line":152,"column":null}}]},"13":{"loc":{"start":{"line":165,"column":4},"end":{"line":165,"column":41}},"type":"if","locations":[{"start":{"line":165,"column":4},"end":{"line":165,"column":41}}]},"14":{"loc":{"start":{"line":176,"column":4},"end":{"line":176,"column":65}},"type":"if","locations":[{"start":{"line":176,"column":4},"end":{"line":176,"column":65}}]},"15":{"loc":{"start":{"line":176,"column":8},"end":{"line":176,"column":56}},"type":"binary-expr","locations":[{"start":{"line":176,"column":8},"end":{"line":176,"column":32}},{"start":{"line":176,"column":36},"end":{"line":176,"column":56}}]},"16":{"loc":{"start":{"line":179,"column":6},"end":{"line":179,"column":44}},"type":"cond-expr","locations":[{"start":{"line":179,"column":25},"end":{"line":179,"column":27}},{"start":{"line":179,"column":25},"end":{"line":179,"column":44}}]},"17":{"loc":{"start":{"line":179,"column":6},"end":{"line":179,"column":27}},"type":"binary-expr","locations":[{"start":{"line":179,"column":6},"end":{"line":179,"column":27}},{"start":{"line":179,"column":25},"end":{"line":179,"column":27}}]},"18":{"loc":{"start":{"line":182,"column":6},"end":{"line":186,"column":null}},"type":"if","locations":[{"start":{"line":182,"column":6},"end":{"line":186,"column":null}},{"start":{"line":184,"column":13},"end":{"line":186,"column":null}}]},"19":{"loc":{"start":{"line":183,"column":8},"end":{"line":183,"column":44}},"type":"cond-expr","locations":[{"start":{"line":183,"column":27},"end":{"line":183,"column":29}},{"start":{"line":183,"column":27},"end":{"line":183,"column":44}}]},"20":{"loc":{"start":{"line":183,"column":8},"end":{"line":183,"column":29}},"type":"binary-expr","locations":[{"start":{"line":183,"column":8},"end":{"line":183,"column":29}},{"start":{"line":183,"column":27},"end":{"line":183,"column":29}}]},"21":{"loc":{"start":{"line":185,"column":8},"end":{"line":185,"column":46}},"type":"cond-expr","locations":[{"start":{"line":185,"column":27},"end":{"line":185,"column":29}},{"start":{"line":185,"column":27},"end":{"line":185,"column":46}}]},"22":{"loc":{"start":{"line":185,"column":8},"end":{"line":185,"column":29}},"type":"binary-expr","locations":[{"start":{"line":185,"column":8},"end":{"line":185,"column":29}},{"start":{"line":185,"column":27},"end":{"line":185,"column":29}}]},"23":{"loc":{"start":{"line":189,"column":6},"end":{"line":191,"column":null}},"type":"if","locations":[{"start":{"line":189,"column":6},"end":{"line":191,"column":null}}]},"24":{"loc":{"start":{"line":190,"column":8},"end":{"line":190,"column":65}},"type":"cond-expr","locations":[{"start":{"line":190,"column":27},"end":{"line":190,"column":29}},{"start":{"line":190,"column":27},"end":{"line":190,"column":65}}]},"25":{"loc":{"start":{"line":190,"column":8},"end":{"line":190,"column":29}},"type":"binary-expr","locations":[{"start":{"line":190,"column":8},"end":{"line":190,"column":29}},{"start":{"line":190,"column":27},"end":{"line":190,"column":29}}]},"26":{"loc":{"start":{"line":254,"column":4},"end":{"line":259,"column":null}},"type":"if","locations":[{"start":{"line":254,"column":4},"end":{"line":259,"column":null}}]},"27":{"loc":{"start":{"line":255,"column":6},"end":{"line":256,"column":82}},"type":"binary-expr","locations":[{"start":{"line":255,"column":6},"end":{"line":255,"column":60}},{"start":{"line":256,"column":6},"end":{"line":256,"column":82}}]}},"s":{"0":1,"1":39,"2":39,"3":39,"4":39,"5":39,"6":39,"7":39,"8":39,"9":39,"10":39,"11":39,"12":39,"13":48,"14":48,"15":8,"16":221,"17":2,"18":0,"19":2,"20":31,"21":31,"22":23,"23":23,"24":23,"25":23,"26":31,"27":23,"28":8,"29":8,"30":0,"31":0,"32":0,"33":23,"34":4,"35":19,"36":18,"37":18,"38":18,"39":0,"40":23,"41":66,"42":23,"43":66,"44":43,"45":23,"46":23,"47":23,"48":23,"49":23,"50":20,"51":3,"52":3,"53":3,"54":0,"55":0,"56":0,"57":3,"58":3,"59":3,"60":1,"61":3,"62":66,"63":66,"64":66,"65":23,"66":23,"67":2,"68":5,"69":18,"70":0,"71":66,"72":66,"73":66,"74":96,"75":23,"76":31,"77":31,"78":31,"79":1},"f":{"0":39,"1":48,"2":48,"3":8,"4":221,"5":2,"6":0,"7":2,"8":31,"9":31,"10":23,"11":0,"12":23,"13":23,"14":66,"15":66,"16":23,"17":23,"18":3,"19":0,"20":3,"21":3,"22":66,"23":23,"24":46,"25":46,"26":2,"27":5,"28":18,"29":0,"30":66,"31":96,"32":0,"33":31,"34":23},"b":{"0":[48,14],"1":[14,34],"2":[48,42],"3":[0,48],"4":[48,48],"5":[0,8],"6":[8,8],"7":[221,24],"8":[0,221],"9":[221,221],"10":[23],"11":[4],"12":[18,0],"13":[43],"14":[20],"15":[23,23],"16":[0,3],"17":[3,3],"18":[0,0],"19":[0,0],"20":[0,0],"21":[0,0],"22":[0,0],"23":[1],"24":[0,1],"25":[1,1],"26":[23],"27":[66,43]}}
,"/home/runner/work/frontend/frontend/src/app/_main/classes/dialog-ref.class.ts": {"path":"/home/runner/work/frontend/frontend/src/app/_main/classes/dialog-ref.class.ts","statementMap":{"0":{"start":{"line":5,"column":10},"end":{"line":5,"column":45}},"1":{"start":{"line":7,"column":10},"end":{"line":7,"column":55}},"2":{"start":{"line":8,"column":10},"end":{"line":8,"column":54}},"3":{"start":{"line":10,"column":10},"end":{"line":10,"column":78}},"4":{"start":{"line":13,"column":4},"end":{"line":13,"column":45}},"5":{"start":{"line":14,"column":4},"end":{"line":14,"column":42}},"6":{"start":{"line":15,"column":4},"end":{"line":15,"column":44}},"7":{"start":{"line":16,"column":4},"end":{"line":16,"column":41}},"8":{"start":{"line":18,"column":4},"end":{"line":18,"column":33}},"9":{"start":{"line":19,"column":4},"end":{"line":19,"column":33}},"10":{"start":{"line":20,"column":4},"end":{"line":20,"column":34}},"11":{"start":{"line":21,"column":4},"end":{"line":21,"column":27}},"12":{"start":{"line":27,"column":4},"end":{"line":27,"column":42}},"13":{"start":{"line":28,"column":4},"end":{"line":28,"column":29}},"14":{"start":{"line":34,"column":4},"end":{"line":34,"column":29}},"15":{"start":{"line":40,"column":4},"end":{"line":40,"column":30}},"16":{"start":{"line":46,"column":4},"end":{"line":46,"column":76}},"17":{"start":{"line":53,"column":4},"end":{"line":53,"column":47}},"18":{"start":{"line":60,"column":4},"end":{"line":60,"column":69}},"19":{"start":{"line":68,"column":4},"end":{"line":68,"column":76}},"20":{"start":{"line":72,"column":4},"end":{"line":72,"column":76}},"21":{"start":{"line":76,"column":4},"end":{"line":76,"column":76}},"22":{"start":{"line":80,"column":4},"end":{"line":80,"column":29}}},"fnMap":{"0":{"name":"(anonymous_0)","decl":{"start":{"line":4,"column":0},"end":{"line":4,"column":6}},"loc":{"start":{"line":4,"column":0},"end":{"line":82,"column":1}}},"1":{"name":"(anonymous_1)","decl":{"start":{"line":12,"column":2},"end":{"line":12,"column":7}},"loc":{"start":{"line":12,"column":24},"end":{"line":22,"column":3}}},"2":{"name":"(anonymous_2)","decl":{"start":{"line":26,"column":2},"end":{"line":26,"column":13}},"loc":{"start":{"line":26,"column":13},"end":{"line":29,"column":3}}},"3":{"name":"(anonymous_3)","decl":{"start":{"line":33,"column":2},"end":{"line":33,"column":13}},"loc":{"start":{"line":33,"column":13},"end":{"line":35,"column":3}}},"4":{"name":"(anonymous_4)","decl":{"start":{"line":39,"column":2},"end":{"line":39,"column":14}},"loc":{"start":{"line":39,"column":14},"end":{"line":41,"column":3}}},"5":{"name":"(anonymous_5)","decl":{"start":{"line":45,"column":2},"end":{"line":45,"column":15}},"loc":{"start":{"line":45,"column":15},"end":{"line":47,"column":3}}},"6":{"name":"(anonymous_6)","decl":{"start":{"line":52,"column":2},"end":{"line":52,"column":15}},"loc":{"start":{"line":52,"column":15},"end":{"line":54,"column":3}}},"7":{"name":"(anonymous_7)","decl":{"start":{"line":59,"column":2},"end":{"line":59,"column":16}},"loc":{"start":{"line":59,"column":42},"end":{"line":61,"column":3}}},"8":{"name":"(anonymous_8)","decl":{"start":{"line":67,"column":2},"end":{"line":67,"column":12}},"loc":{"start":{"line":67,"column":44},"end":{"line":69,"column":3}}},"9":{"name":"(anonymous_9)","decl":{"start":{"line":71,"column":2},"end":{"line":71,"column":15}},"loc":{"start":{"line":71,"column":42},"end":{"line":73,"column":3}}},"10":{"name":"(anonymous_10)","decl":{"start":{"line":75,"column":2},"end":{"line":75,"column":18}},"loc":{"start":{"line":75,"column":45},"end":{"line":77,"column":3}}},"11":{"name":"(anonymous_11)","decl":{"start":{"line":79,"column":2},"end":{"line":79,"column":10}},"loc":{"start":{"line":79,"column":10},"end":{"line":81,"column":3}}}},"branchMap":{},"s":{"0":10,"1":10,"2":10,"3":10,"4":2,"5":2,"6":2,"7":2,"8":2,"9":2,"10":2,"11":2,"12":1,"13":1,"14":1,"15":1,"16":1,"17":1,"18":1,"19":1,"20":1,"21":1,"22":3},"f":{"0":10,"1":2,"2":1,"3":1,"4":1,"5":1,"6":1,"7":1,"8":1,"9":1,"10":1,"11":3},"b":{}}
,"/home/runner/work/frontend/frontend/src/app/_main/classes/e-set.class.ts": {"path":"/home/runner/work/frontend/frontend/src/app/_main/classes/e-set.class.ts","statementMap":{"0":{"start":{"line":3,"column":4},"end":{"line":7,"column":null}},"1":{"start":{"line":4,"column":6},"end":{"line":4,"column":23}},"2":{"start":{"line":6,"column":6},"end":{"line":6,"column":20}}},"fnMap":{"0":{"name":"(anonymous_0)","decl":{"start":{"line":2,"column":2},"end":{"line":2,"column":8}},"loc":{"start":{"line":2,"column":17},"end":{"line":8,"column":3}}}},"branchMap":{"0":{"loc":{"start":{"line":3,"column":4},"end":{"line":7,"column":null}},"type":"if","locations":[{"start":{"line":3,"column":4},"end":{"line":7,"column":null}},{"start":{"line":5,"column":11},"end":{"line":7,"column":null}}]}},"s":{"0":2,"1":1,"2":1},"f":{"0":2},"b":{"0":[1,1]}}
,"/home/runner/work/frontend/frontend/src/app/_main/classes/enum.class.ts": {"path":"/home/runner/work/frontend/frontend/src/app/_main/classes/enum.class.ts","statementMap":{"0":{"start":{"line":13,"column":4},"end":{"line":13,"column":64}},"1":{"start":{"line":13,"column":49},"end":{"line":13,"column":62}},"2":{"start":{"line":29,"column":4},"end":{"line":29,"column":86}},"3":{"start":{"line":29,"column":47},"end":{"line":29,"column":69}},"4":{"start":{"line":45,"column":4},"end":{"line":47,"column":null}},"5":{"start":{"line":46,"column":6},"end":{"line":46,"column":37}},"6":{"start":{"line":49,"column":4},"end":{"line":51,"column":36}},"7":{"start":{"line":50,"column":21},"end":{"line":50,"column":30}},"8":{"start":{"line":51,"column":18},"end":{"line":51,"column":27}},"9":{"start":{"line":67,"column":4},"end":{"line":69,"column":null}},"10":{"start":{"line":68,"column":6},"end":{"line":68,"column":65}},"11":{"start":{"line":71,"column":4},"end":{"line":73,"column":74}},"12":{"start":{"line":72,"column":21},"end":{"line":72,"column":35}},"13":{"start":{"line":73,"column":18},"end":{"line":73,"column":38}}},"fnMap":{"0":{"name":"(anonymous_0)","decl":{"start":{"line":12,"column":9},"end":{"line":12,"column":15}},"loc":{"start":{"line":12,"column":39},"end":{"line":14,"column":3}}},"1":{"name":"(anonymous_1)","decl":{"start":{"line":13,"column":40},"end":{"line":13,"column":41}},"loc":{"start":{"line":13,"column":49},"end":{"line":13,"column":62}}},"2":{"name":"(anonymous_2)","decl":{"start":{"line":28,"column":9},"end":{"line":28,"column":15}},"loc":{"start":{"line":28,"column":50},"end":{"line":30,"column":3}}},"3":{"name":"(anonymous_3)","decl":{"start":{"line":29,"column":40},"end":{"line":29,"column":41}},"loc":{"start":{"line":29,"column":47},"end":{"line":29,"column":69}}},"4":{"name":"(anonymous_4)","decl":{"start":{"line":44,"column":9},"end":{"line":44,"column":15}},"loc":{"start":{"line":44,"column":52},"end":{"line":52,"column":3}}},"5":{"name":"(anonymous_5)","decl":{"start":{"line":50,"column":14},"end":{"line":50,"column":15}},"loc":{"start":{"line":50,"column":21},"end":{"line":50,"column":30}}},"6":{"name":"(anonymous_6)","decl":{"start":{"line":51,"column":11},"end":{"line":51,"column":12}},"loc":{"start":{"line":51,"column":18},"end":{"line":51,"column":27}}},"7":{"name":"(anonymous_7)","decl":{"start":{"line":66,"column":9},"end":{"line":66,"column":15}},"loc":{"start":{"line":66,"column":53},"end":{"line":74,"column":3}}},"8":{"name":"(anonymous_8)","decl":{"start":{"line":72,"column":14},"end":{"line":72,"column":15}},"loc":{"start":{"line":72,"column":21},"end":{"line":72,"column":35}}},"9":{"name":"(anonymous_9)","decl":{"start":{"line":73,"column":11},"end":{"line":73,"column":12}},"loc":{"start":{"line":73,"column":18},"end":{"line":73,"column":38}}}},"branchMap":{"0":{"loc":{"start":{"line":29,"column":47},"end":{"line":29,"column":69}},"type":"binary-expr","locations":[{"start":{"line":29,"column":47},"end":{"line":29,"column":57}},{"start":{"line":29,"column":61},"end":{"line":29,"column":69}}]},"1":{"loc":{"start":{"line":45,"column":4},"end":{"line":47,"column":null}},"type":"if","locations":[{"start":{"line":45,"column":4},"end":{"line":47,"column":null}}]},"2":{"loc":{"start":{"line":67,"column":4},"end":{"line":69,"column":null}},"type":"if","locations":[{"start":{"line":67,"column":4},"end":{"line":69,"column":null}}]}},"s":{"0":6,"1":21,"2":2,"3":9,"4":2,"5":1,"6":1,"7":6,"8":3,"9":2,"10":1,"11":1,"12":6,"13":3},"f":{"0":6,"1":21,"2":2,"3":9,"4":2,"5":6,"6":3,"7":2,"8":6,"9":3},"b":{"0":[9,6],"1":[1],"2":[1]}}
,"/home/runner/work/frontend/frontend/src/app/_main/classes/filters.class.ts": {"path":"/home/runner/work/frontend/frontend/src/app/_main/classes/filters.class.ts","statementMap":{"0":{"start":{"line":10,"column":4},"end":{"line":26,"column":6}},"1":{"start":{"line":19,"column":23},"end":{"line":19,"column":47}},"2":{"start":{"line":20,"column":8},"end":{"line":20,"column":34}},"3":{"start":{"line":20,"column":21},"end":{"line":20,"column":34}},"4":{"start":{"line":22,"column":8},"end":{"line":24,"column":10}},"5":{"start":{"line":23,"column":10},"end":{"line":23,"column":74}},"6":{"start":{"line":30,"column":4},"end":{"line":43,"column":6}},"7":{"start":{"line":33,"column":63},"end":{"line":36,"column":8}},"8":{"start":{"line":39,"column":8},"end":{"line":39,"column":46}},"9":{"start":{"line":39,"column":33},"end":{"line":39,"column":46}},"10":{"start":{"line":41,"column":8},"end":{"line":41,"column":64}},"11":{"start":{"line":41,"column":38},"end":{"line":41,"column":62}}},"fnMap":{"0":{"name":"(anonymous_0)","decl":{"start":{"line":9,"column":9},"end":{"line":9,"column":15}},"loc":{"start":{"line":9,"column":51},"end":{"line":27,"column":3}}},"1":{"name":"(anonymous_1)","decl":{"start":{"line":18,"column":6},"end":{"line":18,"column":11}},"loc":{"start":{"line":18,"column":25},"end":{"line":25,"column":7}}},"2":{"name":"(anonymous_2)","decl":{"start":{"line":22,"column":28},"end":{"line":22,"column":29}},"loc":{"start":{"line":23,"column":10},"end":{"line":23,"column":74}}},"3":{"name":"(anonymous_3)","decl":{"start":{"line":29,"column":9},"end":{"line":29,"column":15}},"loc":{"start":{"line":29,"column":51},"end":{"line":44,"column":3}}},"4":{"name":"(anonymous_4)","decl":{"start":{"line":33,"column":42},"end":{"line":33,"column":43}},"loc":{"start":{"line":33,"column":63},"end":{"line":36,"column":8}}},"5":{"name":"(anonymous_5)","decl":{"start":{"line":38,"column":6},"end":{"line":38,"column":11}},"loc":{"start":{"line":38,"column":25},"end":{"line":42,"column":7}}},"6":{"name":"(anonymous_6)","decl":{"start":{"line":41,"column":28},"end":{"line":41,"column":29}},"loc":{"start":{"line":41,"column":38},"end":{"line":41,"column":62}}}},"branchMap":{"0":{"loc":{"start":{"line":20,"column":8},"end":{"line":20,"column":34}},"type":"if","locations":[{"start":{"line":20,"column":8},"end":{"line":20,"column":34}}]},"1":{"loc":{"start":{"line":23,"column":10},"end":{"line":23,"column":74}},"type":"cond-expr","locations":[{"start":{"line":23,"column":30},"end":{"line":23,"column":67}},{"start":{"line":23,"column":70},"end":{"line":23,"column":74}}]},"2":{"loc":{"start":{"line":37,"column":13},"end":{"line":37,"column":36}},"type":"binary-expr","locations":[{"start":{"line":37,"column":13},"end":{"line":37,"column":28}},{"start":{"line":37,"column":32},"end":{"line":37,"column":36}}]},"3":{"loc":{"start":{"line":39,"column":8},"end":{"line":39,"column":46}},"type":"if","locations":[{"start":{"line":39,"column":8},"end":{"line":39,"column":46}}]}},"s":{"0":1,"1":0,"2":0,"3":0,"4":0,"5":0,"6":0,"7":0,"8":0,"9":0,"10":0,"11":0},"f":{"0":1,"1":0,"2":0,"3":0,"4":0,"5":0,"6":0},"b":{"0":[0],"1":[0,0],"2":[0,0],"3":[0]}}
,"/home/runner/work/frontend/frontend/src/app/_main/classes/form.class.ts": {"path":"/home/runner/work/frontend/frontend/src/app/_main/classes/form.class.ts","statementMap":{"0":{"start":{"line":6,"column":2},"end":{"line":6,"column":26}},"1":{"start":{"line":7,"column":8},"end":{"line":7,"column":36}},"2":{"start":{"line":8,"column":2},"end":{"line":8,"column":20}},"3":{"start":{"line":12,"column":2},"end":{"line":12,"column":29}},"4":{"start":{"line":13,"column":2},"end":{"line":13,"column":35}},"5":{"start":{"line":14,"column":2},"end":{"line":14,"column":23}},"6":{"start":{"line":22,"column":24},"end":{"line":22,"column":29}},"7":{"start":{"line":24,"column":2},"end":{"line":33,"column":7}},"8":{"start":{"line":27,"column":19},"end":{"line":27,"column":35}},"9":{"start":{"line":30,"column":6},"end":{"line":30,"column":29}},"10":{"start":{"line":31,"column":6},"end":{"line":31,"column":30}},"11":{"start":{"line":32,"column":6},"end":{"line":32,"column":30}},"12":{"start":{"line":35,"column":2},"end":{"line":44,"column":7}},"13":{"start":{"line":38,"column":19},"end":{"line":38,"column":35}},"14":{"start":{"line":41,"column":6},"end":{"line":41,"column":29}},"15":{"start":{"line":42,"column":6},"end":{"line":42,"column":29}},"16":{"start":{"line":43,"column":6},"end":{"line":43,"column":30}}},"fnMap":{"0":{"name":"validateForm","decl":{"start":{"line":5,"column":16},"end":{"line":5,"column":28}},"loc":{"start":{"line":5,"column":49},"end":{"line":9,"column":1}}},"1":{"name":"validateControl","decl":{"start":{"line":11,"column":16},"end":{"line":11,"column":31}},"loc":{"start":{"line":11,"column":57},"end":{"line":15,"column":1}}},"2":{"name":"connectFormToControl","decl":{"start":{"line":17,"column":16},"end":{"line":17,"column":36}},"loc":{"start":{"line":20,"column":27},"end":{"line":45,"column":1}}},"3":{"name":"(anonymous_3)","decl":{"start":{"line":27,"column":13},"end":{"line":27,"column":16}},"loc":{"start":{"line":27,"column":19},"end":{"line":27,"column":35}}},"4":{"name":"(anonymous_4)","decl":{"start":{"line":29,"column":15},"end":{"line":29,"column":16}},"loc":{"start":{"line":29,"column":25},"end":{"line":33,"column":5}}},"5":{"name":"(anonymous_5)","decl":{"start":{"line":38,"column":13},"end":{"line":38,"column":16}},"loc":{"start":{"line":38,"column":19},"end":{"line":38,"column":35}}},"6":{"name":"(anonymous_6)","decl":{"start":{"line":40,"column":15},"end":{"line":40,"column":16}},"loc":{"start":{"line":40,"column":25},"end":{"line":44,"column":5}}}},"branchMap":{},"s":{"0":0,"1":0,"2":0,"3":0,"4":0,"5":0,"6":0,"7":0,"8":0,"9":0,"10":0,"11":0,"12":0,"13":0,"14":0,"15":0,"16":0},"f":{"0":0,"1":0,"2":0,"3":0,"4":0,"5":0,"6":0},"b":{}}
,"/home/runner/work/frontend/frontend/src/app/_main/classes/persistent-map.class.ts": {"path":"/home/runner/work/frontend/frontend/src/app/_main/classes/persistent-map.class.ts","statementMap":{"0":{"start":{"line":33,"column":4},"end":{"line":37,"column":6}},"1":{"start":{"line":27,"column":10},"end":{"line":27,"column":30}},"2":{"start":{"line":39,"column":4},"end":{"line":42,"column":null}},"3":{"start":{"line":40,"column":6},"end":{"line":40,"column":63}},"4":{"start":{"line":41,"column":6},"end":{"line":41,"column":13}},"5":{"start":{"line":44,"column":4},"end":{"line":44,"column":40}},"6":{"start":{"line":7,"column":4},"end":{"line":7,"column":49}},"7":{"start":{"line":8,"column":4},"end":{"line":8,"column":18}},"8":{"start":{"line":12,"column":17},"end":{"line":12,"column":34}},"9":{"start":{"line":13,"column":4},"end":{"line":13,"column":21}},"10":{"start":{"line":14,"column":4},"end":{"line":14,"column":16}},"11":{"start":{"line":18,"column":17},"end":{"line":18,"column":38}},"12":{"start":{"line":19,"column":4},"end":{"line":19,"column":21}},"13":{"start":{"line":20,"column":4},"end":{"line":20,"column":16}},"14":{"start":{"line":24,"column":4},"end":{"line":24,"column":83}}},"fnMap":{"0":{"name":"(anonymous_0)","decl":{"start":{"line":29,"column":2},"end":{"line":29,"column":null}},"loc":{"start":{"line":31,"column":49},"end":{"line":45,"column":3}}},"1":{"name":"(anonymous_1)","decl":{"start":{"line":6,"column":11},"end":{"line":6,"column":16}},"loc":{"start":{"line":6,"column":16},"end":{"line":9,"column":3}}},"2":{"name":"(anonymous_2)","decl":{"start":{"line":11,"column":11},"end":{"line":11,"column":17}},"loc":{"start":{"line":11,"column":24},"end":{"line":15,"column":3}}},"3":{"name":"(anonymous_3)","decl":{"start":{"line":17,"column":11},"end":{"line":17,"column":14}},"loc":{"start":{"line":17,"column":31},"end":{"line":21,"column":3}}},"4":{"name":"(anonymous_4)","decl":{"start":{"line":23,"column":10},"end":{"line":23,"column":19}},"loc":{"start":{"line":23,"column":19},"end":{"line":25,"column":3}}}},"branchMap":{"0":{"loc":{"start":{"line":34,"column":6},"end":{"line":36,"column":17}},"type":"cond-expr","locations":[{"start":{"line":35,"column":10},"end":{"line":35,"column":58}},{"start":{"line":36,"column":10},"end":{"line":36,"column":17}}]},"1":{"loc":{"start":{"line":34,"column":6},"end":{"line":34,"column":58}},"type":"binary-expr","locations":[{"start":{"line":34,"column":6},"end":{"line":34,"column":19}},{"start":{"line":34,"column":23},"end":{"line":34,"column":58}}]},"2":{"loc":{"start":{"line":39,"column":4},"end":{"line":42,"column":null}},"type":"if","locations":[{"start":{"line":39,"column":4},"end":{"line":42,"column":null}}]}},"s":{"0":1,"1":1,"2":1,"3":0,"4":0,"5":1,"6":0,"7":0,"8":0,"9":0,"10":0,"11":0,"12":0,"13":0,"14":0},"f":{"0":1,"1":0,"2":0,"3":0,"4":0},"b":{"0":[0,1],"1":[1,1],"2":[0]}}
,"/home/runner/work/frontend/frontend/src/app/_main/classes/random.class.ts": {"path":"/home/runner/work/frontend/frontend/src/app/_main/classes/random.class.ts","statementMap":{"0":{"start":{"line":2,"column":10},"end":{"line":2,"column":26}},"1":{"start":{"line":3,"column":10},"end":{"line":3,"column":26}},"2":{"start":{"line":4,"column":10},"end":{"line":4,"column":28}},"3":{"start":{"line":11,"column":4},"end":{"line":11,"column":46}},"4":{"start":{"line":12,"column":4},"end":{"line":12,"column":46}},"5":{"start":{"line":20,"column":4},"end":{"line":20,"column":75}},"6":{"start":{"line":21,"column":4},"end":{"line":21,"column":75}},"7":{"start":{"line":22,"column":17},"end":{"line":22,"column":62}},"8":{"start":{"line":23,"column":4},"end":{"line":23,"column":25}},"9":{"start":{"line":24,"column":4},"end":{"line":24,"column":18}},"10":{"start":{"line":34,"column":17},"end":{"line":34,"column":38}},"11":{"start":{"line":35,"column":16},"end":{"line":35,"column":36}},"12":{"start":{"line":37,"column":4},"end":{"line":42,"column":null}},"13":{"start":{"line":38,"column":20},"end":{"line":38,"column":43}},"14":{"start":{"line":39,"column":6},"end":{"line":39,"column":60}},"15":{"start":{"line":41,"column":6},"end":{"line":41,"column":40}},"16":{"start":{"line":51,"column":4},"end":{"line":51,"column":37}}},"fnMap":{"0":{"name":"(anonymous_0)","decl":{"start":{"line":10,"column":2},"end":{"line":10,"column":14}},"loc":{"start":{"line":10,"column":49},"end":{"line":13,"column":3}}},"1":{"name":"(anonymous_1)","decl":{"start":{"line":19,"column":9},"end":{"line":19,"column":15}},"loc":{"start":{"line":19,"column":15},"end":{"line":25,"column":3}}},"2":{"name":"(anonymous_2)","decl":{"start":{"line":33,"column":9},"end":{"line":33,"column":14}},"loc":{"start":{"line":33,"column":56},"end":{"line":43,"column":3}}},"3":{"name":"(anonymous_3)","decl":{"start":{"line":50,"column":9},"end":{"line":50,"column":19}},"loc":{"start":{"line":50,"column":46},"end":{"line":52,"column":3}}}},"branchMap":{"0":{"loc":{"start":{"line":10,"column":14},"end":{"line":10,"column":49}},"type":"default-arg","locations":[{"start":{"line":10,"column":29},"end":{"line":10,"column":49}}]},"1":{"loc":{"start":{"line":37,"column":4},"end":{"line":42,"column":null}},"type":"if","locations":[{"start":{"line":37,"column":4},"end":{"line":42,"column":null}},{"start":{"line":40,"column":11},"end":{"line":42,"column":null}}]}},"s":{"0":5,"1":5,"2":5,"3":5,"4":5,"5":5,"6":5,"7":5,"8":5,"9":5,"10":0,"11":0,"12":0,"13":0,"14":0,"15":0,"16":0},"f":{"0":5,"1":5,"2":0,"3":0},"b":{"0":[1],"1":[0,0]}}
,"/home/runner/work/frontend/frontend/src/app/_main/classes/time-to-interaction.class.ts": {"path":"/home/runner/work/frontend/frontend/src/app/_main/classes/time-to-interaction.class.ts","statementMap":{"0":{"start":{"line":4,"column":18},"end":{"line":4,"column":53}},"1":{"start":{"line":6,"column":17},"end":{"line":21,"column":16}},"2":{"start":{"line":10,"column":16},"end":{"line":10,"column":20}},"3":{"start":{"line":14,"column":19},"end":{"line":14,"column":36}},"4":{"start":{"line":17,"column":8},"end":{"line":17,"column":29}},"5":{"start":{"line":18,"column":8},"end":{"line":18,"column":27}},"6":{"start":{"line":23,"column":2},"end":{"line":23,"column":17}}},"fnMap":{"0":{"name":"timeToInteraction","decl":{"start":{"line":3,"column":16},"end":{"line":3,"column":33}},"loc":{"start":{"line":3,"column":52},"end":{"line":24,"column":1}}},"1":{"name":"(anonymous_1)","decl":{"start":{"line":10,"column":10},"end":{"line":10,"column":13}},"loc":{"start":{"line":10,"column":16},"end":{"line":10,"column":20}}},"2":{"name":"(anonymous_2)","decl":{"start":{"line":14,"column":10},"end":{"line":14,"column":11}},"loc":{"start":{"line":14,"column":19},"end":{"line":14,"column":36}}},"3":{"name":"(anonymous_3)","decl":{"start":{"line":16,"column":10},"end":{"line":16,"column":13}},"loc":{"start":{"line":16,"column":15},"end":{"line":19,"column":7}}}},"branchMap":{"0":{"loc":{"start":{"line":3,"column":34},"end":{"line":3,"column":52}},"type":"default-arg","locations":[{"start":{"line":3,"column":49},"end":{"line":3,"column":52}}]}},"s":{"0":0,"1":0,"2":0,"3":0,"4":0,"5":0,"6":0},"f":{"0":0,"1":0,"2":0,"3":0},"b":{"0":[0]}}
,"/home/runner/work/frontend/frontend/src/app/_main/classes/loader/loader.class.ts": {"path":"/home/runner/work/frontend/frontend/src/app/_main/classes/loader/loader.class.ts","statementMap":{"0":{"start":{"line":16,"column":22},"end":{"line":16,"column":47}},"1":{"start":{"line":9,"column":10},"end":{"line":9,"column":36}},"2":{"start":{"line":12,"column":10},"end":{"line":12,"column":34}},"3":{"start":{"line":6,"column":4},"end":{"line":6,"column":25}},"4":{"start":{"line":19,"column":4},"end":{"line":19,"column":30}},"5":{"start":{"line":19,"column":23},"end":{"line":19,"column":30}},"6":{"start":{"line":21,"column":4},"end":{"line":21,"column":25}},"7":{"start":{"line":22,"column":4},"end":{"line":22,"column":36}},"8":{"start":{"line":25,"column":4},"end":{"line":31,"column":null}},"9":{"start":{"line":26,"column":6},"end":{"line":30,"column":16}},"10":{"start":{"line":27,"column":8},"end":{"line":29,"column":null}},"11":{"start":{"line":28,"column":10},"end":{"line":28,"column":78}},"12":{"start":{"line":35,"column":4},"end":{"line":35,"column":31}},"13":{"start":{"line":35,"column":24},"end":{"line":35,"column":31}},"14":{"start":{"line":37,"column":19},"end":{"line":43,"column":5}},"15":{"start":{"line":38,"column":6},"end":{"line":38,"column":28}},"16":{"start":{"line":39,"column":6},"end":{"line":39,"column":37}},"17":{"start":{"line":40,"column":6},"end":{"line":42,"column":null}},"18":{"start":{"line":41,"column":8},"end":{"line":41,"column":36}},"19":{"start":{"line":45,"column":31},"end":{"line":47,"column":9}},"20":{"start":{"line":48,"column":4},"end":{"line":54,"column":null}},"21":{"start":{"line":49,"column":6},"end":{"line":51,"column":54}},"22":{"start":{"line":50,"column":8},"end":{"line":50,"column":17}},"23":{"start":{"line":53,"column":6},"end":{"line":53,"column":15}}},"fnMap":{"0":{"name":"(anonymous_0)","decl":{"start":{"line":16,"column":2},"end":{"line":16,"column":22}},"loc":{"start":{"line":16,"column":49},"end":{"line":16,"column":53}}},"1":{"name":"(anonymous_1)","decl":{"start":{"line":5,"column":2},"end":{"line":5,"column":13}},"loc":{"start":{"line":5,"column":20},"end":{"line":7,"column":3}}},"2":{"name":"(anonymous_2)","decl":{"start":{"line":18,"column":9},"end":{"line":18,"column":22}},"loc":{"start":{"line":18,"column":22},"end":{"line":32,"column":3}}},"3":{"name":"(anonymous_3)","decl":{"start":{"line":26,"column":33},"end":{"line":26,"column":36}},"loc":{"start":{"line":26,"column":38},"end":{"line":30,"column":7}}},"4":{"name":"(anonymous_4)","decl":{"start":{"line":34,"column":9},"end":{"line":34,"column":19}},"loc":{"start":{"line":34,"column":19},"end":{"line":55,"column":3}}},"5":{"name":"(anonymous_5)","decl":{"start":{"line":37,"column":19},"end":{"line":37,"column":22}},"loc":{"start":{"line":37,"column":24},"end":{"line":43,"column":5}}},"6":{"name":"(anonymous_6)","decl":{"start":{"line":49,"column":17},"end":{"line":49,"column":20}},"loc":{"start":{"line":49,"column":22},"end":{"line":51,"column":7}}}},"branchMap":{"0":{"loc":{"start":{"line":16,"column":22},"end":{"line":16,"column":49}},"type":"default-arg","locations":[{"start":{"line":16,"column":47},"end":{"line":16,"column":49}}]},"1":{"loc":{"start":{"line":19,"column":4},"end":{"line":19,"column":30}},"type":"if","locations":[{"start":{"line":19,"column":4},"end":{"line":19,"column":30}}]},"2":{"loc":{"start":{"line":25,"column":4},"end":{"line":31,"column":null}},"type":"if","locations":[{"start":{"line":25,"column":4},"end":{"line":31,"column":null}}]},"3":{"loc":{"start":{"line":27,"column":8},"end":{"line":29,"column":null}},"type":"if","locations":[{"start":{"line":27,"column":8},"end":{"line":29,"column":null}}]},"4":{"loc":{"start":{"line":35,"column":4},"end":{"line":35,"column":31}},"type":"if","locations":[{"start":{"line":35,"column":4},"end":{"line":35,"column":31}}]},"5":{"loc":{"start":{"line":40,"column":6},"end":{"line":42,"column":null}},"type":"if","locations":[{"start":{"line":40,"column":6},"end":{"line":42,"column":null}}]},"6":{"loc":{"start":{"line":45,"column":31},"end":{"line":47,"column":9}},"type":"cond-expr","locations":[{"start":{"line":46,"column":8},"end":{"line":46,"column":67}},{"start":{"line":47,"column":8},"end":{"line":47,"column":9}}]},"7":{"loc":{"start":{"line":45,"column":31},"end":{"line":45,"column":60}},"type":"cond-expr","locations":[{"start":{"line":45,"column":49},"end":{"line":45,"column":51}},{"start":{"line":45,"column":49},"end":{"line":45,"column":60}}]},"8":{"loc":{"start":{"line":45,"column":31},"end":{"line":45,"column":51}},"type":"binary-expr","locations":[{"start":{"line":45,"column":31},"end":{"line":45,"column":51}},{"start":{"line":45,"column":49},"end":{"line":45,"column":51}}]},"9":{"loc":{"start":{"line":46,"column":32},"end":{"line":46,"column":66}},"type":"binary-expr","locations":[{"start":{"line":46,"column":32},"end":{"line":46,"column":61}},{"start":{"line":46,"column":65},"end":{"line":46,"column":66}}]},"10":{"loc":{"start":{"line":46,"column":32},"end":{"line":46,"column":61}},"type":"cond-expr","locations":[{"start":{"line":46,"column":50},"end":{"line":46,"column":52}},{"start":{"line":46,"column":50},"end":{"line":46,"column":61}}]},"11":{"loc":{"start":{"line":46,"column":32},"end":{"line":46,"column":52}},"type":"binary-expr","locations":[{"start":{"line":46,"column":32},"end":{"line":46,"column":52}},{"start":{"line":46,"column":50},"end":{"line":46,"column":52}}]},"12":{"loc":{"start":{"line":48,"column":4},"end":{"line":54,"column":null}},"type":"if","locations":[{"start":{"line":48,"column":4},"end":{"line":54,"column":null}},{"start":{"line":52,"column":11},"end":{"line":54,"column":null}}]}},"s":{"0":3,"1":3,"2":3,"3":4,"4":1,"5":0,"6":1,"7":1,"8":1,"9":1,"10":0,"11":0,"12":1,"13":0,"14":1,"15":1,"16":1,"17":1,"18":1,"19":1,"20":1,"21":1,"22":1,"23":0},"f":{"0":3,"1":4,"2":1,"3":0,"4":1,"5":1,"6":1},"b":{"0":[3],"1":[0],"2":[1],"3":[0],"4":[0],"5":[1],"6":[1,0],"7":[0,1],"8":[1,1],"9":[1,0],"10":[0,1],"11":[1,1],"12":[1,0]}}
,"/home/runner/work/frontend/frontend/src/app/_main/classes/util/utils.class.ts": {"path":"/home/runner/work/frontend/frontend/src/app/_main/classes/util/utils.class.ts","statementMap":{"0":{"start":{"line":17,"column":18},"end":{"line":17,"column":58}},"1":{"start":{"line":18,"column":4},"end":{"line":18,"column":55}},"2":{"start":{"line":27,"column":4},"end":{"line":40,"column":16}},"3":{"start":{"line":30,"column":8},"end":{"line":38,"column":null}},"4":{"start":{"line":31,"column":10},"end":{"line":35,"column":null}},"5":{"start":{"line":32,"column":12},"end":{"line":32,"column":49}},"6":{"start":{"line":34,"column":12},"end":{"line":34,"column":43}},"7":{"start":{"line":37,"column":10},"end":{"line":37,"column":27}},"8":{"start":{"line":50,"column":4},"end":{"line":54,"column":null}},"9":{"start":{"line":51,"column":6},"end":{"line":53,"column":null}},"10":{"start":{"line":52,"column":8},"end":{"line":52,"column":21}},"11":{"start":{"line":55,"column":4},"end":{"line":55,"column":16}},"12":{"start":{"line":64,"column":4},"end":{"line":64,"column":38}},"13":{"start":{"line":64,"column":25},"end":{"line":64,"column":38}},"14":{"start":{"line":65,"column":4},"end":{"line":65,"column":72}},"15":{"start":{"line":75,"column":4},"end":{"line":75,"column":38}},"16":{"start":{"line":75,"column":25},"end":{"line":75,"column":38}},"17":{"start":{"line":76,"column":4},"end":{"line":84,"column":null}},"18":{"start":{"line":77,"column":6},"end":{"line":81,"column":null}},"19":{"start":{"line":78,"column":8},"end":{"line":78,"column":20}},"20":{"start":{"line":80,"column":8},"end":{"line":80,"column":21}},"21":{"start":{"line":83,"column":6},"end":{"line":83,"column":19}}},"fnMap":{"0":{"name":"(anonymous_0)","decl":{"start":{"line":16,"column":9},"end":{"line":16,"column":15}},"loc":{"start":{"line":16,"column":80},"end":{"line":19,"column":3}}},"1":{"name":"(anonymous_1)","decl":{"start":{"line":26,"column":9},"end":{"line":26,"column":15}},"loc":{"start":{"line":26,"column":45},"end":{"line":41,"column":3}}},"2":{"name":"(anonymous_2)","decl":{"start":{"line":29,"column":11},"end":{"line":29,"column":12}},"loc":{"start":{"line":29,"column":32},"end":{"line":39,"column":7}}},"3":{"name":"(anonymous_3)","decl":{"start":{"line":49,"column":9},"end":{"line":49,"column":15}},"loc":{"start":{"line":49,"column":47},"end":{"line":56,"column":3}}},"4":{"name":"(anonymous_4)","decl":{"start":{"line":63,"column":9},"end":{"line":63,"column":15}},"loc":{"start":{"line":63,"column":37},"end":{"line":66,"column":3}}},"5":{"name":"(anonymous_5)","decl":{"start":{"line":74,"column":9},"end":{"line":74,"column":15}},"loc":{"start":{"line":74,"column":35},"end":{"line":85,"column":3}}}},"branchMap":{"0":{"loc":{"start":{"line":16,"column":60},"end":{"line":16,"column":80}},"type":"default-arg","locations":[{"start":{"line":16,"column":79},"end":{"line":16,"column":80}}]},"1":{"loc":{"start":{"line":18,"column":11},"end":{"line":18,"column":54}},"type":"cond-expr","locations":[{"start":{"line":18,"column":26},"end":{"line":18,"column":44}},{"start":{"line":18,"column":47},"end":{"line":18,"column":54}}]},"2":{"loc":{"start":{"line":30,"column":8},"end":{"line":38,"column":null}},"type":"if","locations":[{"start":{"line":30,"column":8},"end":{"line":38,"column":null}},{"start":{"line":36,"column":15},"end":{"line":38,"column":null}}]},"3":{"loc":{"start":{"line":30,"column":12},"end":{"line":30,"column":77}},"type":"binary-expr","locations":[{"start":{"line":30,"column":12},"end":{"line":30,"column":37}},{"start":{"line":30,"column":41},"end":{"line":30,"column":77}}]},"4":{"loc":{"start":{"line":31,"column":10},"end":{"line":35,"column":null}},"type":"if","locations":[{"start":{"line":31,"column":10},"end":{"line":35,"column":null}},{"start":{"line":33,"column":17},"end":{"line":35,"column":null}}]},"5":{"loc":{"start":{"line":51,"column":6},"end":{"line":53,"column":null}},"type":"if","locations":[{"start":{"line":51,"column":6},"end":{"line":53,"column":null}}]},"6":{"loc":{"start":{"line":64,"column":4},"end":{"line":64,"column":38}},"type":"if","locations":[{"start":{"line":64,"column":4},"end":{"line":64,"column":38}}]},"7":{"loc":{"start":{"line":65,"column":11},"end":{"line":65,"column":71}},"type":"binary-expr","locations":[{"start":{"line":65,"column":12},"end":{"line":65,"column":23}},{"start":{"line":65,"column":27},"end":{"line":65,"column":38}},{"start":{"line":65,"column":44},"end":{"line":65,"column":55}},{"start":{"line":65,"column":59},"end":{"line":65,"column":70}}]},"8":{"loc":{"start":{"line":75,"column":4},"end":{"line":75,"column":38}},"type":"if","locations":[{"start":{"line":75,"column":4},"end":{"line":75,"column":38}}]},"9":{"loc":{"start":{"line":76,"column":4},"end":{"line":84,"column":null}},"type":"if","locations":[{"start":{"line":76,"column":4},"end":{"line":84,"column":null}},{"start":{"line":82,"column":11},"end":{"line":84,"column":null}}]},"10":{"loc":{"start":{"line":76,"column":9},"end":{"line":76,"column":83}},"type":"binary-expr","locations":[{"start":{"line":76,"column":9},"end":{"line":76,"column":50}},{"start":{"line":76,"column":54},"end":{"line":76,"column":83}}]},"11":{"loc":{"start":{"line":77,"column":6},"end":{"line":81,"column":null}},"type":"if","locations":[{"start":{"line":77,"column":6},"end":{"line":81,"column":null}},{"start":{"line":79,"column":13},"end":{"line":81,"column":null}}]}},"s":{"0":5,"1":5,"2":12,"3":104,"4":11,"5":2,"6":9,"7":93,"8":2,"9":4,"10":1,"11":1,"12":113,"13":1,"14":112,"15":4,"16":1,"17":3,"18":2,"19":1,"20":1,"21":1},"f":{"0":5,"1":12,"2":104,"3":2,"4":113,"5":4},"b":{"0":[5],"1":[4,1],"2":[11,93],"3":[104,103],"4":[2,9],"5":[1],"6":[1],"7":[112,109,99,94],"8":[1],"9":[2,1],"10":[3,3],"11":[1,1]}}
,"/home/runner/work/frontend/frontend/src/app/_main/components/button/button.component.ts": {"path":"/home/runner/work/frontend/frontend/src/app/_main/components/button/button.component.ts","statementMap":{"0":{"start":{"line":12,"column":28},"end":{"line":53,"column":null}},"1":{"start":{"line":16,"column":11},"end":{"line":16,"column":88}},"2":{"start":{"line":21,"column":11},"end":{"line":21,"column":37}},"3":{"start":{"line":28,"column":11},"end":{"line":28,"column":48}},"4":{"start":{"line":33,"column":11},"end":{"line":33,"column":37}},"5":{"start":{"line":49,"column":4},"end":{"line":51,"column":12}},"6":{"start":{"line":50,"column":6},"end":{"line":50,"column":44}},"7":{"start":{"line":12,"column":13},"end":{"line":53,"column":null}}},"fnMap":{"0":{"name":"(anonymous_1)","decl":{"start":{"line":48,"column":2},"end":{"line":48,"column":7}},"loc":{"start":{"line":48,"column":7},"end":{"line":52,"column":3}}},"1":{"name":"(anonymous_2)","decl":{"start":{"line":49,"column":15},"end":{"line":49,"column":18}},"loc":{"start":{"line":49,"column":20},"end":{"line":51,"column":5}}}},"branchMap":{},"s":{"0":1,"1":26,"2":26,"3":26,"4":26,"5":1,"6":1,"7":1},"f":{"0":1,"1":1},"b":{}}
,"/home/runner/work/frontend/frontend/src/app/_main/components/card/card.component.ts": {"path":"/home/runner/work/frontend/frontend/src/app/_main/components/card/card.component.ts","statementMap":{"0":{"start":{"line":8,"column":26},"end":{"line":10,"column":null}},"1":{"start":{"line":8,"column":13},"end":{"line":10,"column":null}}},"fnMap":{"0":{"name":"(anonymous_0)","decl":{"start":{"line":9,"column":2},"end":{"line":9,"column":17}},"loc":{"start":{"line":9,"column":2},"end":{"line":9,"column":18}}}},"branchMap":{},"s":{"0":1,"1":1},"f":{"0":4},"b":{}}
,"/home/runner/work/frontend/frontend/src/app/_main/components/checkbox/checkbox.component.ts": {"path":"/home/runner/work/frontend/frontend/src/app/_main/components/checkbox/checkbox.component.ts","statementMap":{"0":{"start":{"line":9,"column":30},"end":{"line":9,"column":null}},"1":{"start":{"line":9,"column":13},"end":{"line":9,"column":null}}},"fnMap":{},"branchMap":{},"s":{"0":1,"1":1},"f":{},"b":{}}
,"/home/runner/work/frontend/frontend/src/app/_main/components/color/color.component.ts": {"path":"/home/runner/work/frontend/frontend/src/app/_main/components/color/color.component.ts","statementMap":{"0":{"start":{"line":10,"column":27},"end":{"line":21,"column":null}},"1":{"start":{"line":18,"column":10},"end":{"line":18,"column":28}},"2":{"start":{"line":20,"column":9},"end":{"line":20,"column":35}},"3":{"start":{"line":12,"column":4},"end":{"line":12,"column":24}},"4":{"start":{"line":13,"column":4},"end":{"line":13,"column":48}},"5":{"start":{"line":16,"column":4},"end":{"line":16,"column":23}},"6":{"start":{"line":10,"column":13},"end":{"line":21,"column":null}}},"fnMap":{"0":{"name":"(anonymous_1)","decl":{"start":{"line":11,"column":2},"end":{"line":11,"column":3}},"loc":{"start":{"line":11,"column":33},"end":{"line":14,"column":3}}},"1":{"name":"(anonymous_2)","decl":{"start":{"line":15,"column":2},"end":{"line":15,"column":6}},"loc":{"start":{"line":15,"column":11},"end":{"line":17,"column":3}}}},"branchMap":{},"s":{"0":1,"1":0,"2":0,"3":0,"4":0,"5":0,"6":1},"f":{"0":0,"1":0},"b":{}}
,"/home/runner/work/frontend/frontend/src/app/_main/components/dialog-outlet/dialog-outlet.component.ts": {"path":"/home/runner/work/frontend/frontend/src/app/_main/components/dialog-outlet/dialog-outlet.component.ts","statementMap":{"0":{"start":{"line":13,"column":34},"end":{"line":70,"column":null}},"1":{"start":{"line":20,"column":22},"end":{"line":20,"column":50}},"2":{"start":{"line":20,"column":60},"end":{"line":20,"column":78}},"3":{"start":{"line":18,"column":30},"end":{"line":18,"column":44}},"4":{"start":{"line":16,"column":4},"end":{"line":16,"column":52}},"5":{"start":{"line":23,"column":22},"end":{"line":23,"column":37}},"6":{"start":{"line":24,"column":21},"end":{"line":24,"column":57}},"7":{"start":{"line":26,"column":4},"end":{"line":31,"column":9}},"8":{"start":{"line":30,"column":8},"end":{"line":30,"column":30}},"9":{"start":{"line":33,"column":4},"end":{"line":33,"column":44}},"10":{"start":{"line":34,"column":4},"end":{"line":34,"column":21}},"11":{"start":{"line":38,"column":29},"end":{"line":38,"column":55}},"12":{"start":{"line":39,"column":4},"end":{"line":39,"column":29}},"13":{"start":{"line":41,"column":26},"end":{"line":41,"column":83}},"14":{"start":{"line":42,"column":4},"end":{"line":42,"column":16}},"15":{"start":{"line":46,"column":4},"end":{"line":46,"column":16}},"16":{"start":{"line":47,"column":4},"end":{"line":50,"column":12}},"17":{"start":{"line":48,"column":31},"end":{"line":48,"column":57}},"18":{"start":{"line":49,"column":6},"end":{"line":49,"column":31}},"19":{"start":{"line":54,"column":4},"end":{"line":60,"column":7}},"20":{"start":{"line":64,"column":4},"end":{"line":64,"column":25}},"21":{"start":{"line":68,"column":4},"end":{"line":68,"column":23}},"22":{"start":{"line":13,"column":13},"end":{"line":70,"column":null}}},"fnMap":{"0":{"name":"(anonymous_0)","decl":{"start":{"line":20,"column":2},"end":{"line":20,"column":22}},"loc":{"start":{"line":20,"column":78},"end":{"line":20,"column":82}}},"1":{"name":"(anonymous_1)","decl":{"start":{"line":15,"column":2},"end":{"line":15,"column":3}},"loc":{"start":{"line":15,"column":42},"end":{"line":17,"column":3}}},"2":{"name":"(anonymous_2)","decl":{"start":{"line":22,"column":2},"end":{"line":22,"column":14}},"loc":{"start":{"line":22,"column":40},"end":{"line":35,"column":3}}},"3":{"name":"(anonymous_3)","decl":{"start":{"line":29,"column":17},"end":{"line":29,"column":20}},"loc":{"start":{"line":29,"column":22},"end":{"line":31,"column":7}}},"4":{"name":"(anonymous_4)","decl":{"start":{"line":37,"column":10},"end":{"line":37,"column":23}},"loc":{"start":{"line":37,"column":58},"end":{"line":43,"column":3}}},"5":{"name":"(anonymous_5)","decl":{"start":{"line":45,"column":10},"end":{"line":45,"column":24}},"loc":{"start":{"line":45,"column":24},"end":{"line":51,"column":3}}},"6":{"name":"(anonymous_6)","decl":{"start":{"line":47,"column":15},"end":{"line":47,"column":18}},"loc":{"start":{"line":47,"column":20},"end":{"line":50,"column":5}}},"7":{"name":"(anonymous_7)","decl":{"start":{"line":53,"column":10},"end":{"line":53,"column":24}},"loc":{"start":{"line":53,"column":56},"end":{"line":61,"column":3}}},"8":{"name":"(anonymous_8)","decl":{"start":{"line":63,"column":10},"end":{"line":63,"column":14}},"loc":{"start":{"line":63,"column":14},"end":{"line":65,"column":3}}},"9":{"name":"(anonymous_9)","decl":{"start":{"line":67,"column":10},"end":{"line":67,"column":14}},"loc":{"start":{"line":67,"column":14},"end":{"line":69,"column":3}}}},"branchMap":{},"s":{"0":1,"1":1,"2":1,"3":1,"4":0,"5":0,"6":0,"7":0,"8":0,"9":0,"10":0,"11":0,"12":0,"13":0,"14":0,"15":0,"16":0,"17":0,"18":0,"19":0,"20":0,"21":0,"22":1},"f":{"0":1,"1":0,"2":0,"3":0,"4":0,"5":0,"6":0,"7":0,"8":0,"9":0},"b":{}}
,"/home/runner/work/frontend/frontend/src/app/_main/components/filters/filters.component.ts": {"path":"/home/runner/work/frontend/frontend/src/app/_main/components/filters/filters.component.ts","statementMap":{"0":{"start":{"line":12,"column":29},"end":{"line":51,"column":null}},"1":{"start":{"line":30,"column":4},"end":{"line":30,"column":28}},"2":{"start":{"line":29,"column":30},"end":{"line":29,"column":50}},"3":{"start":{"line":26,"column":10},"end":{"line":26,"column":34}},"4":{"start":{"line":14,"column":4},"end":{"line":18,"column":6}},"5":{"start":{"line":16,"column":8},"end":{"line":16,"column":45}},"6":{"start":{"line":19,"column":4},"end":{"line":19,"column":28}},"7":{"start":{"line":23,"column":4},"end":{"line":23,"column":25}},"8":{"start":{"line":34,"column":21},"end":{"line":34,"column":68}},"9":{"start":{"line":35,"column":4},"end":{"line":35,"column":19}},"10":{"start":{"line":39,"column":4},"end":{"line":39,"column":27}},"11":{"start":{"line":39,"column":20},"end":{"line":39,"column":27}},"12":{"start":{"line":41,"column":30},"end":{"line":41,"column":32}},"13":{"start":{"line":43,"column":4},"end":{"line":47,"column":null}},"14":{"start":{"line":44,"column":26},"end":{"line":44,"column":75}},"15":{"start":{"line":45,"column":6},"end":{"line":45,"column":33}},"16":{"start":{"line":46,"column":6},"end":{"line":46,"column":29}},"17":{"start":{"line":49,"column":4},"end":{"line":49,"column":37}},"18":{"start":{"line":12,"column":13},"end":{"line":51,"column":null}}},"fnMap":{"0":{"name":"(anonymous_0)","decl":{"start":{"line":29,"column":2},"end":{"line":29,"column":30}},"loc":{"start":{"line":29,"column":76},"end":{"line":31,"column":3}}},"1":{"name":"(anonymous_1)","decl":{"start":{"line":13,"column":2},"end":{"line":13,"column":3}},"loc":{"start":{"line":13,"column":40},"end":{"line":20,"column":3}}},"2":{"name":"(anonymous_2)","decl":{"start":{"line":15,"column":18},"end":{"line":15,"column":19}},"loc":{"start":{"line":15,"column":29},"end":{"line":17,"column":7}}},"3":{"name":"(anonymous_3)","decl":{"start":{"line":22,"column":2},"end":{"line":22,"column":13}},"loc":{"start":{"line":22,"column":20},"end":{"line":24,"column":3}}},"4":{"name":"(anonymous_4)","decl":{"start":{"line":33,"column":9},"end":{"line":33,"column":19}},"loc":{"start":{"line":33,"column":33},"end":{"line":36,"column":3}}},"5":{"name":"(anonymous_5)","decl":{"start":{"line":38,"column":9},"end":{"line":38,"column":20}},"loc":{"start":{"line":38,"column":20},"end":{"line":50,"column":3}}}},"branchMap":{"0":{"loc":{"start":{"line":34,"column":21},"end":{"line":34,"column":68}},"type":"binary-expr","locations":[{"start":{"line":34,"column":21},"end":{"line":34,"column":47}},{"start":{"line":34,"column":51},"end":{"line":34,"column":68}}]},"1":{"loc":{"start":{"line":34,"column":21},"end":{"line":34,"column":47}},"type":"cond-expr","locations":[{"start":{"line":34,"column":30},"end":{"line":34,"column":32}},{"start":{"line":34,"column":30},"end":{"line":34,"column":47}}]},"2":{"loc":{"start":{"line":34,"column":21},"end":{"line":34,"column":32}},"type":"binary-expr","locations":[{"start":{"line":34,"column":21},"end":{"line":34,"column":32}},{"start":{"line":34,"column":30},"end":{"line":34,"column":32}}]},"3":{"loc":{"start":{"line":39,"column":4},"end":{"line":39,"column":27}},"type":"if","locations":[{"start":{"line":39,"column":4},"end":{"line":39,"column":27}}]},"4":{"loc":{"start":{"line":44,"column":33},"end":{"line":44,"column":65}},"type":"cond-expr","locations":[{"start":{"line":44,"column":42},"end":{"line":44,"column":44}},{"start":{"line":44,"column":42},"end":{"line":44,"column":65}}]},"5":{"loc":{"start":{"line":44,"column":33},"end":{"line":44,"column":44}},"type":"binary-expr","locations":[{"start":{"line":44,"column":33},"end":{"line":44,"column":44}},{"start":{"line":44,"column":42},"end":{"line":44,"column":44}}]}},"s":{"0":1,"1":1,"2":1,"3":1,"4":0,"5":0,"6":0,"7":2,"8":0,"9":0,"10":0,"11":0,"12":0,"13":0,"14":0,"15":0,"16":0,"17":0,"18":1},"f":{"0":1,"1":0,"2":0,"3":2,"4":0,"5":0},"b":{"0":[0,0],"1":[0,0],"2":[0,0],"3":[0],"4":[0,0],"5":[0,0]}}
,"/home/runner/work/frontend/frontend/src/app/_main/components/icon/icon.component.ts": {"path":"/home/runner/work/frontend/frontend/src/app/_main/components/icon/icon.component.ts","statementMap":{"0":{"start":{"line":14,"column":26},"end":{"line":116,"column":null}},"1":{"start":{"line":19,"column":11},"end":{"line":19,"column":33}},"2":{"start":{"line":95,"column":10},"end":{"line":95,"column":46}},"3":{"start":{"line":100,"column":9},"end":{"line":100,"column":36}},"4":{"start":{"line":105,"column":9},"end":{"line":105,"column":37}},"5":{"start":{"line":36,"column":4},"end":{"line":36,"column":23}},"6":{"start":{"line":38,"column":4},"end":{"line":46,"column":null}},"7":{"start":{"line":39,"column":25},"end":{"line":39,"column":59}},"8":{"start":{"line":41,"column":6},"end":{"line":41,"column":65}},"9":{"start":{"line":42,"column":6},"end":{"line":42,"column":58}},"10":{"start":{"line":44,"column":6},"end":{"line":44,"column":47}},"11":{"start":{"line":45,"column":6},"end":{"line":45,"column":45}},"12":{"start":{"line":53,"column":4},"end":{"line":53,"column":22}},"13":{"start":{"line":60,"column":4},"end":{"line":60,"column":21}},"14":{"start":{"line":67,"column":4},"end":{"line":67,"column":21}},"15":{"start":{"line":74,"column":4},"end":{"line":76,"column":null}},"16":{"start":{"line":75,"column":6},"end":{"line":75,"column":24}},"17":{"start":{"line":77,"column":4},"end":{"line":77,"column":40}},"18":{"start":{"line":84,"column":4},"end":{"line":89,"column":6}},"19":{"start":{"line":114,"column":4},"end":{"line":114,"column":50}},"20":{"start":{"line":14,"column":13},"end":{"line":116,"column":null}}},"fnMap":{"0":{"name":"(anonymous_1)","decl":{"start":{"line":35,"column":2},"end":{"line":35,"column":3}},"loc":{"start":{"line":35,"column":50},"end":{"line":47,"column":3}}},"1":{"name":"(anonymous_2)","decl":{"start":{"line":52,"column":2},"end":{"line":52,"column":13}},"loc":{"start":{"line":52,"column":17},"end":{"line":54,"column":3}}},"2":{"name":"(anonymous_3)","decl":{"start":{"line":59,"column":2},"end":{"line":59,"column":3}},"loc":{"start":{"line":59,"column":39},"end":{"line":61,"column":3}}},"3":{"name":"(anonymous_4)","decl":{"start":{"line":66,"column":2},"end":{"line":66,"column":3}},"loc":{"start":{"line":66,"column":41},"end":{"line":68,"column":3}}},"4":{"name":"(anonymous_5)","decl":{"start":{"line":73,"column":2},"end":{"line":73,"column":13}},"loc":{"start":{"line":73,"column":27},"end":{"line":78,"column":3}}},"5":{"name":"(anonymous_6)","decl":{"start":{"line":83,"column":2},"end":{"line":83,"column":13}},"loc":{"start":{"line":83,"column":18},"end":{"line":90,"column":3}}},"6":{"name":"(anonymous_7)","decl":{"start":{"line":113,"column":2},"end":{"line":113,"column":13}},"loc":{"start":{"line":113,"column":26},"end":{"line":115,"column":3}}}},"branchMap":{"0":{"loc":{"start":{"line":38,"column":4},"end":{"line":46,"column":null}},"type":"if","locations":[{"start":{"line":38,"column":4},"end":{"line":46,"column":null}},{"start":{"line":43,"column":11},"end":{"line":46,"column":null}}]},"1":{"loc":{"start":{"line":74,"column":4},"end":{"line":76,"column":null}},"type":"if","locations":[{"start":{"line":74,"column":4},"end":{"line":76,"column":null}}]}},"s":{"0":1,"1":39,"2":39,"3":39,"4":39,"5":36,"6":36,"7":3,"8":3,"9":3,"10":33,"11":33,"12":2,"13":88,"14":88,"15":80,"16":12,"17":68,"18":88,"19":9,"20":1},"f":{"0":36,"1":2,"2":88,"3":88,"4":80,"5":88,"6":9},"b":{"0":[3,33],"1":[12]}}
,"/home/runner/work/frontend/frontend/src/app/_main/components/input/input.component.ts": {"path":"/home/runner/work/frontend/frontend/src/app/_main/components/input/input.component.ts","statementMap":{"0":{"start":{"line":25,"column":27},"end":{"line":110,"column":null}},"1":{"start":{"line":78,"column":4},"end":{"line":78,"column":28}},"2":{"start":{"line":74,"column":20},"end":{"line":74,"column":40}},"3":{"start":{"line":75,"column":12},"end":{"line":75,"column":44}},"4":{"start":{"line":29,"column":11},"end":{"line":29,"column":67}},"5":{"start":{"line":44,"column":11},"end":{"line":44,"column":36}},"6":{"start":{"line":60,"column":11},"end":{"line":60,"column":45}},"7":{"start":{"line":63,"column":12},"end":{"line":63,"column":71}},"8":{"start":{"line":66,"column":32},"end":{"line":66,"column":57}},"9":{"start":{"line":71,"column":9},"end":{"line":71,"column":46}},"10":{"start":{"line":82,"column":4},"end":{"line":84,"column":7}},"11":{"start":{"line":83,"column":6},"end":{"line":83,"column":38}},"12":{"start":{"line":89,"column":4},"end":{"line":89,"column":24}},"13":{"start":{"line":90,"column":4},"end":{"line":90,"column":26}},"14":{"start":{"line":95,"column":4},"end":{"line":95,"column":25}},"15":{"start":{"line":96,"column":4},"end":{"line":96,"column":27}},"16":{"start":{"line":100,"column":4},"end":{"line":100,"column":28}},"17":{"start":{"line":101,"column":4},"end":{"line":101,"column":37}},"18":{"start":{"line":105,"column":4},"end":{"line":107,"column":null}},"19":{"start":{"line":106,"column":6},"end":{"line":106,"column":57}},"20":{"start":{"line":108,"column":4},"end":{"line":108,"column":17}},"21":{"start":{"line":25,"column":13},"end":{"line":110,"column":null}}},"fnMap":{"0":{"name":"(anonymous_0)","decl":{"start":{"line":73,"column":2},"end":{"line":73,"column":null}},"loc":{"start":{"line":76,"column":28},"end":{"line":79,"column":3}}},"1":{"name":"(anonymous_1)","decl":{"start":{"line":81,"column":2},"end":{"line":81,"column":17}},"loc":{"start":{"line":81,"column":17},"end":{"line":85,"column":3}}},"2":{"name":"(anonymous_2)","decl":{"start":{"line":82,"column":69},"end":{"line":82,"column":72}},"loc":{"start":{"line":82,"column":74},"end":{"line":84,"column":5}}},"3":{"name":"(anonymous_3)","decl":{"start":{"line":88,"column":2},"end":{"line":88,"column":9}},"loc":{"start":{"line":88,"column":9},"end":{"line":91,"column":3}}},"4":{"name":"(anonymous_4)","decl":{"start":{"line":94,"column":2},"end":{"line":94,"column":8}},"loc":{"start":{"line":94,"column":8},"end":{"line":97,"column":3}}},"5":{"name":"(anonymous_5)","decl":{"start":{"line":99,"column":11},"end":{"line":99,"column":21}},"loc":{"start":{"line":99,"column":32},"end":{"line":102,"column":3}}},"6":{"name":"(anonymous_6)","decl":{"start":{"line":104,"column":11},"end":{"line":104,"column":21}},"loc":{"start":{"line":104,"column":32},"end":{"line":109,"column":3}}}},"branchMap":{"0":{"loc":{"start":{"line":105,"column":4},"end":{"line":107,"column":null}},"type":"if","locations":[{"start":{"line":105,"column":4},"end":{"line":107,"column":null}}]},"1":{"loc":{"start":{"line":106,"column":13},"end":{"line":106,"column":56}},"type":"cond-expr","locations":[{"start":{"line":106,"column":31},"end":{"line":106,"column":48}},{"start":{"line":106,"column":51},"end":{"line":106,"column":56}}]}},"s":{"0":1,"1":19,"2":19,"3":19,"4":19,"5":19,"6":19,"7":19,"8":19,"9":19,"10":19,"11":0,"12":0,"13":0,"14":0,"15":0,"16":18,"17":18,"18":18,"19":0,"20":18,"21":1},"f":{"0":19,"1":19,"2":0,"3":0,"4":0,"5":18,"6":18},"b":{"0":[0],"1":[0,0]}}
,"/home/runner/work/frontend/frontend/src/app/_main/components/input-color/input-color.component.ts": {"path":"/home/runner/work/frontend/frontend/src/app/_main/components/input-color/input-color.component.ts","statementMap":{"0":{"start":{"line":15,"column":32},"end":{"line":61,"column":null}},"1":{"start":{"line":19,"column":9},"end":{"line":19,"column":51}},"2":{"start":{"line":20,"column":9},"end":{"line":20,"column":35}},"3":{"start":{"line":25,"column":4},"end":{"line":31,"column":null}},"4":{"start":{"line":26,"column":6},"end":{"line":26,"column":51}},"5":{"start":{"line":27,"column":6},"end":{"line":27,"column":67}},"6":{"start":{"line":29,"column":6},"end":{"line":29,"column":42}},"7":{"start":{"line":30,"column":6},"end":{"line":30,"column":67}},"8":{"start":{"line":33,"column":28},"end":{"line":33,"column":33}},"9":{"start":{"line":34,"column":4},"end":{"line":37,"column":7}},"10":{"start":{"line":35,"column":20},"end":{"line":35,"column":32}},"11":{"start":{"line":36,"column":6},"end":{"line":36,"column":43}},"12":{"start":{"line":38,"column":4},"end":{"line":47,"column":9}},"13":{"start":{"line":41,"column":21},"end":{"line":41,"column":39}},"14":{"start":{"line":44,"column":22},"end":{"line":44,"column":34}},"15":{"start":{"line":45,"column":8},"end":{"line":45,"column":45}},"16":{"start":{"line":46,"column":8},"end":{"line":46,"column":74}},"17":{"start":{"line":48,"column":4},"end":{"line":59,"column":7}},"18":{"start":{"line":49,"column":6},"end":{"line":58,"column":null}},"19":{"start":{"line":50,"column":8},"end":{"line":57,"column":null}},"20":{"start":{"line":51,"column":24},"end":{"line":51,"column":36}},"21":{"start":{"line":52,"column":10},"end":{"line":52,"column":35}},"22":{"start":{"line":53,"column":10},"end":{"line":53,"column":51}},"23":{"start":{"line":54,"column":10},"end":{"line":54,"column":36}},"24":{"start":{"line":15,"column":13},"end":{"line":61,"column":null}}},"fnMap":{"0":{"name":"(anonymous_1)","decl":{"start":{"line":24,"column":11},"end":{"line":24,"column":29}},"loc":{"start":{"line":24,"column":29},"end":{"line":60,"column":3}}},"1":{"name":"(anonymous_2)","decl":{"start":{"line":34,"column":67},"end":{"line":34,"column":68}},"loc":{"start":{"line":34,"column":77},"end":{"line":37,"column":5}}},"2":{"name":"(anonymous_3)","decl":{"start":{"line":41,"column":15},"end":{"line":41,"column":18}},"loc":{"start":{"line":41,"column":21},"end":{"line":41,"column":39}}},"3":{"name":"(anonymous_4)","decl":{"start":{"line":43,"column":17},"end":{"line":43,"column":18}},"loc":{"start":{"line":43,"column":27},"end":{"line":47,"column":7}}},"4":{"name":"(anonymous_5)","decl":{"start":{"line":48,"column":71},"end":{"line":48,"column":72}},"loc":{"start":{"line":48,"column":81},"end":{"line":59,"column":5}}}},"branchMap":{"0":{"loc":{"start":{"line":25,"column":4},"end":{"line":31,"column":null}},"type":"if","locations":[{"start":{"line":25,"column":4},"end":{"line":31,"column":null}},{"start":{"line":28,"column":11},"end":{"line":31,"column":null}}]},"1":{"loc":{"start":{"line":49,"column":6},"end":{"line":58,"column":null}},"type":"if","locations":[{"start":{"line":49,"column":6},"end":{"line":58,"column":null}}]}},"s":{"0":1,"1":0,"2":0,"3":0,"4":0,"5":0,"6":0,"7":0,"8":0,"9":0,"10":0,"11":0,"12":0,"13":0,"14":0,"15":0,"16":0,"17":0,"18":0,"19":0,"20":0,"21":0,"22":0,"23":0,"24":1},"f":{"0":0,"1":0,"2":0,"3":0,"4":0},"b":{"0":[0,0],"1":[0]}}
,"/home/runner/work/frontend/frontend/src/app/_main/components/input-date-time/input-date-time.component.ts": {"path":"/home/runner/work/frontend/frontend/src/app/_main/components/input-date-time/input-date-time.component.ts","statementMap":{"0":{"start":{"line":19,"column":35},"end":{"line":109,"column":null}},"1":{"start":{"line":47,"column":4},"end":{"line":47,"column":28}},"2":{"start":{"line":46,"column":22},"end":{"line":46,"column":44}},"3":{"start":{"line":23,"column":11},"end":{"line":23,"column":36}},"4":{"start":{"line":35,"column":2},"end":{"line":35,"column":26}},"5":{"start":{"line":37,"column":2},"end":{"line":37,"column":54}},"6":{"start":{"line":40,"column":2},"end":{"line":40,"column":37}},"7":{"start":{"line":42,"column":11},"end":{"line":42,"column":86}},"8":{"start":{"line":44,"column":2},"end":{"line":44,"column":27}},"9":{"start":{"line":51,"column":4},"end":{"line":51,"column":21}},"10":{"start":{"line":53,"column":4},"end":{"line":61,"column":9}},"11":{"start":{"line":55,"column":27},"end":{"line":55,"column":68}},"12":{"start":{"line":56,"column":21},"end":{"line":56,"column":33}},"13":{"start":{"line":60,"column":8},"end":{"line":60,"column":36}},"14":{"start":{"line":65,"column":4},"end":{"line":76,"column":29}},"15":{"start":{"line":69,"column":10},"end":{"line":72,"column":12}},"16":{"start":{"line":76,"column":23},"end":{"line":76,"column":27}},"17":{"start":{"line":80,"column":4},"end":{"line":80,"column":34}},"18":{"start":{"line":81,"column":4},"end":{"line":83,"column":12}},"19":{"start":{"line":82,"column":6},"end":{"line":82,"column":57}},"20":{"start":{"line":82,"column":37},"end":{"line":82,"column":55}},"21":{"start":{"line":87,"column":4},"end":{"line":87,"column":35}},"22":{"start":{"line":91,"column":4},"end":{"line":94,"column":null}},"23":{"start":{"line":92,"column":6},"end":{"line":92,"column":27}},"24":{"start":{"line":93,"column":6},"end":{"line":93,"column":24}},"25":{"start":{"line":98,"column":4},"end":{"line":98,"column":26}},"26":{"start":{"line":98,"column":16},"end":{"line":98,"column":26}},"27":{"start":{"line":99,"column":4},"end":{"line":99,"column":51}},"28":{"start":{"line":103,"column":4},"end":{"line":103,"column":28}},"29":{"start":{"line":104,"column":4},"end":{"line":104,"column":53}},"30":{"start":{"line":105,"column":4},"end":{"line":107,"column":null}},"31":{"start":{"line":106,"column":6},"end":{"line":106,"column":40}},"32":{"start":{"line":19,"column":13},"end":{"line":109,"column":null}}},"fnMap":{"0":{"name":"(anonymous_0)","decl":{"start":{"line":46,"column":2},"end":{"line":46,"column":22}},"loc":{"start":{"line":46,"column":92},"end":{"line":48,"column":3}}},"1":{"name":"(anonymous_1)","decl":{"start":{"line":50,"column":11},"end":{"line":50,"column":19}},"loc":{"start":{"line":50,"column":19},"end":{"line":62,"column":3}}},"2":{"name":"(anonymous_2)","decl":{"start":{"line":55,
[...]
2,"column":9},"end":{"line":122,"column":29}},"loc":{"start":{"line":122,"column":29},"end":{"line":128,"column":3}}},"7":{"name":"(anonymous_7)","decl":{"start":{"line":130,"column":9},"end":{"line":130,"column":22}},"loc":{"start":{"line":130,"column":40},"end":{"line":139,"column":3}}},"8":{"name":"(anonymous_8)","decl":{"start":{"line":132,"column":10},"end":{"line":132,"column":11}},"loc":{"start":{"line":132,"column":32},"end":{"line":137,"column":7}}},"9":{"name":"(anonymous_9)","decl":{"start":{"line":133,"column":25},"end":{"line":133,"column":26}},"loc":{"start":{"line":133,"column":36},"end":{"line":135,"column":9}}},"10":{"name":"(anonymous_10)","decl":{"start":{"line":134,"column":59},"end":{"line":134,"column":60}},"loc":{"start":{"line":134,"column":69},"end":{"line":134,"column":96}}},"11":{"name":"(anonymous_11)","decl":{"start":{"line":141,"column":9},"end":{"line":141,"column":14}},"loc":{"start":{"line":141,"column":32},"end":{"line":170,"column":3}}},"12":{"name":"(anonymous_12)","decl":{"start":{"line":143,"column":10},"end":{"line":143,"column":11}},"loc":{"start":{"line":143,"column":32},"end":{"line":168,"column":7}}},"13":{"name":"(anonymous_13)","decl":{"start":{"line":145,"column":45},"end":{"line":145,"column":46}},"loc":{"start":{"line":145,"column":52},"end":{"line":145,"column":73}}},"14":{"name":"(anonymous_14)","decl":{"start":{"line":152,"column":54},"end":{"line":152,"column":55}},"loc":{"start":{"line":152,"column":65},"end":{"line":155,"column":15}}},"15":{"name":"(anonymous_15)","decl":{"start":{"line":154,"column":43},"end":{"line":154,"column":44}},"loc":{"start":{"line":154,"column":62},"end":{"line":154,"column":92}}},"16":{"name":"(anonymous_16)","decl":{"start":{"line":158,"column":39},"end":{"line":158,"column":40}},"loc":{"start":{"line":158,"column":51},"end":{"line":158,"column":78}}},"17":{"name":"(anonymous_17)","decl":{"start":{"line":177,"column":9},"end":{"line":177,"column":29}},"loc":{"start":{"line":177,"column":44},"end":{"line":186,"column":3}}},"18":{"name":"(anonymous_18)","decl":{"start":{"line":192,"column":9},"end":{"line":192,"column":34}},"loc":{"start":{"line":192,"column":34},"end":{"line":200,"column":3}}}},"branchMap":{"0":{"loc":{"start":{"line":151,"column":10},"end":{"line":163,"column":null}},"type":"if","locations":[{"start":{"line":151,"column":10},"end":{"line":163,"column":null}},{"start":{"line":157,"column":17},"end":{"line":163,"column":null}}]},"1":{"loc":{"start":{"line":151,"column":14},"end":{"line":151,"column":35}},"type":"cond-expr","locations":[{"start":{"line":151,"column":27},"end":{"line":151,"column":29}},{"start":{"line":151,"column":27},"end":{"line":151,"column":35}}]},"2":{"loc":{"start":{"line":151,"column":14},"end":{"line":151,"column":29}},"type":"binary-expr","locations":[{"start":{"line":151,"column":14},"end":{"line":151,"column":29}},{"start":{"line":151,"column":27},"end":{"line":151,"column":29}}]},"3":{"loc":{"start":{"line":154,"column":21},"end":{"line":154,"column":99}},"type":"binary-expr","locations":[{"start":{"line":154,"column":21},"end":{"line":154,"column":93}},{"start":{"line":154,"column":97},"end":{"line":154,"column":99}}]},"4":{"loc":{"start":{"line":154,"column":21},"end":{"line":154,"column":93}},"type":"cond-expr","locations":[{"start":{"line":154,"column":34},"end":{"line":154,"column":36}},{"start":{"line":154,"column":34},"end":{"line":154,"column":93}}]},"5":{"loc":{"start":{"line":154,"column":21},"end":{"line":154,"column":36}},"type":"binary-expr","locations":[{"start":{"line":154,"column":21},"end":{"line":154,"column":36}},{"start":{"line":154,"column":34},"end":{"line":154,"column":36}}]},"6":{"loc":{"start":{"line":159,"column":12},"end":{"line":161,"column":null}},"type":"if","locations":[{"start":{"line":159,"column":12},"end":{"line":161,"column":null}}]}},"s":{"0":1,"1":2,"2":2,"3":2,"4":2,"5":2,"6":2,"7":1,"8":0,"9":0,"10":0,"11":0,"12":0,"13":0,"14":0,"15":0,"16":0,"17":0,"18":0,"19":0,"20":0,"21":0,"22":0,"23":0,"24":0,"25":0,"26":0,"27":0,"28":0,"29":0,"30":0,"31":0,"32":0,"33":0,"34":0,"35":0,"36":0,"37":1,"38":1,"39":1},"f":{"0":2,"1":1,"2":0,"3":0,"4":0,"5":0,"6":0,"7":0,"8":0,"9":0,"10":0,"11":0,"12":0,"13":0,"14":0,"15":0,"16":0,"17":0,"18":0},"b":{"0":[0,0],"1":[0,0],"2":[0,0],"3":[0,0],"4":[0,0],"5":[0,0],"6":[0]}}
,"/home/runner/work/frontend/frontend/src/app/tasks/services/task/task.service.ts": {"path":"/home/runner/work/frontend/frontend/src/app/tasks/services/task/task.service.ts","statementMap":{"0":{"start":{"line":36,"column":24},"end":{"line":369,"column":null}},"1":{"start":{"line":58,"column":4},"end":{"line":58,"column":20}},"2":{"start":{"line":52,"column":12},"end":{"line":52,"column":30}},"3":{"start":{"line":53,"column":12},"end":{"line":53,"column":34}},"4":{"start":{"line":54,"column":12},"end":{"line":54,"column":40}},"5":{"start":{"line":55,"column":12},"end":{"line":55,"column":40}},"6":{"start":{"line":56,"column":12},"end":{"line":56,"column":44}},"7":{"start":{"line":39,"column":21},"end":{"line":49,"column":4}},"8":{"start":{"line":70,"column":4},"end":{"line":74,"column":6}},"9":{"start":{"line":86,"column":19},"end":{"line":86,"column":35}},"10":{"start":{"line":87,"column":4},"end":{"line":87,"column":35}},"11":{"start":{"line":89,"column":4},"end":{"line":93,"column":6}},"12":{"start":{"line":97,"column":19},"end":{"line":97,"column":35}},"13":{"start":{"line":98,"column":4},"end":{"line":98,"column":40}},"14":{"start":{"line":100,"column":4},"end":{"line":104,"column":6}},"15":{"start":{"line":114,"column":4},"end":{"line":122,"column":6}},"16":{"start":{"line":120,"column":8},"end":{"line":120,"column":73}},"17":{"start":{"line":126,"column":4},"end":{"line":130,"column":6}},"18":{"start":{"line":140,"column":4},"end":{"line":148,"column":6}},"19":{"start":{"line":146,"column":8},"end":{"line":146,"column":73}},"20":{"start":{"line":158,"column":4},"end":{"line":162,"column":6}},"21":{"start":{"line":172,"column":4},"end":{"line":188,"column":8}},"22":{"start":{"line":182,"column":10},"end":{"line":186,"column":null}},"23":{"start":{"line":183,"column":12},"end":{"line":183,"column":83}},"24":{"start":{"line":183,"column":72},"end":{"line":183,"column":80}},"25":{"start":{"line":185,"column":12},"end":{"line":185,"column":25}},"26":{"start":{"line":198,"column":4},"end":{"line":219,"column":8}},"27":{"start":{"line":213,"column":10},"end":{"line":217,"column":null}},"28":{"start":{"line":214,"column":12},"end":{"line":214,"column":55}},"29":{"start":{"line":216,"column":12},"end":{"line":216,"column":25}},"30":{"start":{"line":227,"column":4},"end":{"line":246,"column":8}},"31":{"start":{"line":240,"column":10},"end":{"line":244,"column":null}},"32":{"start":{"line":241,"column":12},"end":{"line":241,"column":53}},"33":{"start":{"line":243,"column":12},"end":{"line":243,"column":25}},"34":{"start":{"line":256,"column":4},"end":{"line":280,"column":8}},"35":{"start":{"line":274,"column":10},"end":{"line":278,"column":null}},"36":{"start":{"line":275,"column":12},"end":{"line":275,"column":51}},"37":{"start":{"line":277,"column":12},"end":{"line":277,"column":25}},"38":{"start":{"line":289,"column":4},"end":{"line":316,"column":6}},"39":{"start":{"line":294,"column":26},"end":{"line":294,"column":28}},"40":{"start":{"line":296,"column":8},"end":{"line":298,"column":null}},"41":{"start":{"line":297,"column":10},"end":{"line":297,"column":53}},"42":{"start":{"line":300,"column":8},"end":{"line":312,"column":null}},"43":{"start":{"line":301,"column":27},"end":{"line":301,"column":79}},"44":{"start":{"line":301,"column":49},"end":{"line":301,"column":78}},"45":{"start":{"line":303,"column":10},"end":{"line":303,"column":34}},"46":{"start":{"line":303,"column":25},"end":{"line":303,"column":34}},"47":{"start":{"line":305,"column":10},"end":{"line":311,"column":null}},"48":{"start":{"line":306,"column":12},"end":{"line":306,"column":85}},"49":{"start":{"line":308,"column":12},"end":{"line":308,"column":72}},"50":{"start":{"line":308,"column":43},"end":{"line":308,"column":72}},"51":{"start":{"line":310,"column":12},"end":{"line":310,"column":48}},"52":{"start":{"line":314,"column":8},"end":{"line":314,"column":25}},"53":{"start":{"line":327,"column":4},"end":{"line":327,"column":62}},"54":{"start":{"line":338,"column":4},"end":{"line":338,"column":60}},"55":{"start":{"line":347,"column":4},"end":{"line":347,"column":50}},"56":{"start":{"line":348,"column":33},"end":{"line":348,"column":79}},"57":{"start":{"line":349,"column":29},"end":{"line":349,"column":68}},"58":{"start":{"line":350,"column":29},"end":{"line":350,"column":51}},"59":{"start":{"line":352,"column":4},"end":{"line":356,"column":6}},"60":{"start":{"line":354,"column":22},"end":{"line":354,"column":80}},"61":{"start":{"line":354,"column":60},"end":{"line":354,"column":78}},"62":{"start":{"line":365,"column":4},"end":{"line":367,"column":6}},"63":{"start":{"line":366,"column":21},"end":{"line":366,"column":72}},"64":{"start":{"line":366,"column":44},"end":{"line":366,"column":71}},"65":{"start":{"line":36,"column":13},"end":{"line":369,"column":null}}},"fnMap":{"0":{"name":"(anonymous_0)","decl":{"start":{"line":51,"column":2},"end":{"line":51,"column":null}},"loc":{"start":{"line":56,"column":44},"end":{"line":59,"column":3}}},"1":{"name":"(anonymous_1)","decl":{"start":{"line":66,"column":9},"end":{"line":66,"column":13}},"loc":{"start":{"line":68,"column":61},"end":{"line":75,"column":3}}},"2":{"name":"(anonymous_2)","decl":{"start":{"line":82,"column":9},"end":{"line":82,"column":16}},"loc":{"start":{"line":84,"column":61},"end":{"line":94,"column":3}}},"3":{"name":"(anonymous_3)","decl":{"start":{"line":96,"column":9},"end":{"line":96,"column":15}},"loc":{"start":{"line":96,"column":51},"end":{"line":105,"column":3}}},"4":{"name":"(anonymous_4)","decl":{"start":{"line":113,"column":9},"end":{"line":113,"column":15}},"loc":{"start":{"line":113,"column":45},"end":{"line":123,"column":3}}},"5":{"name":"(anonymous_5)","decl":{"start":{"line":119,"column":10},"end":{"line":119,"column":13}},"loc":{"start":{"line":119,"column":15},"end":{"line":121,"column":7}}},"6":{"name":"(anonymous_6)","decl":{"start":{"line":125,"column":9},"end":{"line":125,"column":12}},"loc":{"start":{"line":125,"column":46},"end":{"line":131,"column":3}}},"7":{"name":"(anonymous_7)","decl":{"start":{"line":139,"column":9},"end":{"line":139,"column":15}},"loc":{"start":{"line":139,"column":71},"end":{"line":149,"column":3}}},"8":{"name":"(anonymous_8)","decl":{"start":{"line":145,"column":10},"end":{"line":145,"column":13}},"loc":{"start":{"line":145,"column":15},"end":{"line":147,"column":7}}},"9":{"name":"(anonymous_9)","decl":{"start":{"line":157,"column":9},"end":{"line":157,"column":15}},"loc":{"start":{"line":157,"column":49},"end":{"line":163,"column":3}}},"10":{"name":"(anonymous_10)","decl":{"start":{"line":171,"column":9},"end":{"line":171,"column":31}},"loc":{"start":{"line":171,"column":61},"end":{"line":189,"column":3}}},"11":{"name":"(anonymous_11)","decl":{"start":{"line":181,"column":18},"end":{"line":181,"column":19}},"loc":{"start":{"line":181,"column":32},"end":{"line":187,"column":9}}},"12":{"name":"(anonymous_12)","decl":{"start":{"line":183,"column":66},"end":{"line":183,"column":69}},"loc":{"start":{"line":183,"column":72},"end":{"line":183,"column":80}}},"13":{"name":"(anonymous_13)","decl":{"start":{"line":197,"column":9},"end":{"line":197,"column":27}},"loc":{"start":{"line":197,"column":57},"end":{"line":220,"column":3}}},"14":{"name":"(anonymous_14)","decl":{"start":{"line":212,"column":18},"end":{"line":212,"column":19}},"loc":{"start":{"line":212,"column":39},"end":{"line":218,"column":9}}},"15":{"name":"(anonymous_15)","decl":{"start":{"line":226,"column":9},"end":{"line":226,"column":32}},"loc":{"start":{"line":226,"column":32},"end":{"line":247,"column":3}}},"16":{"name":"(anonymous_16)","decl":{"start":{"line":239,"column":18},"end":{"line":239,"column":19}},"loc":{"start":{"line":239,"column":33},"end":{"line":245,"column":9}}},"17":{"name":"(anonymous_17)","decl":{"start":{"line":255,"column":9},"end":{"line":255,"column":32}},"loc":{"start":{"line":255,"column":68},"end":{"line":281,"column":3}}},"18":{"name":"(anonymous_18)","decl":{"start":{"line":273,"column":18},"end":{"line":273,"column":19}},"loc":{"start":{"line":273,"column":35},"end":{"line":279,"column":9}}},"19":{"name":"(anonymous_19)","decl":{"start":{"line":288,"column":9},"end":{"line":288,"column":17}},"loc":{"start":{"line":288,"column":35},"end":{"line":317,"column":3}}},"20":{"name":"(anonymous_20)","decl":{"start":{"line":293,"column":10},"end":{"line":293,"column":11}},"loc":{"start":{"line":293,"column":74},"end":{"line":315,"column":7}}},"21":{"name":"(anonymous_21)","decl":{"start":{"line":301,"column":42},"end":{"line":301,"column":43}},"loc":{"start":{"line":301,"column":49},"end":{"line":301,"column":78}}},"22":{"name":"(anonymous_22)","decl":{"start":{"line":326,"column":9},"end":{"line":326,"column":15}},"loc":{"start":{"line":326,"column":76},"end":{"line":328,"column":3}}},"23":{"name":"(anonymous_23)","decl":{"start":{"line":337,"column":9},"end":{"line":337,"column":21}},"loc":{"start":{"line":337,"column":73},"end":{"line":339,"column":3}}},"24":{"name":"(anonymous_24)","decl":{"start":{"line":346,"column":9},"end":{"line":346,"column":22}},"loc":{"start":{"line":346,"column":48},"end":{"line":357,"column":3}}},"25":{"name":"(anonymous_25)","decl":{"start":{"line":354,"column":8},"end":{"line":354,"column":9}},"loc":{"start":{"line":354,"column":22},"end":{"line":354,"column":80}}},"26":{"name":"(anonymous_26)","decl":{"start":{"line":354,"column":44},"end":{"line":354,"column":45}},"loc":{"start":{"line":354,"column":60},"end":{"line":354,"column":78}}},"27":{"name":"(anonymous_27)","decl":{"start":{"line":364,"column":9},"end":{"line":364,"column":18}},"loc":{"start":{"line":364,"column":36},"end":{"line":368,"column":3}}},"28":{"name":"(anonymous_28)","decl":{"start":{"line":366,"column":10},"end":{"line":366,"column":11}},"loc":{"start":{"line":366,"column":21},"end":{"line":366,"column":72}}},"29":{"name":"(anonymous_29)","decl":{"start":{"line":366,"column":34},"end":{"line":366,"column":35}},"loc":{"start":{"line":366,"column":44},"end":{"line":366,"column":71}}}},"branchMap":{"0":{"loc":{"start":{"line":182,"column":10},"end":{"line":186,"column":null}},"type":"if","locations":[{"start":{"line":182,"column":10},"end":{"line":186,"column":null}},{"start":{"line":184,"column":17},"end":{"line":186,"column":null}}]},"1":{"loc":{"start":{"line":213,"column":10},"end":{"line":217,"column":null}},"type":"if","locations":[{"start":{"line":213,"column":10},"end":{"line":217,"column":null}},{"start":{"line":215,"column":17},"end":{"line":217,"column":null}}]},"2":{"loc":{"start":{"line":240,"column":10},"end":{"line":244,"column":null}},"type":"if","locations":[{"start":{"line":240,"column":10},"end":{"line":244,"column":null}},{"start":{"line":242,"column":17},"end":{"line":244,"column":null}}]},"3":{"loc":{"start":{"line":274,"column":10},"end":{"line":278,"column":null}},"type":"if","locations":[{"start":{"line":274,"column":10},"end":{"line":278,"column":null}},{"start":{"line":276,"column":17},"end":{"line":278,"column":null}}]},"4":{"loc":{"start":{"line":303,"column":10},"end":{"line":303,"column":34}},"type":"if","locations":[{"start":{"line":303,"column":10},"end":{"line":303,"column":34}}]},"5":{"loc":{"start":{"line":305,"column":10},"end":{"line":311,"column":null}},"type":"if","locations":[{"start":{"line":305,"column":10},"end":{"line":311,"column":null}},{"start":{"line":307,"column":17},"end":{"line":311,"column":null}}]},"6":{"loc":{"start":{"line":308,"column":12},"end":{"line":308,"column":72}},"type":"if","locations":[{"start":{"line":308,"column":12},"end":{"line":308,"column":72}}]},"7":{"loc":{"start":{"line":348,"column":33},"end":{"line":348,"column":79}},"type":"cond-expr","locations":[{"start":{"line":348,"column":60},"end":{"line":348,"column":74}},{"start":{"line":348,"column":77},"end":{"line":348,"column":79}}]}},"s":{"0":1,"1":10,"2":10,"3":10,"4":10,"5":10,"6":10,"7":10,"8":2,"9":0,"10":0,"11":0,"12":0,"13":0,"14":0,"15":0,"16":0,"17":0,"18":0,"19":0,"20":0,"21":0,"22":0,"23":0,"24":0,"25":0,"26":0,"27":0,"28":0,"29":0,"30":0,"31":0,"32":0,"33":0,"34":0,"35":0,"36":0,"37":0,"38":1,"39":0,"40":0,"41":0,"42":0,"43":0,"44":0,"45":0,"46":0,"47":0,"48":0,"49":0,"50":0,"51":0,"52":0,"53":0,"54":0,"55":0,"56":0,"57":0,"58":0,"59":0,"60":0,"61":0,"62":0,"63":0,"64":0,"65":1},"f":{"0":10,"1":2,"2":0,"3":0,"4":0,"5":0,"6":0,"7":0,"8":0,"9":0,"10":0,"11":0,"12":0,"13":0,"14":0,"15":0,"16":0,"17":0,"18":0,"19":1,"20":0,"21":0,"22":0,"23":0,"24":0,"25":0,"26":0,"27":0,"28":0,"29":0},"b":{"0":[0,0],"1":[0,0],"2":[0,0],"3":[0,0],"4":[0],"5":[0,0],"6":[0],"7":[0,0]}}
,"/home/runner/work/frontend/frontend/src/app/tasks/services/tracker/tracker.service.ts": {"path":"/home/runner/work/frontend/frontend/src/app/tasks/services/tracker/tracker.service.ts","statementMap":{"0":{"start":{"line":11,"column":27},"end":{"line":86,"column":null}},"1":{"start":{"line":12,"column":22},"end":{"line":12,"column":44}},"2":{"start":{"line":12,"column":54},"end":{"line":12,"column":82}},"3":{"start":{"line":21,"column":4},"end":{"line":21,"column":83}},"4":{"start":{"line":32,"column":4},"end":{"line":32,"column":84}},"5":{"start":{"line":43,"column":4},"end":{"line":45,"column":7}},"6":{"start":{"line":56,"column":4},"end":{"line":56,"column":91}},"7":{"start":{"line":67,"column":4},"end":{"line":67,"column":95}},"8":{"start":{"line":71,"column":4},"end":{"line":84,"column":8}},"9":{"start":{"line":81,"column":10},"end":{"line":81,"column":39}},"10":{"start":{"line":81,"column":26},"end":{"line":81,"column":39}},"11":{"start":{"line":82,"column":10},"end":{"line":82,"column":57}},"12":{"start":{"line":11,"column":13},"end":{"line":86,"column":null}}},"fnMap":{"0":{"name":"(anonymous_0)","decl":{"start":{"line":12,"column":2},"end":{"line":12,"column":22}},"loc":{"start":{"line":12,"column":82},"end":{"line":12,"column":86}}},"1":{"name":"(anonymous_1)","decl":{"start":{"line":20,"column":2},"end":{"line":20,"column":6}},"loc":{"start":{"line":20,"column":40},"end":{"line":22,"column":3}}},"2":{"name":"(anonymous_2)","decl":{"start":{"line":31,"column":2},"end":{"line":31,"column":7}},"loc":{"start":{"line":31,"column":41},"end":{"line":33,"column":3}}},"3":{"name":"(anonymous_3)","decl":{"start":{"line":42,"column":2},"end":{"line":42,"column":8}},"loc":{"start":{"line":42,"column":60},"end":{"line":46,"column":3}}},"4":{"name":"(anonymous_4)","decl":{"start":{"line":55,"column":2},"end":{"line":55,"column":8}},"loc":{"start":{"line":55,"column":59},"end":{"line":57,"column":3}}},"5":{"name":"(anonymous_5)","decl":{"start":{"line":66,"column":2},"end":{"line":66,"column":8}},"loc":{"start":{"line":66,"column":60},"end":{"line":68,"column":3}}},"6":{"name":"(anonymous_6)","decl":{"start":{"line":70,"column":9},"end":{"line":70,"column":31}},"loc":{"start":{"line":70,"column":82},"end":{"line":85,"column":3}}},"7":{"name":"(anonymous_7)","decl":{"start":{"line":80,"column":18},"end":{"line":80,"column":19}},"loc":{"start":{"line":80,"column":32},"end":{"line":83,"column":9}}}},"branchMap":{"0":{"loc":{"start":{"line":81,"column":10},"end":{"line":81,"column":39}},"type":"if","locations":[{"start":{"line":81,"column":10},"end":{"line":81,"column":39}}]}},"s":{"0":1,"1":0,"2":0,"3":0,"4":0,"5":0,"6":0,"7":0,"8":0,"9":0,"10":0,"11":0,"12":1},"f":{"0":0,"1":0,"2":0,"3":0,"4":0,"5":0,"6":0,"7":0},"b":{"0":[0]}}
,"/home/runner/work/frontend/frontend/src/environments/environment.ts": {"path":"/home/runner/work/frontend/frontend/src/environments/environment.ts","statementMap":{"0":{"start":{"line":10,"column":27},"end":{"line":32,"column":2}}},"fnMap":{},"branchMap":{},"s":{"0":1},"f":{},"b":{}}
}
