TN:
SF:src/polyfills.ts
FNF:0
FNH:0
DA:68,1
DA:69,1
DA:70,1
DA:71,1
DA:72,1
DA:73,1
DA:75,1
DA:76,1
LF:8
LH:8
BRDA:75,0,0,1
BRF:1
BRH:1
end_of_record
TN:
SF:src/app/app.component.ts
FN:18,(anonymous_0)
FN:20,(anonymous_1)
FNF:2
FNH:2
FNDA:3,(anonymous_0)
FNDA:3,(anonymous_1)
DA:12,1
DA:16,3
DA:18,3
DA:19,3
DA:20,3
DA:21,3
LF:6
LH:6
BRF:0
BRH:0
end_of_record
TN:
SF:src/app/_main/_main.module.ts
FN:217,(anonymous_0)
FNF:1
FNH:1
FNDA:27,(anonymous_0)
DA:78,1
DA:214,1
DA:218,27
DA:219,27
LF:4
LH:4
BRF:0
BRH:0
end_of_record
TN:
SF:src/app/_main/classes/control-accessor.class.ts
FN:99,(anonymous_0)
FN:31,(anonymous_1)
FN:35,(anonymous_2)
FN:39,(anonymous_3)
FN:53,(anonymous_4)
FN:76,(anonymous_5)
FN:80,(anonymous_6)
FN:84,(anonymous_7)
FN:109,(anonymous_8)
FN:116,(anonymous_9)
FN:117,(anonymous_10)
FN:130,(anonymous_11)
FN:143,(anonymous_12)
FN:159,(anonymous_13)
FN:160,(anonymous_14)
FN:164,(anonymous_15)
FN:172,(anonymous_16)
FN:175,(anonymous_17)
FN:178,(anonymous_18)
FN:181,(anonymous_19)
FN:188,(anonymous_20)
FN:189,(anonymous_21)
FN:196,(anonymous_22)
FN:210,(anonymous_23)
FN:221,(anonymous_24)
FN:228,(anonymous_25)
FN:234,(anonymous_26)
FN:238,(anonymous_27)
FN:242,(anonymous_28)
FN:246,(anonymous_29)
FN:250,(anonymous_30)
FN:256,(anonymous_31)
FN:262,(anonymous_32)
FN:265,(anonymous_33)
FN:271,(anonymous_34)
FNF:35
FNH:30
FNDA:39,(anonymous_0)
FNDA:48,(anonymous_1)
FNDA:48,(anonymous_2)
FNDA:8,(anonymous_3)
FNDA:221,(anonymous_4)
FNDA:2,(anonymous_5)
FNDA:0,(anonymous_6)
FNDA:2,(anonymous_7)
FNDA:31,(anonymous_8)
FNDA:31,(anonymous_9)
FNDA:23,(anonymous_10)
FNDA:0,(anonymous_11)
FNDA:23,(anonymous_12)
FNDA:23,(anonymous_13)
FNDA:66,(anonymous_14)
FNDA:66,(anonymous_15)
FNDA:23,(anonymous_16)
FNDA:23,(anonymous_17)
FNDA:3,(anonymous_18)
FNDA:0,(anonymous_19)
FNDA:3,(anonymous_20)
FNDA:3,(anonymous_21)
FNDA:66,(anonymous_22)
FNDA:23,(anonymous_23)
FNDA:46,(anonymous_24)
FNDA:46,(anonymous_25)
FNDA:2,(anonymous_26)
FNDA:5,(anonymous_27)
FNDA:18,(anonymous_28)
FNDA:0,(anonymous_29)
FNDA:66,(anonymous_30)
FNDA:96,(anonymous_31)
FNDA:0,(anonymous_32)
FNDA:31,(anonymous_33)
FNDA:23,(anonymous_34)
DA:18,1
DA:25,39
DA:32,48
DA:36,48
DA:40,8
DA:48,39
DA:54,221
DA:62,39
DA:69,39
DA:71,39
DA:77,2
DA:81,0
DA:85,2
DA:90,39
DA:91,39
DA:92,39
DA:93,39
DA:103,39
DA:104,39
DA:106,39
DA:110,31
DA:117,31
DA:118,23
DA:119,23
DA:120,23
DA:122,23
DA:125,31
DA:126,23
DA:129,8
DA:130,8
DA:131,0
DA:133,0
DA:134,0
DA:144,23
DA:146,19
DA:147,18
DA:148,18
DA:149,18
DA:151,0
DA:160,66
DA:161,23
DA:165,66
DA:166,23
DA:167,23
DA:172,23
DA:176,23
DA:178,3
DA:179,3
DA:181,3
DA:182,0
DA:183,0
DA:185,0
DA:188,3
DA:189,3
DA:190,1
DA:193,3
DA:197,66
DA:198,66
DA:199,66
DA:211,23
DA:212,23
DA:235,2
DA:239,5
DA:243,18
DA:247,0
DA:251,66
DA:252,66
DA:254,66
DA:256,96
DA:258,23
DA:266,31
DA:267,31
DA:268,31
LF:73
LH:64
BRDA:36,0,0,48
BRDA:36,0,1,14
BRDA:36,1,0,14
BRDA:36,1,1,34
BRDA:36,2,0,48
BRDA:36,2,1,42
BRDA:36,3,0,0
BRDA:36,3,1,48
BRDA:36,4,0,48
BRDA:36,4,1,48
BRDA:40,5,0,0
BRDA:40,5,1,8
BRDA:40,6,0,8
BRDA:40,6,1,8
BRDA:54,7,0,221
BRDA:54,7,1,24
BRDA:54,8,0,0
BRDA:54,8,1,221
BRDA:54,9,0,221
BRDA:54,9,1,221
BRDA:125,10,0,23
BRDA:144,11,0,4
BRDA:147,12,0,18
BRDA:147,12,1,0
BRDA:165,13,0,43
BRDA:176,14,0,20
BRDA:176,15,0,23
BRDA:176,15,1,23
BRDA:179,16,0,0
BRDA:179,16,1,3
BRDA:179,17,0,3
BRDA:179,17,1,3
BRDA:182,18,0,0
BRDA:182,18,1,0
BRDA:183,19,0,0
BRDA:183,19,1,0
BRDA:183,20,0,0
BRDA:183,20,1,0
BRDA:185,21,0,0
BRDA:185,21,1,0
BRDA:185,22,0,0
BRDA:185,22,1,0
BRDA:189,23,0,1
BRDA:190,24,0,0
BRDA:190,24,1,1
BRDA:190,25,0,1
BRDA:190,25,1,1
BRDA:254,26,0,23
BRDA:255,27,0,66
BRDA:255,27,1,43
BRF:50
BRH:34
end_of_record
TN:
SF:src/app/_main/classes/dialog-ref.class.ts
FN:4,(anonymous_0)
FN:12,(anonymous_1)
FN:26,(anonymous_2)
FN:33,(anonymous_3)
FN:39,(anonymous_4)
FN:45,(anonymous_5)
FN:52,(anonymous_6)
FN:59,(anonymous_7)
FN:67,(anonymous_8)
FN:71,(anonymous_9)
FN:75,(anonymous_10)
FN:79,(anonymous_11)
FNF:12
FNH:12
FNDA:10,(anonymous_0)
FNDA:2,(anonymous_1)
FNDA:1,(anonymous_2)
FNDA:1,(anonymous_3)
FNDA:1,(anonymous_4)
FNDA:1,(anonymous_5)
FNDA:1,(anonymous_6)
FNDA:1,(anonymous_7)
FNDA:1,(anonymous_8)
FNDA:1,(anonymous_9)
FNDA:1,(anonymous_10)
FNDA:3,(anonymous_11)
DA:5,10
DA:7,10
DA:8,10
DA:10,10
DA:13,2
DA:14,2
DA:15,2
DA:16,2
DA:18,2
DA:19,2
DA:20,2
DA:21,2
DA:27,1
DA:28,1
DA:34,1
DA:40,1
DA:46,1
DA:53,1
DA:60,1
DA:68,1
DA:72,1
DA:76,1
DA:80,3
LF:23
LH:23
BRF:0
BRH:0
end_of_record
TN:
SF:src/app/_main/classes/e-set.class.ts
FN:2,(anonymous_0)
FNF:1
FNH:1
FNDA:2,(anonymous_0)
DA:3,2
DA:4,1
DA:6,1
LF:3
LH:3
BRDA:3,0,0,1
BRDA:3,0,1,1
BRF:2
BRH:2
end_of_record
TN:
SF:src/app/_main/classes/enum.class.ts
FN:12,(anonymous_0)
FN:13,(anonymous_1)
FN:28,(anonymous_2)
FN:29,(anonymous_3)
FN:44,(anonymous_4)
FN:50,(anonymous_5)
FN:51,(anonymous_6)
FN:66,(anonymous_7)
FN:72,(anonymous_8)
FN:73,(anonymous_9)
FNF:10
FNH:10
FNDA:6,(anonymous_0)
FNDA:21,(anonymous_1)
FNDA:2,(anonymous_2)
FNDA:9,(anonymous_3)
FNDA:2,(anonymous_4)
FNDA:6,(anonymous_5)
FNDA:3,(anonymous_6)
FNDA:2,(anonymous_7)
FNDA:6,(anonymous_8)
FNDA:3,(anonymous_9)
DA:13,21
DA:29,9
DA:45,2
DA:46,1
DA:49,1
DA:50,6
DA:51,3
DA:67,2
DA:68,1
DA:71,1
DA:72,6
DA:73,3
LF:12
LH:12
BRDA:29,0,0,9
BRDA:29,0,1,6
BRDA:45,1,0,1
BRDA:67,2,0,1
BRF:4
BRH:4
end_of_record
TN:
SF:src/app/_main/classes/filters.class.ts
FN:9,(anonymous_0)
FN:18,(anonymous_1)
FN:22,(anonymous_2)
FN:29,(anonymous_3)
FN:33,(anonymous_4)
FN:38,(anonymous_5)
FN:41,(anonymous_6)
FNF:7
FNH:1
FNDA:1,(anonymous_0)
FNDA:0,(anonymous_1)
FNDA:0,(anonymous_2)
FNDA:0,(anonymous_3)
FNDA:0,(anonymous_4)
FNDA:0,(anonymous_5)
FNDA:0,(anonymous_6)
DA:10,1
DA:19,0
DA:20,0
DA:22,0
DA:23,0
DA:30,0
DA:33,0
DA:39,0
DA:41,0
LF:9
LH:1
BRDA:20,0,0,0
BRDA:23,1,0,0
BRDA:23,1,1,0
BRDA:37,2,0,0
BRDA:37,2,1,0
BRDA:39,3,0,0
BRF:6
BRH:0
end_of_record
TN:
SF:src/app/_main/classes/form.class.ts
FN:5,validateForm
FN:11,validateControl
FN:17,connectFormToControl
FN:27,(anonymous_3)
FN:29,(anonymous_4)
FN:38,(anonymous_5)
FN:40,(anonymous_6)
FNF:7
FNH:0
FNDA:0,validateForm
FNDA:0,validateControl
FNDA:0,connectFormToControl
FNDA:0,(anonymous_3)
FNDA:0,(anonymous_4)
FNDA:0,(anonymous_5)
FNDA:0,(anonymous_6)
DA:6,0
DA:7,0
DA:8,0
DA:12,0
DA:13,0
DA:14,0
DA:22,0
DA:24,0
DA:27,0
DA:30,0
DA:31,0
DA:32,0
DA:35,0
DA:38,0
DA:41,0
DA:42,0
DA:43,0
LF:17
LH:0
BRF:0
BRH:0
end_of_record
TN:
SF:src/app/_main/classes/persistent-map.class.ts
FN:29,(anonymous_0)
FN:6,(anonymous_1)
FN:11,(anonymous_2)
FN:17,(anonymous_3)
FN:23,(anonymous_4)
FNF:5
FNH:1
FNDA:1,(anonymous_0)
FNDA:0,(anonymous_1)
FNDA:0,(anonymous_2)
FNDA:0,(anonymous_3)
FNDA:0,(anonymous_4)
DA:7,0
DA:8,0
DA:12,0
DA:13,0
DA:14,0
DA:18,0
DA:19,0
DA:20,0
DA:24,0
DA:27,1
DA:33,1
DA:39,1
DA:40,0
DA:41,0
DA:44,1
LF:15
LH:4
BRDA:34,0,0,0
BRDA:34,0,1,1
BRDA:34,1,0,1
BRDA:34,1,1,1
BRDA:39,2,0,0
BRF:5
BRH:3
end_of_record
TN:
SF:src/app/_main/classes/random.class.ts
FN:10,(anonymous_0)
FN:19,(anonymous_1)
FN:33,(anonymous_2)
FN:50,(anonymous_3)
FNF:4
FNH:2
FNDA:5,(anonymous_0)
FNDA:5,(anonymous_1)
FNDA:0,(anonymous_2)
FNDA:0,(anonymous_3)
DA:2,5
DA:3,5
DA:4,5
DA:11,5
DA:12,5
DA:20,5
DA:21,5
DA:22,5
DA:23,5
DA:24,5
DA:34,0
DA:35,0
DA:37,0
DA:38,0
DA:39,0
DA:41,0
DA:51,0
LF:17
LH:10
BRDA:10,0,0,1
BRDA:37,1,0,0
BRDA:37,1,1,0
BRF:3
BRH:1
end_of_record
TN:
SF:src/app/_main/classes/time-to-interaction.class.ts
FN:3,timeToInteraction
FN:10,(anonymous_1)
FN:14,(anonymous_2)
FN:16,(anonymous_3)
FNF:4
FNH:0
FNDA:0,timeToInteraction
FNDA:0,(anonymous_1)
FNDA:0,(anonymous_2)
FNDA:0,(anonymous_3)
DA:4,0
DA:6,0
DA:10,0
DA:14,0
DA:17,0
DA:18,0
DA:23,0
LF:7
LH:0
BRDA:3,0,0,0
BRF:1
BRH:0
end_of_record
TN:
SF:src/app/_main/classes/loader/loader.class.ts
FN:16,(anonymous_0)
FN:5,(anonymous_1)
FN:18,(anonymous_2)
FN:26,(anonymous_3)
FN:34,(anonymous_4)
FN:37,(anonymous_5)
FN:49,(anonymous_6)
FNF:7
FNH:6
FNDA:1,(anonymous_0)
FNDA:2,(anonymous_1)
FNDA:1,(anonymous_2)
FNDA:0,(anonymous_3)
FNDA:1,(anonymous_4)
FNDA:1,(anonymous_5)
FNDA:1,(anonymous_6)
DA:6,2
DA:9,1
DA:12,1
DA:16,1
DA:19,1
DA:21,1
DA:22,1
DA:25,1
DA:26,1
DA:27,0
DA:28,0
DA:35,1
DA:37,1
DA:38,1
DA:39,1
DA:40,1
DA:41,1
DA:45,1
DA:48,1
DA:49,1
DA:50,1
DA:53,0
LF:22
LH:19
BRDA:16,0,0,1
BRDA:19,1,0,0
BRDA:25,2,0,1
BRDA:27,3,0,0
BRDA:35,4,0,0
BRDA:40,5,0,1
BRDA:45,6,0,1
BRDA:45,6,1,0
BRDA:45,7,0,0
BRDA:45,7,1,1
BRDA:45,8,0,1
BRDA:45,8,1,1
BRDA:46,9,0,1
BRDA:46,9,1,0
BRDA:46,10,0,0
BRDA:46,10,1,1
BRDA:46,11,0,1
BRDA:46,11,1,1
BRDA:48,12,0,1
BRDA:48,12,1,0
BRF:20
BRH:12
end_of_record
TN:
SF:src/app/_main/classes/util/utils.class.ts
FN:16,(anonymous_0)
FN:26,(anonymous_1)
FN:29,(anonymous_2)
FN:49,(anonymous_3)
FN:63,(anonymous_4)
FN:74,(anonymous_5)
FNF:6
FNH:6
FNDA:5,(anonymous_0)
FNDA:12,(anonymous_1)
FNDA:104,(anonymous_2)
FNDA:2,(anonymous_3)
FNDA:113,(anonymous_4)
FNDA:4,(anonymous_5)
DA:17,5
DA:18,5
DA:27,12
DA:30,104
DA:31,11
DA:32,2
DA:34,9
DA:37,93
DA:50,2
DA:51,4
DA:52,1
DA:55,1
DA:64,113
DA:65,112
DA:75,4
DA:76,3
DA:77,2
DA:78,1
DA:80,1
DA:83,1
LF:20
LH:20
BRDA:16,0,0,5
BRDA:18,1,0,4
BRDA:18,1,1,1
BRDA:30,2,0,11
BRDA:30,2,1,93
BRDA:30,3,0,104
BRDA:30,3,1,103
BRDA:31,4,0,2
BRDA:31,4,1,9
BRDA:51,5,0,1
BRDA:64,6,0,1
BRDA:65,7,0,112
BRDA:65,7,1,109
BRDA:65,7,2,99
BRDA:65,7,3,94
BRDA:75,8,0,1
BRDA:76,9,0,2
BRDA:76,9,1,1
BRDA:76,10,0,3
BRDA:76,10,1,3
BRDA:77,11,0,1
BRDA:77,11,1,1
BRF:22
BRH:22
end_of_record
TN:
SF:src/app/_main/components/button/button.component.ts
FN:48,(anonymous_1)
FN:49,(anonymous_2)
FNF:2
FNH:2
FNDA:1,(anonymous_1)
FNDA:1,(anonymous_2)
DA:12,1
DA:16,26
DA:21,26
DA:28,26
DA:33,26
DA:49,1
DA:50,1
LF:7
LH:7
BRF:0
BRH:0
end_of_record
TN:
SF:src/app/_main/components/card/card.component.ts
FN:9,(anonymous_0)
FNF:1
FNH:1
FNDA:4,(anonymous_0)
DA:8,1
LF:1
LH:1
BRF:0
BRH:0
end_of_record
TN:
SF:src/app/_main/components/checkbox/checkbox.component.ts
FNF:0
FNH:0
DA:9,1
LF:1
LH:1
BRF:0
BRH:0
end_of_record
TN:
SF:src/app/_main/components/color/color.component.ts
FN:11,(anonymous_1)
FN:15,(anonymous_2)
FNF:2
FNH:0
FNDA:0,(anonymous_1)
FNDA:0,(anonymous_2)
DA:10,1
DA:12,0
DA:13,0
DA:16,0
DA:18,0
DA:20,0
LF:6
LH:1
BRF:0
BRH:0
end_of_record
TN:
SF:src/app/_main/components/dialog-outlet/dialog-outlet.component.ts
FN:20,(anonymous_0)
FN:15,(anonymous_1)
FN:22,(anonymous_2)
FN:29,(anonymous_3)
FN:37,(anonymous_4)
FN:45,(anonymous_5)
FN:47,(anonymous_6)
FN:53,(anonymous_7)
FN:63,(anonymous_8)
FN:67,(anonymous_9)
FNF:10
FNH:1
FNDA:1,(anonymous_0)
FNDA:0,(anonymous_1)
FNDA:0,(anonymous_2)
FNDA:0,(anonymous_3)
FNDA:0,(anonymous_4)
FNDA:0,(anonymous_5)
FNDA:0,(anonymous_6)
FNDA:0,(anonymous_7)
FNDA:0,(anonymous_8)
FNDA:0,(anonymous_9)
DA:13,1
DA:16,0
DA:18,1
DA:20,1
DA:23,0
DA:24,0
DA:26,0
DA:30,0
DA:33,0
DA:34,0
DA:38,0
DA:39,0
DA:41,0
DA:42,0
DA:46,0
DA:47,0
DA:48,0
DA:49,0
DA:54,0
DA:64,0
DA:68,0
LF:21
LH:3
BRF:0
BRH:0
end_of_record
TN:
SF:src/app/_main/components/filters/filters.component.ts
FN:29,(anonymous_0)
FN:13,(anonymous_1)
FN:15,(anonymous_2)
FN:22,(anonymous_3)
FN:33,(anonymous_4)
FN:38,(anonymous_5)
FNF:6
FNH:2
FNDA:1,(anonymous_0)
FNDA:0,(anonymous_1)
FNDA:0,(anonymous_2)
FNDA:2,(anonymous_3)
FNDA:0,(anonymous_4)
FNDA:0,(anonymous_5)
DA:12,1
DA:14,0
DA:16,0
DA:19,0
DA:23,2
DA:26,1
DA:29,1
DA:30,1
DA:34,0
DA:35,0
DA:39,0
DA:41,0
DA:43,0
DA:44,0
DA:45,0
DA:46,0
DA:49,0
LF:17
LH:5
BRDA:34,0,0,0
BRDA:34,0,1,0
BRDA:34,1,0,0
BRDA:34,1,1,0
BRDA:34,2,0,0
BRDA:34,2,1,0
BRDA:39,3,0,0
BRDA:44,4,0,0
BRDA:44,4,1,0
BRDA:44,5,0,0
BRDA:44,5,1,0
BRF:11
BRH:0
end_of_record
TN:
SF:src/app/_main/components/icon/icon.component.ts
FN:35,(anonymous_1)
FN:52,(anonymous_2)
FN:59,(anonymous_3)
FN:66,(anonymous_4)
FN:73,(anonymous_5)
FN:83,(anonymous_6)
FN:113,(anonymous_7)
FNF:7
FNH:7
FNDA:36,(anonymous_1)
FNDA:2,(anonymous_2)
FNDA:88,(anonymous_3)
FNDA:88,(anonymous_4)
FNDA:80,(anonymous_5)
FNDA:88,(anonymous_6)
FNDA:9,(anonymous_7)
DA:14,1
DA:19,39
DA:36,36
DA:38,36
DA:39,3
DA:41,3
DA:42,3
DA:44,33
DA:45,33
DA:53,2
DA:60,88
DA:67,88
DA:74,80
DA:75,12
DA:77,68
DA:84,88
DA:95,39
DA:100,39
DA:105,39
DA:114,9
LF:20
LH:20
BRDA:38,0,0,3
BRDA:38,0,1,33
BRDA:74,1,0,12
BRF:3
BRH:3
end_of_record
TN:
SF:src/app/_main/components/input/input.component.ts
FN:73,(anonymous_0)
FN:81,(anonymous_1)
FN:82,(anonymous_2)
FN:88,(anonymous_3)
FN:94,(anonymous_4)
FN:99,(anonymous_5)
FN:104,(anonymous_6)
FNF:7
FNH:4
FNDA:19,(anonymous_0)
FNDA:19,(anonymous_1)
FNDA:0,(anonymous_2)
FNDA:0,(anonymous_3)
FNDA:0,(anonymous_4)
FNDA:18,(anonymous_5)
FNDA:18,(anonymous_6)
DA:25,1
DA:29,19
DA:44,19
DA:60,19
DA:63,19
DA:66,19
DA:71,19
DA:74,19
DA:75,19
DA:78,19
DA:82,19
DA:83,0
DA:89,0
DA:90,0
DA:95,0
DA:96,0
DA:100,18
DA:101,18
DA:105,18
DA:106,0
DA:108,18
LF:21
LH:15
BRDA:105,0,0,0
BRDA:106,1,0,0
BRDA:106,1,1,0
BRF:3
BRH:0
end_of_record
TN:
SF:src/app/_main/components/input-color/input-color.component.ts
FN:24,(anonymous_1)
FN:34,(anonymous_2)
FN:41,(anonymous_3)
FN:43,(anonymous_4)
FN:48,(anonymous_5)
FNF:5
FNH:0
FNDA:0,(anonymous_1)
FNDA:0,(anonymous_2)
FNDA:0,(anonymous_3)
FNDA:0,(anonymous_4)
FNDA:0,(anonymous_5)
DA:15,1
DA:19,0
DA:20,0
DA:25,0
DA:26,0
DA:27,0
DA:29,0
DA:30,0
DA:33,0
DA:34,0
DA:35,0
DA:36,0
DA:38,0
DA:41,0
DA:44,0
DA:45,0
DA:46,0
DA:48,0
DA:49,0
DA:50,0
DA:51,0
DA:52,0
DA:53,0
DA:54,0
LF:24
LH:1
BRDA:25,0,0,0
BRDA:25,0,1,0
BRDA:49,1,0,0
BRF:3
BRH:0
end_of_record
TN:
SF:src/app/_main/components/input-date-time/input-date-time.component.ts
FN:46,(anonymous_0)
FN:50,(anonymous_1)
FN:55,(anonymous_2)
FN:56,(anonymous_3)
FN:59,(anonymous_4)
FN:64,(anonymous_5)
FN:68,(anonymous_6)
FN:76,(anonymous_7)
FN:79,(anonymous_8)
FN:81,(anonymous_9)
FN:82,(anonymous_10)
FN:86,(anonymous_11)
FN:90,(anonymous_12)
FN:97,(anonymous_13)
FN:102,(anonymous_14)
FNF:15
FNH:3
FNDA:1,(anonymous_0)
FNDA:1,(anonymous_1)
FNDA:0,(anonymous_2)
FNDA:0,(anonymous_3)
FNDA:0,(anonymous_4)
FNDA:0,(anonymous_5)
FNDA:0,(anonymous_6)
FNDA:0,(anonymous_7)
FNDA:0,(anonymous_8)
FNDA:0,(anonymous_9)
FNDA:0,(anonymous_10)
FNDA:0,(anonymous_11)
FNDA:0,(anonymous_12)
FNDA:1,(anonymous_13)
FNDA:0,(anonymous_14)
DA:19,1
DA:23,1
DA:35,1
DA:37,1
DA:40,1
DA:42,1
DA:44,1
DA:46,1
DA:47,1
DA:51,1
DA:53,1
DA:55,0
DA:56,0
DA:60,0
DA:65,0
DA:69,0
DA:76,0
DA:80,0
DA:81,0
DA:82,0
DA:87,0
DA:91,0
DA:92,0
DA:93,0
DA:98,1
DA:99,0
DA:103,0
DA:104,0
DA:105,0
DA:106,0
LF:30
LH:12
BRDA:42,0,0,0
BRDA:42,0,1,1
BRDA:42,1,0,1
BRDA:42,1,1,1
BRDA:70,2,0,0
BRDA:70,2,1,0
BRDA:70,2,2,0
BRDA:70,2,3,0
BRDA:91,3,0,0
BRDA:98,4,0,1
BRDA:105,5,0,0
BRF:11
BRH:4
end_of_record
TN:
SF:src/app/_main/components/input-date-time/date-picker/date-picker.component.ts
FN:31,(anonymous_1)
FN:32,(anonymous_2)
FN:63,(anonymous_3)
FN:68,(anonymous_4)
FN:73,(anonymous_5)
FN:80,(anonymous_6)
FN:88,(anonymous_7)
FN:101,(anonymous_8)
FN:108,(anonymous_9)
FNF:9
FNH:0
FNDA:0,(anonymous_1)
FNDA:0,(anonymous_2)
FNDA:0,(anonymous_3)
FNDA:0,(anonymous_4)
FNDA:0,(anonymous_5)
FNDA:0,(anonymous_6)
FNDA:0,(anonymous_7)
FNDA:0,(anonymous_8)
FNDA:0,(anonymous_9)
DA:13,1
DA:14,0
DA:15,0
DA:17,0
DA:18,0
DA:20,0
DA:21,0
DA:26,0
DA:27,0
DA:29,0
DA:32,0
DA:33,0
DA:34,0
DA:36,0
DA:39,0
DA:41,0
DA:42,0
DA:43,0
DA:44,0
DA:54,0
DA:56,0
DA:60,0
DA:64,0
DA:65,0
DA:69,0
DA:70,0
DA:74,0
DA:75,0
DA:77,0
DA:81,0
DA:82,0
DA:83,0
DA:85,0
DA:89,0
DA:90,0
DA:91,0
DA:92,0
DA:95,0
DA:96,0
DA:98,0
DA:102,0
DA:103,0
DA:104,0
DA:109,0
DA:111,0
DA:112,0
DA:114,0
LF:47
LH:1
BRDA:17,0,0,0
BRDA:17,0,1,0
BRDA:47,1,0,0
BRDA:47,1,1,0
BRDA:51,2,0,0
BRDA:51,2,1,0
BRDA:81,3,0,0
BRDA:81,3,1,0
BRDA:89,4,0,0
BRDA:89,4,1,0
BRDA:91,5,0,0
BRDA:102,6,0,0
BRDA:111,7,0,0
BRDA:111,8,0,0
BRDA:111,8,1,0
BRF:15
BRH:0
end_of_record
TN:
SF:src/app/_main/components/input-date-time/date-time-picker/date-time-picker.component.ts
FNF:0
FNH:0
DA:11,1
LF:1
LH:1
BRF:0
BRH:0
end_of_record
TN:
SF:src/app/_main/components/input-date-time/time-picker/time-picker.component.ts
FN:24,(anonymous_1)
FN:33,(anonymous_2)
FN:37,(anonymous_3)
FN:42,(anonymous_4)
FN:46,(anonymous_5)
FN:51,(anonymous_6)
FN:56,(anonymous_7)
FN:61,(anonymous_8)
FN:66,(anonymous_9)
FN:74,(anonymous_10)
FN:80,(anonymous_11)
FN:86,(anonymous_12)
FN:92,(anonymous_13)
FNF:13
FNH:0
FNDA:0,(anonymous_1)
FNDA:0,(anonymous_2)
FNDA:0,(anonymous_3)
FNDA:0,(anonymous_4)
FNDA:0,(anonymous_5)
FNDA:0,(anonymous_6)
FNDA:0,(anonymous_7)
FNDA:0,(anonymous_8)
FNDA:0,(anonymous_9)
FNDA:0,(anonymous_10)
FNDA:0,(anonymous_11)
FNDA:0,(anonymous_12)
FNDA:0,(anonymous_13)
DA:13,1
DA:14,0
DA:17,0
DA:20,0
DA:22,0
DA:25,0
DA:27,0
DA:28,0
DA:30,0
DA:34,0
DA:35,0
DA:38,0
DA:43,0
DA:47,0
DA:48,0
DA:52,0
DA:53,0
DA:57,0
DA:58,0
DA:62,0
DA:63,0
DA:67,0
DA:68,0
DA:69,0
DA:71,0
DA:75,0
DA:76,0
DA:77,0
DA:81,0
DA:82,0
DA:83,0
DA:87,0
DA:88,0
DA:93,0
DA:94,0
DA:95,0
LF:36
LH:1
BRDA:14,0,0,0
BRDA:14,0,1,0
BRDA:67,1,0,0
BRDA:67,1,1,0
BRDA:75,2,0,0
BRDA:75,2,1,0
BRDA:75,3,0,0
BRDA:75,3,1,0
BRDA:81,4,0,0
BRDA:81,4,1,0
BRDA:81,5,0,0
BRDA:81,5,1,0
BRDA:87,6,0,0
BRDA:94,7,0,0
BRF:14
BRH:0
end_of_record
TN:
SF:src/app/_main/components/input-file/input-file.component.ts
FN:28,(anonymous_1)
FN:41,(anonymous_2)
FN:45,(anonymous_3)
FN:50,(anonymous_4)
FNF:4
FNH:0
FNDA:0,(anonymous_1)
FNDA:0,(anonymous_2)
FNDA:0,(anonymous_3)
FNDA:0,(anonymous_4)
DA:12,1
DA:20,0
DA:23,0
DA:26,0
DA:29,0
DA:31,0
DA:33,0
DA:34,0
DA:35,0
DA:36,0
DA:37,0
DA:42,0
DA:46,0
DA:47,0
DA:51,0
DA:53,0
DA:54,0
DA:56,0
LF:18
LH:1
BRDA:31,0,0,0
BRDA:34,1,0,0
BRDA:34,2,0,0
BRDA:34,2,1,0
BRDA:36,3,0,0
BRDA:36,3,1,0
BRDA:36,4,0,0
BRDA:36,4,1,0
BRDA:47,5,0,0
BRDA:47,5,1,0
BRDA:47,6,0,0
BRDA:47,6,1,0
BRDA:53,7,0,0
BRDA:53,7,1,0
BRF:14
BRH:0
end_of_record
TN:
SF:src/app/_main/components/loader/loader.component.ts
FNF:0
FNH:0
DA:8,1
DA:9,0
LF:2
LH:1
BRF:0
BRH:0
end_of_record
TN:
SF:src/app/_main/components/main-view/main-view.component.ts
FN:19,(anonymous_0)
FN:21,(anonymous_1)
FNF:2
FNH:2
FNDA:1,(anonymous_0)
FNDA:1,(anonymous_1)
DA:12,1
DA:13,1
DA:15,1
DA:17,1
DA:19,1
DA:22,1
DA:23,1
LF:7
LH:7
BRF:0
BRH:0
end_of_record
TN:
SF:src/app/_main/components/nav-element/nav-element.component.ts
FN:28,(anonymous_0)
FN:30,(anonymous_1)
FN:34,(anonymous_2)
FN:38,(anonymous_3)
FN:41,(anonymous_4)
FN:46,(anonymous_5)
FN:54,(anonymous_6)
FN:56,(anonymous_7)
FNF:8
FNH:3
FNDA:9,(anonymous_0)
FNDA:0,(anonymous_1)
FNDA:0,(anonymous_2)
FNDA:0,(anonymous_3)
FNDA:0,(anonymous_4)
FNDA:0,(anonymous_5)
FNDA:9,(anonymous_6)
FNDA:9,(anonymous_7)
DA:11,1
DA:18,9
DA:20,9
DA:22,9
DA:26,9
DA:31,0
DA:33,0
DA:34,0
DA:35,0
DA:39,0
DA:41,0
DA:42,0
DA:43,0
DA:47,0
DA:48,0
DA:50,0
DA:55,9
DA:56,9
DA:57,9
LF:19
LH:8
BRDA:47,0,0,0
BRDA:47,0,1,0
BRDA:57,1,0,0
BRDA:57,1,1,9
BRDA:57,2,0,9
BRDA:57,2,1,9
BRF:6
BRH:3
end_of_record
TN:
SF:src/app/_main/components/nav-element-workspace/nav-element-workspace.component.ts
FN:35,(anonymous_0)
FN:42,(anonymous_1)
FN:45,(anonymous_2)
FN:48,(anonymous_3)
FN:56,(anonymous_4)
FN:57,(anonymous_5)
FN:62,(anonymous_6)
FN:65,(anonymous_7)
FN:68,(anonymous_8)
FN:71,(anonymous_9)
FN:74,(anonymous_10)
FN:77,(anonymous_11)
FN:82,(anonymous_12)
FN:85,(anonymous_13)
FN:88,(anonymous_14)
FN:89,(anonymous_15)
FN:90,(anonymous_16)
FN:96,(anonymous_17)
FN:99,(anonymous_18)
FN:102,(anonymous_19)
FN:103,(anonymous_20)
FN:104,(anonymous_21)
FN:110,(anonymous_22)
FN:114,(anonymous_23)
FN:121,(anonymous_24)
FNF:25
FNH:3
FNDA:1,(anonymous_0)
FNDA:0,(anonymous_1)
FNDA:0,(anonymous_2)
FNDA:0,(anonymous_3)
FNDA:1,(anonymous_4)
FNDA:1,(anonymous_5)
FNDA:0,(anonymous_6)
FNDA:0,(anonymous_7)
FNDA:0,(anonymous_8)
FNDA:0,(anonymous_9)
FNDA:0,(anonymous_10)
FNDA:0,(anonymous_11)
FNDA:0,(anonymous_12)
FNDA:0,(anonymous_13)
FNDA:0,(anonymous_14)
FNDA:0,(anonymous_15)
FNDA:0,(anonymous_16)
FNDA:0,(anonymous_17)
FNDA:0,(anonymous_18)
FNDA:0,(anonymous_19)
FNDA:0,(anonymous_20)
FNDA:0,(anonymous_21)
FNDA:0,(anonymous_22)
FNDA:0,(anonymous_23)
FNDA:0,(anonymous_24)
DA:16,1
DA:19,1
DA:21,1
DA:24,1
DA:27,1
DA:29,1
DA:31,1
DA:36,1
DA:37,1
DA:38,1
DA:39,1
DA:43,0
DA:46,0
DA:49,0
DA:50,0
DA:52,0
DA:57,1
DA:58,1
DA:63,0
DA:65,0
DA:69,0
DA:71,0
DA:75,0
DA:78,0
DA:83,0
DA:85,0
DA:89,0
DA:90,0
DA:91,0
DA:97,0
DA:99,0
DA:103,0
DA:104,0
DA:105,0
DA:111,0
DA:115,0
DA:122,0
LF:37
LH:13
BRDA:49,0,0,0
BRDA:49,0,1,0
BRDA:58,1,0,0
BRDA:58,1,1,1
BRDA:58,2,0,1
BRDA:58,2,1,1
BRDA:58,3,0,0
BRDA:58,3,1,1
BRDA:58,4,0,1
BRDA:58,4,1,1
BRDA:58,5,0,0
BRDA:58,5,1,1
BRDA:58,6,0,1
BRDA:58,6,1,1
BRF:14
BRH:9
end_of_record
TN:
SF:src/app/_main/components/pill/pill.component.ts
FNF:0
FNH:0
DA:8,1
LF:1
LH:1
BRF:0
BRH:0
end_of_record
TN:
SF:src/app/_main/components/select/select.component.ts
FN:68,(anonymous_0)
FN:72,(anonymous_1)
FN:77,(anonymous_2)
FN:81,(anonymous_3)
FN:90,(anonymous_4)
FN:93,(anonymous_5)
FN:96,(anonymous_6)
FN:103,(anonymous_7)
FN:108,(anonymous_8)
FN:111,(anonymous_9)
FN:112,(anonymous_10)
FN:124,(anonymous_11)
FN:133,(anonymous_12)
FN:136,(anonymous_13)
FN:142,(anonymous_14)
FN:155,(anonymous_15)
FN:160,(anonymous_16)
FN:164,(anonymous_17)
FN:166,(anonymous_18)
FN:174,(anonymous_19)
FN:181,(anonymous_20)
FN:189,(anonymous_21)
FN:191,(anonymous_22)
FN:191,(anonymous_23)
FN:193,(anonymous_24)
FN:199,(anonymous_25)
FN:213,(anonymous_26)
FN:214,(anonymous_27)
FN:222,(anonymous_28)
FN:223,(anonymous_29)
FNF:30
FNH:6
FNDA:4,(anonymous_0)
FNDA:0,(anonymous_1)
FNDA:0,(anonymous_2)
FNDA:0,(anonymous_3)
FNDA:4,(anonymous_4)
FNDA:0,(anonymous_5)
FNDA:0,(anonymous_6)
FNDA:0,(anonymous_7)
FNDA:4,(anonymous_8)
FNDA:14,(anonymous_9)
FNDA:0,(anonymous_10)
FNDA:4,(anonymous_11)
FNDA:0,(anonymous_12)
FNDA:0,(anonymous_13)
FNDA:0,(anonymous_14)
FNDA:0,(anonymous_15)
FNDA:0,(anonymous_16)
FNDA:0,(anonymous_17)
FNDA:0,(anonymous_18)
FNDA:0,(anonymous_19)
FNDA:0,(anonymous_20)
FNDA:14,(anonymous_21)
FNDA:0,(anonymous_22)
FNDA:0,(anonymous_23)
FNDA:0,(anonymous_24)
FNDA:0,(anonymous_25)
FNDA:0,(anonymous_26)
FNDA:0,(anonymous_27)
FNDA:0,(anonymous_28)
FNDA:0,(anonymous_29)
DA:29,1
DA:40,4
DA:57,4
DA:59,4
DA:60,4
DA:63,4
DA:66,4
DA:69,4
DA:73,0
DA:74,0
DA:78,0
DA:82,0
DA:84,0
DA:85,0
DA:87,0
DA:91,4
DA:93,4
DA:94,0
DA:96,0
DA:97,0
DA:98,0
DA:103,4
DA:104,0
DA:109,4
DA:111,4
DA:112,14
DA:113,0
DA:116,14
DA:117,0
DA:121,4
DA:125,4
DA:126,4
DA:127,14
DA:130,4
DA:134,0
DA:136,0
DA:137,0
DA:138,0
DA:141,0
DA:142,0
DA:143,0
DA:144,0
DA:147,0
DA:148,0
DA:149,0
DA:150,0
DA:151,0
DA:156,0
DA:157,0
DA:158,0
DA:160,0
DA:165,0
DA:166,0
DA:168,0
DA:169,0
DA:170,0
DA:171,0
DA:174,0
DA:176,0
DA:177,0
DA:182,0
DA:183,0
DA:185,0
DA:190,14
DA:191,0
DA:192,14
DA:193,0
DA:195,14
DA:200,0
DA:201,0
DA:203,0
DA:204,0
DA:207,0
DA:214,0
DA:215,0
DA:223,0
DA:224,0
LF:77
LH:23
BRDA:82,0,0,0
BRDA:84,1,0,0
BRDA:96,2,0,0
BRDA:96,2,1,0
BRDA:96,3,0,0
BRDA:96,3,1,0
BRDA:97,4,0,0
BRDA:103,5,0,0
BRDA:103,5,1,4
BRDA:103,6,0,4
BRDA:103,6,1,4
BRDA:111,7,0,0
BRDA:111,7,1,4
BRDA:111,8,0,4
BRDA:111,8,1,4
BRDA:116,9,0,0
BRDA:125,10,0,4
BRDA:141,11,0,0
BRDA:141,11,1,0
BRDA:143,12,0,0
BRDA:148,13,0,0
BRDA:148,13,1,0
BRDA:150,14,0,0
BRDA:150,15,0,0
BRDA:150,15,1,0
BRDA:157,16,0,0
BRDA:157,16,1,0
BRDA:168,17,0,0
BRDA:176,18,0,0
BRDA:182,19,0,0
BRDA:182,19,1,0
BRDA:190,20,0,0
BRDA:190,20,1,14
BRDA:190,21,0,14
BRDA:190,21,1,0
BRDA:192,22,0,0
BRDA:192,22,1,14
BRDA:200,23,0,0
BRDA:200,23,1,0
BRDA:214,24,0,0
BRDA:214,24,1,0
BRDA:214,25,0,0
BRDA:214,25,1,0
BRDA:223,26,0,0
BRDA:223,26,1,0
BRDA:223,27,0,0
BRDA:223,27,1,0
BRF:47
BRH:10
end_of_record
TN:
SF:src/app/_main/components/select/empty-options/empty-options.component.ts
FN:11,(anonymous_1)
FN:15,(anonymous_2)
FNF:2
FNH:0
FNDA:0,(anonymous_1)
FNDA:0,(anonymous_2)
DA:8,1
DA:9,0
DA:12,0
DA:16,0
LF:4
LH:1
BRF:0
BRH:0
end_of_record
TN:
SF:src/app/_main/components/select/option/option.component.ts
FN:22,(anonymous_0)
FN:18,(anonymous_1)
FNF:2
FNH:1
FNDA:15,(anonymous_0)
FNDA:0,(anonymous_1)
DA:9,1
DA:14,15
DA:16,15
DA:19,0
DA:22,15
LF:5
LH:4
BRF:0
BRH:0
end_of_record
TN:
SF:src/app/_main/components/sidebar-navigation/sidebar-navigation.component.ts
FN:46,(anonymous_0)
FN:42,(anonymous_1)
FN:50,(anonymous_2)
FN:58,(anonymous_3)
FN:62,(anonymous_4)
FNF:5
FNH:1
FNDA:2,(anonymous_0)
FNDA:0,(anonymous_1)
FNDA:0,(anonymous_2)
FNDA:0,(anonymous_3)
FNDA:0,(anonymous_4)
DA:19,1
DA:25,2
DA:28,2
DA:31,2
DA:34,2
DA:37,2
DA:40,2
DA:43,0
DA:46,2
DA:47,2
DA:51,0
DA:52,0
DA:54,0
DA:59,0
DA:63,0
LF:15
LH:9
BRDA:51,0,0,0
BRDA:51,0,1,0
BRF:2
BRH:0
end_of_record
TN:
SF:src/app/_main/components/snackbar/snackbar.component.ts
FN:45,(anonymous_0)
FN:30,(anonymous_1)
FN:47,(anonymous_2)
FN:48,(anonymous_3)
FN:53,(anonymous_4)
FN:55,(anonymous_5)
FN:60,(anonymous_6)
FNF:7
FNH:3
FNDA:1,(anonymous_0)
FNDA:2,(anonymous_1)
FNDA:1,(anonymous_2)
FNDA:0,(anonymous_3)
FNDA:0,(anonymous_4)
FNDA:0,(anonymous_5)
FNDA:0,(anonymous_6)
DA:12,1
DA:13,1
DA:16,1
DA:22,1
DA:25,1
DA:28,1
DA:31,2
DA:33,2
DA:35,0
DA:37,0
DA:39,0
DA:41,0
DA:45,1
DA:48,1
DA:49,0
DA:54,0
DA:55,0
DA:56,0
DA:61,0
LF:19
LH:10
BRDA:31,0,0,2
BRDA:31,0,1,0
BRDA:31,0,2,0
BRDA:31,0,3,0
BRDA:31,0,4,0
BRF:5
BRH:1
end_of_record
TN:
SF:src/app/_main/components/snackbar-outlet/snackbar-outlet.component.ts
FN:13,(anonymous_0)
FN:15,(anonymous_1)
FNF:2
FNH:1
FNDA:2,(anonymous_0)
FNDA:0,(anonymous_1)
DA:10,1
DA:11,2
DA:13,2
DA:16,0
LF:4
LH:3
BRF:0
BRH:0
end_of_record
TN:
SF:src/app/_main/components/tabs/tabs.component.ts
FNF:0
FNH:0
DA:8,1
LF:1
LH:1
BRF:0
BRH:0
end_of_record
TN:
SF:src/app/_main/components/tabs/tab/tab.component.ts
FNF:0
FNH:0
DA:8,1
LF:1
LH:1
BRF:0
BRH:0
end_of_record
TN:
SF:src/app/_main/components/textarea/textarea.component.ts
FN:89,(anonymous_1)
FN:96,(anonymous_2)
FN:111,(anonymous_3)
FN:120,(anonymous_4)
FN:129,(anonymous_5)
FN:133,(anonymous_6)
FN:139,(anonymous_7)
FN:146,(anonymous_8)
FN:154,(anonymous_9)
FN:162,(anonymous_10)
FN:170,(anonymous_11)
FN:178,(anonymous_12)
FN:188,(anonymous_13)
FN:198,(anonymous_14)
FN:205,(anonymous_15)
FN:213,(anonymous_16)
FNF:16
FNH:3
FNDA:1,(anonymous_1)
FNDA:1,(anonymous_2)
FNDA:2,(anonymous_3)
FNDA:0,(anonymous_4)
FNDA:0,(anonymous_5)
FNDA:0,(anonymous_6)
FNDA:0,(anonymous_7)
FNDA:0,(anonymous_8)
FNDA:0,(anonymous_9)
FNDA:0,(anonymous_10)
FNDA:0,(anonymous_11)
FNDA:0,(anonymous_12)
FNDA:0,(anonymous_13)
FNDA:0,(anonymous_14)
FNDA:0,(anonymous_15)
FNDA:0,(anonymous_16)
DA:27,1
DA:41,1
DA:48,1
DA:50,1
DA:55,1
DA:57,1
DA:60,1
DA:63,1
DA:66,1
DA:69,1
DA:72,1
DA:75,1
DA:78,1
DA:81,1
DA:84,1
DA:87,1
DA:90,1
DA:91,1
DA:92,1
DA:93,1
DA:97,1
DA:98,1
DA:111,1
DA:112,2
DA:113,2
DA:114,2
DA:115,2
DA:119,1
DA:120,1
DA:121,0
DA:123,1
DA:124,1
DA:125,1
DA:126,1
DA:130,0
DA:134,0
DA:136,0
DA:137,0
DA:140,0
DA:143,0
DA:147,0
DA:151,0
DA:155,0
DA:159,0
DA:163,0
DA:167,0
DA:171,0
DA:175,0
DA:179,0
DA:185,0
DA:189,0
DA:195,0
DA:199,0
DA:202,0
DA:206,0
DA:210,0
DA:214,0
DA:218,0
LF:58
LH:33
BRDA:99,0,0,1
BRDA:99,0,1,1
BRDA:120,1,0,0
BRDA:120,1,1,1
BRDA:120,2,0,1
BRDA:120,2,1,1
BRDA:136,3,0,0
BRDA:136,3,1,0
BRDA:136,4,0,0
BRDA:136,4,1,0
BRDA:136,5,0,0
BRDA:136,5,1,0
BRDA:147,6,0,0
BRDA:147,6,1,0
BRDA:147,7,0,0
BRDA:147,7,1,0
BRDA:151,8,0,0
BRDA:151,8,1,0
BRDA:151,9,0,0
BRDA:151,9,1,0
BRDA:155,10,0,0
BRDA:155,10,1,0
BRDA:155,11,0,0
BRDA:155,11,1,0
BRDA:159,12,0,0
BRDA:159,12,1,0
BRDA:159,13,0,0
BRDA:159,13,1,0
BRDA:163,14,0,0
BRDA:163,14,1,0
BRDA:163,15,0,0
BRDA:163,15,1,0
BRDA:167,16,0,0
BRDA:167,16,1,0
BRDA:167,17,0,0
BRDA:167,17,1,0
BRDA:171,18,0,0
BRDA:171,18,1,0
BRDA:171,19,0,0
BRDA:171,19,1,0
BRDA:175,20,0,0
BRDA:175,20,1,0
BRDA:175,21,0,0
BRDA:175,21,1,0
BRDA:179,22,0,0
BRDA:179,22,1,0
BRDA:179,23,0,0
BRDA:179,23,1,0
BRDA:185,24,0,0
BRDA:185,24,1,0
BRDA:185,25,0,0
BRDA:185,25,1,0
BRDA:189,26,0,0
BRDA:189,26,1,0
BRDA:189,27,0,0
BRDA:189,27,1,0
BRDA:195,28,0,0
BRDA:195,28,1,0
BRDA:195,29,0,0
BRDA:195,29,1,0
BRDA:199,30,0,0
BRDA:199,30,1,0
BRDA:199,31,0,0
BRDA:199,31,1,0
BRDA:202,32,0,0
BRDA:202,32,1,0
BRDA:202,33,0,0
BRDA:202,33,1,0
BRDA:206,34,0,0
BRDA:206,34,1,0
BRDA:206,35,0,0
BRDA:206,35,1,0
BRDA:210,36,0,0
BRDA:210,36,1,0
BRDA:210,37,0,0
BRDA:210,37,1,0
BRDA:214,38,0,0
BRDA:214,38,1,0
BRDA:214,39,0,0
BRDA:214,39,1,0
BRDA:218,40,0,0
BRDA:218,40,1,0
BRDA:218,41,0,0
BRDA:218,41,1,0
BRF:84
BRH:5
end_of_record
TN:
SF:src/app/_main/components/upper-navigation/upper-navigation.component.ts
FN:16,(anonymous_0)
FN:24,(anonymous_1)
FN:26,(anonymous_2)
FN:30,(anonymous_3)
FN:50,(anonymous_4)
FN:51,(anonymous_5)
FN:56,(anonymous_6)
FN:60,(anonymous_7)
FN:62,(anonymous_8)
FN:64,(anonymous_9)
FN:71,(anonymous_10)
FN:74,(anonymous_11)
FN:78,(anonymous_12)
FN:83,(anonymous_13)
FN:86,(anonymous_14)
FNF:15
FNH:3
FNDA:2,(anonymous_0)
FNDA:2,(anonymous_1)
FNDA:0,(anonymous_2)
FNDA:0,(anonymous_3)
FNDA:0,(anonymous_4)
FNDA:0,(anonymous_5)
FNDA:0,(anonymous_6)
FNDA:0,(anonymous_7)
FNDA:0,(anonymous_8)
FNDA:0,(anonymous_9)
FNDA:4,(anonymous_10)
FNDA:0,(anonymous_11)
FNDA:0,(anonymous_12)
FNDA:0,(anonymous_13)
FNDA:0,(anonymous_14)
DA:15,1
DA:17,2
DA:18,2
DA:19,2
DA:20,2
DA:21,2
DA:25,2
DA:27,0
DA:28,0
DA:29,0
DA:30,0
DA:32,0
DA:34,0
DA:42,2
DA:43,2
DA:44,2
DA:45,2
DA:47,2
DA:48,2
DA:51,0
DA:52,0
DA:57,0
DA:61,0
DA:62,0
DA:65,0
DA:72,4
DA:75,0
DA:76,0
DA:79,0
DA:84,0
DA:87,0
DA:88,0
DA:90,0
LF:33
LH:14
BRDA:27,0,0,0
BRDA:27,0,1,0
BRDA:29,1,0,0
BRDA:29,1,1,0
BRDA:87,2,0,0
BRDA:87,2,1,0
BRF:6
BRH:0
end_of_record
TN:
SF:src/app/_main/decorators/cache/cache.decorator.ts
FN:20,Cache
FN:21,(anonymous_1)
FN:24,(anonymous_2)
FN:36,(anonymous_3)
FNF:4
FNH:3
FNDA:9,Cache
FNDA:9,(anonymous_1)
FNDA:14,(anonymous_2)
FNDA:0,(anonymous_3)
DA:13,1
DA:21,9
DA:22,9
DA:24,9
DA:25,14
DA:26,14
DA:28,14
DA:29,8
DA:32,6
DA:33,6
DA:35,6
DA:36,0
DA:37,0
DA:41,6
DA:44,9
LF:15
LH:13
BRDA:28,0,0,8
BRDA:35,1,0,0
BRDA:35,2,0,6
BRDA:35,2,1,0
BRF:4
BRH:2
end_of_record
TN:
SF:src/app/_main/decorators/page/page.decorator.ts
FN:14,Page
FN:15,decorator
FNF:2
FNH:2
FNDA:2,Page
FNDA:2,decorator
DA:15,2
LF:1
LH:1
BRF:0
BRH:0
end_of_record
TN:
SF:src/app/_main/decorators/service/service.decorator.ts
FN:4,Service
FN:5,decorator
FN:8,(anonymous_2)
FNF:3
FNH:3
FNDA:9,Service
FNDA:9,decorator
FNDA:9,(anonymous_2)
DA:5,9
DA:8,9
DA:9,9
DA:10,9
DA:12,9
DA:14,0
DA:15,0
DA:18,0
LF:8
LH:5
BRDA:12,0,0,9
BRDA:14,1,0,0
BRF:2
BRH:1
end_of_record
TN:
SF:src/app/_main/dialogs/alert/alert.dialog.ts
FN:7,(anonymous_0)
FN:57,(anonymous_1)
FN:73,(anonymous_2)
FN:80,(anonymous_3)
FNF:4
FNH:2
FNDA:1,(anonymous_0)
FNDA:1,(anonymous_1)
FNDA:0,(anonymous_2)
FNDA:0,(anonymous_3)
DA:7,1
DA:8,1
DA:9,1
DA:46,1
DA:50,1
DA:58,1
DA:59,1
DA:61,1
DA:67,1
DA:74,0
DA:81,0
LF:11
LH:9
BRDA:7,0,0,1
BRDA:7,0,1,1
BRDA:61,1,0,1
BRDA:61,1,1,1
BRF:4
BRH:4
end_of_record
TN:
SF:src/app/_main/directives/click-outside/click-outside.directive.ts
FN:11,(anonymous_0)
FN:14,(anonymous_1)
FNF:2
FNH:0
FNDA:0,(anonymous_0)
FNDA:0,(anonymous_1)
DA:6,1
DA:7,0
DA:9,0
DA:11,0
DA:15,0
DA:16,0
DA:17,0
DA:20,0
DA:21,0
DA:22,0
DA:25,0
LF:11
LH:1
BRDA:15,0,0,0
BRDA:21,1,0,0
BRF:2
BRH:0
end_of_record
TN:
SF:src/app/_main/directives/click-stop-propagation/click-stop-propagation.directive.ts
FN:8,(anonymous_0)
FNF:1
FNH:1
FNDA:1,(anonymous_0)
DA:6,1
DA:9,1
DA:11,1
LF:3
LH:3
BRF:0
BRH:0
end_of_record
TN:
SF:src/app/_main/directives/focus-initial/focus-initial.directive.ts
FN:14,(anonymous_0)
FN:19,(anonymous_1)
FNF:2
FNH:0
FNDA:0,(anonymous_0)
FNDA:0,(anonymous_1)
DA:9,1
DA:14,0
DA:20,0
LF:3
LH:1
BRF:0
BRH:0
end_of_record
TN:
SF:src/app/_main/directives/let/let.directive.ts
FN:13,(anonymous_0)
FN:17,(anonymous_1)
FNF:2
FNH:2
FNDA:4,(anonymous_0)
FNDA:7,(anonymous_1)
DA:10,1
DA:11,4
DA:14,4
DA:19,7
LF:4
LH:4
BRF:0
BRH:0
end_of_record
TN:
SF:src/app/_main/directives/view-container/view-container.directive.ts
FN:7,(anonymous_0)
FNF:1
FNH:0
FNDA:0,(anonymous_0)
DA:6,1
DA:7,0
LF:2
LH:1
BRF:0
BRH:0
end_of_record
TN:
SF:src/app/_main/interceptors/error.interceptor.ts
FN:12,(anonymous_0)
FN:21,(anonymous_1)
FN:28,(anonymous_2)
FN:32,(anonymous_3)
FN:34,(anonymous_4)
FN:69,(anonymous_5)
FNF:6
FNH:5
FNDA:3,(anonymous_0)
FNDA:4,(anonymous_1)
FNDA:0,(anonymous_2)
FNDA:9,(anonymous_3)
FNDA:4,(anonymous_4)
FNDA:4,(anonymous_5)
DA:11,1
DA:13,3
DA:14,3
DA:15,3
DA:16,3
DA:19,3
DA:22,4
DA:29,0
DA:33,9
DA:35,4
DA:37,4
DA:38,0
DA:40,0
DA:41,0
DA:45,0
DA:46,0
DA:47,0
DA:48,0
DA:52,0
DA:53,0
DA:56,0
DA:60,0
DA:65,0
DA:66,0
DA:69,4
LF:25
LH:11
BRDA:23,0,0,4
BRDA:23,0,1,0
BRDA:23,1,0,0
BRDA:23,1,1,4
BRDA:23,2,0,4
BRDA:23,2,1,4
BRDA:24,3,0,4
BRDA:24,3,1,4
BRDA:24,4,0,0
BRDA:24,4,1,4
BRDA:24,5,0,4
BRDA:24,5,1,4
BRDA:24,6,0,0
BRDA:24,6,1,4
BRDA:24,7,0,4
BRDA:24,7,1,4
BRDA:37,8,0,0
BRDA:40,9,0,0
BRDA:45,10,0,0
BRDA:52,11,0,0
BRDA:56,12,0,0
BRDA:57,13,0,0
BRDA:57,13,1,0
BRF:23
BRH:12
end_of_record
TN:
SF:src/app/_main/interfaces/filters.interface.ts
FN:46,(anonymous_0)
FN:51,(anonymous_1)
FNF:2
FNH:2
FNDA:1,(anonymous_0)
FNDA:1,(anonymous_1)
DA:46,1
DA:47,1
DA:48,1
DA:51,1
DA:52,1
DA:53,1
DA:54,1
DA:55,1
DA:56,1
LF:9
LH:9
BRDA:46,0,0,1
BRDA:46,0,1,1
BRDA:51,1,0,1
BRDA:51,1,1,1
BRF:4
BRH:4
end_of_record
TN:
SF:src/app/_main/libs/emoji/emoji-sequence.aliases.ts
FN:24,(anonymous_0)
FN:27,(anonymous_1)
FNF:2
FNH:2
FNDA:17,(anonymous_0)
FNDA:43,(anonymous_1)
DA:1,1
DA:21,1
DA:25,17
DA:27,43
LF:4
LH:4
BRDA:27,0,0,9
BRDA:27,0,1,34
BRF:2
BRH:2
end_of_record
TN:
SF:src/app/_main/libs/emoji/emoji.aliases.ts
FNF:0
FNH:0
DA:1,1
LF:1
LH:1
BRF:0
BRH:0
end_of_record
TN:
SF:src/app/_main/libs/emoji/emoji.lib.ts
FN:15,(anonymous_0)
FN:19,(anonymous_1)
FN:23,(anonymous_2)
FN:27,(anonymous_3)
FN:6,(anonymous_4)
FNF:5
FNH:1
FNDA:0,(anonymous_0)
FNDA:0,(anonymous_1)
FNDA:0,(anonymous_2)
FNDA:0,(anonymous_3)
FNDA:1,(anonymous_4)
DA:6,1
DA:7,1
DA:8,1
DA:9,1
DA:10,1
DA:11,1
DA:12,1
DA:16,0
DA:20,0
DA:24,0
DA:28,0
LF:11
LH:7
BRDA:24,0,0,0
BRDA:24,0,1,0
BRF:2
BRH:0
end_of_record
TN:
SF:src/app/_main/libs/marked/marked.lib.ts
FN:8,(anonymous_0)
FN:18,(anonymous_1)
FNF:2
FNH:2
FNDA:1,(anonymous_0)
FNDA:1,(anonymous_1)
DA:6,1
DA:9,1
DA:11,1
DA:15,1
DA:19,1
DA:21,1
DA:23,1
LF:7
LH:7
BRDA:9,0,0,0
BRF:1
BRH:0
end_of_record
TN:
SF:src/app/_main/libs/marked/extensions/marked-emoji-extension.ts
FN:20,(anonymous_0)
FN:23,(anonymous_1)
FN:50,(anonymous_2)
FNF:3
FNH:0
FNDA:0,(anonymous_0)
FNDA:0,(anonymous_1)
FNDA:0,(anonymous_2)
DA:17,1
DA:21,0
DA:24,0
DA:25,0
DA:27,0
DA:29,0
DA:30,0
DA:38,0
DA:39,0
DA:48,0
DA:52,0
DA:53,0
DA:55,0
LF:13
LH:1
BRDA:29,0,0,0
BRDA:38,1,0,0
BRDA:52,2,0,0
BRDA:52,2,1,0
BRF:4
BRH:0
end_of_record
TN:
SF:src/app/_main/libs/marked/overrides/link.override.ts
FN:3,linkOverride
FN:5,(anonymous_1)
FNF:2
FNH:1
FNDA:1,linkOverride
FNDA:0,(anonymous_1)
DA:4,1
DA:5,1
DA:6,0
DA:8,0
DA:9,0
DA:10,0
DA:14,1
LF:7
LH:3
BRDA:6,0,0,0
BRDA:10,1,0,0
BRDA:10,1,1,0
BRF:3
BRH:0
end_of_record
TN:
SF:src/app/_main/libs/monaco/monaco.lib.ts
FN:7,(anonymous_0)
FN:11,(anonymous_1)
FN:17,(anonymous_2)
FNF:3
FNH:2
FNDA:0,(anonymous_0)
FNDA:1,(anonymous_1)
FNDA:1,(anonymous_2)
DA:5,1
DA:8,0
DA:12,1
DA:14,1
DA:18,1
DA:19,1
DA:20,1
DA:22,1
LF:8
LH:7
BRDA:12,0,0,0
BRF:1
BRH:0
end_of_record
TN:
SF:src/app/_main/libs/monaco/plugins/selection-edit.plugin.ts
FN:6,(anonymous_0)
FN:27,(anonymous_1)
FN:40,(anonymous_2)
FN:55,(anonymous_3)
FN:65,(anonymous_4)
FN:67,(anonymous_5)
FN:77,(anonymous_6)
FN:90,(anonymous_7)
FN:92,(anonymous_8)
FN:109,(anonymous_9)
FN:110,(anonymous_10)
FN:114,(anonymous_11)
FN:122,(anonymous_12)
FN:130,(anonymous_13)
FN:151,(anonymous_14)
FNF:15
FNH:2
FNDA:1,(anonymous_0)
FNDA:0,(anonymous_1)
FNDA:0,(anonymous_2)
FNDA:0,(anonymous_3)
FNDA:0,(anonymous_4)
FNDA:0,(anonymous_5)
FNDA:0,(anonymous_6)
FNDA:0,(anonymous_7)
FNDA:0,(anonymous_8)
FNDA:1,(anonymous_9)
FNDA:0,(anonymous_10)
FNDA:0,(anonymous_11)
FNDA:0,(anonymous_12)
FNDA:0,(anonymous_13)
FNDA:0,(anonymous_14)
DA:6,1
DA:7,1
DA:8,1
DA:9,1
DA:10,1
DA:13,1
DA:26,1
DA:28,0
DA:41,0
DA:43,0
DA:60,0
DA:61,0
DA:63,0
DA:64,0
DA:65,0
DA:67,0
DA:82,0
DA:83,0
DA:85,0
DA:86,0
DA:88,0
DA:89,0
DA:90,0
DA:92,0
DA:93,0
DA:95,0
DA:110,1
DA:111,0
DA:114,1
DA:118,0
DA:123,0
DA:124,0
DA:125,0
DA:127,0
DA:129,0
DA:130,0
DA:131,0
DA:136,0
DA:137,0
DA:138,0
DA:148,0
DA:155,0
DA:156,0
DA:157,0
LF:44
LH:9
BRDA:6,0,0,1
BRDA:6,0,1,1
BRDA:41,1,0,0
BRDA:41,1,1,0
BRDA:41,2,0,0
BRDA:41,2,1,0
BRDA:41,3,0,0
BRDA:41,3,1,0
BRDA:83,4,0,0
BRDA:127,5,0,0
BRF:10
BRH:2
end_of_record
TN:
SF:src/app/_main/operators/loader.operator.ts
FN:4,startLoader
FN:5,(anonymous_1)
FN:7,(anonymous_2)
FN:15,setLoaderMessage
FN:16,(anonymous_4)
FN:18,(anonymous_5)
FN:25,stopLoader
FN:26,(anonymous_7)
FN:28,(anonymous_8)
FN:31,(anonymous_9)
FN:38,withLoader
FN:39,(anonymous_11)
FN:42,(anonymous_12)
FNF:13
FNH:6
FNDA:1,startLoader
FNDA:1,(anonymous_1)
FNDA:1,(anonymous_2)
FNDA:0,setLoaderMessage
FNDA:0,(anonymous_4)
FNDA:0,(anonymous_5)
FNDA:1,stopLoader
FNDA:1,(anonymous_7)
FNDA:1,(anonymous_8)
FNDA:0,(anonymous_9)
FNDA:0,withLoader
FNDA:0,(anonymous_11)
FNDA:0,(anonymous_12)
DA:5,1
DA:6,1
DA:8,1
DA:9,1
DA:16,0
DA:17,0
DA:19,0
DA:26,1
DA:27,1
DA:29,1
DA:32,0
DA:39,0
DA:40,0
DA:42,0
LF:14
LH:7
BRF:0
BRH:0
end_of_record
TN:
SF:src/app/_main/pages/mock/mock.page.ts
FN:10,(anonymous_0)
FN:14,(anonymous_1)
FN:15,(anonymous_2)
FNF:3
FNH:3
FNDA:1,(anonymous_0)
FNDA:1,(anonymous_1)
FNDA:1,(anonymous_2)
DA:9,1
DA:10,1
DA:12,1
DA:15,1
DA:16,1
LF:5
LH:5
BRF:0
BRH:0
end_of_record
TN:
SF:src/app/_main/pipes/contrast-color/contrast-color.pipe.ts
FN:8,(anonymous_0)
FNF:1
FNH:0
FNDA:0,(anonymous_0)
DA:7,1
DA:9,0
DA:10,0
LF:3
LH:1
BRDA:8,0,0,0
BRDA:10,1,0,0
BRDA:10,1,1,0
BRF:3
BRH:0
end_of_record
TN:
SF:src/app/_main/pipes/date-by-preferences/date-by-preferences.pipe.ts
FN:11,(anonymous_0)
FN:13,(anonymous_1)
FN:17,(anonymous_2)
FNF:3
FNH:0
FNDA:0,(anonymous_0)
FNDA:0,(anonymous_1)
FNDA:0,(anonymous_2)
DA:10,1
DA:11,0
DA:14,0
DA:15,0
DA:17,0
DA:19,0
LF:6
LH:1
BRDA:14,0,0,0
BRDA:14,0,1,0
BRF:2
BRH:0
end_of_record
TN:
SF:src/app/_main/pipes/day-of-week/day-of-week.pipe.ts
FN:10,(anonymous_1)
FNF:1
FNH:0
FNDA:0,(anonymous_1)
DA:7,1
DA:8,0
DA:11,0
LF:3
LH:1
BRF:0
BRH:0
end_of_record
TN:
SF:src/app/_main/pipes/dayjs/dayjs.pipe.ts
FN:10,(anonymous_0)
FNF:1
FNH:0
FNDA:0,(anonymous_0)
DA:9,1
DA:11,0
DA:12,0
DA:13,0
DA:14,0
DA:15,0
DA:17,0
DA:20,0
LF:8
LH:1
BRDA:11,0,0,0
BRDA:11,0,1,0
BRDA:13,1,0,0
BRDA:13,1,1,0
BRDA:14,2,0,0
BRDA:14,2,1,0
BRF:6
BRH:0
end_of_record
TN:
SF:src/app/_main/pipes/dayjs-format/dayjs-format.pipe.ts
FN:10,(anonymous_0)
FNF:1
FNH:0
FNDA:0,(anonymous_0)
DA:9,1
DA:11,0
DA:13,0
DA:14,0
LF:4
LH:1
BRDA:11,0,0,0
BRDA:13,1,0,0
BRF:2
BRH:0
end_of_record
TN:
SF:src/app/_main/pipes/markdown/markdown.pipe.ts
FN:13,(anonymous_0)
FN:18,(anonymous_1)
FNF:2
FNH:0
FNDA:0,(anonymous_0)
FNDA:0,(anonymous_1)
DA:10,1
DA:13,0
DA:14,0
DA:15,0
DA:19,0
DA:27,0
LF:6
LH:1
BRDA:19,0,0,0
BRDA:19,0,1,0
BRF:2
BRH:0
end_of_record
TN:
SF:src/app/_main/pipes/month/month.pipe.ts
FN:12,(anonymous_1)
FNF:1
FNH:0
FNDA:0,(anonymous_1)
DA:9,1
DA:10,0
DA:13,0
DA:14,0
DA:15,0
DA:16,0
DA:18,0
LF:7
LH:1
BRDA:13,0,0,0
BRDA:13,0,1,0
BRDA:15,1,0,0
BRDA:15,1,1,0
BRF:4
BRH:0
end_of_record
TN:
SF:src/app/_main/pipes/validation-error/validation-error.pipe.ts
FN:15,(anonymous_0)
FNF:1
FNH:1
FNDA:2,(anonymous_0)
DA:9,1
DA:16,2
LF:2
LH:2
BRDA:16,0,0,2
BRDA:16,0,1,1
BRDA:16,1,0,1
BRDA:16,1,1,1
BRDA:16,2,0,2
BRDA:16,2,1,1
BRF:6
BRH:6
end_of_record
TN:
SF:src/app/_main/pipes/year/year.pipe.ts
FN:9,(anonymous_0)
FNF:1
FNH:0
FNDA:0,(anonymous_0)
DA:8,1
DA:10,0
LF:2
LH:1
BRF:0
BRH:0
end_of_record
TN:
SF:src/app/_main/services/api/api.service.ts
FN:24,(anonymous_0)
FN:33,(anonymous_1)
FN:58,(anonymous_2)
FN:68,(anonymous_3)
FN:78,(anonymous_4)
FN:88,(anonymous_5)
FN:98,(anonymous_6)
FN:102,(anonymous_7)
FNF:8
FNH:8
FNDA:40,(anonymous_0)
FNDA:19,(anonymous_1)
FNDA:15,(anonymous_2)
FNDA:1,(anonymous_3)
FNDA:1,(anonymous_4)
FNDA:1,(anonymous_5)
FNDA:1,(anonymous_6)
FNDA:19,(anonymous_7)
DA:15,1
DA:19,40
DA:24,40
DA:34,19
DA:36,19
DA:37,0
DA:38,0
DA:40,19
DA:41,0
DA:44,19
DA:59,15
DA:69,1
DA:79,1
DA:89,1
DA:99,1
DA:105,19
DA:106,19
DA:109,0
DA:111,0
DA:112,0
DA:114,0
DA:115,0
DA:116,0
DA:120,0
LF:24
LH:14
BRDA:34,0,0,19
BRDA:34,0,1,19
BRDA:34,1,0,14
BRDA:34,1,1,5
BRDA:34,2,0,19
BRDA:34,2,1,19
BRDA:36,3,0,0
BRDA:36,3,1,19
BRDA:36,4,0,14
BRDA:36,4,1,5
BRDA:36,5,0,19
BRDA:36,5,1,19
BRDA:40,6,0,0
BRDA:40,7,0,14
BRDA:40,7,1,5
BRDA:40,8,0,19
BRDA:40,8,1,19
BRDA:105,9,0,19
BRDA:111,10,0,0
BRDA:115,11,0,0
BRF:20
BRH:16
end_of_record
TN:
SF:src/app/_main/services/base/base.service.ts
FN:10,(anonymous_0)
FN:12,(anonymous_1)
FN:23,(anonymous_2)
FN:24,(anonymous_3)
FN:28,(anonymous_4)
FNF:5
FNH:5
FNDA:75,(anonymous_0)
FNDA:7,(anonymous_1)
FNDA:6,(anonymous_2)
FNDA:7,(anonymous_3)
FNDA:7,(anonymous_4)
DA:8,75
DA:10,75
DA:13,7
DA:14,1
DA:15,1
DA:16,6
DA:17,0
DA:18,6
DA:19,0
DA:24,6
DA:25,7
DA:26,7
DA:28,7
LF:13
LH:11
BRDA:13,0,0,1
BRDA:13,0,1,6
BRDA:16,1,0,0
BRDA:16,1,1,6
BRDA:18,2,0,0
BRDA:23,3,0,1
BRDA:25,4,0,7
BRDA:25,4,1,4
BRF:8
BRH:6
end_of_record
TN:
SF:src/app/_main/services/dialog/dialog.service.ts
FN:13,(anonymous_0)
FN:38,(anonymous_1)
FN:31,(anonymous_2)
FN:46,(anonymous_3)
FN:68,(anonymous_4)
FN:78,(anonymous_5)
FN:79,(anonymous_6)
FN:84,(anonymous_7)
FN:93,(anonymous_8)
FN:96,(anonymous_9)
FN:99,(anonymous_10)
FN:114,(anonymous_11)
FN:118,(anonymous_12)
FN:128,(anonymous_13)
FNF:14
FNH:2
FNDA:1,(anonymous_0)
FNDA:21,(anonymous_1)
FNDA:0,(anonymous_2)
FNDA:0,(anonymous_3)
FNDA:0,(anonymous_4)
FNDA:0,(anonymous_5)
FNDA:0,(anonymous_6)
FNDA:0,(anonymous_7)
FNDA:0,(anonymous_8)
FNDA:0,(anonymous_9)
FNDA:0,(anonymous_10)
FNDA:0,(anonymous_11)
FNDA:0,(anonymous_12)
FNDA:0,(anonymous_13)
DA:13,1
DA:14,1
DA:24,1
DA:25,21
DA:26,21
DA:29,21
DA:32,0
DA:38,21
DA:49,0
DA:50,0
DA:52,0
DA:53,0
DA:57,0
DA:59,0
DA:65,0
DA:66,0
DA:68,0
DA:69,0
DA:70,0
DA:73,0
DA:75,0
DA:79,0
DA:80,0
DA:85,0
DA:94,0
DA:96,0
DA:100,0
DA:106,0
DA:115,0
DA:119,0
DA:129,0
LF:31
LH:7
BRDA:13,0,0,1
BRDA:13,0,1,1
BRDA:46,1,0,0
BRDA:49,2,0,0
BRDA:49,2,1,0
BRDA:49,3,0,0
BRDA:49,3,1,0
BRDA:49,4,0,0
BRDA:49,4,1,0
BRDA:52,5,0,0
BRDA:61,6,0,0
BRDA:61,6,1,0
BRDA:61,7,0,0
BRDA:61,7,1,0
BRDA:61,8,0,0
BRDA:61,8,1,0
BRF:16
BRH:2
end_of_record
TN:
SF:src/app/_main/services/icons/icon.service.ts
FN:12,(anonymous_0)
FN:18,(anonymous_1)
FN:34,(anonymous_2)
FNF:3
FNH:3
FNDA:3,(anonymous_0)
FNDA:3,(anonymous_1)
FNDA:33,(anonymous_2)
DA:11,1
DA:13,3
DA:14,3
DA:15,3
DA:19,3
DA:21,3
DA:22,3
DA:23,3
DA:24,3
DA:25,3
DA:27,3
DA:28,3
DA:29,3
DA:30,3
DA:31,3
DA:35,33
DA:36,33
DA:37,0
DA:39,33
DA:42,33
LF:20
LH:19
BRDA:36,0,0,0
BRDA:36,0,1,33
BRF:2
BRH:1
end_of_record
TN:
SF:src/app/_main/services/router-extensions/router-extensions.service.ts
FN:8,(anonymous_0)
FN:10,(anonymous_1)
FN:25,(anonymous_2)
FNF:3
FNH:3
FNDA:6,(anonymous_0)
FNDA:34,(anonymous_1)
FNDA:34,(anonymous_2)
DA:7,1
DA:8,6
DA:11,34
DA:13,34
DA:14,34
DA:15,0
DA:18,34
DA:26,34
DA:27,34
DA:28,0
DA:30,34
LF:11
LH:9
BRDA:11,0,0,0
BRDA:27,1,0,0
BRDA:27,1,1,34
BRF:3
BRH:1
end_of_record
TN:
SF:src/app/_main/services/snackbar/snackbar.service.ts
FN:13,(anonymous_1)
FN:15,(anonymous_2)
FN:25,(anonymous_3)
FN:30,(anonymous_4)
FNF:4
FNH:2
FNDA:2,(anonymous_1)
FNDA:1,(anonymous_2)
FNDA:0,(anonymous_3)
FNDA:0,(anonymous_4)
DA:11,1
DA:12,38
DA:13,38
DA:16,1
DA:17,1
DA:19,1
DA:20,1
DA:22,1
DA:26,0
DA:27,0
DA:31,0
LF:11
LH:8
BRDA:15,0,0,0
BRDA:15,1,0,1
BRF:2
BRH:1
end_of_record
TN:
SF:src/app/_main/validators/email.validator.ts
FN:8,emailValidator
FN:9,(anonymous_1)
FNF:2
FNH:2
FNDA:3,emailValidator
FNDA:17,(anonymous_1)
DA:9,3
DA:10,17
DA:16,3
DA:18,14
LF:4
LH:4
BRDA:10,0,0,3
BRDA:11,1,0,17
BRDA:11,1,1,9
BRF:3
BRH:3
end_of_record
TN:
SF:src/app/_main/validators/max-length.validator.ts
FN:8,maxLengthValidator
FN:9,(anonymous_1)
FNF:2
FNH:2
FNDA:4,maxLengthValidator
FNDA:15,(anonymous_1)
DA:9,4
DA:10,15
DA:11,1
DA:16,14
LF:4
LH:4
BRDA:10,0,0,1
BRF:1
BRH:1
end_of_record
TN:
SF:src/app/_main/validators/password.validator.ts
FN:8,passwordValidator
FN:9,(anonymous_1)
FNF:2
FNH:2
FNDA:5,passwordValidator
FNDA:29,(anonymous_1)
DA:9,5
DA:10,29
DA:11,3
DA:16,26
LF:4
LH:4
BRDA:10,0,0,3
BRDA:10,1,0,29
BRDA:10,1,1,4
BRF:3
BRH:3
end_of_record
TN:
SF:src/app/_main/validators/required.validator.ts
FN:8,requiredValidator
FN:9,required
FNF:2
FNH:2
FNDA:25,requiredValidator
FNDA:127,required
DA:9,25
DA:10,127
DA:16,124
DA:18,3
LF:4
LH:4
BRDA:10,0,0,124
BRDA:11,1,0,127
BRDA:11,1,1,118
BRDA:11,1,2,117
BRDA:11,1,3,3
BRF:5
BRH:5
end_of_record
TN:
SF:src/app/_main/validators/same-as.validator.ts
FN:8,sameAsValidator
FN:12,(anonymous_1)
FN:16,(anonymous_2)
FNF:3
FNH:3
FNDA:3,sameAsValidator
FNDA:13,(anonymous_1)
FNDA:2,(anonymous_2)
DA:10,3
DA:12,3
DA:13,13
DA:15,13
DA:16,2
DA:17,2
DA:18,0
DA:21,2
DA:24,13
DA:25,3
DA:30,10
LF:11
LH:10
BRDA:13,0,0,3
BRDA:13,0,1,10
BRDA:13,1,0,13
BRDA:13,1,1,10
BRDA:15,2,0,2
BRDA:15,3,0,13
BRDA:15,3,1,5
BRDA:16,4,0,0
BRDA:16,4,1,2
BRDA:16,5,0,2
BRDA:16,5,1,2
BRDA:17,6,0,0
BRDA:24,7,0,3
BRDA:24,8,0,3
BRDA:24,8,1,10
BRDA:24,9,0,13
BRDA:24,9,1,13
BRF:17
BRH:15
end_of_record
TN:
SF:src/app/auth/pages/change-password/change-password.page.ts
FN:18,(anonymous_0)
FN:24,(anonymous_1)
FN:47,(anonymous_2)
FN:56,(anonymous_3)
FNF:4
FNH:2
FNDA:1,(anonymous_0)
FNDA:1,(anonymous_1)
FNDA:0,(anonymous_2)
FNDA:0,(anonymous_3)
DA:15,1
DA:19,1
DA:20,1
DA:21,1
DA:25,1
DA:26,1
DA:34,1
DA:48,0
DA:50,0
DA:51,0
DA:53,0
DA:54,0
DA:57,0
LF:13
LH:7
BRDA:48,0,0,0
BRDA:48,1,0,0
BRDA:48,1,1,0
BRDA:53,2,0,0
BRDA:53,3,0,0
BRDA:53,3,1,0
BRF:6
BRH:0
end_of_record
TN:
SF:src/app/auth/pages/delete-account/delete-account.page.ts
FN:11,(anonymous_0)
FN:17,(anonymous_1)
FN:22,(anonymous_2)
FN:24,(anonymous_3)
FNF:4
FNH:3
FNDA:1,(anonymous_0)
FNDA:1,(anonymous_1)
FNDA:1,(anonymous_2)
FNDA:0,(anonymous_3)
DA:10,1
DA:12,1
DA:13,1
DA:14,1
DA:18,1
DA:19,1
DA:23,1
DA:24,0
LF:8
LH:7
BRDA:23,0,0,0
BRF:1
BRH:0
end_of_record
TN:
SF:src/app/auth/pages/forgot-password/forgot-password.page.ts
FN:15,(anonymous_0)
FN:28,(anonymous_1)
FNF:2
FNH:1
FNDA:1,(anonymous_0)
FNDA:0,(anonymous_1)
DA:14,1
DA:15,1
DA:17,1
DA:24,1
DA:29,0
DA:31,0
DA:32,0
DA:34,0
DA:35,0
LF:9
LH:4
BRDA:29,0,0,0
BRDA:29,1,0,0
BRDA:29,1,1,0
BRDA:34,2,0,0
BRF:4
BRH:0
end_of_record
TN:
SF:src/app/auth/pages/login/login.page.ts
FN:15,(anonymous_0)
FN:33,(anonymous_1)
FN:34,(anonymous_2)
FN:40,(anonymous_3)
FN:50,(anonymous_4)
FN:55,(anonymous_5)
FN:66,(anonymous_6)
FNF:7
FNH:2
FNDA:1,(anonymous_0)
FNDA:1,(anonymous_1)
FNDA:0,(anonymous_2)
FNDA:0,(anonymous_3)
FNDA:0,(anonymous_4)
FNDA:0,(anonymous_5)
FNDA:0,(anonymous_6)
DA:14,1
DA:16,1
DA:17,1
DA:18,1
DA:27,1
DA:34,1
DA:35,0
DA:36,0
DA:41,0
DA:43,0
DA:44,0
DA:46,0
DA:47,0
DA:51,0
DA:52,0
DA:56,0
DA:57,0
DA:59,0
DA:60,0
DA:67,0
DA:69,0
DA:70,0
DA:71,0
DA:73,0
DA:74,0
LF:25
LH:6
BRDA:41,0,0,0
BRDA:41,1,0,0
BRDA:41,1,1,0
BRDA:46,2,0,0
BRDA:56,3,0,0
BRDA:56,3,1,0
BRDA:67,4,0,0
BRDA:67,4,1,0
BRF:8
BRH:0
end_of_record
TN:
SF:src/app/auth/pages/register/register.page.ts
FN:11,(anonymous_0)
FN:22,(anonymous_1)
FN:47,(anonymous_2)
FN:68,(anonymous_3)
FN:72,(anonymous_4)
FN:82,(anonymous_5)
FN:87,(anonymous_6)
FN:93,(anonymous_7)
FNF:8
FNH:2
FNDA:1,(anonymous_0)
FNDA:1,(anonymous_1)
FNDA:0,(anonymous_2)
FNDA:0,(anonymous_3)
FNDA:0,(anonymous_4)
FNDA:0,(anonymous_5)
FNDA:0,(anonymous_6)
FNDA:0,(anonymous_7)
DA:11,1
DA:12,1
DA:13,1
DA:21,1
DA:22,1
DA:25,1
DA:26,1
DA:33,1
DA:49,0
DA:55,0
DA:56,0
DA:57,0
DA:58,0
DA:59,0
DA:60,0
DA:63,0
DA:64,0
DA:69,0
DA:73,0
DA:75,0
DA:76,0
DA:78,0
DA:79,0
DA:83,0
DA:84,0
DA:88,0
DA:94,0
DA:96,0
DA:98,0
DA:99,0
DA:101,0
DA:103,0
LF:32
LH:8
BRDA:11,0,0,1
BRDA:11,0,1,1
BRDA:57,1,0,0
BRDA:57,1,1,0
BRDA:57,2,0,0
BRDA:57,2,1,0
BRDA:58,3,0,0
BRDA:58,3,1,0
BRDA:58,4,0,0
BRDA:58,4,1,0
BRDA:59,5,0,0
BRDA:59,6,0,0
BRDA:59,6,1,0
BRDA:59,7,0,0
BRDA:59,7,1,0
BRDA:63,8,0,0
BRDA:73,9,0,0
BRDA:73,10,0,0
BRDA:73,10,1,0
BRDA:78,11,0,0
BRDA:94,12,0,0
BRDA:96,13,0,0
BRDA:96,13,1,0
BRF:23
BRH:2
end_of_record
TN:
SF:src/app/auth/pages/restore-account/restore-account.page.ts
FN:11,(anonymous_0)
FN:13,(anonymous_1)
FN:17,(anonymous_2)
FNF:3
FNH:1
FNDA:1,(anonymous_0)
FNDA:0,(anonymous_1)
FNDA:0,(anonymous_2)
DA:10,1
DA:11,1
DA:14,0
DA:18,0
LF:4
LH:2
BRF:0
BRH:0
end_of_record
TN:
SF:src/app/auth/services/auth/auth.service.ts
FN:20,(anonymous_0)
FN:24,(anonymous_1)
FN:42,(anonymous_2)
FN:53,(anonymous_3)
FN:56,(anonymous_4)
FN:61,(anonymous_5)
FN:65,(anonymous_6)
FN:69,(anonymous_7)
FN:73,(anonymous_8)
FN:82,(anonymous_9)
FN:86,(anonymous_10)
FN:94,(anonymous_11)
FN:98,(anonymous_12)
FNF:13
FNH:1
FNDA:14,(anonymous_0)
FNDA:0,(anonymous_1)
FNDA:0,(anonymous_2)
FNDA:0,(anonymous_3)
FNDA:0,(anonymous_4)
FNDA:0,(anonymous_5)
FNDA:0,(anonymous_6)
FNDA:0,(anonymous_7)
FNDA:0,(anonymous_8)
FNDA:0,(anonymous_9)
FNDA:0,(anonymous_10)
FNDA:0,(anonymous_11)
FNDA:0,(anonymous_12)
DA:13,1
DA:14,14
DA:20,14
DA:21,14
DA:37,0
DA:51,0
DA:53,0
DA:57,0
DA:58,0
DA:62,0
DA:66,0
DA:70,0
DA:74,0
DA:83,0
DA:87,0
DA:88,0
DA:90,0
DA:95,0
DA:99,0
LF:19
LH:4
BRDA:87,0,0,0
BRDA:87,0,1,0
BRDA:99,1,0,0
BRDA:99,1,1,0
BRF:4
BRH:0
end_of_record
TN:
SF:src/app/auth/services/user/user.service.ts
FN:20,(anonymous_0)
FN:28,(anonymous_1)
FN:36,(anonymous_2)
FN:40,(anonymous_3)
FN:43,(anonymous_4)
FN:50,(anonymous_5)
FN:51,(anonymous_6)
FN:54,(anonymous_7)
FN:58,(anonymous_8)
FN:63,(anonymous_9)
FNF:10
FNH:2
FNDA:6,(anonymous_0)
FNDA:0,(anonymous_1)
FNDA:0,(anonymous_2)
FNDA:4,(anonymous_3)
FNDA:0,(anonymous_4)
FNDA:0,(anonymous_5)
FNDA:0,(anonymous_6)
FNDA:0,(anonymous_7)
FNDA:0,(anonymous_8)
FNDA:0,(anonymous_9)
DA:15,1
DA:16,6
DA:21,6
DA:22,6
DA:23,6
DA:25,6
DA:29,0
DA:37,0
DA:41,4
DA:42,4
DA:43,0
DA:47,4
DA:51,0
DA:55,0
DA:59,0
DA:63,1
DA:64,0
LF:17
LH:10
BRDA:41,0,0,0
BRF:1
BRH:0
end_of_record
TN:
SF:src/app/dashboard/classes/user.class.ts
FN:5,(anonymous_0)
FN:15,(anonymous_1)
FN:18,(anonymous_2)
FN:19,(anonymous_3)
FNF:4
FNH:0
FNDA:0,(anonymous_0)
FNDA:0,(anonymous_1)
FNDA:0,(anonymous_2)
FNDA:0,(anonymous_3)
DA:6,0
DA:7,0
DA:8,0
DA:9,0
DA:16,0
DA:18,0
DA:19,0
DA:22,0
DA:24,0
DA:25,0
DA:26,0
DA:27,0
LF:12
LH:0
BRF:0
BRH:0
end_of_record
TN:
SF:src/app/dashboard/components/member-list/member-list.component.ts
FN:24,(anonymous_0)
FN:16,(anonymous_1)
FN:17,(anonymous_2)
FN:20,(anonymous_3)
FN:21,(anonymous_4)
FN:26,(anonymous_5)
FNF:6
FNH:3
FNDA:1,(anonymous_0)
FNDA:2,(anonymous_1)
FNDA:0,(anonymous_2)
FNDA:4,(anonymous_3)
FNDA:0,(anonymous_4)
FNDA:0,(anonymous_5)
DA:10,1
DA:12,1
DA:14,1
DA:17,2
DA:21,4
DA:27,0
LF:6
LH:5
BRF:0
BRH:0
end_of_record
TN:
SF:src/app/dashboard/components/view-options/view-options.component.ts
FN:25,(anonymous_0)
FNF:1
FNH:1
FNDA:1,(anonymous_0)
DA:12,1
DA:13,1
DA:14,1
DA:25,1
DA:26,1
DA:28,1
DA:29,1
LF:7
LH:7
BRF:0
BRH:0
end_of_record
TN:
SF:src/app/dashboard/dialogs/add-member/add-member.dialog.ts
FN:28,(anonymous_0)
FN:34,(anonymous_1)
FN:45,(anonymous_2)
FNF:3
FNH:1
FNDA:1,(anonymous_0)
FNDA:0,(anonymous_1)
FNDA:0,(anonymous_2)
DA:20,1
DA:24,1
DA:29,1
DA:30,1
DA:31,1
DA:35,0
DA:37,0
DA:38,0
DA:40,0
DA:42,0
DA:46,0
LF:11
LH:5
BRDA:40,0,0,0
BRF:1
BRH:0
end_of_record
TN:
SF:src/app/dashboard/dialogs/status/status.dialog.ts
FN:28,(anonymous_0)
FN:33,(anonymous_1)
FN:41,(anonymous_2)
FN:45,(anonymous_3)
FNF:4
FNH:0
FNDA:0,(anonymous_0)
FNDA:0,(anonymous_1)
FNDA:0,(anonymous_2)
FNDA:0,(anonymous_3)
DA:20,1
DA:21,0
DA:29,0
DA:30,0
DA:34,0
DA:36,0
DA:37,0
DA:42,0
DA:46,0
DA:47,0
LF:10
LH:1
BRDA:36,0,0,0
BRDA:46,1,0,0
BRF:2
BRH:0
end_of_record
TN:
SF:src/app/dashboard/filters/sprint.filters.ts
FN:6,(anonymous_0)
FN:12,(anonymous_1)
FN:13,(anonymous_2)
FNF:3
FNH:0
FNDA:0,(anonymous_0)
FNDA:0,(anonymous_1)
FNDA:0,(anonymous_2)
DA:7,0
DA:13,0
LF:2
LH:0
BRF:0
BRH:0
end_of_record
TN:
SF:src/app/dashboard/modules/integration-modules/components/integration-github/integration-github.component.ts
FN:43,(anonymous_0)
FN:49,(anonymous_1)
FN:50,(anonymous_2)
FN:55,(anonymous_3)
FN:59,(anonymous_4)
FN:62,(anonymous_5)
FN:67,(anonymous_6)
FN:77,(anonymous_7)
FN:93,(anonymous_8)
FN:19,(anonymous_10)
FN:22,(anonymous_11)
FN:25,(anonymous_12)
FNF:12
FNH:4
FNDA:1,(anonymous_0)
FNDA:0,(anonymous_1)
FNDA:0,(anonymous_2)
FNDA:1,(anonymous_3)
FNDA:1,(anonymous_4)
FNDA:0,(anonymous_5)
FNDA:0,(anonymous_6)
FNDA:0,(anonymous_7)
FNDA:1,(anonymous_8)
FNDA:0,(anonymous_10)
FNDA:0,(anonymous_11)
FNDA:0,(anonymous_12)
DA:20,0
DA:23,0
DA:25,0
DA:33,1
DA:36,1
DA:38,1
DA:39,1
DA:41,1
DA:43,1
DA:45,1
DA:50,0
DA:51,0
DA:56,1
DA:59,1
DA:63,0
DA:69,0
DA:72,0
DA:74,0
DA:76,0
DA:78,0
DA:86,0
DA:94,1
DA:96,1
DA:97,0
LF:24
LH:11
BRDA:69,0,0,0
BRDA:69,1,0,0
BRDA:69,1,1,0
BRDA:72,2,0,0
BRDA:74,3,0,0
BRDA:74,3,1,0
BRDA:96,4,0,0
BRF:7
BRH:0
end_of_record
TN:
SF:src/app/dashboard/modules/integration-modules/decorators/integration-module/integration-module.decorator.ts
FN:6,IntegrationModule
FN:7,decorator
FNF:2
FNH:2
FNDA:1,IntegrationModule
FNDA:1,decorator
DA:7,1
DA:8,1
LF:2
LH:2
BRF:0
BRH:0
end_of_record
TN:
SF:src/app/dashboard/pages/create-project-members/create-project-members.page.ts
FN:47,(anonymous_0)
FN:66,(anonymous_1)
FN:70,(anonymous_2)
FN:75,(anonymous_3)
FN:81,(anonymous_4)
FN:83,(anonymous_5)
FN:84,(anonymous_6)
FN:89,(anonymous_7)
FNF:8
FNH:1
FNDA:1,(anonymous_0)
FNDA:0,(anonymous_1)
FNDA:0,(anonymous_2)
FNDA:0,(anonymous_3)
FNDA:0,(anonymous_4)
FNDA:0,(anonymous_5)
FNDA:0,(anonymous_6)
FNDA:0,(anonymous_7)
DA:20,1
DA:21,1
DA:26,1
DA:48,1
DA:49,1
DA:50,1
DA:51,1
DA:52,1
DA:53,1
DA:55,1
DA:56,1
DA:57,1
DA:58,1
DA:67,0
DA:71,0
DA:76,0
DA:77,0
DA:78,0
DA:79,0
DA:81,0
DA:82,0
DA:83,0
DA:84,0
DA:85,0
DA:89,0
DA:90,0
LF:26
LH:13
BRDA:76,0,0,0
BRDA:76,1,0,0
BRDA:76,1,1,0
BRDA:76,2,0,0
BRDA:76,2,1,0
BRDA:76,3,0,0
BRDA:76,3,1,0
BRDA:79,4,0,0
BRDA:82,5,0,0
BRDA:82,5,1,0
BRF:10
BRH:0
end_of_record
TN:
SF:src/app/dashboard/pages/create-workspace/create-workspace.page.ts
FN:37,(anonymous_0)
FN:43,(anonymous_1)
FN:49,(anonymous_2)
FN:50,(anonymous_3)
FNF:4
FNH:1
FNDA:1,(anonymous_0)
FNDA:0,(anonymous_1)
FNDA:0,(anonymous_2)
FNDA:0,(anonymous_3)
DA:19,1
DA:23,1
DA:37,1
DA:44,0
DA:45,0
DA:46,0
DA:47,0
DA:49,0
DA:50,0
DA:51,0
LF:10
LH:3
BRDA:44,0,0,0
BRDA:44,1,0,0
BRDA:44,1,1,0
BRDA:44,2,0,0
BRDA:44,2,1,0
BRDA:44,3,0,0
BRDA:44,3,1,0
BRDA:47,4,0,0
BRF:8
BRH:0
end_of_record
TN:
SF:src/app/dashboard/pages/edit-workspace/edit-workspace.page.ts
FN:44,(anonymous_0)
FN:58,(anonymous_1)
FN:60,(anonymous_2)
FN:69,(anonymous_3)
FN:75,(anonymous_4)
FN:76,(anonymous_5)
FNF:6
FNH:2
FNDA:1,(anonymous_0)
FNDA:1,(anonymous_1)
FNDA:0,(anonymous_2)
FNDA:0,(anonymous_3)
FNDA:0,(anonymous_4)
FNDA:0,(anonymous_5)
DA:18,1
DA:22,1
DA:45,1
DA:46,1
DA:47,1
DA:49,1
DA:51,1
DA:59,1
DA:60,1
DA:61,0
DA:70,0
DA:71,0
DA:72,0
DA:73,0
DA:75,0
DA:76,0
DA:77,0
LF:17
LH:9
BRDA:70,0,0,0
BRDA:70,1,0,0
BRDA:70,1,1,0
BRDA:70,2,0,0
BRDA:70,2,1,0
BRDA:70,3,0,0
BRDA:70,3,1,0
BRDA:73,4,0,0
BRF:8
BRH:0
end_of_record
TN:
SF:src/app/dashboard/pages/github-integration/github-integration.page.ts
FNF:0
FNH:0
DA:8,1
LF:1
LH:1
BRF:0
BRH:0
end_of_record
TN:
SF:src/app/dashboard/pages/projects-list/projects-list.page.ts
FN:24,(anonymous_0)
FN:37,(anonymous_1)
FN:37,(anonymous_2)
FN:41,(anonymous_3)
FN:45,(anonymous_4)
FN:49,(anonymous_5)
FN:50,(anonymous_6)
FN:51,(anonymous_7)
FNF:8
FNH:1
FNDA:1,(anonymous_0)
FNDA:0,(anonymous_1)
FNDA:0,(anonymous_2)
FNDA:0,(anonymous_3)
FNDA:0,(anonymous_4)
FNDA:0,(anonymous_5)
FNDA:0,(anonymous_6)
FNDA:0,(anonymous_7)
DA:16,1
DA:20,1
DA:25,1
DA:26,1
DA:27,1
DA:28,1
DA:29,1
DA:31,1
DA:33,1
DA:35,1
DA:36,1
DA:37,0
DA:42,0
DA:46,0
DA:50,0
DA:51,0
DA:52,0
LF:17
LH:11
BRF:0
BRH:0
end_of_record
TN:
SF:src/app/dashboard/pages/workspaces-list/workspaces-list.page.ts
FN:27,(anonymous_0)
FN:47,(anonymous_1)
FN:54,(anonymous_2)
FN:62,(anonymous_3)
FN:63,(anonymous_4)
FN:64,(anonymous_5)
FN:75,(anonymous_6)
FN:79,(anonymous_7)
FNF:8
FNH:3
FNDA:1,(anonymous_0)
FNDA:1,(anonymous_1)
FNDA:1,(anonymous_2)
FNDA:0,(anonymous_3)
FNDA:0,(anonymous_4)
FNDA:0,(anonymous_5)
FNDA:0,(anonymous_6)
FNDA:0,(anonymous_7)
DA:20,1
DA:28,1
DA:29,1
DA:30,1
DA:31,1
DA:37,1
DA:48,1
DA:55,1
DA:63,0
DA:64,0
DA:66,0
DA:76,0
DA:80,0
LF:13
LH:8
BRF:0
BRH:0
end_of_record
TN:
SF:src/app/dashboard/services/git-integration/git-integration.service.ts
FN:33,(anonymous_0)
FN:61,(anonymous_1)
FN:63,(anonymous_2)
FN:64,(anonymous_3)
FN:70,(anonymous_4)
FN:71,(anonymous_5)
FN:82,(anonymous_6)
FN:91,(anonymous_7)
FN:100,(anonymous_8)
FN:121,(anonymous_9)
FN:125,(anonymous_10)
FN:126,(anonymous_11)
FN:136,(anonymous_12)
FN:148,(anonymous_13)
FN:161,(anonymous_14)
FN:162,(anonymous_15)
FN:170,(anonymous_16)
FN:183,(anonymous_17)
FN:198,(anonymous_18)
FN:208,(anonymous_19)
FN:212,(anonymous_20)
FN:214,(anonymous_21)
FNF:22
FNH:3
FNDA:3,(anonymous_0)
FNDA:0,(anonymous_1)
FNDA:0,(anonymous_2)
FNDA:0,(anonymous_3)
FNDA:0,(anonymous_4)
FNDA:0,(anonymous_5)
FNDA:0,(anonymous_6)
FNDA:1,(anonymous_7)
FNDA:0,(anonymous_8)
FNDA:1,(anonymous_9)
FNDA:0,(anonymous_10)
FNDA:0,(anonymous_11)
FNDA:0,(anonymous_12)
FNDA:0,(anonymous_13)
FNDA:0,(anonymous_14)
FNDA:0,(anonymous_15)
FNDA:0,(anonymous_16)
FNDA:0,(anonymous_17)
FNDA:0,(anonymous_18)
FNDA:0,(anonymous_19)
FNDA:0,(anonymous_20)
FNDA:0,(anonymous_21)
DA:25,1
DA:34,3
DA:35,3
DA:36,3
DA:38,3
DA:41,3
DA:62,0
DA:63,0
DA:65,0
DA:67,0
DA:69,0
DA:70,0
DA:71,0
DA:83,0
DA:92,1
DA:104,0
DA:121,1
DA:122,1
DA:126,0
DA:137,0
DA:149,0
DA:162,0
DA:171,0
DA:184,0
DA:199,0
DA:200,0
DA:209,0
DA:213,0
DA:215,0
LF:29
LH:9
BRDA:67,0,0,0
BRDA:215,1,0,0
BRDA:215,1,1,0
BRF:3
BRH:0
end_of_record
TN:
SF:src/app/dashboard/services/member/member.service.ts
FN:26,(anonymous_0)
FN:36,(anonymous_1)
FN:46,(anonymous_2)
FN:61,(anonymous_3)
FN:75,(anonymous_4)
FN:87,(anonymous_5)
FN:89,(anonymous_6)
FN:90,(anonymous_7)
FN:98,(anonymous_8)
FN:100,(anonymous_9)
FN:100,(anonymous_10)
FNF:11
FNH:3
FNDA:12,(anonymous_0)
FNDA:1,(anonymous_1)
FNDA:0,(anonymous_2)
FNDA:0,(anonymous_3)
FNDA:0,(anonymous_4)
FNDA:1,(anonymous_5)
FNDA:0,(anonymous_6)
FNDA:0,(anonymous_7)
FNDA:0,(anonymous_8)
FNDA:0,(anonymous_9)
FNDA:0,(anonymous_10)
DA:14,1
DA:17,12
DA:26,12
DA:27,12
DA:36,1
DA:37,1
DA:47,0
DA:62,0
DA:79,0
DA:88,1
DA:90,0
DA:91,0
DA:92,0
DA:99,0
DA:100,0
LF:15
LH:7
BRF:0
BRH:0
end_of_record
TN:
SF:src/app/dashboard/services/project/project.service.ts
FN:32,(anonymous_0)
FN:47,(anonymous_1)
FN:61,(anonymous_2)
FN:75,(anonymous_3)
FN:89,(anonymous_4)
FN:101,(anonymous_5)
FN:103,(anonymous_6)
FN:104,(anonymous_7)
FN:105,(anonymous_8)
FN:113,(anonymous_9)
FN:119,(anonymous_10)
FN:126,(anonymous_11)
FNF:12
FNH:2
FNDA:10,(anonymous_0)
FNDA:1,(anonymous_1)
FNDA:0,(anonymous_2)
FNDA:0,(anonymous_3)
FNDA:0,(anonymous_4)
FNDA:0,(anonymous_5)
FNDA:0,(anonymous_6)
FNDA:0,(anonymous_7)
FNDA:0,(anonymous_8)
FNDA:0,(anonymous_9)
FNDA:0,(anonymous_10)
FNDA:0,(anonymous_11)
DA:17,1
DA:20,10
DA:33,10
DA:34,10
DA:35,10
DA:37,10
DA:47,1
DA:48,1
DA:62,0
DA:76,0
DA:90,0
DA:102,0
DA:104,0
DA:105,0
DA:106,0
DA:113,1
DA:114,0
DA:120,0
DA:121,0
DA:123,0
DA:127,0
LF:21
LH:9
BRF:0
BRH:0
end_of_record
TN:
SF:src/app/dashboard/services/workspace/workspace.service.ts
FN:30,(anonymous_0)
FN:40,(anonymous_1)
FN:53,(anonymous_2)
FN:67,(anonymous_3)
FN:81,(anonymous_4)
FN:90,(anonymous_5)
FN:103,(anonymous_6)
FN:105,(anonymous_7)
FN:106,(anonymous_8)
FN:107,(anonymous_9)
FNF:10
FNH:3
FNDA:16,(anonymous_0)
FNDA:1,(anonymous_1)
FNDA:0,(anonymous_2)
FNDA:0,(anonymous_3)
FNDA:1,(anonymous_4)
FNDA:0,(anonymous_5)
FNDA:0,(anonymous_6)
FNDA:0,(anonymous_7)
FNDA:0,(anonymous_8)
FNDA:0,(anonymous_9)
DA:15,1
DA:18,16
DA:30,16
DA:31,16
DA:40,1
DA:41,1
DA:54,0
DA:68,0
DA:81,1
DA:82,1
DA:91,0
DA:104,0
DA:106,0
DA:107,0
DA:109,0
DA:110,0
DA:112,0
LF:17
LH:8
BRDA:109,0,0,0
BRF:1
BRH:0
end_of_record
TN:
SF:src/app/landing-page/landing-page/landing-page.component.ts
FN:9,(anonymous_0)
FNF:1
FNH:1
FNDA:1,(anonymous_0)
DA:8,1
LF:1
LH:1
BRF:0
BRH:0
end_of_record
TN:
SF:src/app/settings/components/integration-entry/integration-entry.component.ts
FN:16,(anonymous_0)
FN:18,(anonymous_1)
FNF:2
FNH:2
FNDA:1,(anonymous_0)
FNDA:1,(anonymous_1)
DA:8,1
DA:12,1
DA:14,1
LF:3
LH:3
BRF:0
BRH:0
end_of_record
TN:
SF:src/app/settings/components/list-group/list-group.component.ts
FN:11,(anonymous_0)
FN:13,(anonymous_1)
FNF:2
FNH:2
FNDA:1,(anonymous_0)
FNDA:1,(anonymous_1)
DA:8,1
LF:1
LH:1
BRF:0
BRH:0
end_of_record
TN:
SF:src/app/settings/pages/settings/settings.page.ts
FN:15,(anonymous_0)
FN:17,(anonymous_1)
FNF:2
FNH:2
FNDA:1,(anonymous_0)
FNDA:1,(anonymous_1)
DA:9,1
DA:10,1
DA:11,1
DA:12,1
DA:13,1
LF:5
LH:5
BRF:0
BRH:0
end_of_record
TN:
SF:src/app/settings/pages/settings-account/settings-account.page.ts
FN:14,(anonymous_0)
FN:27,(anonymous_1)
FN:28,(anonymous_2)
FN:33,(anonymous_3)
FN:38,(anonymous_4)
FN:43,(anonymous_5)
FN:46,(anonymous_6)
FN:51,(anonymous_7)
FN:52,(anonymous_8)
FNF:9
FNH:2
FNDA:1,(anonymous_0)
FNDA:1,(anonymous_1)
FNDA:0,(anonymous_2)
FNDA:0,(anonymous_3)
FNDA:0,(anonymous_4)
FNDA:0,(anonymous_5)
FNDA:0,(anonymous_6)
FNDA:0,(anonymous_7)
FNDA:0,(anonymous_8)
DA:13,1
DA:15,1
DA:16,1
DA:17,1
DA:20,1
DA:28,1
DA:29,0
DA:34,0
DA:35,0
DA:36,0
DA:38,0
DA:39,0
DA:44,0
DA:46,0
DA:47,0
DA:52,0
DA:54,0
LF:17
LH:6
BRDA:36,0,0,0
BRF:1
BRH:0
end_of_record
TN:
SF:src/app/settings/pages/settings-integrations/settings-integrations.page.ts
FN:25,(anonymous_0)
FN:27,(anonymous_1)
FN:31,(anonymous_2)
FN:35,(anonymous_3)
FN:37,(anonymous_4)
FN:38,(anonymous_5)
FN:48,(anonymous_6)
FN:49,(anonymous_7)
FN:54,(anonymous_8)
FN:57,(anonymous_9)
FN:57,(anonymous_10)
FNF:11
FNH:3
FNDA:1,(anonymous_0)
FNDA:1,(anonymous_1)
FNDA:0,(anonymous_2)
FNDA:1,(anonymous_3)
FNDA:0,(anonymous_4)
FNDA:0,(anonymous_5)
FNDA:0,(anonymous_6)
FNDA:0,(anonymous_7)
FNDA:0,(anonymous_8)
FNDA:0,(anonymous_9)
FNDA:0,(anonymous_10)
DA:19,1
DA:23,1
DA:25,1
DA:28,1
DA:32,0
DA:36,1
DA:38,0
DA:39,0
DA:49,0
DA:50,0
DA:55,0
DA:57,0
LF:12
LH:5
BRF:0
BRH:0
end_of_record
TN:
SF:src/app/settings/pages/settings-localization/settings-localization.page.ts
FN:63,(anonymous_0)
FN:53,(anonymous_1)
FN:58,(anonymous_2)
FN:65,(anonymous_3)
FN:66,(anonymous_4)
FN:71,(anonymous_5)
FN:72,(anonymous_6)
FN:83,(anonymous_7)
FNF:8
FNH:4
FNDA:1,(anonymous_0)
FNDA:4,(anonymous_1)
FNDA:3,(anonymous_2)
FNDA:1,(anonymous_3)
FNDA:0,(anonymous_4)
FNDA:0,(anonymous_5)
FNDA:0,(anonymous_6)
FNDA:0,(anonymous_7)
DA:14,1
DA:15,1
DA:22,1
DA:53,4
DA:58,3
DA:63,1
DA:66,1
DA:67,0
DA:72,0
DA:73,0
DA:75,0
DA:76,0
DA:78,0
DA:84,0
LF:14
LH:7
BRDA:75,0,0,0
BRDA:75,0,1,0
BRF:2
BRH:0
end_of_record
TN:
SF:src/app/settings/pages/settings-sessions/settings-sessions.page.ts
FN:16,(anonymous_0)
FN:17,(anonymous_1)
FN:21,(anonymous_2)
FN:36,(anonymous_3)
FN:49,(anonymous_4)
FN:61,(anonymous_5)
FNF:6
FNH:2
FNDA:1,(anonymous_0)
FNDA:1,(anonymous_1)
FNDA:0,(anonymous_2)
FNDA:0,(anonymous_3)
FNDA:0,(anonymous_4)
FNDA:0,(anonymous_5)
DA:13,1
DA:16,1
DA:18,1
DA:22,0
DA:23,0
DA:25,0
DA:26,0
DA:27,0
DA:29,0
DA:32,0
DA:37,0
DA:38,0
DA:39,0
DA:40,0
DA:41,0
DA:43,0
DA:44,0
DA:46,0
DA:50,0
DA:51,0
DA:52,0
DA:54,0
DA:55,0
DA:56,0
DA:58,0
DA:62,0
LF:26
LH:3
BRDA:25,0,0,0
BRDA:25,0,1,0
BRDA:26,1,0,0
BRDA:26,1,1,0
BRDA:38,2,0,0
BRDA:38,2,1,0
BRDA:39,3,0,0
BRDA:39,3,1,0
BRDA:40,4,0,0
BRDA:43,5,0,0
BRDA:51,6,0,0
BRDA:54,7,0,0
BRDA:55,8,0,0
BRF:13
BRH:0
end_of_record
TN:
SF:src/app/settings/services/sessions.service.ts
FN:18,(anonymous_0)
FN:22,(anonymous_1)
FN:26,(anonymous_2)
FNF:3
FNH:2
FNDA:2,(anonymous_0)
FNDA:1,(anonymous_1)
FNDA:0,(anonymous_2)
DA:11,1
DA:12,2
DA:18,2
DA:19,2
DA:23,1
DA:27,0
LF:6
LH:5
BRF:0
BRH:0
end_of_record
TN:
SF:src/app/tasks/tasks.module.ts
FNF:0
FNH:0
DA:73,1
LF:1
LH:1
BRF:0
BRH:0
end_of_record
TN:
SF:src/app/tasks/tasks.routing.ts
FN:40,(anonymous_0)
FN:40,(anonymous_1)
FNF:2
FNH:0
FNDA:0,(anonymous_0)
FNDA:0,(anonymous_1)
DA:10,1
DA:40,0
DA:51,1
LF:3
LH:2
BRF:0
BRH:0
end_of_record
TN:
SF:src/app/tasks/components/board-task/board-task.component.ts
FN:27,(anonymous_0)
FN:29,(anonymous_1)
FN:30,(anonymous_2)
FN:35,(anonymous_3)
FN:36,(anonymous_4)
FN:41,(anonymous_5)
FN:42,(anonymous_6)
FNF:7
FNH:1
FNDA:1,(anonymous_0)
FNDA:0,(anonymous_1)
FNDA:0,(anonymous_2)
FNDA:0,(anonymous_3)
FNDA:0,(anonymous_4)
FNDA:0,(anonymous_5)
FNDA:0,(anonymous_6)
DA:13,1
DA:21,1
DA:23,1
DA:24,1
DA:25,1
DA:27,1
DA:30,0
DA:31,0
DA:36,0
DA:37,0
DA:42,0
DA:43,0
DA:45,0
LF:13
LH:6
BRDA:43,0,0,0
BRF:1
BRH:0
end_of_record
TN:
SF:src/app/tasks/components/input-assignee/input-assignee.component.ts
FN:66,(anonymous_0)
FN:20,(anonymous_1)
FN:29,(anonymous_2)
FN:33,(anonymous_3)
FN:58,(anonymous_4)
FN:62,(anonymous_5)
FN:74,(anonymous_6)
FN:75,(anonymous_7)
FN:80,(anonymous_8)
FN:82,(anonymous_9)
FN:87,(anonymous_10)
FN:91,(anonymous_11)
FN:98,(anonymous_12)
FN:102,(anonymous_13)
FNF:14
FNH:2
FNDA:1,(anonymous_0)
FNDA:0,(anonymous_1)
FNDA:16,(anonymous_2)
FNDA:0,(anonymous_3)
FNDA:0,(anonymous_4)
FNDA:0,(anonymous_5)
FNDA:0,(anonymous_6)
FNDA:0,(anonymous_7)
FNDA:0,(anonymous_8)
FNDA:0,(anonymous_9)
FNDA:0,(anonymous_10)
FNDA:0,(anonymous_11)
FNDA:0,(anonymous_12)
FNDA:0,(anonymous_13)
DA:19,1
DA:21,0
DA:23,0
DA:24,0
DA:26,0
DA:30,16
DA:34,0
DA:35,0
DA:36,0
DA:38,0
DA:39,0
DA:40,0
DA:41,0
DA:42,0
DA:44,0
DA:52,1
DA:54,1
DA:55,1
DA:59,0
DA:63,0
DA:67,1
DA:68,1
DA:71,1
DA:75,0
DA:76,0
DA:80,0
DA:82,0
DA:83,0
DA:88,0
DA:92,0
DA:93,0
DA:95,0
DA:99,0
DA:100,0
DA:103,0
DA:104,0
LF:36
LH:8
BRDA:23,0,0,0
BRDA:23,0,1,0
BRDA:24,1,0,0
BRDA:24,1,1,0
BRDA:24,2,0,0
BRDA:24,2,1,0
BRDA:34,3,0,0
BRDA:34,3,1,0
BRDA:39,4,0,0
BRDA:80,5,0,0
BRDA:80,5,1,0
BRDA:80,6,0,0
BRDA:80,6,1,0
BRDA:92,7,0,0
BRDA:99,8,0,0
BRDA:99,9,0,0
BRDA:99,9,1,0
BRDA:101,10,0,0
BRDA:101,10,1,0
BRDA:101,11,0,0
BRDA:101,11,1,0
BRDA:101,12,0,0
BRDA:101,12,1,0
BRF:23
BRH:0
end_of_record
TN:
SF:src/app/tasks/components/input-epic/input-epic.component.ts
FN:42,(anonymous_0)
FN:18,(anonymous_1)
FN:25,(anonymous_2)
FN:29,(anonymous_3)
FN:34,(anonymous_4)
FN:46,(anonymous_5)
FN:50,(anonymous_6)
FN:55,(anonymous_7)
FN:59,(anonymous_8)
FNF:9
FNH:0
FNDA:0,(anonymous_0)
FNDA:0,(anonymous_1)
FNDA:0,(anonymous_2)
FNDA:0,(anonymous_3)
FNDA:0,(anonymous_4)
FNDA:0,(anonymous_5)
FNDA:0,(anonymous_6)
FNDA:0,(anonymous_7)
FNDA:0,(anonymous_8)
DA:14,1
DA:19,0
DA:20,0
DA:21,0
DA:26,0
DA:30,0
DA:31,0
DA:35,0
DA:38,0
DA:40,0
DA:42,0
DA:43,0
DA:47,0
DA:51,0
DA:52,0
DA:56,0
DA:60,0
LF:17
LH:1
BRDA:20,0,0,0
BRDA:30,1,0,0
BRDA:30,1,1,0
BRDA:51,2,0,0
BRDA:51,3,0,0
BRDA:51,3,1,0
BRF:6
BRH:0
end_of_record
TN:
SF:src/app/tasks/components/input-issue/input-issue.component.ts
FN:37,(anonymous_0)
FN:13,(anonymous_1)
FN:20,(anonymous_2)
FN:24,(anonymous_3)
FN:29,(anonymous_4)
FN:45,(anonymous_5)
FNF:6
FNH:0
FNDA:0,(anonymous_0)
FNDA:0,(anonymous_1)
FNDA:0,(anonymous_2)
FNDA:0,(anonymous_3)
FNDA:0,(anonymous_4)
FNDA:0,(anonymous_5)
DA:12,1
DA:14,0
DA:15,0
DA:16,0
DA:21,0
DA:25,0
DA:26,0
DA:30,0
DA:33,0
DA:35,0
DA:39,0
DA:42,0
DA:46,0
DA:47,0
LF:14
LH:1
BRDA:15,0,0,0
BRDA:25,1,0,0
BRDA:25,1,1,0
BRF:3
BRH:0
end_of_record
TN:
SF:src/app/tasks/components/input-pull-request/input-pull-request.component.ts
FN:42,(anonymous_0)
FN:18,(anonymous_1)
FN:25,(anonymous_2)
FN:29,(anonymous_3)
FN:34,(anonymous_4)
FN:50,(anonymous_5)
FN:55,(anonymous_6)
FN:60,(anonymous_7)
FN:64,(anonymous_8)
FNF:9
FNH:0
FNDA:0,(anonymous_0)
FNDA:0,(anonymous_1)
FNDA:0,(anonymous_2)
FNDA:0,(anonymous_3)
FNDA:0,(anonymous_4)
FNDA:0,(anonymous_5)
FNDA:0,(anonymous_6)
FNDA:0,(anonymous_7)
FNDA:0,(anonymous_8)
DA:14,1
DA:19,0
DA:20,0
DA:21,0
DA:26,0
DA:30,0
DA:31,0
DA:35,0
DA:38,0
DA:40,0
DA:44,0
DA:47,0
DA:51,0
DA:52,0
DA:56,0
DA:57,0
DA:61,0
DA:65,0
DA:66,0
LF:19
LH:1
BRDA:20,0,0,0
BRDA:30,1,0,0
BRDA:30,1,1,0
BRDA:56,2,0,0
BRDA:56,3,0,0
BRDA:56,3,1,0
BRF:6
BRH:0
end_of_record
TN:
SF:src/app/tasks/components/input-task-parent/input-task-parent.component.ts
FN:54,(anonymous_0)
FN:22,(anonymous_1)
FN:29,(anonymous_2)
FN:36,(anonymous_3)
FN:40,(anonymous_4)
FN:45,(anonymous_5)
FN:58,(anonymous_6)
FN:63,(anonymous_7)
FN:68,(anonymous_8)
FN:70,(anonymous_9)
FN:73,(anonymous_10)
FN:78,(anonymous_11)
FN:82,(anonymous_12)
FNF:13
FNH:0
FNDA:0,(anonymous_0)
FNDA:0,(anonymous_1)
FNDA:0,(anonymous_2)
FNDA:0,(anonymous_3)
FNDA:0,(anonymous_4)
FNDA:0,(anonymous_5)
FNDA:0,(anonymous_6)
FNDA:0,(anonymous_7)
FNDA:0,(anonymous_8)
FNDA:0,(anonymous_9)
FNDA:0,(anonymous_10)
FNDA:0,(anonymous_11)
FNDA:0,(anonymous_12)
DA:18,1
DA:23,0
DA:24,0
DA:25,0
DA:30,0
DA:31,0
DA:32,0
DA:37,0
DA:41,0
DA:42,0
DA:46,0
DA:49,0
DA:52,0
DA:54,0
DA:55,0
DA:59,0
DA:60,0
DA:64,0
DA:66,0
DA:68,0
DA:70,0
DA:74,0
DA:75,0
DA:79,0
DA:83,0
LF:25
LH:1
BRDA:24,0,0,0
BRDA:24,1,0,0
BRDA:24,1,1,0
BRDA:31,2,0,0
BRDA:31,3,0,0
BRDA:31,3,1,0
BRDA:41,4,0,0
BRDA:41,4,1,0
BRDA:64,5,0,0
BRDA:68,6,0,0
BRDA:68,6,1,0
BRDA:74,7,0,0
BRDA:74,8,0,0
BRDA:74,8,1,0
BRF:14
BRH:0
end_of_record
TN:
SF:src/app/tasks/components/input-task-property/input-task-property.component.ts
FN:12,(anonymous_1)
FN:16,(anonymous_2)
FN:23,(anonymous_3)
FN:40,(anonymous_4)
FN:44,(anonymous_5)
FNF:5
FNH:0
FNDA:0,(anonymous_1)
FNDA:0,(anonymous_2)
FNDA:0,(anonymous_3)
FNDA:0,(anonymous_4)
FNDA:0,(anonymous_5)
DA:9,1
DA:10,0
DA:13,0
DA:14,0
DA:15,0
DA:16,0
DA:17,0
DA:20,0
DA:24,0
DA:26,0
DA:27,0
DA:31,0
DA:32,0
DA:35,0
DA:38,0
DA:41,0
DA:45,0
LF:17
LH:1
BRDA:14,0,0,0
BRDA:14,0,1,0
BRF:2
BRH:0
end_of_record
TN:
SF:src/app/tasks/components/status-label/status-label.component.ts
FN:30,(anonymous_0)
FN:20,(anonymous_1)
FN:22,(anonymous_2)
FN:43,(anonymous_3)
FN:47,(anonymous_4)
FN:51,(anonymous_5)
FN:52,(anonymous_6)
FN:56,(anonymous_7)
FN:58,(anonymous_8)
FN:63,(anonymous_9)
FN:67,(anonymous_10)
FN:74,(anonymous_11)
FN:76,(anonymous_12)
FNF:13
FNH:1
FNDA:1,(anonymous_0)
FNDA:0,(anonymous_1)
FNDA:0,(anonymous_2)
FNDA:0,(anonymous_3)
FNDA:0,(anonymous_4)
FNDA:0,(anonymous_5)
FNDA:0,(anonymous_6)
FNDA:0,(anonymous_7)
FNDA:0,(anonymous_8)
FNDA:0,(anonymous_9)
FNDA:0,(anonymous_10)
FNDA:0,(anonymous_11)
FNDA:0,(anonymous_12)
DA:15,1
DA:16,1
DA:21,0
DA:22,0
DA:23,0
DA:24,0
DA:28,1
DA:31,1
DA:32,1
DA:35,1
DA:40,1
DA:41,1
DA:44,0
DA:48,0
DA:52,0
DA:53,0
DA:56,0
DA:58,0
DA:59,0
DA:64,0
DA:68,0
DA:69,0
DA:71,0
DA:75,0
DA:76,0
DA:77,0
DA:78,0
LF:27
LH:8
BRDA:56,0,0,0
BRDA:56,0,1,0
BRDA:56,1,0,0
BRDA:56,1,1,0
BRDA:68,2,0,0
BRDA:75,3,0,0
BRDA:75,4,0,0
BRDA:75,4,1,0
BRF:8
BRH:0
end_of_record
TN:
SF:src/app/tasks/components/task-list/task-list.component.ts
FN:19,(anonymous_0)
FN:21,(anonymous_1)
FNF:2
FNH:0
FNDA:0,(anonymous_0)
FNDA:0,(anonymous_1)
DA:11,1
DA:12,0
DA:15,0
DA:17,0
DA:22,0
LF:5
LH:1
BRF:0
BRH:0
end_of_record
TN:
SF:src/app/tasks/components/task-row/task-row.component.ts
FN:42,(anonymous_0)
FN:44,(anonymous_1)
FN:48,(anonymous_2)
FN:52,(anonymous_3)
FN:56,(anonymous_4)
FN:64,(anonymous_5)
FN:68,(anonymous_6)
FN:72,(anonymous_7)
FN:76,(anonymous_8)
FNF:9
FNH:0
FNDA:0,(anonymous_0)
FNDA:0,(anonymous_1)
FNDA:0,(anonymous_2)
FNDA:0,(anonymous_3)
FNDA:0,(anonymous_4)
FNDA:0,(anonymous_5)
FNDA:0,(anonymous_6)
FNDA:0,(anonymous_7)
FNDA:0,(anonymous_8)
DA:18,1
DA:21,0
DA:23,0
DA:27,0
DA:28,0
DA:31,0
DA:34,0
DA:37,0
DA:40,0
DA:42,0
DA:45,0
DA:49,0
DA:53,0
DA:57,0
DA:58,0
DA:60,0
DA:65,0
DA:69,0
DA:73,0
DA:77,0
LF:20
LH:1
BRDA:45,0,0,0
BRDA:45,0,1,0
BRDA:45,1,0,0
BRDA:45,1,1,0
BRDA:45,2,0,0
BRDA:45,2,1,0
BRDA:57,3,0,0
BRDA:57,3,1,0
BRF:8
BRH:0
end_of_record
TN:
SF:src/app/tasks/components/task-view-options/task-view-options.component.ts
FN:36,(anonymous_0)
FN:43,(anonymous_1)
FN:44,(anonymous_2)
FN:49,(anonymous_3)
FNF:4
FNH:2
FNDA:1,(anonymous_0)
FNDA:0,(anonymous_1)
FNDA:0,(anonymous_2)
FNDA:1,(anonymous_3)
DA:15,1
DA:16,1
DA:17,1
DA:18,1
DA:23,1
DA:29,1
DA:32,1
DA:34,1
DA:36,1
DA:37,1
DA:39,1
DA:40,1
DA:44,0
DA:45,0
DA:50,1
DA:51,0
LF:16
LH:13
BRDA:50,0,0,0
BRF:1
BRH:0
end_of_record
TN:
SF:src/app/tasks/components/tasks-board/tasks-board.component.ts
FN:47,(anonymous_0)
FN:57,(anonymous_1)
FN:58,(anonymous_2)
FN:61,(anonymous_3)
FN:71,(anonymous_4)
FN:96,(anonymous_5)
FN:106,(anonymous_6)
FN:113,(anonymous_7)
FN:115,(anonymous_8)
FN:122,(anonymous_9)
FN:126,(anonymous_10)
FN:130,(anonymous_11)
FNF:12
FNH:1
FNDA:1,(anonymous_0)
FNDA:0,(anonymous_1)
FNDA:0,(anonymous_2)
FNDA:0,(anonymous_3)
FNDA:0,(anonymous_4)
FNDA:0,(anonymous_5)
FNDA:0,(anonymous_6)
FNDA:0,(anonymous_7)
FNDA:0,(anonymous_8)
FNDA:0,(anonymous_9)
FNDA:0,(anonymous_10)
FNDA:0,(anonymous_11)
DA:24,1
DA:25,1
DA:28,1
DA:31,1
DA:34,1
DA:37,1
DA:40,1
DA:43,1
DA:45,1
DA:48,1
DA:49,1
DA:50,1
DA:52,1
DA:54,1
DA:58,0
DA:62,0
DA:65,0
DA:66,0
DA:67,0
DA:68,0
DA:69,0
DA:71,0
DA:72,0
DA:73,0
DA:75,0
DA:76,0
DA:78,0
DA:88,0
DA:89,0
DA:97,0
DA:99,0
DA:102,0
DA:107,0
DA:114,0
DA:115,0
DA:116,0
DA:123,0
DA:127,0
DA:131,0
DA:132,0
DA:133,0
LF:41
LH:14
BRDA:58,0,0,0
BRDA:58,0,1,0
BRDA:58,1,0,0
BRDA:58,1,1,0
BRDA:75,2,0,0
BRDA:75,2,1,0
BRDA:88,3,0,0
BRDA:88,3,1,0
BRDA:88,4,0,0
BRDA:88,4,1,0
BRDA:97,5,0,0
BRDA:114,6,0,0
BRDA:123,7,0,0
BRDA:123,7,1,0
BRDA:132,8,0,0
BRDA:132,8,1,0
BRF:16
BRH:0
end_of_record
TN:
SF:src/app/tasks/components/tracker/tracker.component.ts
FN:68,(anonymous_0)
FN:23,(anonymous_1)
FN:26,(anonymous_2)
FN:27,(anonymous_3)
FN:30,(anonymous_4)
FN:34,(anonymous_5)
FN:60,(anonymous_6)
FN:64,(anonymous_7)
FN:74,(anonymous_8)
FN:77,(anonymous_9)
FN:80,(anonymous_10)
FN:85,(anonymous_11)
FN:89,(anonymous_12)
FN:93,(anonymous_13)
FN:100,(anonymous_14)
FN:105,(anonymous_15)
FN:110,(anonymous_16)
FN:117,(anonymous_17)
FN:121,(anonymous_18)
FN:125,(anonymous_19)
FN:126,(anonymous_20)
FNF:21
FNH:0
FNDA:0,(anonymous_0)
FNDA:0,(anonymous_1)
FNDA:0,(anonymous_2)
FNDA:0,(anonymous_3)
FNDA:0,(anonymous_4)
FNDA:0,(anonymous_5)
FNDA:0,(anonymous_6)
FNDA:0,(anonymous_7)
FNDA:0,(anonymous_8)
FNDA:0,(anonymous_9)
FNDA:0,(anonymous_10)
FNDA:0,(anonymous_11)
FNDA:0,(anonymous_12)
FNDA:0,(anonymous_13)
FNDA:0,(anonymous_14)
FNDA:0,(anonymous_15)
FNDA:0,(anonymous_16)
FNDA:0,(anonymous_17)
FNDA:0,(anonymous_18)
FNDA:0,(anonymous_19)
FNDA:0,(anonymous_20)
DA:19,1
DA:24,0
DA:25,0
DA:26,0
DA:27,0
DA:29,0
DA:30,0
DA:31,0
DA:35,0
DA:39,0
DA:42,0
DA:45,0
DA:48,0
DA:51,0
DA:53,0
DA:55,0
DA:57,0
DA:58,0
DA:61,0
DA:65,0
DA:69,0
DA:70,0
DA:71,0
DA:75,0
DA:77,0
DA:81,0
DA:86,0
DA:90,0
DA:94,0
DA:95,0
DA:97,0
DA:101,0
DA:102,0
DA:106,0
DA:107,0
DA:111,0
DA:112,0
DA:114,0
DA:118,0
DA:122,0
DA:126,0
DA:127,0
LF:42
LH:1
BRDA:30,0,0,0
BRDA:30,1,0,0
BRDA:30,1,1,0
BRDA:30,1,2,0
BRDA:30,2,0,0
BRDA:30,2,1,0
BRDA:30,3,0,0
BRDA:30,3,1,0
BRDA:94,4,0,0
BRDA:111,5,0,0
BRF:10
BRH:0
end_of_record
TN:
SF:src/app/tasks/components/tracker/tracker-entry/tracker-entry.component.ts
FN:44,(anonymous_0)
FN:21,(anonymous_1)
FN:25,(anonymous_2)
FN:48,(anonymous_3)
FN:49,(anonymous_4)
FN:59,(anonymous_5)
FN:68,(anonymous_6)
FN:73,(anonymous_7)
FN:78,(anonymous_8)
FN:85,(anonymous_9)
FNF:10
FNH:0
FNDA:0,(anonymous_0)
FNDA:0,(anonymous_1)
FNDA:0,(anonymous_2)
FNDA:0,(anonymous_3)
FNDA:0,(anonymous_4)
FNDA:0,(anonymous_5)
FNDA:0,(anonymous_6)
FNDA:0,(anonymous_7)
FNDA:0,(anonymous_8)
FNDA:0,(anonymous_9)
DA:20,1
DA:22,0
DA:23,0
DA:26,0
DA:29,0
DA:31,0
DA:36,0
DA:37,0
DA:42,0
DA:44,0
DA:45,0
DA:49,0
DA:50,0
DA:52,0
DA:53,0
DA:54,0
DA:60,0
DA:61,0
DA:62,0
DA:65,0
DA:69,0
DA:74,0
DA:75,0
DA:79,0
DA:82,0
DA:86,0
LF:26
LH:1
BRDA:50,0,0,0
BRDA:50,1,0,0
BRDA:50,1,1,0
BRDA:53,2,0,0
BRDA:60,3,0,0
BRDA:74,4,0,0
BRDA:74,4,1,0
BRF:7
BRH:0
end_of_record
TN:
SF:src/app/tasks/dialogs/sprint/sprint.dialog.ts
FN:18,(anonymous_0)
FN:53,(anonymous_1)
FN:60,(anonymous_2)
FN:70,(anonymous_3)
FN:76,(anonymous_4)
FN:82,(anonymous_5)
FNF:6
FNH:1
FNDA:1,(anonymous_0)
FNDA:0,(anonymous_1)
FNDA:0,(anonymous_2)
FNDA:0,(anonymous_3)
FNDA:0,(anonymous_4)
FNDA:0,(anonymous_5)
DA:18,1
DA:19,1
DA:20,1
DA:35,1
DA:36,0
DA:39,0
DA:41,0
DA:51,0
DA:54,0
DA:55,0
DA:56,0
DA:57,0
DA:61,0
DA:63,0
DA:64,0
DA:65,0
DA:66,0
DA:71,0
DA:73,0
DA:77,0
DA:78,0
DA:83,0
LF:22
LH:4
BRDA:18,0,0,1
BRDA:18,0,1,1
BRDA:48,1,0,0
BRDA:48,1,1,0
BRDA:48,2,0,0
BRDA:48,2,1,0
BRDA:48,3,0,0
BRDA:48,3,1,0
BRDA:65,4,0,0
BRDA:73,5,0,0
BRDA:73,6,0,0
BRDA:73,6,1,0
BRDA:77,7,0,0
BRF:13
BRH:2
end_of_record
TN:
SF:src/app/tasks/dialogs/task/task.dialog.ts
FN:28,(anonymous_0)
FN:95,(anonymous_1)
FN:106,(anonymous_2)
FN:121,(anonymous_3)
FN:130,(anonymous_4)
FN:142,(anonymous_5)
FN:150,(anonymous_6)
FN:157,(anonymous_7)
FN:158,(anonymous_8)
FN:176,(anonymous_9)
FN:186,(anonymous_10)
FN:192,(anonymous_11)
FNF:12
FNH:1
FNDA:1,(anonymous_0)
FNDA:0,(anonymous_1)
FNDA:0,(anonymous_2)
FNDA:0,(anonymous_3)
FNDA:0,(anonymous_4)
FNDA:0,(anonymous_5)
FNDA:0,(anonymous_6)
FNDA:0,(anonymous_7)
FNDA:0,(anonymous_8)
FNDA:0,(anonymous_9)
FNDA:0,(anonymous_10)
FNDA:0,(anonymous_11)
DA:28,1
DA:29,1
DA:30,1
DA:47,1
DA:49,0
DA:52,0
DA:54,0
DA:58,0
DA:63,0
DA:64,0
DA:66,0
DA:68,0
DA:85,0
DA:87,0
DA:90,0
DA:93,0
DA:96,0
DA:97,0
DA:98,0
DA:99,0
DA:100,0
DA:101,0
DA:102,0
DA:103,0
DA:107,0
DA:109,0
DA:111,0
DA:116,0
DA:118,0
DA:122,0
DA:124,0
DA:127,0
DA:131,0
DA:132,0
DA:134,0
DA:138,0
DA:139,0
DA:143,0
DA:146,0
DA:151,0
DA:153,0
DA:155,0
DA:158,0
DA:160,0
DA:162,0
DA:165,0
DA:167,0
DA:171,0
DA:176,0
DA:177,0
DA:179,0
DA:180,0
DA:181,0
DA:187,0
DA:188,0
DA:193,0
LF:56
LH:4
BRDA:28,0,0,1
BRDA:28,0,1,1
BRDA:49,1,0,0
BRDA:49,1,1,0
BRDA:49,2,0,0
BRDA:49,2,1,0
BRDA:55,3,0,0
BRDA:55,3,1,0
BRDA:55,4,0,0
BRDA:55,4,1,0
BRDA:55,5,0,0
BRDA:55,5,1,0
BRDA:55,6,0,0
BRDA:55,6,1,0
BRDA:56,7,0,0
BRDA:56,7,1,0
BRDA:56,8,0,0
BRDA:56,8,1,0
BRDA:109,9,0,0
BRDA:116,10,0,0
BRDA:118,11,0,0
BRDA:118,11,1,0
BRDA:118,12,0,0
BRDA:118,12,1,0
BRDA:122,13,0,0
BRDA:127,14,0,0
BRDA:127,14,1,0
BRDA:127,15,0,0
BRDA:127,15,1,0
BRDA:131,16,0,0
BRDA:131,16,1,0
BRDA:131,17,0,0
BRDA:131,17,1,0
BRDA:138,18,0,0
BRDA:138,19,0,0
BRDA:138,19,1,0
BRDA:151,20,0,0
BRDA:158,21,0,0
BRDA:158,21,1,0
BRDA:158,22,0,0
BRDA:158,22,1,0
BRDA:160,23,0,0
BRDA:179,24,0,0
BRDA:187,25,0,0
BRF:44
BRH:2
end_of_record
TN:
SF:src/app/tasks/enums/sprint-status.enum.ts
FN:1,(anonymous_0)
FNF:1
FNH:1
FNDA:1,(anonymous_0)
DA:1,1
DA:2,1
DA:3,1
DA:4,1
LF:4
LH:4
BRDA:1,0,0,1
BRDA:1,0,1,1
BRF:2
BRH:2
end_of_record
TN:
SF:src/app/tasks/enums/task-priority.enum.ts
FN:1,(anonymous_0)
FNF:1
FNH:1
FNDA:1,(anonymous_0)
DA:1,1
DA:2,1
DA:3,1
DA:4,1
DA:5,1
DA:6,1
LF:6
LH:6
BRDA:1,0,0,1
BRDA:1,0,1,1
BRF:2
BRH:2
end_of_record
TN:
SF:src/app/tasks/enums/task-type.enum.ts
FN:1,(anonymous_0)
FNF:1
FNH:1
FNDA:1,(anonymous_0)
DA:1,1
DA:2,1
DA:3,1
DA:4,1
DA:5,1
DA:6,1
DA:7,1
DA:10,1
LF:8
LH:8
BRDA:1,0,0,1
BRDA:1,0,1,1
BRF:2
BRH:2
end_of_record
TN:
SF:src/app/tasks/filters/task.filters.ts
FN:6,(anonymous_0)
FN:12,(anonymous_1)
FN:19,(anonymous_2)
FN:25,(anonymous_3)
FN:26,(anonymous_4)
FN:31,(anonymous_5)
FN:37,(anonymous_6)
FN:38,(anonymous_7)
FN:43,(anonymous_8)
FN:49,(anonymous_9)
FN:50,(anonymous_10)
FN:55,(anonymous_11)
FN:61,(anonymous_12)
FN:62,(anonymous_13)
FN:67,(anonymous_14)
FN:73,(anonymous_15)
FNF:16
FNH:0
FNDA:0,(anonymous_0)
FNDA:0,(anonymous_1)
FNDA:0,(anonymous_2)
FNDA:0,(anonymous_3)
FNDA:0,(anonymous_4)
FNDA:0,(anonymous_5)
FNDA:0,(anonymous_6)
FNDA:0,(anonymous_7)
FNDA:0,(anonymous_8)
FNDA:0,(anonymous_9)
FNDA:0,(anonymous_10)
FNDA:0,(anonymous_11)
FNDA:0,(anonymous_12)
FNDA:0,(anonymous_13)
FNDA:0,(anonymous_14)
FNDA:0,(anonymous_15)
DA:7,0
DA:14,0
DA:20,0
DA:26,0
DA:32,0
DA:38,0
DA:44,0
DA:50,0
DA:56,0
DA:62,0
DA:68,0
DA:75,0
LF:12
LH:0
BRF:0
BRH:0
end_of_record
TN:
SF:src/app/tasks/pages/backlog/backlog.page.ts
FN:38,(anonymous_0)
FN:47,(anonymous_1)
FN:48,(anonymous_2)
FN:67,(anonymous_3)
FN:72,(anonymous_4)
FN:77,(anonymous_5)
FN:78,(anonymous_6)
FN:83,(anonymous_7)
FN:84,(anonymous_8)
FN:89,(anonymous_9)
FN:90,(anonymous_10)
FN:95,(anonymous_11)
FN:96,(anonymous_12)
FNF:13
FNH:0
FNDA:0,(anonymous_0)
FNDA:0,(anonymous_1)
FNDA:0,(anonymous_2)
FNDA:0,(anonymous_3)
FNDA:0,(anonymous_4)
FNDA:0,(anonymous_5)
FNDA:0,(anonymous_6)
FNDA:0,(anonymous_7)
FNDA:0,(anonymous_8)
FNDA:0,(anonymous_9)
FNDA:0,(anonymous_10)
FNDA:0,(anonymous_11)
FNDA:0,(anonymous_12)
DA:24,1
DA:26,0
DA:27,0
DA:28,0
DA:30,0
DA:31,0
DA:32,0
DA:33,0
DA:34,0
DA:36,0
DA:39,0
DA:40,0
DA:41,0
DA:42,0
DA:43,0
DA:44,0
DA:48,0
DA:49,0
DA:51,0
DA:52,0
DA:53,0
DA:54,0
DA:56,0
DA:60,0
DA:68,0
DA:72,0
DA:73,0
DA:78,0
DA:79,0
DA:84,0
DA:85,0
DA:90,0
DA:91,0
DA:96,0
DA:97,0
LF:35
LH:1
BRF:0
BRH:0
end_of_record
TN:
SF:src/app/tasks/pages/schedule/schedule.page.ts
FN:39,(anonymous_0)
FN:23,(anonymous_1)
FN:50,(anonymous_2)
FNF:3
FNH:3
FNDA:1,(anonymous_0)
FNDA:4,(anonymous_1)
FNDA:1,(anonymous_2)
DA:15,1
DA:19,1
DA:20,1
DA:21,1
DA:24,4
DA:26,4
DA:28,4
DA:29,84
DA:36,4
DA:40,1
DA:41,1
DA:42,1
DA:44,1
DA:46,1
DA:47,1
LF:15
LH:15
BRF:0
BRH:0
end_of_record
TN:
SF:src/app/tasks/pages/sprint/sprint.page.ts
FN:37,(anonymous_0)
FN:46,(anonymous_1)
FN:47,(anonymous_2)
FN:51,(anonymous_3)
FN:64,(anonymous_4)
FN:69,(anonymous_5)
FN:74,(anonymous_6)
FN:75,(anonymous_7)
FN:80,(anonymous_8)
FN:81,(anonymous_9)
FN:86,(anonymous_10)
FN:87,(anonymous_11)
FN:92,(anonymous_12)
FN:93,(anonymous_13)
FNF:14
FNH:0
FNDA:0,(anonymous_0)
FNDA:0,(anonymous_1)
FNDA:0,(anonymous_2)
FNDA:0,(anonymous_3)
FNDA:0,(anonymous_4)
FNDA:0,(anonymous_5)
FNDA:0,(anonymous_6)
FNDA:0,(anonymous_7)
FNDA:0,(anonymous_8)
FNDA:0,(anonymous_9)
FNDA:0,(anonymous_10)
FNDA:0,(anonymous_11)
FNDA:0,(anonymous_12)
FNDA:0,(anonymous_13)
DA:22,1
DA:24,0
DA:25,0
DA:26,0
DA:27,0
DA:29,0
DA:30,0
DA:31,0
DA:32,0
DA:33,0
DA:35,0
DA:38,0
DA:39,0
DA:40,0
DA:41,0
DA:42,0
DA:43,0
DA:47,0
DA:48,0
DA:51,0
DA:52,0
DA:54,0
DA:55,0
DA:56,0
DA:57,0
DA:58,0
DA:60,0
DA:65,0
DA:69,0
DA:70,0
DA:75,0
DA:76,0
DA:81,0
DA:82,0
DA:87,0
DA:88,0
DA:93,0
DA:94,0
LF:38
LH:1
BRDA:48,0,0,0
BRF:1
BRH:0
end_of_record
TN:
SF:src/app/tasks/pages/task/task.page.ts
FN:39,(anonymous_0)
FN:47,(anonymous_1)
FN:56,(anonymous_2)
FN:58,(anonymous_3)
FN:59,(anonymous_4)
FN:64,(anonymous_5)
FN:65,(anonymous_6)
FN:73,(anonymous_7)
FN:74,(anonymous_8)
FN:82,(anonymous_9)
FN:83,(anonymous_10)
FN:84,(anonymous_11)
FN:90,(anonymous_12)
FN:91,(anonymous_13)
FN:92,(anonymous_14)
FNF:15
FNH:0
FNDA:0,(anonymous_0)
FNDA:0,(anonymous_1)
FNDA:0,(anonymous_2)
FNDA:0,(anonymous_3)
FNDA:0,(anonymous_4)
FNDA:0,(anonymous_5)
FNDA:0,(anonymous_6)
FNDA:0,(anonymous_7)
FNDA:0,(anonymous_8)
FNDA:0,(anonymous_9)
FNDA:0,(anonymous_10)
FNDA:0,(anonymous_11)
FNDA:0,(anonymous_12)
FNDA:0,(anonymous_13)
FNDA:0,(anonymous_14)
DA:21,1
DA:22,0
DA:23,0
DA:24,0
DA:25,0
DA:27,0
DA:28,0
DA:30,0
DA:31,0
DA:34,0
DA:37,0
DA:40,0
DA:41,0
DA:42,0
DA:43,0
DA:44,0
DA:45,0
DA:47,0
DA:48,0
DA:50,0
DA:51,0
DA:52,0
DA:57,0
DA:58,0
DA:60,0
DA:64,0
DA:66,0
DA:67,0
DA:69,0
DA:70,0
DA:74,0
DA:83,0
DA:84,0
DA:85,0
DA:91,0
DA:92,0
DA:93,0
LF:37
LH:1
BRDA:60,0,0,0
BRDA:60,0,1,0
BRDA:66,1,0,0
BRDA:69,2,0,0
BRDA:69,3,0,0
BRDA:69,3,1,0
BRDA:69,4,0,0
BRDA:69,4,1,0
BRDA:74,5,0,0
BRDA:74,5,1,0
BRDA:74,6,0,0
BRDA:74,6,1,0
BRF:12
BRH:0
end_of_record
TN:
SF:src/app/tasks/pages/task-list/task-list.page.ts
FN:58,(anonymous_0)
FN:73,(anonymous_1)
FN:83,(anonymous_2)
FN:87,(anonymous_3)
FNF:4
FNH:1
FNDA:1,(anonymous_0)
FNDA:0,(anonymous_1)
FNDA:0,(anonymous_2)
FNDA:0,(anonymous_3)
DA:30,1
DA:32,1
DA:35,1
DA:38,1
DA:41,1
DA:44,1
DA:53,1
DA:55,1
DA:56,1
DA:59,1
DA:60,1
DA:61,1
DA:62,1
DA:63,1
DA:64,1
DA:65,1
DA:67,1
DA:69,1
DA:71,1
DA:72,0
DA:73,0
DA:74,0
DA:78,1
DA:79,1
DA:80,1
DA:81,1
DA:83,1
DA:84,0
DA:87,1
DA:88,0
LF:30
LH:25
BRDA:71,0,0,0
BRDA:72,1,0,0
BRDA:72,1,1,0
BRDA:74,2,0,0
BRF:4
BRH:0
end_of_record
TN:
SF:src/app/tasks/pipes/status-color.pipe.ts
FN:9,(anonymous_0)
FNF:1
FNH:0
FNDA:0,(anonymous_0)
DA:8,1
DA:10,0
LF:2
LH:1
BRF:0
BRH:0
end_of_record
TN:
SF:src/app/tasks/pipes/task-priority-icon.pipe.ts
FN:7,(anonymous_0)
FNF:1
FNH:0
FNDA:0,(anonymous_0)
DA:6,1
DA:8,0
DA:10,0
DA:12,0
DA:14,0
DA:16,0
DA:18,0
LF:7
LH:1
BRDA:8,0,0,0
BRDA:8,0,1,0
BRDA:8,0,2,0
BRDA:8,0,3,0
BRDA:8,0,4,0
BRF:5
BRH:0
end_of_record
TN:
SF:src/app/tasks/pipes/task-priority.pipe.ts
FN:7,(anonymous_0)
FNF:1
FNH:0
FNDA:0,(anonymous_0)
DA:6,1
DA:8,0
DA:10,0
DA:12,0
DA:14,0
DA:16,0
DA:18,0
LF:7
LH:1
BRDA:8,0,0,0
BRDA:8,0,1,0
BRDA:8,0,2,0
BRDA:8,0,3,0
BRDA:8,0,4,0
BRF:5
BRH:0
end_of_record
TN:
SF:src/app/tasks/pipes/task-type-icon.pipe.ts
FN:10,(anonymous_0)
FNF:1
FNH:0
FNDA:0,(anonymous_0)
DA:6,1
DA:11,0
DA:13,0
DA:15,0
DA:17,0
DA:19,0
DA:21,0
LF:7
LH:1
BRDA:11,0,0,0
BRDA:11,0,1,0
BRDA:11,0,2,0
BRDA:11,0,3,0
BRDA:11,0,4,0
BRF:5
BRH:0
end_of_record
TN:
SF:src/app/tasks/pipes/task-type.pipe.ts
FN:12,(anonymous_0)
FNF:1
FNH:0
FNDA:0,(anonymous_0)
DA:8,1
DA:13,0
DA:16,0
DA:24,0
DA:32,0
DA:40,0
DA:48,0
DA:56,0
DA:57,0
LF:9
LH:1
BRDA:12,0,0,0
BRDA:13,1,0,0
BRDA:13,1,1,0
BRDA:13,1,2,0
BRDA:13,1,3,0
BRDA:13,1,4,0
BRDA:13,1,5,0
BRF:7
BRH:0
end_of_record
TN:
SF:src/app/tasks/pipes/task/task.pipe.ts
FN:8,(anonymous_0)
FN:10,(anonymous_1)
FNF:2
FNH:0
FNDA:0,(anonymous_0)
FNDA:0,(anonymous_1)
DA:7,1
DA:8,0
DA:11,0
DA:13,0
LF:4
LH:1
BRDA:11,0,0,0
BRDA:11,1,0,0
BRDA:11,1,1,0
BRF:3
BRH:0
end_of_record
TN:
SF:src/app/tasks/pipes/time-track-duration/time-track-duration.pipe.ts
FN:12,(anonymous_1)
FNF:1
FNH:0
FNDA:0,(anonymous_1)
DA:9,1
DA:10,0
DA:13,0
DA:15,0
DA:16,0
DA:18,0
DA:20,0
LF:7
LH:1
BRDA:13,0,0,0
BRDA:16,1,0,0
BRDA:16,1,1,0
BRF:3
BRH:0
end_of_record
TN:
SF:src/app/tasks/pipes/time-track-timer/time-track-timer.pipe.ts
FN:7,(anonymous_0)
FNF:1
FNH:0
FNDA:0,(anonymous_0)
DA:6,1
DA:8,0
DA:9,0
DA:10,0
DA:12,0
LF:5
LH:1
BRF:0
BRH:0
end_of_record
TN:
SF:src/app/tasks/pipes/time-tracks-total/time-tracks-total.pipe.ts
FN:8,(anonymous_0)
FN:12,(anonymous_1)
FNF:2
FNH:0
FNDA:0,(anonymous_0)
FNDA:0,(anonymous_1)
DA:7,1
DA:9,0
DA:11,0
DA:12,0
DA:15,0
DA:16,0
DA:18,0
DA:19,0
DA:21,0
LF:9
LH:1
BRDA:8,0,0,0
BRDA:9,1,0,0
BRDA:9,2,0,0
BRDA:9,2,1,0
BRDA:12,3,0,0
BRDA:12,3,1,0
BRDA:15,4,0,0
BRDA:15,4,1,0
BRF:8
BRH:0
end_of_record
TN:
SF:src/app/tasks/services/sprint.service.ts
FN:19,(anonymous_0)
FN:26,(anonymous_1)
FN:39,(anonymous_2)
FN:49,(anonymous_3)
FN:59,(anonymous_4)
FN:69,(anonymous_5)
FN:79,(anonymous_6)
FN:95,(anonymous_7)
FN:105,(anonymous_8)
FN:115,(anonymous_9)
FN:118,(anonymous_10)
FN:127,(anonymous_11)
FN:137,(anonymous_12)
FN:140,(anonymous_13)
FN:149,(anonymous_14)
FN:159,(anonymous_15)
FN:161,(anonymous_16)
FN:173,(anonymous_17)
FN:186,(anonymous_18)
FN:196,(anonymous_19)
FN:198,(anonymous_20)
FN:198,(anonymous_21)
FNF:22
FNH:1
FNDA:2,(anonymous_0)
FNDA:0,(anonymous_1)
FNDA:0,(anonymous_2)
FNDA:0,(anonymous_3)
FNDA:0,(anonymous_4)
FNDA:0,(anonymous_5)
FNDA:0,(anonymous_6)
FNDA:0,(anonymous_7)
FNDA:0,(anonymous_8)
FNDA:0,(anonymous_9)
FNDA:0,(anonymous_10)
FNDA:0,(anonymous_11)
FNDA:0,(anonymous_12)
FNDA:0,(anonymous_13)
FNDA:0,(anonymous_14)
FNDA:0,(anonymous_15)
FNDA:0,(anonymous_16)
FNDA:0,(anonymous_17)
FNDA:0,(anonymous_18)
FNDA:0,(anonymous_19)
FNDA:0,(anonymous_20)
FNDA:0,(anonymous_21)
DA:18,1
DA:19,2
DA:30,0
DA:40,0
DA:50,0
DA:60,0
DA:70,0
DA:80,0
DA:81,0
DA:96,0
DA:97,0
DA:99,0
DA:106,0
DA:116,0
DA:117,0
DA:118,0
DA:121,0
DA:128,0
DA:138,0
DA:139,0
DA:140,0
DA:143,0
DA:150,0
DA:160,0
DA:161,0
DA:163,0
DA:174,0
DA:187,0
DA:188,0
DA:190,0
DA:197,0
DA:198,0
LF:32
LH:2
BRDA:96,0,0,0
BRDA:96,0,1,0
BRDA:116,1,0,0
BRDA:116,1,1,0
BRDA:138,2,0,0
BRDA:138,2,1,0
BRDA:160,3,0,0
BRDA:160,3,1,0
BRDA:187,4,0,0
BRDA:187,4,1,0
BRF:10
BRH:0
end_of_record
TN:
SF:src/app/tasks/services/status/status.service.ts
FN:39,(anonymous_0)
FN:54,(anonymous_1)
FN:69,(anonymous_2)
FN:83,(anonymous_3)
FN:98,(anonymous_4)
FN:113,(anonymous_5)
FN:122,(anonymous_6)
FN:130,(anonymous_7)
FN:132,(anonymous_8)
FN:133,(anonymous_9)
FN:134,(anonymous_10)
FN:141,(anonymous_11)
FN:143,(anonymous_12)
FN:145,(anonymous_13)
FN:152,(anonymous_14)
FN:154,(anonymous_15)
FN:158,(anonymous_16)
FN:177,(anonymous_17)
FN:192,(anonymous_18)
FNF:19
FNH:2
FNDA:2,(anonymous_0)
FNDA:1,(anonymous_1)
FNDA:0,(anonymous_2)
FNDA:0,(anonymous_3)
FNDA:0,(anonymous_4)
FNDA:0,(anonymous_5)
FNDA:0,(anonymous_6)
FNDA:0,(anonymous_7)
FNDA:0,(anonymous_8)
FNDA:0,(anonymous_9)
FNDA:0,(anonymous_10)
FNDA:0,(anonymous_11)
FNDA:0,(anonymous_12)
FNDA:0,(anonymous_13)
FNDA:0,(anonymous_14)
FNDA:0,(anonymous_15)
FNDA:0,(anonymous_16)
FNDA:0,(anonymous_17)
FNDA:0,(anonymous_18)
DA:16,1
DA:24,2
DA:40,2
DA:41,2
DA:42,2
DA:43,2
DA:45,2
DA:54,1
DA:55,1
DA:69,1
DA:70,0
DA:84,0
DA:99,0
DA:114,0
DA:123,0
DA:131,0
DA:133,0
DA:134,0
DA:136,0
DA:142,0
DA:144,0
DA:145,0
DA:150,0
DA:151,0
DA:152,0
DA:154,0
DA:156,0
DA:158,0
DA:159,0
DA:160,0
DA:162,0
DA:166,0
DA:167,0
DA:178,0
DA:193,0
LF:35
LH:10
BRDA:151,0,0,0
BRDA:151,0,1,0
BRDA:151,1,0,0
BRDA:151,1,1,0
BRDA:151,2,0,0
BRDA:151,2,1,0
BRDA:154,3,0,0
BRDA:154,3,1,0
BRDA:154,4,0,0
BRDA:154,4,1,0
BRDA:154,5,0,0
BRDA:154,5,1,0
BRDA:159,6,0,0
BRF:13
BRH:0
end_of_record
TN:
SF:src/app/tasks/services/task/task.service.ts
FN:51,(anonymous_0)
FN:66,(anonymous_1)
FN:82,(anonymous_2)
FN:96,(anonymous_3)
FN:113,(anonymous_4)
FN:119,(anonymous_5)
FN:125,(anonymous_6)
FN:139,(anonymous_7)
FN:145,(anonymous_8)
FN:157,(anonymous_9)
FN:171,(anonymous_10)
FN:181,(anonymous_11)
FN:183,(anonymous_12)
FN:197,(anonymous_13)
FN:212,(anonymous_14)
FN:226,(anonymous_15)
FN:239,(anonymous_16)
FN:255,(anonymous_17)
FN:273,(anonymous_18)
FN:288,(anonymous_19)
FN:293,(anonymous_20)
FN:301,(anonymous_21)
FN:326,(anonymous_22)
FN:337,(anonymous_23)
FN:346,(anonymous_24)
FN:354,(anonymous_25)
FN:354,(anonymous_26)
FN:364,(anonymous_27)
FN:366,(anonymous_28)
FN:366,(anonymous_29)
FNF:30
FNH:3
FNDA:10,(anonymous_0)
FNDA:2,(anonymous_1)
FNDA:0,(anonymous_2)
FNDA:0,(anonymous_3)
FNDA:0,(anonymous_4)
FNDA:0,(anonymous_5)
FNDA:0,(anonymous_6)
FNDA:0,(anonymous_7)
FNDA:0,(anonymous_8)
FNDA:0,(anonymous_9)
FNDA:0,(anonymous_10)
FNDA:0,(anonymous_11)
FNDA:0,(anonymous_12)
FNDA:0,(anonymous_13)
FNDA:0,(anonymous_14)
FNDA:0,(anonymous_15)
FNDA:0,(anonymous_16)
FNDA:0,(anonymous_17)
FNDA:0,(anonymous_18)
FNDA:1,(anonymous_19)
FNDA:0,(anonymous_20)
FNDA:0,(anonymous_21)
FNDA:0,(anonymous_22)
FNDA:0,(anonymous_23)
FNDA:0,(anonymous_24)
FNDA:0,(anonymous_25)
FNDA:0,(anonymous_26)
FNDA:0,(anonymous_27)
FNDA:0,(anonymous_28)
FNDA:0,(anonymous_29)
DA:36,1
DA:39,10
DA:52,10
DA:53,10
DA:54,10
DA:55,10
DA:56,10
DA:58,10
DA:70,2
DA:86,0
DA:87,0
DA:89,0
DA:97,0
DA:98,0
DA:100,0
DA:114,0
DA:120,0
DA:126,0
DA:140,0
DA:146,0
DA:158,0
DA:172,0
DA:182,0
DA:183,0
DA:185,0
DA:198,0
DA:213,0
DA:214,0
DA:216,0
DA:227,0
DA:240,0
DA:241,0
DA:243,0
DA:256,0
DA:274,0
DA:275,0
DA:277,0
DA:289,1
DA:294,0
DA:296,0
DA:297,0
DA:300,0
DA:301,0
DA:303,0
DA:305,0
DA:306,0
DA:308,0
DA:310,0
DA:314,0
DA:327,0
DA:338,0
DA:347,0
DA:348,0
DA:349,0
DA:350,0
DA:352,0
DA:354,0
DA:365,0
DA:366,0
LF:59
LH:10
BRDA:182,0,0,0
BRDA:182,0,1,0
BRDA:213,1,0,0
BRDA:213,1,1,0
BRDA:240,2,0,0
BRDA:240,2,1,0
BRDA:274,3,0,0
BRDA:274,3,1,0
BRDA:303,4,0,0
BRDA:305,5,0,0
BRDA:305,5,1,0
BRDA:308,6,0,0
BRDA:348,7,0,0
BRDA:348,7,1,0
BRF:14
BRH:0
end_of_record
TN:
SF:src/app/tasks/services/tracker/tracker.service.ts
FN:12,(anonymous_0)
FN:20,(anonymous_1)
FN:31,(anonymous_2)
FN:42,(anonymous_3)
FN:55,(anonymous_4)
FN:66,(anonymous_5)
FN:70,(anonymous_6)
FN:80,(anonymous_7)
FNF:8
FNH:0
FNDA:0,(anonymous_0)
FNDA:0,(anonymous_1)
FNDA:0,(anonymous_2)
FNDA:0,(anonymous_3)
FNDA:0,(anonymous_4)
FNDA:0,(anonymous_5)
FNDA:0,(anonymous_6)
FNDA:0,(anonymous_7)
DA:11,1
DA:12,0
DA:21,0
DA:32,0
DA:43,0
DA:56,0
DA:67,0
DA:71,0
DA:81,0
DA:82,0
LF:10
LH:1
BRDA:81,0,0,0
BRF:1
BRH:0
end_of_record
TN:
SF:src/environments/environment.ts
FNF:0
FNH:0
DA:10,1
LF:1
LH:1
BRF:0
BRH:0
end_of_record
