TN:
SF:src/polyfills.ts
FNF:0
FNH:0
DA:65,1
DA:66,1
DA:67,1
DA:68,1
LF:4
LH:4
BRF:0
BRH:0
end_of_record
TN:
SF:src/app/app.component.ts
FN:17,(anonymous_0)
FN:18,(anonymous_1)
FNF:2
FNH:2
FNDA:3,(anonymous_0)
FNDA:3,(anonymous_1)
DA:11,1
DA:15,3
DA:18,3
DA:19,3
LF:4
LH:4
BRF:0
BRH:0
end_of_record
TN:
SF:src/app/_main/_main.module.ts
FN:192,(anonymous_0)
FNF:1
FNH:1
FNDA:31,(anonymous_0)
DA:66,1
DA:189,1
DA:193,31
DA:194,31
LF:4
LH:4
BRF:0
BRH:0
end_of_record
TN:
SF:src/app/_main/classes/control-accessor.class.ts
FN:83,(anonymous_0)
FN:28,(anonymous_1)
FN:32,(anonymous_2)
FN:36,(anonymous_3)
FN:50,(anonymous_4)
FN:71,(anonymous_5)
FN:75,(anonymous_6)
FN:93,(anonymous_7)
FN:100,(anonymous_8)
FN:101,(anonymous_9)
FN:113,(anonymous_10)
FN:126,(anonymous_11)
FN:140,(anonymous_12)
FN:141,(anonymous_13)
FN:144,(anonymous_14)
FN:156,(anonymous_15)
FN:166,(anonymous_16)
FN:173,(anonymous_17)
FN:179,(anonymous_18)
FN:184,(anonymous_19)
FN:190,(anonymous_20)
FNF:21
FNH:20
FNDA:52,(anonymous_0)
FNDA:58,(anonymous_1)
FNDA:58,(anonymous_2)
FNDA:11,(anonymous_3)
FNDA:301,(anonymous_4)
FNDA:2,(anonymous_5)
FNDA:2,(anonymous_6)
FNDA:44,(anonymous_7)
FNDA:44,(anonymous_8)
FNDA:36,(anonymous_9)
FNDA:0,(anonymous_10)
FNDA:36,(anonymous_11)
FNDA:36,(anonymous_12)
FNDA:67,(anonymous_13)
FNDA:67,(anonymous_14)
FNDA:40,(anonymous_15)
FNDA:72,(anonymous_16)
FNDA:72,(anonymous_17)
FNDA:2,(anonymous_18)
FNDA:44,(anonymous_19)
FNDA:30,(anonymous_20)
DA:15,1
DA:22,52
DA:29,58
DA:33,58
DA:37,11
DA:45,52
DA:51,301
DA:59,52
DA:66,52
DA:72,2
DA:76,2
DA:87,52
DA:88,52
DA:90,52
DA:94,44
DA:101,44
DA:102,36
DA:103,36
DA:105,36
DA:108,44
DA:109,36
DA:112,8
DA:113,8
DA:114,0
DA:116,0
DA:117,0
DA:127,36
DA:129,24
DA:130,23
DA:131,23
DA:132,23
DA:141,67
DA:145,67
DA:180,2
DA:185,44
DA:186,44
DA:187,44
LF:37
LH:34
BRDA:33,0,0,58
BRDA:33,0,1,20
BRDA:33,1,0,20
BRDA:33,1,1,38
BRDA:33,2,0,58
BRDA:33,2,1,42
BRDA:33,3,0,0
BRDA:33,3,1,58
BRDA:33,4,0,58
BRDA:33,4,1,58
BRDA:37,5,0,0
BRDA:37,5,1,11
BRDA:37,6,0,11
BRDA:37,6,1,11
BRDA:51,7,0,301
BRDA:51,7,1,20
BRDA:51,8,0,0
BRDA:51,8,1,301
BRDA:51,9,0,301
BRDA:51,9,1,301
BRDA:108,10,0,36
BRDA:127,11,0,12
BRDA:130,12,0,23
BRF:23
BRH:20
end_of_record
TN:
SF:src/app/_main/classes/dialog-ref.class.ts
FN:4,(anonymous_0)
FN:12,(anonymous_1)
FN:26,(anonymous_2)
FN:33,(anonymous_3)
FN:39,(anonymous_4)
FN:45,(anonymous_5)
FN:52,(anonymous_6)
FN:59,(anonymous_7)
FN:67,(anonymous_8)
FN:71,(anonymous_9)
FN:75,(anonymous_10)
FN:79,(anonymous_11)
FNF:12
FNH:12
FNDA:10,(anonymous_0)
FNDA:2,(anonymous_1)
FNDA:1,(anonymous_2)
FNDA:1,(anonymous_3)
FNDA:1,(anonymous_4)
FNDA:1,(anonymous_5)
FNDA:1,(anonymous_6)
FNDA:1,(anonymous_7)
FNDA:1,(anonymous_8)
FNDA:1,(anonymous_9)
FNDA:1,(anonymous_10)
FNDA:3,(anonymous_11)
DA:5,10
DA:7,10
DA:8,10
DA:10,10
DA:13,2
DA:14,2
DA:15,2
DA:16,2
DA:18,2
DA:19,2
DA:20,2
DA:21,2
DA:27,1
DA:28,1
DA:34,1
DA:40,1
DA:46,1
DA:53,1
DA:60,1
DA:68,1
DA:72,1
DA:76,1
DA:80,3
LF:23
LH:23
BRF:0
BRH:0
end_of_record
TN:
SF:src/app/_main/classes/e-set.class.ts
FN:2,(anonymous_0)
FNF:1
FNH:1
FNDA:2,(anonymous_0)
DA:3,2
DA:4,1
DA:6,1
LF:3
LH:3
BRDA:3,0,0,1
BRDA:3,0,1,1
BRF:2
BRH:2
end_of_record
TN:
SF:src/app/_main/classes/enum.class.ts
FN:10,(anonymous_0)
FN:32,(anonymous_1)
FN:33,(anonymous_2)
FN:48,(anonymous_3)
FN:54,(anonymous_4)
FN:55,(anonymous_5)
FN:70,(anonymous_6)
FN:76,(anonymous_7)
FN:77,(anonymous_8)
FNF:9
FNH:9
FNDA:8,(anonymous_0)
FNDA:2,(anonymous_1)
FNDA:9,(anonymous_2)
FNDA:2,(anonymous_3)
FNDA:6,(anonymous_4)
FNDA:3,(anonymous_5)
FNDA:4,(anonymous_6)
FNDA:18,(anonymous_7)
FNDA:9,(anonymous_8)
DA:11,8
DA:12,15
DA:13,5
DA:17,3
DA:33,9
DA:49,2
DA:50,1
DA:53,1
DA:54,6
DA:55,3
DA:71,4
DA:72,1
DA:75,3
DA:76,18
DA:77,9
LF:15
LH:15
BRDA:12,0,0,5
BRDA:33,1,0,9
BRDA:33,1,1,6
BRDA:49,2,0,1
BRDA:54,3,0,6
BRDA:54,3,1,3
BRDA:71,4,0,1
BRDA:76,5,0,18
BRDA:76,5,1,10
BRDA:76,5,2,10
BRF:10
BRH:10
end_of_record
TN:
SF:src/app/_main/classes/filters.class.ts
FN:7,(anonymous_0)
FN:16,(anonymous_1)
FN:20,(anonymous_2)
FNF:3
FNH:1
FNDA:1,(anonymous_0)
FNDA:0,(anonymous_1)
FNDA:0,(anonymous_2)
DA:8,1
DA:17,0
DA:18,0
DA:20,0
DA:21,0
LF:5
LH:1
BRDA:18,0,0,0
BRDA:21,1,0,0
BRDA:21,1,1,0
BRF:3
BRH:0
end_of_record
TN:
SF:src/app/_main/classes/form.class.ts
FN:3,validateForm
FNF:1
FNH:0
FNDA:0,validateForm
DA:4,0
DA:5,0
DA:6,0
LF:3
LH:0
BRF:0
BRH:0
end_of_record
TN:
SF:src/app/_main/classes/persistent-map.class.ts
FN:29,(anonymous_0)
FN:6,(anonymous_1)
FN:11,(anonymous_2)
FN:17,(anonymous_3)
FN:23,(anonymous_4)
FNF:5
FNH:1
FNDA:1,(anonymous_0)
FNDA:0,(anonymous_1)
FNDA:0,(anonymous_2)
FNDA:0,(anonymous_3)
FNDA:0,(anonymous_4)
DA:7,0
DA:8,0
DA:12,0
DA:13,0
DA:14,0
DA:18,0
DA:19,0
DA:20,0
DA:24,0
DA:27,1
DA:33,1
DA:39,1
DA:40,0
DA:41,0
DA:44,1
LF:15
LH:4
BRDA:34,0,0,0
BRDA:34,0,1,1
BRDA:34,1,0,1
BRDA:34,1,1,1
BRDA:39,2,0,0
BRF:5
BRH:3
end_of_record
TN:
SF:src/app/_main/classes/random.class.ts
FN:10,(anonymous_0)
FN:19,(anonymous_1)
FN:33,(anonymous_2)
FN:50,(anonymous_3)
FNF:4
FNH:2
FNDA:5,(anonymous_0)
FNDA:5,(anonymous_1)
FNDA:0,(anonymous_2)
FNDA:0,(anonymous_3)
DA:2,5
DA:3,5
DA:4,5
DA:11,5
DA:12,5
DA:20,5
DA:21,5
DA:22,5
DA:23,5
DA:24,5
DA:34,0
DA:35,0
DA:37,0
DA:38,0
DA:39,0
DA:41,0
DA:51,0
LF:17
LH:10
BRDA:10,0,0,1
BRDA:37,1,0,0
BRDA:37,1,1,0
BRF:3
BRH:1
end_of_record
TN:
SF:src/app/_main/classes/time-to-interaction.class.ts
FN:3,timeToInteraction
FN:10,(anonymous_1)
FN:14,(anonymous_2)
FN:16,(anonymous_3)
FNF:4
FNH:4
FNDA:1,timeToInteraction
FNDA:1,(anonymous_1)
FNDA:2,(anonymous_2)
FNDA:1,(anonymous_3)
DA:4,1
DA:6,1
DA:10,1
DA:14,2
DA:17,1
DA:18,1
DA:23,1
LF:7
LH:7
BRDA:3,0,0,1
BRF:1
BRH:1
end_of_record
TN:
SF:src/app/_main/classes/utils.class.ts
FN:16,(anonymous_0)
FN:26,(anonymous_1)
FN:29,(anonymous_2)
FN:49,(anonymous_3)
FN:63,(anonymous_4)
FN:68,(anonymous_5)
FNF:6
FNH:5
FNDA:14,(anonymous_0)
FNDA:28,(anonymous_1)
FNDA:262,(anonymous_2)
FNDA:2,(anonymous_3)
FNDA:271,(anonymous_4)
FNDA:0,(anonymous_5)
DA:17,14
DA:18,14
DA:27,28
DA:30,262
DA:31,40
DA:32,15
DA:34,25
DA:37,222
DA:50,2
DA:51,4
DA:52,1
DA:55,1
DA:64,271
DA:65,270
DA:69,0
DA:70,0
DA:71,0
DA:72,0
DA:74,0
DA:77,0
LF:20
LH:14
BRDA:16,0,0,14
BRDA:18,1,0,13
BRDA:18,1,1,1
BRDA:30,2,0,40
BRDA:30,2,1,222
BRDA:30,3,0,262
BRDA:30,3,1,261
BRDA:31,4,0,15
BRDA:31,4,1,25
BRDA:51,5,0,1
BRDA:64,6,0,1
BRDA:65,7,0,270
BRDA:65,7,1,267
BRDA:65,7,2,228
BRDA:65,7,3,223
BRDA:69,8,0,0
BRDA:70,9,0,0
BRDA:70,9,1,0
BRDA:70,10,0,0
BRDA:70,10,1,0
BRDA:71,11,0,0
BRDA:71,11,1,0
BRF:22
BRH:15
end_of_record
TN:
SF:src/app/_main/classes/loader/loader.class.ts
FN:15,(anonymous_0)
FN:6,(anonymous_1)
FN:17,(anonymous_2)
FN:26,(anonymous_3)
FN:28,(anonymous_4)
FN:34,(anonymous_5)
FNF:6
FNH:3
FNDA:3,(anonymous_0)
FNDA:2,(anonymous_1)
FNDA:1,(anonymous_2)
FNDA:0,(anonymous_3)
FNDA:0,(anonymous_4)
FNDA:0,(anonymous_5)
DA:7,2
DA:10,3
DA:15,3
DA:18,1
DA:19,1
DA:22,1
DA:23,1
DA:26,0
DA:29,0
DA:35,0
LF:10
LH:7
BRDA:15,0,0,3
BRDA:22,1,0,1
BRF:2
BRH:2
end_of_record
TN:
SF:src/app/_main/components/button/button.component.ts
FN:43,(anonymous_1)
FN:44,(anonymous_2)
FNF:2
FNH:2
FNDA:1,(anonymous_1)
FNDA:1,(anonymous_2)
DA:12,1
DA:16,30
DA:23,30
DA:28,30
DA:44,1
DA:45,1
LF:6
LH:6
BRF:0
BRH:0
end_of_record
TN:
SF:src/app/_main/components/card/card.component.ts
FN:9,(anonymous_0)
FNF:1
FNH:1
FNDA:4,(anonymous_0)
DA:8,1
LF:1
LH:1
BRF:0
BRH:0
end_of_record
TN:
SF:src/app/_main/components/checkbox/checkbox.component.ts
FNF:0
FNH:0
DA:9,1
LF:1
LH:1
BRF:0
BRH:0
end_of_record
TN:
SF:src/app/_main/components/dialog-outlet/dialog-outlet.component.ts
FN:20,(anonymous_0)
FN:15,(anonymous_1)
FN:22,(anonymous_2)
FN:29,(anonymous_3)
FN:37,(anonymous_4)
FN:45,(anonymous_5)
FN:47,(anonymous_6)
FN:53,(anonymous_7)
FN:63,(anonymous_8)
FN:67,(anonymous_9)
FNF:10
FNH:1
FNDA:1,(anonymous_0)
FNDA:0,(anonymous_1)
FNDA:0,(anonymous_2)
FNDA:0,(anonymous_3)
FNDA:0,(anonymous_4)
FNDA:0,(anonymous_5)
FNDA:0,(anonymous_6)
FNDA:0,(anonymous_7)
FNDA:0,(anonymous_8)
FNDA:0,(anonymous_9)
DA:13,1
DA:16,0
DA:18,1
DA:20,1
DA:23,0
DA:24,0
DA:26,0
DA:30,0
DA:33,0
DA:34,0
DA:38,0
DA:39,0
DA:41,0
DA:42,0
DA:46,0
DA:47,0
DA:48,0
DA:49,0
DA:54,0
DA:64,0
DA:68,0
LF:21
LH:3
BRF:0
BRH:0
end_of_record
TN:
SF:src/app/_main/components/filters/filters.component.ts
FN:29,(anonymous_0)
FN:13,(anonymous_1)
FN:15,(anonymous_2)
FN:22,(anonymous_3)
FN:33,(anonymous_4)
FN:38,(anonymous_5)
FNF:6
FNH:2
FNDA:1,(anonymous_0)
FNDA:0,(anonymous_1)
FNDA:0,(anonymous_2)
FNDA:2,(anonymous_3)
FNDA:0,(anonymous_4)
FNDA:0,(anonymous_5)
DA:12,1
DA:14,0
DA:16,0
DA:19,0
DA:23,2
DA:26,1
DA:29,1
DA:30,1
DA:34,0
DA:35,0
DA:39,0
DA:41,0
DA:43,0
DA:44,0
DA:45,0
DA:46,0
DA:49,0
LF:17
LH:5
BRDA:34,0,0,0
BRDA:34,0,1,0
BRDA:34,1,0,0
BRDA:34,1,1,0
BRDA:34,2,0,0
BRDA:34,2,1,0
BRDA:39,3,0,0
BRDA:44,4,0,0
BRDA:44,4,1,0
BRDA:44,5,0,0
BRDA:44,5,1,0
BRF:11
BRH:0
end_of_record
TN:
SF:src/app/_main/components/icon/icon.component.ts
FN:35,(anonymous_1)
FN:52,(anonymous_2)
FN:59,(anonymous_3)
FN:66,(anonymous_4)
FN:73,(anonymous_5)
FN:83,(anonymous_6)
FN:113,(anonymous_7)
FNF:7
FNH:7
FNDA:54,(anonymous_1)
FNDA:2,(anonymous_2)
FNDA:120,(anonymous_3)
FNDA:120,(anonymous_4)
FNDA:96,(anonymous_5)
FNDA:120,(anonymous_6)
FNDA:25,(anonymous_7)
DA:14,1
DA:19,57
DA:36,54
DA:38,54
DA:39,12
DA:41,12
DA:42,12
DA:44,42
DA:45,42
DA:53,2
DA:60,120
DA:67,120
DA:74,96
DA:75,12
DA:77,84
DA:84,120
DA:95,57
DA:100,57
DA:105,57
DA:114,25
LF:20
LH:20
BRDA:38,0,0,12
BRDA:38,0,1,42
BRDA:74,1,0,12
BRF:3
BRH:3
end_of_record
TN:
SF:src/app/_main/components/input/input.component.ts
FN:68,(anonymous_0)
FN:76,(anonymous_1)
FN:77,(anonymous_2)
FN:83,(anonymous_3)
FN:89,(anonymous_4)
FNF:5
FNH:2
FNDA:26,(anonymous_0)
FNDA:26,(anonymous_1)
FNDA:0,(anonymous_2)
FNDA:0,(anonymous_3)
FNDA:0,(anonymous_4)
DA:24,1
DA:28,26
DA:43,26
DA:58,26
DA:61,26
DA:66,26
DA:69,26
DA:70,26
DA:73,26
DA:77,26
DA:78,0
DA:84,0
DA:85,0
DA:90,0
DA:91,0
LF:15
LH:10
BRF:0
BRH:0
end_of_record
TN:
SF:src/app/_main/components/input-date-time/input-date-time.component.ts
FN:44,(anonymous_0)
FN:48,(anonymous_1)
FN:53,(anonymous_2)
FN:54,(anonymous_3)
FN:57,(anonymous_4)
FN:62,(anonymous_5)
FN:66,(anonymous_6)
FN:74,(anonymous_7)
FN:77,(anonymous_8)
FN:79,(anonymous_9)
FN:80,(anonymous_10)
FN:84,(anonymous_11)
FN:88,(anonymous_12)
FN:95,(anonymous_13)
FN:100,(anonymous_14)
FNF:15
FNH:4
FNDA:3,(anonymous_0)
FNDA:3,(anonymous_1)
FNDA:0,(anonymous_2)
FNDA:0,(anonymous_3)
FNDA:0,(anonymous_4)
FNDA:0,(anonymous_5)
FNDA:0,(anonymous_6)
FNDA:0,(anonymous_7)
FNDA:0,(anonymous_8)
FNDA:0,(anonymous_9)
FNDA:0,(anonymous_10)
FNDA:0,(anonymous_11)
FNDA:0,(anonymous_12)
FNDA:5,(anonymous_13)
FNDA:2,(anonymous_14)
DA:19,1
DA:23,3
DA:33,3
DA:35,3
DA:38,3
DA:40,3
DA:42,3
DA:44,3
DA:45,3
DA:49,3
DA:51,3
DA:53,0
DA:54,0
DA:58,0
DA:63,0
DA:67,0
DA:74,0
DA:78,0
DA:79,0
DA:80,0
DA:85,0
DA:89,0
DA:90,0
DA:91,0
DA:96,5
DA:97,0
DA:101,2
DA:102,2
DA:103,2
DA:104,0
LF:30
LH:15
BRDA:40,0,0,0
BRDA:40,0,1,3
BRDA:40,1,0,3
BRDA:40,1,1,3
BRDA:68,2,0,0
BRDA:68,2,1,0
BRDA:68,2,2,0
BRDA:68,2,3,0
BRDA:89,3,0,0
BRDA:96,4,0,5
BRDA:103,5,0,0
BRF:11
BRH:4
end_of_record
TN:
SF:src/app/_main/components/input-date-time/date-picker/date-picker.component.ts
FN:38,(anonymous_1)
FN:39,(anonymous_2)
FN:70,(anonymous_3)
FN:75,(anonymous_4)
FN:80,(anonymous_5)
FN:94,(anonymous_6)
FN:103,(anonymous_7)
FN:108,(anonymous_8)
FN:113,(anonymous_9)
FN:118,(anonymous_10)
FN:123,(anonymous_11)
FN:131,(anonymous_12)
FN:136,(anonymous_13)
FN:141,(anonymous_14)
FN:154,(anonymous_15)
FN:161,(anonymous_16)
FNF:16
FNH:0
FNDA:0,(anonymous_1)
FNDA:0,(anonymous_2)
FNDA:0,(anonymous_3)
FNDA:0,(anonymous_4)
FNDA:0,(anonymous_5)
FNDA:0,(anonymous_6)
FNDA:0,(anonymous_7)
FNDA:0,(anonymous_8)
FNDA:0,(anonymous_9)
FNDA:0,(anonymous_10)
FNDA:0,(anonymous_11)
FNDA:0,(anonymous_12)
FNDA:0,(anonymous_13)
FNDA:0,(anonymous_14)
FNDA:0,(anonymous_15)
FNDA:0,(anonymous_16)
DA:18,1
DA:20,0
DA:22,0
DA:23,0
DA:25,0
DA:26,0
DA:31,0
DA:32,0
DA:33,0
DA:34,0
DA:36,0
DA:39,0
DA:40,0
DA:41,0
DA:43,0
DA:46,0
DA:48,0
DA:49,0
DA:50,0
DA:51,0
DA:61,0
DA:63,0
DA:67,0
DA:71,0
DA:72,0
DA:76,0
DA:77,0
DA:81,0
DA:82,0
DA:84,0
DA:85,0
DA:86,0
DA:87,0
DA:89,0
DA:91,0
DA:95,0
DA:97,0
DA:98,0
DA:100,0
DA:104,0
DA:105,0
DA:109,0
DA:110,0
DA:114,0
DA:115,0
DA:119,0
DA:120,0
DA:124,0
DA:125,0
DA:126,0
DA:128,0
DA:132,0
DA:133,0
DA:137,0
DA:138,0
DA:142,0
DA:143,0
DA:144,0
DA:145,0
DA:148,0
DA:149,0
DA:151,0
DA:155,0
DA:156,0
DA:157,0
DA:162,0
DA:163,0
LF:67
LH:1
BRDA:22,0,0,0
BRDA:22,0,1,0
BRDA:54,1,0,0
BRDA:54,1,1,0
BRDA:58,2,0,0
BRDA:58,2,1,0
BRDA:124,3,0,0
BRDA:124,3,1,0
BRDA:132,4,0,0
BRDA:132,4,1,0
BRDA:132,5,0,0
BRDA:132,5,1,0
BRDA:137,6,0,0
BRDA:137,6,1,0
BRDA:137,7,0,0
BRDA:137,7,1,0
BRDA:142,8,0,0
BRDA:142,8,1,0
BRDA:144,9,0,0
BRDA:155,10,0,0
BRF:20
BRH:0
end_of_record
TN:
SF:src/app/_main/components/main-view/main-view.component.ts
FN:15,(anonymous_0)
FN:17,(anonymous_1)
FNF:2
FNH:2
FNDA:1,(anonymous_0)
FNDA:1,(anonymous_1)
DA:10,1
DA:11,1
DA:13,1
LF:3
LH:3
BRF:0
BRH:0
end_of_record
TN:
SF:src/app/_main/components/nav-element/nav-element.component.ts
FN:26,(anonymous_0)
FN:28,(anonymous_1)
FN:31,(anonymous_2)
FN:34,(anonymous_3)
FN:42,(anonymous_4)
FN:43,(anonymous_5)
FNF:6
FNH:3
FNDA:9,(anonymous_0)
FNDA:0,(anonymous_1)
FNDA:0,(anonymous_2)
FNDA:0,(anonymous_3)
FNDA:9,(anonymous_4)
FNDA:9,(anonymous_5)
DA:10,1
DA:17,9
DA:19,9
DA:24,9
DA:29,0
DA:32,0
DA:35,0
DA:36,0
DA:38,0
DA:43,9
DA:44,9
LF:11
LH:6
BRDA:35,0,0,0
BRDA:35,0,1,0
BRDA:44,1,0,0
BRDA:44,1,1,9
BRDA:44,2,0,9
BRDA:44,2,1,9
BRF:6
BRH:3
end_of_record
TN:
SF:src/app/_main/components/nav-element-workspace/nav-element-workspace.component.ts
FN:31,(anonymous_0)
FN:38,(anonymous_1)
FN:41,(anonymous_2)
FN:44,(anonymous_3)
FN:52,(anonymous_4)
FN:53,(anonymous_5)
FN:58,(anonymous_6)
FN:61,(anonymous_7)
FN:64,(anonymous_8)
FN:67,(anonymous_9)
FN:70,(anonymous_10)
FN:73,(anonymous_11)
FN:76,(anonymous_12)
FN:79,(anonymous_13)
FN:82,(anonymous_14)
FN:83,(anonymous_15)
FN:84,(anonymous_16)
FN:90,(anonymous_17)
FN:93,(anonymous_18)
FN:96,(anonymous_19)
FN:97,(anonymous_20)
FN:98,(anonymous_21)
FN:104,(anonymous_22)
FN:108,(anonymous_23)
FN:115,(anonymous_24)
FNF:25
FNH:3
FNDA:1,(anonymous_0)
FNDA:0,(anonymous_1)
FNDA:0,(anonymous_2)
FNDA:0,(anonymous_3)
FNDA:1,(anonymous_4)
FNDA:1,(anonymous_5)
FNDA:0,(anonymous_6)
FNDA:0,(anonymous_7)
FNDA:0,(anonymous_8)
FNDA:0,(anonymous_9)
FNDA:0,(anonymous_10)
FNDA:0,(anonymous_11)
FNDA:0,(anonymous_12)
FNDA:0,(anonymous_13)
FNDA:0,(anonymous_14)
FNDA:0,(anonymous_15)
FNDA:0,(anonymous_16)
FNDA:0,(anonymous_17)
FNDA:0,(anonymous_18)
FNDA:0,(anonymous_19)
FNDA:0,(anonymous_20)
FNDA:0,(anonymous_21)
FNDA:0,(anonymous_22)
FNDA:0,(anonymous_23)
FNDA:0,(anonymous_24)
DA:16,1
DA:21,1
DA:23,1
DA:24,1
DA:26,1
DA:32,1
DA:33,1
DA:34,1
DA:35,1
DA:39,0
DA:42,0
DA:45,0
DA:46,0
DA:48,0
DA:53,1
DA:54,1
DA:59,0
DA:61,0
DA:65,0
DA:67,0
DA:71,0
DA:73,0
DA:77,0
DA:79,0
DA:83,0
DA:84,0
DA:85,0
DA:91,0
DA:93,0
DA:97,0
DA:98,0
DA:99,0
DA:105,0
DA:109,0
DA:116,0
LF:35
LH:11
BRDA:45,0,0,0
BRDA:45,0,1,0
BRDA:54,1,0,0
BRDA:54,1,1,1
BRDA:54,2,0,1
BRDA:54,2,1,1
BRF:6
BRH:3
end_of_record
TN:
SF:src/app/_main/components/select/select.component.ts
FN:63,(anonymous_0)
FN:67,(anonymous_1)
FN:69,(anonymous_2)
FN:73,(anonymous_3)
FN:76,(anonymous_4)
FN:81,(anonymous_5)
FN:84,(anonymous_6)
FN:88,(anonymous_7)
FN:93,(anonymous_8)
FN:97,(anonymous_9)
FN:104,(anonymous_10)
FN:114,(anonymous_11)
FN:115,(anonymous_12)
FN:129,(anonymous_13)
FN:137,(anonymous_14)
FN:144,(anonymous_15)
FN:153,(anonymous_16)
FN:163,(anonymous_17)
FN:164,(anonymous_18)
FN:169,(anonymous_19)
FN:170,(anonymous_20)
FN:175,(anonymous_21)
FN:178,(anonymous_22)
FN:182,(anonymous_23)
FNF:24
FNH:11
FNDA:7,(anonymous_0)
FNDA:0,(anonymous_1)
FNDA:0,(anonymous_2)
FNDA:0,(anonymous_3)
FNDA:0,(anonymous_4)
FNDA:7,(anonymous_5)
FNDA:0,(anonymous_6)
FNDA:0,(anonymous_7)
FNDA:0,(anonymous_8)
FNDA:0,(anonymous_9)
FNDA:7,(anonymous_10)
FNDA:20,(anonymous_11)
FNDA:0,(anonymous_12)
FNDA:4,(anonymous_13)
FNDA:0,(anonymous_14)
FNDA:0,(anonymous_15)
FNDA:20,(anonymous_16)
FNDA:3,(anonymous_17)
FNDA:2,(anonymous_18)
FNDA:4,(anonymous_19)
FNDA:0,(anonymous_20)
FNDA:6,(anonymous_21)
FNDA:0,(anonymous_22)
FNDA:6,(anonymous_23)
DA:31,1
DA:52,7
DA:53,7
DA:58,7
DA:61,7
DA:64,7
DA:68,0
DA:69,0
DA:70,0
DA:73,0
DA:76,0
DA:77,0
DA:82,7
DA:84,7
DA:85,0
DA:88,7
DA:89,0
DA:94,0
DA:98,0
DA:99,0
DA:101,0
DA:105,7
DA:107,7
DA:108,3
DA:109,3
DA:111,4
DA:114,4
DA:115,20
DA:116,0
DA:119,20
DA:120,2
DA:124,4
DA:126,4
DA:130,4
DA:131,4
DA:132,4
DA:133,4
DA:134,4
DA:138,0
DA:145,0
DA:146,0
DA:148,0
DA:149,0
DA:150,0
DA:154,20
DA:156,20
DA:157,0
DA:159,20
DA:164,3
DA:165,2
DA:170,4
DA:171,0
DA:176,6
DA:178,6
DA:179,0
DA:182,6
DA:183,6
LF:57
LH:35
BRDA:73,0,0,0
BRDA:73,0,1,0
BRDA:73,1,0,0
BRDA:73,1,1,0
BRDA:88,2,0,0
BRDA:88,2,1,7
BRDA:88,3,0,7
BRDA:88,3,1,7
BRDA:98,4,0,0
BRDA:107,5,0,3
BRDA:107,5,1,4
BRDA:107,6,0,7
BRDA:107,6,1,7
BRDA:116,7,0,0
BRDA:116,7,1,0
BRDA:116,8,0,0
BRDA:116,8,1,0
BRDA:119,9,0,2
BRDA:131,10,0,4
BRDA:131,10,1,2
BRDA:131,11,0,2
BRDA:131,11,1,2
BRDA:131,12,0,4
BRDA:131,12,1,2
BRDA:132,13,0,2
BRDA:132,13,1,2
BRDA:132,14,0,4
BRDA:132,14,1,2
BRDA:133,15,0,4
BRDA:133,15,1,2
BRDA:139,16,0,0
BRDA:139,16,1,0
BRDA:140,17,0,0
BRDA:140,17,1,0
BRDA:140,18,0,0
BRDA:140,18,1,0
BRDA:140,19,0,0
BRDA:140,19,1,0
BRDA:140,20,0,0
BRDA:140,20,1,0
BRDA:146,21,0,0
BRDA:149,22,0,0
BRDA:149,22,1,0
BRDA:149,23,0,0
BRDA:149,23,1,0
BRDA:149,24,0,0
BRDA:149,24,1,0
BRDA:150,25,0,0
BRDA:156,26,0,0
BRDA:156,26,1,20
BRDA:156,27,0,20
BRDA:156,27,1,0
BRDA:156,27,2,0
BRDA:156,27,3,0
BRDA:156,27,4,0
BRDA:159,28,0,20
BRDA:159,28,1,18
BRDA:164,29,0,0
BRDA:164,29,1,3
BRDA:164,30,0,3
BRDA:164,30,1,3
BRDA:170,31,0,0
BRDA:170,31,1,4
BRDA:170,32,0,4
BRDA:170,32,1,4
BRDA:176,33,0,0
BRF:66
BRH:30
end_of_record
TN:
SF:src/app/_main/components/select/empty-options/empty-options.component.ts
FN:11,(anonymous_1)
FN:15,(anonymous_2)
FNF:2
FNH:1
FNDA:0,(anonymous_1)
FNDA:2,(anonymous_2)
DA:8,1
DA:9,2
DA:12,0
DA:16,2
LF:4
LH:3
BRF:0
BRH:0
end_of_record
TN:
SF:src/app/_main/components/select/option/option.component.ts
FN:19,(anonymous_0)
FN:15,(anonymous_1)
FNF:2
FNH:2
FNDA:21,(anonymous_0)
FNDA:2,(anonymous_1)
DA:9,1
DA:13,21
DA:16,2
DA:19,21
LF:4
LH:4
BRF:0
BRH:0
end_of_record
TN:
SF:src/app/_main/components/sidebar-navigation/sidebar-navigation.component.ts
FN:22,(anonymous_0)
FN:18,(anonymous_1)
FNF:2
FNH:1
FNDA:2,(anonymous_0)
FNDA:0,(anonymous_1)
DA:12,1
DA:19,0
DA:22,2
DA:23,2
LF:4
LH:3
BRF:0
BRH:0
end_of_record
TN:
SF:src/app/_main/components/snackbar/snackbar.component.ts
FN:39,(anonymous_0)
FN:30,(anonymous_1)
FN:41,(anonymous_2)
FN:42,(anonymous_3)
FN:47,(anonymous_4)
FN:49,(anonymous_5)
FN:54,(anonymous_6)
FNF:7
FNH:3
FNDA:1,(anonymous_0)
FNDA:2,(anonymous_1)
FNDA:1,(anonymous_2)
FNDA:0,(anonymous_3)
FNDA:0,(anonymous_4)
FNDA:0,(anonymous_5)
FNDA:0,(anonymous_6)
DA:12,1
DA:13,1
DA:16,1
DA:22,1
DA:25,1
DA:28,1
DA:31,2
DA:33,2
DA:35,0
DA:39,1
DA:42,1
DA:43,0
DA:48,0
DA:49,0
DA:50,0
DA:55,0
LF:16
LH:10
BRDA:31,0,0,2
BRDA:31,0,1,0
BRF:2
BRH:1
end_of_record
TN:
SF:src/app/_main/components/snackbar-outlet/snackbar-outlet.component.ts
FN:13,(anonymous_0)
FN:15,(anonymous_1)
FNF:2
FNH:1
FNDA:2,(anonymous_0)
FNDA:0,(anonymous_1)
DA:10,1
DA:11,2
DA:13,2
DA:16,0
LF:4
LH:3
BRF:0
BRH:0
end_of_record
TN:
SF:src/app/_main/components/textarea/textarea.component.ts
FN:89,(anonymous_1)
FN:96,(anonymous_2)
FN:112,(anonymous_3)
FN:125,(anonymous_4)
FN:132,(anonymous_5)
FN:136,(anonymous_6)
FN:142,(anonymous_7)
FN:149,(anonymous_8)
FN:157,(anonymous_9)
FN:165,(anonymous_10)
FN:173,(anonymous_11)
FN:181,(anonymous_12)
FN:191,(anonymous_13)
FN:201,(anonymous_14)
FN:208,(anonymous_15)
FN:216,(anonymous_16)
FNF:16
FNH:3
FNDA:2,(anonymous_1)
FNDA:2,(anonymous_2)
FNDA:4,(anonymous_3)
FNDA:0,(anonymous_4)
FNDA:0,(anonymous_5)
FNDA:0,(anonymous_6)
FNDA:0,(anonymous_7)
FNDA:0,(anonymous_8)
FNDA:0,(anonymous_9)
FNDA:0,(anonymous_10)
FNDA:0,(anonymous_11)
FNDA:0,(anonymous_12)
FNDA:0,(anonymous_13)
FNDA:0,(anonymous_14)
FNDA:0,(anonymous_15)
FNDA:0,(anonymous_16)
DA:27,1
DA:41,2
DA:48,2
DA:50,2
DA:55,2
DA:57,2
DA:60,2
DA:63,2
DA:66,2
DA:69,2
DA:72,2
DA:75,2
DA:78,2
DA:81,2
DA:84,2
DA:87,2
DA:90,2
DA:91,2
DA:92,2
DA:93,2
DA:97,2
DA:98,2
DA:111,2
DA:112,2
DA:113,4
DA:114,4
DA:115,4
DA:116,4
DA:117,4
DA:118,4
DA:119,4
DA:121,4
DA:124,2
DA:125,2
DA:126,0
DA:128,2
DA:129,2
DA:133,0
DA:137,0
DA:139,0
DA:140,0
DA:143,0
DA:146,0
DA:150,0
DA:154,0
DA:158,0
DA:162,0
DA:166,0
DA:170,0
DA:174,0
DA:178,0
DA:182,0
DA:188,0
DA:192,0
DA:198,0
DA:202,0
DA:205,0
DA:209,0
DA:213,0
DA:217,0
DA:221,0
LF:61
LH:36
BRDA:99,0,0,2
BRDA:99,0,1,2
BRDA:125,1,0,0
BRDA:125,1,1,2
BRDA:125,2,0,2
BRDA:125,2,1,2
BRDA:139,3,0,0
BRDA:139,3,1,0
BRDA:139,4,0,0
BRDA:139,4,1,0
BRDA:139,5,0,0
BRDA:139,5,1,0
BRDA:150,6,0,0
BRDA:150,6,1,0
BRDA:150,7,0,0
BRDA:150,7,1,0
BRDA:154,8,0,0
BRDA:154,8,1,0
BRDA:154,9,0,0
BRDA:154,9,1,0
BRDA:158,10,0,0
BRDA:158,10,1,0
BRDA:158,11,0,0
BRDA:158,11,1,0
BRDA:162,12,0,0
BRDA:162,12,1,0
BRDA:162,13,0,0
BRDA:162,13,1,0
BRDA:166,14,0,0
BRDA:166,14,1,0
BRDA:166,15,0,0
BRDA:166,15,1,0
BRDA:170,16,0,0
BRDA:170,16,1,0
BRDA:170,17,0,0
BRDA:170,17,1,0
BRDA:174,18,0,0
BRDA:174,18,1,0
BRDA:174,19,0,0
BRDA:174,19,1,0
BRDA:178,20,0,0
BRDA:178,20,1,0
BRDA:178,21,0,0
BRDA:178,21,1,0
BRDA:182,22,0,0
BRDA:182,22,1,0
BRDA:182,23,0,0
BRDA:182,23,1,0
BRDA:188,24,0,0
BRDA:188,24,1,0
BRDA:188,25,0,0
BRDA:188,25,1,0
BRDA:192,26,0,0
BRDA:192,26,1,0
BRDA:192,27,0,0
BRDA:192,27,1,0
BRDA:198,28,0,0
BRDA:198,28,1,0
BRDA:198,29,0,0
BRDA:198,29,1,0
BRDA:202,30,0,0
BRDA:202,30,1,0
BRDA:202,31,0,0
BRDA:202,31,1,0
BRDA:205,32,0,0
BRDA:205,32,1,0
BRDA:205,33,0,0
BRDA:205,33,1,0
BRDA:209,34,0,0
BRDA:209,34,1,0
BRDA:209,35,0,0
BRDA:209,35,1,0
BRDA:213,36,0,0
BRDA:213,36,1,0
BRDA:213,37,0,0
BRDA:213,37,1,0
BRDA:217,38,0,0
BRDA:217,38,1,0
BRDA:217,39,0,0
BRDA:217,39,1,0
BRDA:221,40,0,0
BRDA:221,40,1,0
BRDA:221,41,0,0
BRDA:221,41,1,0
BRF:84
BRH:5
end_of_record
TN:
SF:src/app/_main/components/upper-navigation/upper-navigation.component.ts
FN:16,(anonymous_0)
FN:24,(anonymous_1)
FN:26,(anonymous_2)
FN:30,(anonymous_3)
FN:50,(anonymous_4)
FN:51,(anonymous_5)
FN:56,(anonymous_6)
FN:57,(anonymous_7)
FN:62,(anonymous_8)
FN:65,(anonymous_9)
FN:69,(anonymous_10)
FN:74,(anonymous_11)
FN:77,(anonymous_12)
FNF:13
FNH:3
FNDA:2,(anonymous_0)
FNDA:2,(anonymous_1)
FNDA:0,(anonymous_2)
FNDA:0,(anonymous_3)
FNDA:0,(anonymous_4)
FNDA:0,(anonymous_5)
FNDA:0,(anonymous_6)
FNDA:0,(anonymous_7)
FNDA:4,(anonymous_8)
FNDA:0,(anonymous_9)
FNDA:0,(anonymous_10)
FNDA:0,(anonymous_11)
FNDA:0,(anonymous_12)
DA:15,1
DA:17,2
DA:18,2
DA:19,2
DA:20,2
DA:21,2
DA:25,2
DA:27,0
DA:28,0
DA:29,0
DA:30,0
DA:32,0
DA:34,0
DA:42,2
DA:43,2
DA:44,2
DA:45,2
DA:47,2
DA:48,2
DA:51,0
DA:52,0
DA:57,0
DA:58,0
DA:63,4
DA:66,0
DA:67,0
DA:70,0
DA:75,0
DA:78,0
DA:79,0
DA:81,0
LF:31
LH:14
BRDA:27,0,0,0
BRDA:27,0,1,0
BRDA:29,1,0,0
BRDA:29,1,1,0
BRDA:78,2,0,0
BRDA:78,2,1,0
BRF:6
BRH:0
end_of_record
TN:
SF:src/app/_main/decorators/service-validator.decorator.ts
FN:13,ServiceValidator
FN:14,(anonymous_1)
FN:15,(anonymous_2)
FN:19,(anonymous_3)
FN:21,(anonymous_4)
FN:32,(anonymous_5)
FN:43,(anonymous_6)
FN:45,(anonymous_7)
FN:54,(anonymous_8)
FN:63,(anonymous_9)
FNF:10
FNH:2
FNDA:1,ServiceValidator
FNDA:1,(anonymous_1)
FNDA:0,(anonymous_2)
FNDA:0,(anonymous_3)
FNDA:0,(anonymous_4)
FNDA:0,(anonymous_5)
FNDA:0,(anonymous_6)
FNDA:0,(anonymous_7)
FNDA:0,(anonymous_8)
FNDA:0,(anonymous_9)
DA:14,1
DA:15,1
DA:19,0
DA:21,0
DA:23,0
DA:26,0
DA:27,0
DA:29,0
DA:32,0
DA:33,0
DA:35,0
DA:43,0
DA:44,0
DA:46,0
DA:48,0
DA:49,0
DA:51,0
DA:55,0
DA:57,0
DA:58,0
DA:60,0
DA:64,0
DA:71,1
LF:23
LH:3
BRDA:23,0,0,0
BRDA:26,1,0,0
BRDA:26,1,1,0
BRDA:26,2,0,0
BRDA:26,2,1,0
BRDA:26,3,0,0
BRDA:26,3,1,0
BRDA:26,4,0,0
BRDA:26,4,1,0
BRDA:26,5,0,0
BRDA:26,5,1,0
BRDA:26,6,0,0
BRDA:26,6,1,0
BRDA:26,7,0,0
BRDA:26,7,1,0
BRDA:27,8,0,0
BRDA:29,9,0,0
BRDA:29,9,1,0
BRDA:37,10,0,0
BRDA:37,10,1,0
BRDA:48,11,0,0
BRDA:48,11,1,0
BRDA:57,12,0,0
BRDA:57,12,1,0
BRF:24
BRH:0
end_of_record
TN:
SF:src/app/_main/decorators/page/page.decorator.ts
FN:14,Page
FN:15,decorator
FNF:2
FNH:2
FNDA:2,Page
FNDA:2,decorator
DA:15,2
LF:1
LH:1
BRF:0
BRH:0
end_of_record
TN:
SF:src/app/_main/decorators/service/service.decorator.ts
FN:4,Service
FN:5,decorator
FN:8,(anonymous_2)
FNF:3
FNH:3
FNDA:8,Service
FNDA:8,decorator
FNDA:8,(anonymous_2)
DA:5,8
DA:8,8
DA:9,8
DA:10,8
DA:12,8
DA:14,0
DA:15,0
DA:18,0
LF:8
LH:5
BRDA:12,0,0,8
BRDA:14,1,0,0
BRF:2
BRH:1
end_of_record
TN:
SF:src/app/_main/dialogs/alert/alert.dialog.ts
FN:7,(anonymous_0)
FN:57,(anonymous_1)
FN:73,(anonymous_2)
FN:80,(anonymous_3)
FNF:4
FNH:2
FNDA:1,(anonymous_0)
FNDA:1,(anonymous_1)
FNDA:0,(anonymous_2)
FNDA:0,(anonymous_3)
DA:7,1
DA:8,1
DA:9,1
DA:46,1
DA:50,1
DA:58,1
DA:59,1
DA:61,1
DA:67,1
DA:74,0
DA:81,0
LF:11
LH:9
BRDA:7,0,0,1
BRDA:7,0,1,1
BRDA:61,1,0,1
BRDA:61,1,1,1
BRF:4
BRH:4
end_of_record
TN:
SF:src/app/_main/directives/click-stop-propagation/click-stop-propagation.directive.ts
FN:8,(anonymous_0)
FNF:1
FNH:1
FNDA:1,(anonymous_0)
DA:6,1
DA:9,1
DA:11,1
LF:3
LH:3
BRF:0
BRH:0
end_of_record
TN:
SF:src/app/_main/directives/focus-initial/focus-initial.directive.ts
FN:14,(anonymous_0)
FN:19,(anonymous_1)
FNF:2
FNH:0
FNDA:0,(anonymous_0)
FNDA:0,(anonymous_1)
DA:9,1
DA:14,0
DA:20,0
LF:3
LH:1
BRF:0
BRH:0
end_of_record
TN:
SF:src/app/_main/directives/let/let.directive.ts
FN:13,(anonymous_0)
FN:17,(anonymous_1)
FNF:2
FNH:2
FNDA:9,(anonymous_0)
FNDA:9,(anonymous_1)
DA:10,1
DA:11,9
DA:14,9
DA:19,9
LF:4
LH:4
BRF:0
BRH:0
end_of_record
TN:
SF:src/app/_main/directives/view-container/view-container.directive.ts
FN:7,(anonymous_0)
FNF:1
FNH:0
FNDA:0,(anonymous_0)
DA:6,1
DA:7,0
LF:2
LH:1
BRF:0
BRH:0
end_of_record
TN:
SF:src/app/_main/interceptors/error.interceptor.ts
FN:12,(anonymous_0)
FN:21,(anonymous_1)
FN:28,(anonymous_2)
FN:32,(anonymous_3)
FN:34,(anonymous_4)
FN:65,(anonymous_5)
FNF:6
FNH:5
FNDA:11,(anonymous_0)
FNDA:9,(anonymous_1)
FNDA:0,(anonymous_2)
FNDA:29,(anonymous_3)
FNDA:9,(anonymous_4)
FNDA:9,(anonymous_5)
DA:11,1
DA:13,11
DA:14,11
DA:15,11
DA:16,11
DA:19,11
DA:22,9
DA:29,0
DA:33,29
DA:35,9
DA:37,9
DA:38,0
DA:39,0
DA:41,0
DA:44,0
DA:45,0
DA:46,0
DA:47,0
DA:51,0
DA:52,0
DA:55,0
DA:56,0
DA:61,0
DA:62,0
DA:65,9
LF:25
LH:11
BRDA:23,0,0,9
BRDA:23,0,1,0
BRDA:23,1,0,0
BRDA:23,1,1,9
BRDA:23,2,0,9
BRDA:23,2,1,9
BRDA:24,3,0,9
BRDA:24,3,1,9
BRDA:24,4,0,0
BRDA:24,4,1,9
BRDA:24,5,0,9
BRDA:24,5,1,9
BRDA:24,6,0,0
BRDA:24,6,1,9
BRDA:24,7,0,9
BRDA:24,7,1,9
BRDA:37,8,0,0
BRDA:38,9,0,0
BRDA:44,10,0,0
BRDA:51,11,0,0
BRDA:55,12,0,0
BRF:21
BRH:12
end_of_record
TN:
SF:src/app/_main/libs/emoji/emoji-sequence.aliases.ts
FN:24,(anonymous_0)
FN:27,(anonymous_1)
FNF:2
FNH:2
FNDA:17,(anonymous_0)
FNDA:43,(anonymous_1)
DA:1,1
DA:21,1
DA:25,17
DA:27,43
LF:4
LH:4
BRDA:27,0,0,9
BRDA:27,0,1,34
BRF:2
BRH:2
end_of_record
TN:
SF:src/app/_main/libs/emoji/emoji.aliases.ts
FNF:0
FNH:0
DA:1,1
LF:1
LH:1
BRF:0
BRH:0
end_of_record
TN:
SF:src/app/_main/libs/emoji/emoji.lib.ts
FN:15,(anonymous_0)
FN:19,(anonymous_1)
FN:23,(anonymous_2)
FN:27,(anonymous_3)
FN:6,(anonymous_4)
FNF:5
FNH:1
FNDA:0,(anonymous_0)
FNDA:0,(anonymous_1)
FNDA:0,(anonymous_2)
FNDA:0,(anonymous_3)
FNDA:1,(anonymous_4)
DA:6,1
DA:7,1
DA:8,1
DA:9,1
DA:10,1
DA:11,1
DA:12,1
DA:16,0
DA:20,0
DA:24,0
DA:28,0
LF:11
LH:7
BRDA:24,0,0,0
BRDA:24,0,1,0
BRF:2
BRH:0
end_of_record
TN:
SF:src/app/_main/libs/marked/marked.lib.ts
FN:8,(anonymous_0)
FN:18,(anonymous_1)
FNF:2
FNH:2
FNDA:2,(anonymous_0)
FNDA:2,(anonymous_1)
DA:6,1
DA:9,2
DA:11,1
DA:15,1
DA:19,2
DA:21,2
DA:23,2
LF:7
LH:7
BRDA:9,0,0,1
BRF:1
BRH:1
end_of_record
TN:
SF:src/app/_main/libs/marked/extensions/marked-emoji-extension.ts
FN:20,(anonymous_0)
FN:23,(anonymous_1)
FN:50,(anonymous_2)
FNF:3
FNH:0
FNDA:0,(anonymous_0)
FNDA:0,(anonymous_1)
FNDA:0,(anonymous_2)
DA:17,1
DA:21,0
DA:24,0
DA:25,0
DA:27,0
DA:29,0
DA:30,0
DA:38,0
DA:39,0
DA:48,0
DA:52,0
DA:53,0
DA:55,0
LF:13
LH:1
BRDA:29,0,0,0
BRDA:38,1,0,0
BRDA:52,2,0,0
BRDA:52,2,1,0
BRF:4
BRH:0
end_of_record
TN:
SF:src/app/_main/libs/marked/overrides/link.override.ts
FN:3,linkOverride
FN:5,(anonymous_1)
FNF:2
FNH:1
FNDA:2,linkOverride
FNDA:0,(anonymous_1)
DA:4,2
DA:5,2
DA:6,0
DA:8,0
DA:9,0
DA:10,0
DA:14,2
LF:7
LH:3
BRDA:6,0,0,0
BRDA:10,1,0,0
BRDA:10,1,1,0
BRF:3
BRH:0
end_of_record
TN:
SF:src/app/_main/libs/monaco/monaco.lib.ts
FN:7,(anonymous_0)
FN:11,(anonymous_1)
FN:17,(anonymous_2)
FNF:3
FNH:2
FNDA:0,(anonymous_0)
FNDA:2,(anonymous_1)
FNDA:2,(anonymous_2)
DA:5,1
DA:8,0
DA:12,2
DA:14,2
DA:18,2
DA:19,2
DA:20,2
DA:22,2
LF:8
LH:7
BRDA:12,0,0,0
BRF:1
BRH:0
end_of_record
TN:
SF:src/app/_main/libs/monaco/plugins/selection-edit.plugin.ts
FN:6,(anonymous_0)
FN:27,(anonymous_1)
FN:40,(anonymous_2)
FN:55,(anonymous_3)
FN:65,(anonymous_4)
FN:67,(anonymous_5)
FN:77,(anonymous_6)
FN:90,(anonymous_7)
FN:92,(anonymous_8)
FN:109,(anonymous_9)
FN:110,(anonymous_10)
FN:114,(anonymous_11)
FN:122,(anonymous_12)
FN:130,(anonymous_13)
FN:151,(anonymous_14)
FNF:15
FNH:2
FNDA:1,(anonymous_0)
FNDA:0,(anonymous_1)
FNDA:0,(anonymous_2)
FNDA:0,(anonymous_3)
FNDA:0,(anonymous_4)
FNDA:0,(anonymous_5)
FNDA:0,(anonymous_6)
FNDA:0,(anonymous_7)
FNDA:0,(anonymous_8)
FNDA:2,(anonymous_9)
FNDA:0,(anonymous_10)
FNDA:0,(anonymous_11)
FNDA:0,(anonymous_12)
FNDA:0,(anonymous_13)
FNDA:0,(anonymous_14)
DA:6,1
DA:7,1
DA:8,1
DA:9,1
DA:10,1
DA:13,1
DA:26,1
DA:28,0
DA:41,0
DA:43,0
DA:60,0
DA:61,0
DA:63,0
DA:64,0
DA:65,0
DA:67,0
DA:82,0
DA:83,0
DA:85,0
DA:86,0
DA:88,0
DA:89,0
DA:90,0
DA:92,0
DA:93,0
DA:95,0
DA:110,2
DA:111,0
DA:114,2
DA:118,0
DA:123,0
DA:124,0
DA:125,0
DA:127,0
DA:129,0
DA:130,0
DA:131,0
DA:136,0
DA:137,0
DA:138,0
DA:148,0
DA:155,0
DA:156,0
DA:157,0
LF:44
LH:9
BRDA:6,0,0,1
BRDA:6,0,1,1
BRDA:41,1,0,0
BRDA:41,1,1,0
BRDA:41,2,0,0
BRDA:41,2,1,0
BRDA:41,3,0,0
BRDA:41,3,1,0
BRDA:83,4,0,0
BRDA:127,5,0,0
BRF:10
BRH:2
end_of_record
TN:
SF:src/app/_main/operators/apply-filters.operator.ts
FN:4,applyFilters
FN:5,(anonymous_1)
FN:7,(anonymous_2)
FN:9,(anonymous_3)
FNF:4
FNH:2
FNDA:4,applyFilters
FNDA:4,(anonymous_1)
FNDA:0,(anonymous_2)
FNDA:0,(anonymous_3)
DA:5,4
DA:6,4
DA:8,0
DA:9,0
DA:10,0
LF:5
LH:2
BRDA:8,0,0,0
BRF:1
BRH:0
end_of_record
TN:
SF:src/app/_main/operators/loader.operator.ts
FN:4,startLoader
FN:5,(anonymous_1)
FN:7,(anonymous_2)
FN:15,setLoaderMessage
FN:16,(anonymous_4)
FN:18,(anonymous_5)
FN:25,stopLoader
FN:26,(anonymous_7)
FN:28,(anonymous_8)
FNF:9
FNH:5
FNDA:1,startLoader
FNDA:1,(anonymous_1)
FNDA:1,(anonymous_2)
FNDA:0,setLoaderMessage
FNDA:0,(anonymous_4)
FNDA:0,(anonymous_5)
FNDA:1,stopLoader
FNDA:1,(anonymous_7)
FNDA:0,(anonymous_8)
DA:5,1
DA:6,1
DA:8,1
DA:9,1
DA:16,0
DA:17,0
DA:19,0
DA:26,1
DA:27,1
DA:29,0
LF:10
LH:6
BRF:0
BRH:0
end_of_record
TN:
SF:src/app/_main/pages/mock/mock.page.ts
FN:10,(anonymous_0)
FN:14,(anonymous_1)
FN:15,(anonymous_2)
FNF:3
FNH:3
FNDA:1,(anonymous_0)
FNDA:1,(anonymous_1)
FNDA:1,(anonymous_2)
DA:9,1
DA:10,1
DA:12,1
DA:15,1
DA:16,1
LF:5
LH:5
BRF:0
BRH:0
end_of_record
TN:
SF:src/app/_main/pipes/date-by-preferences/date-by-preferences.pipe.ts
FN:12,(anonymous_0)
FN:14,(anonymous_1)
FN:19,(anonymous_2)
FN:23,(anonymous_3)
FNF:4
FNH:0
FNDA:0,(anonymous_0)
FNDA:0,(anonymous_1)
FNDA:0,(anonymous_2)
FNDA:0,(anonymous_3)
DA:11,1
DA:12,0
DA:15,0
DA:16,0
DA:17,0
DA:19,0
DA:21,0
DA:23,0
DA:26,0
LF:9
LH:1
BRDA:15,0,0,0
BRDA:15,0,1,0
BRDA:16,1,0,0
BRDA:16,1,1,0
BRF:4
BRH:0
end_of_record
TN:
SF:src/app/_main/pipes/day-of-week/day-of-week.pipe.ts
FN:10,(anonymous_1)
FNF:1
FNH:0
FNDA:0,(anonymous_1)
DA:7,1
DA:8,0
DA:11,0
LF:3
LH:1
BRF:0
BRH:0
end_of_record
TN:
SF:src/app/_main/pipes/dayjs/dayjs.pipe.ts
FN:10,(anonymous_0)
FNF:1
FNH:0
FNDA:0,(anonymous_0)
DA:9,1
DA:11,0
DA:12,0
DA:13,0
DA:14,0
DA:15,0
DA:17,0
DA:20,0
LF:8
LH:1
BRDA:11,0,0,0
BRDA:11,0,1,0
BRDA:13,1,0,0
BRDA:13,1,1,0
BRDA:14,2,0,0
BRDA:14,2,1,0
BRF:6
BRH:0
end_of_record
TN:
SF:src/app/_main/pipes/dayjs-format/dayjs-format.pipe.ts
FN:9,(anonymous_0)
FNF:1
FNH:0
FNDA:0,(anonymous_0)
DA:8,1
DA:10,0
LF:2
LH:1
BRF:0
BRH:0
end_of_record
TN:
SF:src/app/_main/pipes/month/month.pipe.ts
FN:12,(anonymous_1)
FNF:1
FNH:0
FNDA:0,(anonymous_1)
DA:9,1
DA:10,0
DA:13,0
DA:14,0
DA:15,0
DA:16,0
DA:18,0
LF:7
LH:1
BRDA:13,0,0,0
BRDA:13,0,1,0
BRDA:15,1,0,0
BRDA:15,1,1,0
BRF:4
BRH:0
end_of_record
TN:
SF:src/app/_main/pipes/validation-error/validation-error.pipe.ts
FN:15,(anonymous_0)
FNF:1
FNH:1
FNDA:2,(anonymous_0)
DA:9,1
DA:16,2
LF:2
LH:2
BRDA:16,0,0,2
BRDA:16,0,1,1
BRDA:16,1,0,1
BRDA:16,1,1,1
BRDA:16,2,0,2
BRDA:16,2,1,1
BRF:6
BRH:6
end_of_record
TN:
SF:src/app/_main/pipes/year/year.pipe.ts
FN:9,(anonymous_0)
FNF:1
FNH:0
FNDA:0,(anonymous_0)
DA:8,1
DA:10,0
LF:2
LH:1
BRF:0
BRH:0
end_of_record
TN:
SF:src/app/_main/services/api/api.service.ts
FN:21,(anonymous_0)
FN:30,(anonymous_1)
FN:44,(anonymous_2)
FN:54,(anonymous_3)
FN:64,(anonymous_4)
FN:74,(anonymous_5)
FN:84,(anonymous_6)
FNF:7
FNH:7
FNDA:44,(anonymous_0)
FNDA:38,(anonymous_1)
FNDA:34,(anonymous_2)
FNDA:1,(anonymous_3)
FNDA:1,(anonymous_4)
FNDA:1,(anonymous_5)
FNDA:1,(anonymous_6)
DA:14,1
DA:18,44
DA:21,44
DA:31,38
DA:45,34
DA:55,1
DA:65,1
DA:75,1
DA:85,1
LF:9
LH:9
BRF:0
BRH:0
end_of_record
TN:
SF:src/app/_main/services/dialog/dialog.service.ts
FN:11,(anonymous_0)
FN:36,(anonymous_1)
FN:29,(anonymous_2)
FN:44,(anonymous_3)
FN:66,(anonymous_4)
FN:76,(anonymous_5)
FN:77,(anonymous_6)
FN:82,(anonymous_7)
FN:91,(anonymous_8)
FN:94,(anonymous_9)
FN:97,(anonymous_10)
FN:112,(anonymous_11)
FN:116,(anonymous_12)
FN:126,(anonymous_13)
FNF:14
FNH:2
FNDA:1,(anonymous_0)
FNDA:24,(anonymous_1)
FNDA:0,(anonymous_2)
FNDA:0,(anonymous_3)
FNDA:0,(anonymous_4)
FNDA:0,(anonymous_5)
FNDA:0,(anonymous_6)
FNDA:0,(anonymous_7)
FNDA:0,(anonymous_8)
FNDA:0,(anonymous_9)
FNDA:0,(anonymous_10)
FNDA:0,(anonymous_11)
FNDA:0,(anonymous_12)
FNDA:0,(anonymous_13)
DA:11,1
DA:12,1
DA:22,1
DA:23,24
DA:24,24
DA:27,24
DA:30,0
DA:36,24
DA:47,0
DA:48,0
DA:50,0
DA:51,0
DA:55,0
DA:57,0
DA:63,0
DA:64,0
DA:66,0
DA:67,0
DA:68,0
DA:71,0
DA:73,0
DA:77,0
DA:78,0
DA:83,0
DA:92,0
DA:94,0
DA:98,0
DA:104,0
DA:113,0
DA:117,0
DA:127,0
LF:31
LH:7
BRDA:11,0,0,1
BRDA:11,0,1,1
BRDA:44,1,0,0
BRDA:47,2,0,0
BRDA:47,2,1,0
BRDA:50,3,0,0
BRF:6
BRH:2
end_of_record
TN:
SF:src/app/_main/services/router-extensions/router-extensions.service.ts
FN:8,(anonymous_0)
FN:9,(anonymous_1)
FNF:2
FNH:2
FNDA:3,(anonymous_0)
FNDA:1,(anonymous_1)
DA:7,1
DA:8,3
DA:10,1
DA:11,1
DA:12,0
DA:15,1
LF:6
LH:5
BRF:0
BRH:0
end_of_record
TN:
SF:src/app/_main/services/snackbar/snackbar.service.ts
FN:12,(anonymous_0)
FN:16,(anonymous_1)
FN:26,(anonymous_2)
FN:31,(anonymous_3)
FNF:4
FNH:1
FNDA:14,(anonymous_0)
FNDA:0,(anonymous_1)
FNDA:0,(anonymous_2)
FNDA:0,(anonymous_3)
DA:11,1
DA:14,14
DA:17,0
DA:18,0
DA:20,0
DA:21,0
DA:23,0
DA:27,0
DA:28,0
DA:32,0
LF:10
LH:2
BRDA:16,0,0,0
BRDA:16,1,0,0
BRF:2
BRH:0
end_of_record
TN:
SF:src/app/_main/validators/email.validator.ts
FN:8,emailValidator
FN:9,(anonymous_1)
FNF:2
FNH:2
FNDA:3,emailValidator
FNDA:16,(anonymous_1)
DA:9,3
DA:10,16
DA:16,3
DA:18,13
LF:4
LH:4
BRDA:10,0,0,3
BRDA:11,1,0,16
BRDA:11,1,1,9
BRF:3
BRH:3
end_of_record
TN:
SF:src/app/_main/validators/max-length.validator.ts
FN:8,maxLengthValidator
FN:9,(anonymous_1)
FNF:2
FNH:2
FNDA:7,maxLengthValidator
FNDA:20,(anonymous_1)
DA:9,7
DA:10,20
DA:11,1
DA:16,19
LF:4
LH:4
BRDA:10,0,0,1
BRF:1
BRH:1
end_of_record
TN:
SF:src/app/_main/validators/password.validator.ts
FN:8,passwordValidator
FN:9,(anonymous_1)
FNF:2
FNH:2
FNDA:5,passwordValidator
FNDA:25,(anonymous_1)
DA:9,5
DA:10,25
DA:11,3
DA:16,22
LF:4
LH:4
BRDA:10,0,0,3
BRDA:10,1,0,25
BRDA:10,1,1,4
BRF:3
BRH:3
end_of_record
TN:
SF:src/app/_main/validators/required.validator.ts
FN:8,requiredValidator
FN:9,required
FNF:2
FNH:2
FNDA:35,requiredValidator
FNDA:141,required
DA:9,35
DA:10,141
DA:16,129
DA:18,12
LF:4
LH:4
BRDA:10,0,0,129
BRDA:11,1,0,141
BRDA:11,1,1,130
BRDA:11,1,2,121
BRDA:11,1,3,12
BRF:5
BRH:5
end_of_record
TN:
SF:src/app/_main/validators/same-as.validator.ts
FN:8,sameAsValidator
FN:12,(anonymous_1)
FN:16,(anonymous_2)
FNF:3
FNH:3
FNDA:3,sameAsValidator
FNDA:11,(anonymous_1)
FNDA:2,(anonymous_2)
DA:10,3
DA:12,3
DA:13,11
DA:15,11
DA:16,2
DA:17,2
DA:18,0
DA:21,2
DA:24,11
DA:25,3
DA:30,8
LF:11
LH:10
BRDA:13,0,0,3
BRDA:13,0,1,8
BRDA:13,1,0,11
BRDA:13,1,1,8
BRDA:15,2,0,2
BRDA:15,3,0,11
BRDA:15,3,1,5
BRDA:16,4,0,0
BRDA:16,4,1,2
BRDA:16,5,0,2
BRDA:16,5,1,2
BRDA:17,6,0,0
BRDA:24,7,0,3
BRDA:24,8,0,3
BRDA:24,8,1,8
BRDA:24,9,0,11
BRDA:24,9,1,11
BRF:17
BRH:15
end_of_record
TN:
SF:src/app/auth/pages/change-password/change-password.page.ts
FN:18,(anonymous_0)
FN:24,(anonymous_1)
FN:47,(anonymous_2)
FN:56,(anonymous_3)
FNF:4
FNH:2
FNDA:1,(anonymous_0)
FNDA:1,(anonymous_1)
FNDA:0,(anonymous_2)
FNDA:0,(anonymous_3)
DA:15,1
DA:19,1
DA:20,1
DA:21,1
DA:25,1
DA:26,1
DA:34,1
DA:48,0
DA:50,0
DA:51,0
DA:53,0
DA:54,0
DA:57,0
LF:13
LH:7
BRDA:48,0,0,0
BRDA:48,1,0,0
BRDA:48,1,1,0
BRDA:53,2,0,0
BRDA:53,3,0,0
BRDA:53,3,1,0
BRF:6
BRH:0
end_of_record
TN:
SF:src/app/auth/pages/delete-account/delete-account.page.ts
FN:11,(anonymous_0)
FN:17,(anonymous_1)
FN:22,(anonymous_2)
FN:24,(anonymous_3)
FNF:4
FNH:3
FNDA:1,(anonymous_0)
FNDA:1,(anonymous_1)
FNDA:1,(anonymous_2)
FNDA:0,(anonymous_3)
DA:10,1
DA:12,1
DA:13,1
DA:14,1
DA:18,1
DA:19,1
DA:23,1
DA:24,0
LF:8
LH:7
BRDA:23,0,0,0
BRF:1
BRH:0
end_of_record
TN:
SF:src/app/auth/pages/forgot-password/forgot-password.page.ts
FN:15,(anonymous_0)
FN:28,(anonymous_1)
FNF:2
FNH:1
FNDA:1,(anonymous_0)
FNDA:0,(anonymous_1)
DA:14,1
DA:15,1
DA:17,1
DA:24,1
DA:29,0
DA:31,0
DA:32,0
DA:34,0
DA:35,0
LF:9
LH:4
BRDA:29,0,0,0
BRDA:29,1,0,0
BRDA:29,1,1,0
BRDA:34,2,0,0
BRF:4
BRH:0
end_of_record
TN:
SF:src/app/auth/pages/login/login.page.ts
FN:15,(anonymous_0)
FN:33,(anonymous_1)
FN:34,(anonymous_2)
FN:40,(anonymous_3)
FN:50,(anonymous_4)
FN:55,(anonymous_5)
FN:66,(anonymous_6)
FNF:7
FNH:2
FNDA:1,(anonymous_0)
FNDA:1,(anonymous_1)
FNDA:0,(anonymous_2)
FNDA:0,(anonymous_3)
FNDA:0,(anonymous_4)
FNDA:0,(anonymous_5)
FNDA:0,(anonymous_6)
DA:14,1
DA:16,1
DA:17,1
DA:18,1
DA:27,1
DA:34,1
DA:35,0
DA:36,0
DA:41,0
DA:43,0
DA:44,0
DA:46,0
DA:47,0
DA:51,0
DA:52,0
DA:56,0
DA:57,0
DA:59,0
DA:60,0
DA:67,0
DA:69,0
DA:70,0
DA:72,0
DA:73,0
LF:24
LH:6
BRDA:41,0,0,0
BRDA:41,1,0,0
BRDA:41,1,1,0
BRDA:46,2,0,0
BRDA:56,3,0,0
BRDA:56,3,1,0
BRDA:67,4,0,0
BRDA:67,4,1,0
BRF:8
BRH:0
end_of_record
TN:
SF:src/app/auth/pages/register/register.page.ts
FN:11,(anonymous_0)
FN:22,(anonymous_1)
FN:47,(anonymous_2)
FN:68,(anonymous_3)
FN:72,(anonymous_4)
FN:82,(anonymous_5)
FN:87,(anonymous_6)
FN:93,(anonymous_7)
FNF:8
FNH:2
FNDA:1,(anonymous_0)
FNDA:1,(anonymous_1)
FNDA:0,(anonymous_2)
FNDA:0,(anonymous_3)
FNDA:0,(anonymous_4)
FNDA:0,(anonymous_5)
FNDA:0,(anonymous_6)
FNDA:0,(anonymous_7)
DA:11,1
DA:12,1
DA:13,1
DA:21,1
DA:22,1
DA:25,1
DA:26,1
DA:33,1
DA:49,0
DA:55,0
DA:56,0
DA:57,0
DA:58,0
DA:59,0
DA:60,0
DA:63,0
DA:64,0
DA:69,0
DA:73,0
DA:75,0
DA:76,0
DA:78,0
DA:79,0
DA:83,0
DA:84,0
DA:88,0
DA:94,0
DA:96,0
DA:98,0
DA:99,0
DA:101,0
DA:103,0
LF:32
LH:8
BRDA:11,0,0,1
BRDA:11,0,1,1
BRDA:57,1,0,0
BRDA:57,1,1,0
BRDA:57,2,0,0
BRDA:57,2,1,0
BRDA:58,3,0,0
BRDA:58,3,1,0
BRDA:58,4,0,0
BRDA:58,4,1,0
BRDA:59,5,0,0
BRDA:59,6,0,0
BRDA:59,6,1,0
BRDA:59,7,0,0
BRDA:59,7,1,0
BRDA:63,8,0,0
BRDA:73,9,0,0
BRDA:73,10,0,0
BRDA:73,10,1,0
BRDA:78,11,0,0
BRDA:94,12,0,0
BRDA:96,13,0,0
BRDA:96,13,1,0
BRF:23
BRH:2
end_of_record
TN:
SF:src/app/auth/pages/restore-account/restore-account.page.ts
FN:11,(anonymous_0)
FN:13,(anonymous_1)
FN:17,(anonymous_2)
FNF:3
FNH:1
FNDA:1,(anonymous_0)
FNDA:0,(anonymous_1)
FNDA:0,(anonymous_2)
DA:10,1
DA:11,1
DA:14,0
DA:18,0
LF:4
LH:2
BRF:0
BRH:0
end_of_record
TN:
SF:src/app/auth/services/auth/auth.service.ts
FN:12,(anonymous_0)
FN:14,(anonymous_1)
FN:32,(anonymous_2)
FN:43,(anonymous_3)
FN:46,(anonymous_4)
FN:51,(anonymous_5)
FN:55,(anonymous_6)
FN:59,(anonymous_7)
FN:63,(anonymous_8)
FN:67,(anonymous_9)
FN:71,(anonymous_10)
FN:79,(anonymous_11)
FN:83,(anonymous_12)
FNF:13
FNH:1
FNDA:21,(anonymous_0)
FNDA:0,(anonymous_1)
FNDA:0,(anonymous_2)
FNDA:0,(anonymous_3)
FNDA:0,(anonymous_4)
FNDA:0,(anonymous_5)
FNDA:0,(anonymous_6)
FNDA:0,(anonymous_7)
FNDA:0,(anonymous_8)
FNDA:0,(anonymous_9)
FNDA:0,(anonymous_10)
FNDA:0,(anonymous_11)
FNDA:0,(anonymous_12)
DA:11,1
DA:12,21
DA:27,0
DA:41,0
DA:43,0
DA:47,0
DA:48,0
DA:52,0
DA:56,0
DA:60,0
DA:64,0
DA:68,0
DA:72,0
DA:73,0
DA:75,0
DA:80,0
DA:84,0
LF:17
LH:2
BRDA:72,0,0,0
BRDA:72,0,1,0
BRDA:84,1,0,0
BRDA:84,1,1,0
BRF:4
BRH:0
end_of_record
TN:
SF:src/app/auth/services/user/user.service.ts
FN:11,(anonymous_0)
FN:13,(anonymous_1)
FN:19,(anonymous_2)
FN:23,(anonymous_3)
FN:26,(anonymous_4)
FN:29,(anonymous_5)
FN:30,(anonymous_6)
FN:33,(anonymous_7)
FN:37,(anonymous_8)
FNF:9
FNH:2
FNDA:13,(anonymous_0)
FNDA:0,(anonymous_1)
FNDA:0,(anonymous_2)
FNDA:3,(anonymous_3)
FNDA:0,(anonymous_4)
FNDA:0,(anonymous_5)
FNDA:0,(anonymous_6)
FNDA:0,(anonymous_7)
FNDA:0,(anonymous_8)
DA:10,1
DA:11,13
DA:14,0
DA:20,0
DA:24,3
DA:26,0
DA:30,0
DA:34,0
DA:38,0
LF:9
LH:3
BRF:0
BRH:0
end_of_record
TN:
SF:src/app/dashboard/classes/user.class.ts
FN:5,(anonymous_0)
FN:15,(anonymous_1)
FN:18,(anonymous_2)
FN:19,(anonymous_3)
FNF:4
FNH:0
FNDA:0,(anonymous_0)
FNDA:0,(anonymous_1)
FNDA:0,(anonymous_2)
FNDA:0,(anonymous_3)
DA:6,0
DA:7,0
DA:8,0
DA:9,0
DA:16,0
DA:18,0
DA:19,0
DA:22,0
DA:24,0
DA:25,0
DA:26,0
DA:27,0
LF:12
LH:0
BRF:0
BRH:0
end_of_record
TN:
SF:src/app/dashboard/components/integration-modules-grid/integration-modules-grid.component.ts
FN:44,(anonymous_0)
FN:24,(anonymous_1)
FN:30,(anonymous_2)
FN:49,(anonymous_3)
FN:63,(anonymous_4)
FN:67,(anonymous_5)
FN:73,(anonymous_6)
FN:81,(anonymous_7)
FN:92,(anonymous_8)
FN:101,(anonymous_9)
FN:103,(anonymous_10)
FN:106,(anonymous_11)
FN:107,(anonymous_12)
FN:110,(anonymous_13)
FNF:14
FNH:0
FNDA:0,(anonymous_0)
FNDA:0,(anonymous_1)
FNDA:0,(anonymous_2)
FNDA:0,(anonymous_3)
FNDA:0,(anonymous_4)
FNDA:0,(anonymous_5)
FNDA:0,(anonymous_6)
FNDA:0,(anonymous_7)
FNDA:0,(anonymous_8)
FNDA:0,(anonymous_9)
FNDA:0,(anonymous_10)
FNDA:0,(anonymous_11)
FNDA:0,(anonymous_12)
FNDA:0,(anonymous_13)
DA:23,1
DA:25,0
DA:26,0
DA:27,0
DA:31,0
DA:37,0
DA:38,0
DA:39,0
DA:42,0
DA:45,0
DA:46,0
DA:50,0
DA:51,0
DA:53,0
DA:54,0
DA:55,0
DA:59,0
DA:60,0
DA:64,0
DA:68,0
DA:74,0
DA:76,0
DA:77,0
DA:83,0
DA:84,0
DA:85,0
DA:86,0
DA:87,0
DA:92,0
DA:93,0
DA:94,0
DA:95,0
DA:96,0
DA:102,0
DA:103,0
DA:105,0
DA:106,0
DA:108,0
DA:110,0
LF:39
LH:1
BRDA:54,0,0,0
BRDA:54,1,0,0
BRDA:54,1,1,0
BRDA:74,2,0,0
BRDA:84,3,0,0
BRDA:94,4,0,0
BRF:6
BRH:0
end_of_record
TN:
SF:src/app/dashboard/components/member-list/member-list.component.ts
FN:26,(anonymous_0)
FN:33,(anonymous_1)
FN:34,(anonymous_2)
FN:39,(anonymous_3)
FNF:4
FNH:2
FNDA:1,(anonymous_0)
FNDA:0,(anonymous_1)
FNDA:0,(anonymous_2)
FNDA:1,(anonymous_3)
DA:12,1
DA:21,1
DA:26,1
DA:27,1
DA:28,1
DA:30,1
DA:34,0
DA:35,0
LF:8
LH:6
BRF:0
BRH:0
end_of_record
TN:
SF:src/app/dashboard/components/view-options/view-options.component.ts
FN:24,(anonymous_0)
FNF:1
FNH:1
FNDA:1,(anonymous_0)
DA:11,1
DA:12,1
DA:13,1
DA:24,1
DA:25,1
DA:27,1
DA:28,1
LF:7
LH:7
BRF:0
BRH:0
end_of_record
TN:
SF:src/app/dashboard/dialogs/add-member/add-member.dialog.ts
FN:28,(anonymous_0)
FN:34,(anonymous_1)
FN:45,(anonymous_2)
FNF:3
FNH:1
FNDA:1,(anonymous_0)
FNDA:0,(anonymous_1)
FNDA:0,(anonymous_2)
DA:20,1
DA:24,1
DA:29,1
DA:30,1
DA:31,1
DA:35,0
DA:37,0
DA:38,0
DA:40,0
DA:42,0
DA:46,0
LF:11
LH:5
BRDA:40,0,0,0
BRF:1
BRH:0
end_of_record
TN:
SF:src/app/dashboard/modules/integration-modules/components/integration-github/integration-github.component.ts
FN:43,(anonymous_0)
FN:49,(anonymous_1)
FN:50,(anonymous_2)
FN:55,(anonymous_3)
FN:59,(anonymous_4)
FN:62,(anonymous_5)
FN:67,(anonymous_6)
FN:76,(anonymous_7)
FN:19,(anonymous_9)
FN:22,(anonymous_10)
FN:25,(anonymous_11)
FNF:11
FNH:4
FNDA:1,(anonymous_0)
FNDA:0,(anonymous_1)
FNDA:0,(anonymous_2)
FNDA:1,(anonymous_3)
FNDA:1,(anonymous_4)
FNDA:0,(anonymous_5)
FNDA:0,(anonymous_6)
FNDA:1,(anonymous_7)
FNDA:0,(anonymous_9)
FNDA:0,(anonymous_10)
FNDA:0,(anonymous_11)
DA:20,0
DA:23,0
DA:25,0
DA:33,1
DA:36,1
DA:38,1
DA:39,1
DA:41,1
DA:43,1
DA:45,1
DA:50,0
DA:51,0
DA:56,1
DA:59,1
DA:63,0
DA:68,0
DA:70,0
DA:77,1
DA:79,1
DA:80,0
LF:20
LH:11
BRDA:68,0,0,0
BRDA:68,1,0,0
BRDA:68,1,1,0
BRDA:79,2,0,0
BRF:4
BRH:0
end_of_record
TN:
SF:src/app/dashboard/modules/integration-modules/decorators/integration-module/integration-module.decorator.ts
FN:5,IntegrationModule
FN:6,decorator
FNF:2
FNH:2
FNDA:1,IntegrationModule
FNDA:1,decorator
DA:6,1
DA:7,1
LF:2
LH:2
BRF:0
BRH:0
end_of_record
TN:
SF:src/app/dashboard/modules/integration-modules/dialogs/integration-module-select/integration-module-select.dialog.ts
FN:22,(anonymous_0)
FN:18,(anonymous_1)
FN:28,(anonymous_2)
FN:29,(anonymous_3)
FN:32,(anonymous_4)
FN:33,(anonymous_5)
FN:37,(anonymous_6)
FN:38,(anonymous_7)
FNF:8
FNH:0
FNDA:0,(anonymous_0)
FNDA:0,(anonymous_1)
FNDA:0,(anonymous_2)
FNDA:0,(anonymous_3)
FNDA:0,(anonymous_4)
FNDA:0,(anonymous_5)
FNDA:0,(anonymous_6)
FNDA:0,(anonymous_7)
DA:14,1
DA:15,0
DA:16,0
DA:18,0
DA:23,0
DA:24,0
DA:25,0
DA:29,0
DA:33,0
DA:35,0
DA:37,0
DA:38,0
LF:12
LH:1
BRF:0
BRH:0
end_of_record
TN:
SF:src/app/dashboard/modules/integration-modules/services/integration-module/integration-module.service.ts
FN:20,(anonymous_0)
FN:16,(anonymous_1)
FN:22,(anonymous_2)
FN:28,(anonymous_3)
FN:30,(anonymous_4)
FN:33,(anonymous_5)
FNF:6
FNH:1
FNDA:0,(anonymous_0)
FNDA:0,(anonymous_1)
FNDA:1,(anonymous_2)
FNDA:0,(anonymous_3)
FNDA:0,(anonymous_4)
FNDA:0,(anonymous_5)
DA:13,1
DA:14,1
DA:17,0
DA:20,0
DA:23,1
DA:24,1
DA:25,1
DA:29,0
DA:30,0
DA:34,0
LF:10
LH:5
BRF:0
BRH:0
end_of_record
TN:
SF:src/app/dashboard/pages/create-project/create-project.page.ts
FN:59,(anonymous_0)
FN:73,(anonymous_1)
FN:77,(anonymous_2)
FN:86,(anonymous_3)
FN:93,(anonymous_4)
FN:94,(anonymous_5)
FN:96,(anonymous_6)
FN:98,(anonymous_7)
FN:100,(anonymous_8)
FNF:9
FNH:1
FNDA:1,(anonymous_0)
FNDA:0,(anonymous_1)
FNDA:0,(anonymous_2)
FNDA:0,(anonymous_3)
FNDA:0,(anonymous_4)
FNDA:0,(anonymous_5)
FNDA:0,(anonymous_6)
FNDA:0,(anonymous_7)
FNDA:0,(anonymous_8)
DA:26,1
DA:33,1
DA:38,1
DA:48,1
DA:52,1
DA:60,1
DA:61,1
DA:62,1
DA:63,1
DA:64,1
DA:65,1
DA:67,1
DA:68,1
DA:69,1
DA:70,1
DA:74,0
DA:78,0
DA:87,0
DA:88,0
DA:90,0
DA:93,0
DA:94,0
DA:96,0
DA:98,0
DA:101,0
LF:25
LH:15
BRDA:87,0,0,0
BRDA:87,1,0,0
BRDA:87,1,1,0
BRDA:87,2,0,0
BRDA:87,2,1,0
BRDA:87,3,0,0
BRDA:87,3,1,0
BRDA:88,4,0,0
BRF:8
BRH:0
end_of_record
TN:
SF:src/app/dashboard/pages/create-project-members/create-project-members.page.ts
FN:47,(anonymous_0)
FN:66,(anonymous_1)
FN:70,(anonymous_2)
FN:75,(anonymous_3)
FN:81,(anonymous_4)
FN:83,(anonymous_5)
FN:84,(anonymous_6)
FN:89,(anonymous_7)
FNF:8
FNH:1
FNDA:1,(anonymous_0)
FNDA:0,(anonymous_1)
FNDA:0,(anonymous_2)
FNDA:0,(anonymous_3)
FNDA:0,(anonymous_4)
FNDA:0,(anonymous_5)
FNDA:0,(anonymous_6)
FNDA:0,(anonymous_7)
DA:20,1
DA:21,1
DA:26,1
DA:48,1
DA:49,1
DA:50,1
DA:51,1
DA:52,1
DA:53,1
DA:55,1
DA:56,1
DA:57,1
DA:58,1
DA:67,0
DA:71,0
DA:76,0
DA:77,0
DA:78,0
DA:79,0
DA:81,0
DA:82,0
DA:83,0
DA:84,0
DA:85,0
DA:89,0
DA:90,0
LF:26
LH:13
BRDA:76,0,0,0
BRDA:76,1,0,0
BRDA:76,1,1,0
BRDA:76,2,0,0
BRDA:76,2,1,0
BRDA:76,3,0,0
BRDA:76,3,1,0
BRDA:79,4,0,0
BRDA:82,5,0,0
BRDA:82,5,1,0
BRF:10
BRH:0
end_of_record
TN:
SF:src/app/dashboard/pages/create-workspace/create-workspace.page.ts
FN:37,(anonymous_0)
FN:43,(anonymous_1)
FN:49,(anonymous_2)
FN:50,(anonymous_3)
FNF:4
FNH:1
FNDA:1,(anonymous_0)
FNDA:0,(anonymous_1)
FNDA:0,(anonymous_2)
FNDA:0,(anonymous_3)
DA:19,1
DA:23,1
DA:37,1
DA:44,0
DA:45,0
DA:46,0
DA:47,0
DA:49,0
DA:50,0
DA:51,0
LF:10
LH:3
BRDA:44,0,0,0
BRDA:44,1,0,0
BRDA:44,1,1,0
BRDA:44,2,0,0
BRDA:44,2,1,0
BRDA:44,3,0,0
BRDA:44,3,1,0
BRDA:47,4,0,0
BRF:8
BRH:0
end_of_record
TN:
SF:src/app/dashboard/pages/edit-project/edit-project.page.ts
FN:55,(anonymous_0)
FN:75,(anonymous_1)
FN:77,(anonymous_2)
FN:81,(anonymous_3)
FN:82,(anonymous_4)
FN:95,(anonymous_5)
FN:104,(anonymous_6)
FN:106,(anonymous_7)
FN:110,(anonymous_8)
FN:118,(anonymous_9)
FNF:10
FNH:3
FNDA:1,(anonymous_0)
FNDA:1,(anonymous_1)
FNDA:0,(anonymous_2)
FNDA:0,(anonymous_3)
FNDA:0,(anonymous_4)
FNDA:0,(anonymous_5)
FNDA:0,(anonymous_6)
FNDA:0,(anonymous_7)
FNDA:0,(anonymous_8)
FNDA:1,(anonymous_9)
DA:22,1
DA:27,1
DA:33,1
DA:47,1
DA:56,1
DA:57,1
DA:58,1
DA:59,1
DA:61,1
DA:63,1
DA:64,1
DA:66,1
DA:68,1
DA:76,1
DA:77,1
DA:78,0
DA:81,1
DA:82,0
DA:83,0
DA:84,0
DA:96,0
DA:97,0
DA:98,0
DA:99,0
DA:101,0
DA:104,0
DA:106,0
DA:111,0
DA:119,1
DA:120,1
LF:30
LH:18
BRDA:83,0,0,0
BRDA:96,1,0,0
BRDA:96,2,0,0
BRDA:96,2,1,0
BRDA:96,3,0,0
BRDA:96,3,1,0
BRDA:96,4,0,0
BRDA:96,4,1,0
BRDA:99,5,0,0
BRDA:119,6,0,1
BRDA:120,7,0,0
BRF:11
BRH:1
end_of_record
TN:
SF:src/app/dashboard/pages/edit-project-members/edit-project-members.page.ts
FN:57,(anonymous_0)
FN:80,(anonymous_1)
FN:82,(anonymous_2)
FN:91,(anonymous_3)
FN:106,(anonymous_4)
FN:109,(anonymous_5)
FN:110,(anonymous_6)
FN:116,(anonymous_7)
FN:117,(anonymous_8)
FN:122,(anonymous_9)
FN:128,(anonymous_10)
FN:130,(anonymous_11)
FN:140,(anonymous_12)
FNF:13
FNH:3
FNDA:1,(anonymous_0)
FNDA:1,(anonymous_1)
FNDA:0,(anonymous_2)
FNDA:0,(anonymous_3)
FNDA:0,(anonymous_4)
FNDA:0,(anonymous_5)
FNDA:0,(anonymous_6)
FNDA:0,(anonymous_7)
FNDA:0,(anonymous_8)
FNDA:0,(anonymous_9)
FNDA:0,(anonymous_10)
FNDA:0,(anonymous_11)
FNDA:1,(anonymous_12)
DA:24,1
DA:25,1
DA:30,1
DA:36,1
DA:58,1
DA:59,1
DA:60,1
DA:61,1
DA:62,1
DA:63,1
DA:65,1
DA:67,1
DA:68,1
DA:70,1
DA:71,1
DA:73,1
DA:81,1
DA:82,1
DA:83,0
DA:92,0
DA:93,0
DA:94,0
DA:95,0
DA:97,0
DA:99,0
DA:100,0
DA:102,0
DA:107,0
DA:110,0
DA:111,0
DA:117,0
DA:118,0
DA:123,0
DA:129,0
DA:130,0
DA:131,0
DA:141,1
DA:142,1
LF:38
LH:20
BRDA:92,0,0,0
BRDA:92,1,0,0
BRDA:92,1,1,0
BRDA:92,2,0,0
BRDA:92,2,1,0
BRDA:92,3,0,0
BRDA:92,3,1,0
BRDA:95,4,0,0
BRDA:97,5,0,0
BRDA:97,5,1,0
BRDA:97,6,0,0
BRDA:97,6,1,0
BRDA:99,7,0,0
BRDA:99,7,1,0
BRDA:99,8,0,0
BRDA:99,8,1,0
BRDA:129,9,0,0
BRDA:141,10,0,1
BRDA:142,11,0,0
BRF:19
BRH:1
end_of_record
TN:
SF:src/app/dashboard/pages/edit-workspace/edit-workspace.page.ts
FN:44,(anonymous_0)
FN:58,(anonymous_1)
FN:60,(anonymous_2)
FN:69,(anonymous_3)
FN:75,(anonymous_4)
FN:76,(anonymous_5)
FNF:6
FNH:2
FNDA:1,(anonymous_0)
FNDA:1,(anonymous_1)
FNDA:0,(anonymous_2)
FNDA:0,(anonymous_3)
FNDA:0,(anonymous_4)
FNDA:0,(anonymous_5)
DA:18,1
DA:22,1
DA:45,1
DA:46,1
DA:47,1
DA:49,1
DA:51,1
DA:59,1
DA:60,1
DA:61,0
DA:70,0
DA:71,0
DA:72,0
DA:73,0
DA:75,0
DA:76,0
DA:77,0
LF:17
LH:9
BRDA:70,0,0,0
BRDA:70,1,0,0
BRDA:70,1,1,0
BRDA:70,2,0,0
BRDA:70,2,1,0
BRDA:70,3,0,0
BRDA:70,3,1,0
BRDA:73,4,0,0
BRF:8
BRH:0
end_of_record
TN:
SF:src/app/dashboard/pages/github-integration/github-integration.page.ts
FN:11,(anonymous_0)
FN:16,(anonymous_1)
FNF:2
FNH:2
FNDA:1,(anonymous_0)
FNDA:1,(anonymous_1)
DA:10,1
DA:12,1
DA:13,1
DA:17,1
DA:19,1
DA:21,1
DA:22,0
LF:7
LH:6
BRDA:21,0,0,0
BRDA:21,1,0,1
BRDA:21,1,1,0
BRDA:21,1,2,0
BRF:4
BRH:1
end_of_record
TN:
SF:src/app/dashboard/pages/projects-list/projects-list.page.ts
FN:24,(anonymous_0)
FN:37,(anonymous_1)
FN:37,(anonymous_2)
FN:41,(anonymous_3)
FN:45,(anonymous_4)
FN:49,(anonymous_5)
FN:50,(anonymous_6)
FN:51,(anonymous_7)
FNF:8
FNH:1
FNDA:1,(anonymous_0)
FNDA:0,(anonymous_1)
FNDA:0,(anonymous_2)
FNDA:0,(anonymous_3)
FNDA:0,(anonymous_4)
FNDA:0,(anonymous_5)
FNDA:0,(anonymous_6)
FNDA:0,(anonymous_7)
DA:16,1
DA:20,1
DA:25,1
DA:26,1
DA:27,1
DA:28,1
DA:29,1
DA:31,1
DA:33,1
DA:35,1
DA:36,1
DA:37,0
DA:42,0
DA:46,0
DA:50,0
DA:51,0
DA:52,0
LF:17
LH:11
BRF:0
BRH:0
end_of_record
TN:
SF:src/app/dashboard/pages/workspaces-list/workspaces-list.page.ts
FN:27,(anonymous_0)
FN:47,(anonymous_1)
FN:54,(anonymous_2)
FN:62,(anonymous_3)
FN:63,(anonymous_4)
FN:64,(anonymous_5)
FN:75,(anonymous_6)
FN:79,(anonymous_7)
FNF:8
FNH:3
FNDA:1,(anonymous_0)
FNDA:1,(anonymous_1)
FNDA:1,(anonymous_2)
FNDA:0,(anonymous_3)
FNDA:0,(anonymous_4)
FNDA:0,(anonymous_5)
FNDA:0,(anonymous_6)
FNDA:0,(anonymous_7)
DA:20,1
DA:28,1
DA:29,1
DA:30,1
DA:31,1
DA:37,1
DA:48,1
DA:55,1
DA:63,0
DA:64,0
DA:66,0
DA:76,0
DA:80,0
LF:13
LH:8
BRF:0
BRH:0
end_of_record
TN:
SF:src/app/dashboard/services/git-integration/git-integration.service.ts
FN:23,(anonymous_0)
FN:30,(anonymous_1)
FN:32,(anonymous_2)
FN:33,(anonymous_3)
FN:39,(anonymous_4)
FN:40,(anonymous_5)
FN:51,(anonymous_6)
FN:60,(anonymous_7)
FN:69,(anonymous_8)
FN:82,(anonymous_9)
FN:86,(anonymous_10)
FN:87,(anonymous_11)
FN:97,(anonymous_12)
FN:105,(anonymous_13)
FN:114,(anonymous_14)
FN:115,(anonymous_15)
FN:123,(anonymous_16)
FN:132,(anonymous_17)
FN:143,(anonymous_18)
FN:153,(anonymous_19)
FN:157,(anonymous_20)
FN:159,(anonymous_21)
FNF:22
FNH:3
FNDA:5,(anonymous_0)
FNDA:0,(anonymous_1)
FNDA:0,(anonymous_2)
FNDA:0,(anonymous_3)
FNDA:0,(anonymous_4)
FNDA:0,(anonymous_5)
FNDA:0,(anonymous_6)
FNDA:1,(anonymous_7)
FNDA:0,(anonymous_8)
FNDA:1,(anonymous_9)
FNDA:0,(anonymous_10)
FNDA:0,(anonymous_11)
FNDA:0,(anonymous_12)
FNDA:0,(anonymous_13)
FNDA:0,(anonymous_14)
FNDA:0,(anonymous_15)
FNDA:0,(anonymous_16)
FNDA:0,(anonymous_17)
FNDA:0,(anonymous_18)
FNDA:0,(anonymous_19)
FNDA:0,(anonymous_20)
FNDA:0,(anonymous_21)
DA:22,1
DA:23,5
DA:31,0
DA:32,0
DA:34,0
DA:36,0
DA:38,0
DA:39,0
DA:40,0
DA:52,0
DA:61,1
DA:73,0
DA:83,1
DA:87,0
DA:98,0
DA:106,0
DA:115,0
DA:124,0
DA:133,0
DA:144,0
DA:145,0
DA:154,0
DA:158,0
DA:160,0
LF:24
LH:4
BRDA:36,0,0,0
BRDA:160,1,0,0
BRDA:160,1,1,0
BRF:3
BRH:0
end_of_record
TN:
SF:src/app/dashboard/services/member/member.service.ts
FN:12,(anonymous_0)
FN:19,(anonymous_1)
FN:29,(anonymous_2)
FN:39,(anonymous_3)
FN:49,(anonymous_4)
FN:61,(anonymous_5)
FN:63,(anonymous_6)
FN:64,(anonymous_7)
FNF:8
FNH:3
FNDA:16,(anonymous_0)
FNDA:4,(anonymous_1)
FNDA:0,(anonymous_2)
FNDA:0,(anonymous_3)
FNDA:0,(anonymous_4)
FNDA:1,(anonymous_5)
FNDA:0,(anonymous_6)
FNDA:0,(anonymous_7)
DA:11,1
DA:12,16
DA:20,4
DA:30,0
DA:40,0
DA:53,0
DA:62,1
DA:64,0
DA:65,0
DA:66,0
LF:10
LH:4
BRF:0
BRH:0
end_of_record
TN:
SF:src/app/dashboard/services/project/project.service.ts
FN:13,(anonymous_0)
FN:20,(anonymous_1)
FN:29,(anonymous_2)
FN:38,(anonymous_3)
FN:47,(anonymous_4)
FN:58,(anonymous_5)
FN:65,(anonymous_6)
FN:67,(anonymous_7)
FN:68,(anonymous_8)
FN:69,(anonymous_9)
FNF:10
FNH:2
FNDA:16,(anonymous_0)
FNDA:5,(anonymous_1)
FNDA:0,(anonymous_2)
FNDA:0,(anonymous_3)
FNDA:0,(anonymous_4)
FNDA:0,(anonymous_5)
FNDA:0,(anonymous_6)
FNDA:0,(anonymous_7)
FNDA:0,(anonymous_8)
FNDA:0,(anonymous_9)
DA:12,1
DA:13,16
DA:21,5
DA:30,0
DA:39,0
DA:48,0
DA:59,0
DA:66,0
DA:68,0
DA:69,0
DA:70,0
LF:11
LH:3
BRF:0
BRH:0
end_of_record
TN:
SF:src/app/dashboard/services/workspace/workspace.service.ts
FN:20,(anonymous_0)
FN:27,(anonymous_1)
FN:36,(anonymous_2)
FN:45,(anonymous_3)
FN:53,(anonymous_4)
FN:62,(anonymous_5)
FN:74,(anonymous_6)
FNF:7
FNH:3
FNDA:14,(anonymous_0)
FNDA:4,(anonymous_1)
FNDA:0,(anonymous_2)
FNDA:0,(anonymous_3)
FNDA:8,(anonymous_4)
FNDA:0,(anonymous_5)
FNDA:0,(anonymous_6)
DA:13,1
DA:14,14
DA:20,14
DA:28,4
DA:37,0
DA:46,0
DA:54,8
DA:63,0
DA:74,1
LF:9
LH:6
BRF:0
BRH:0
end_of_record
TN:
SF:src/app/landing-page/landing-page/landing-page.component.ts
FN:9,(anonymous_0)
FNF:1
FNH:1
FNDA:1,(anonymous_0)
DA:8,1
LF:1
LH:1
BRF:0
BRH:0
end_of_record
TN:
SF:src/app/settings/components/integration-entry/integration-entry.component.ts
FN:16,(anonymous_0)
FN:18,(anonymous_1)
FNF:2
FNH:2
FNDA:1,(anonymous_0)
FNDA:1,(anonymous_1)
DA:8,1
DA:12,1
DA:14,1
LF:3
LH:3
BRF:0
BRH:0
end_of_record
TN:
SF:src/app/settings/components/list-group/list-group.component.ts
FN:11,(anonymous_0)
FN:13,(anonymous_1)
FNF:2
FNH:2
FNDA:1,(anonymous_0)
FNDA:1,(anonymous_1)
DA:8,1
LF:1
LH:1
BRF:0
BRH:0
end_of_record
TN:
SF:src/app/settings/pages/settings/settings.page.ts
FN:15,(anonymous_0)
FN:17,(anonymous_1)
FNF:2
FNH:2
FNDA:1,(anonymous_0)
FNDA:1,(anonymous_1)
DA:9,1
DA:10,1
DA:11,1
DA:12,1
DA:13,1
LF:5
LH:5
BRF:0
BRH:0
end_of_record
TN:
SF:src/app/settings/pages/settings-account/settings-account.page.ts
FN:13,(anonymous_0)
FN:22,(anonymous_1)
FN:23,(anonymous_2)
FN:28,(anonymous_3)
FN:33,(anonymous_4)
FN:36,(anonymous_5)
FN:39,(anonymous_6)
FN:44,(anonymous_7)
FN:45,(anonymous_8)
FNF:9
FNH:2
FNDA:1,(anonymous_0)
FNDA:1,(anonymous_1)
FNDA:0,(anonymous_2)
FNDA:0,(anonymous_3)
FNDA:0,(anonymous_4)
FNDA:0,(anonymous_5)
FNDA:0,(anonymous_6)
FNDA:0,(anonymous_7)
FNDA:0,(anonymous_8)
DA:12,1
DA:13,1
DA:15,1
DA:23,1
DA:24,0
DA:29,0
DA:30,0
DA:31,0
DA:33,0
DA:37,0
DA:39,0
DA:40,0
DA:45,0
DA:47,0
LF:14
LH:4
BRDA:31,0,0,0
BRF:1
BRH:0
end_of_record
TN:
SF:src/app/settings/pages/settings-integrations/settings-integrations.page.ts
FN:19,(anonymous_0)
FN:21,(anonymous_1)
FN:25,(anonymous_2)
FN:27,(anonymous_3)
FN:28,(anonymous_4)
FN:38,(anonymous_5)
FN:39,(anonymous_6)
FN:44,(anonymous_7)
FN:47,(anonymous_8)
FN:47,(anonymous_9)
FNF:10
FNH:3
FNDA:1,(anonymous_0)
FNDA:1,(anonymous_1)
FNDA:1,(anonymous_2)
FNDA:0,(anonymous_3)
FNDA:0,(anonymous_4)
FNDA:0,(anonymous_5)
FNDA:0,(anonymous_6)
FNDA:0,(anonymous_7)
FNDA:0,(anonymous_8)
FNDA:0,(anonymous_9)
DA:16,1
DA:19,1
DA:22,1
DA:26,1
DA:28,0
DA:29,0
DA:39,0
DA:40,0
DA:45,0
DA:47,0
LF:10
LH:4
BRF:0
BRH:0
end_of_record
TN:
SF:src/app/settings/pages/settings-localization/settings-localization.page.ts
FN:59,(anonymous_0)
FN:54,(anonymous_1)
FN:61,(anonymous_2)
FN:65,(anonymous_3)
FNF:4
FNH:2
FNDA:1,(anonymous_0)
FNDA:4,(anonymous_1)
FNDA:0,(anonymous_2)
FNDA:0,(anonymous_3)
DA:11,1
DA:12,1
DA:18,1
DA:49,1
DA:54,4
DA:62,0
DA:66,0
LF:7
LH:5
BRF:0
BRH:0
end_of_record
TN:
SF:src/app/settings/pages/settings-sessions/settings-sessions.page.ts
FN:16,(anonymous_0)
FN:17,(anonymous_1)
FN:21,(anonymous_2)
FN:36,(anonymous_3)
FN:49,(anonymous_4)
FNF:5
FNH:2
FNDA:1,(anonymous_0)
FNDA:1,(anonymous_1)
FNDA:0,(anonymous_2)
FNDA:0,(anonymous_3)
FNDA:0,(anonymous_4)
DA:13,1
DA:16,1
DA:18,1
DA:22,0
DA:23,0
DA:25,0
DA:26,0
DA:27,0
DA:29,0
DA:32,0
DA:37,0
DA:38,0
DA:39,0
DA:40,0
DA:41,0
DA:43,0
DA:44,0
DA:46,0
DA:50,0
LF:19
LH:3
BRDA:25,0,0,0
BRDA:25,0,1,0
BRDA:26,1,0,0
BRDA:26,1,1,0
BRDA:38,2,0,0
BRDA:38,2,1,0
BRDA:39,3,0,0
BRDA:39,3,1,0
BRDA:40,4,0,0
BRDA:43,5,0,0
BRF:10
BRH:0
end_of_record
TN:
SF:src/app/settings/services/sessions.service.ts
FN:10,(anonymous_0)
FN:12,(anonymous_1)
FN:16,(anonymous_2)
FNF:3
FNH:2
FNDA:2,(anonymous_0)
FNDA:1,(anonymous_1)
FNDA:0,(anonymous_2)
DA:9,1
DA:10,2
DA:13,1
DA:17,0
LF:4
LH:3
BRF:0
BRH:0
end_of_record
TN:
SF:src/app/tasks/tasks.module.ts
FNF:0
FNH:0
DA:52,1
LF:1
LH:1
BRF:0
BRH:0
end_of_record
TN:
SF:src/app/tasks/tasks.routing.ts
FNF:0
FNH:0
DA:11,1
DA:45,1
LF:2
LH:2
BRF:0
BRH:0
end_of_record
TN:
SF:src/app/tasks/components/board-task/board-task.component.ts
FN:27,(anonymous_0)
FN:29,(anonymous_1)
FN:30,(anonymous_2)
FN:35,(anonymous_3)
FN:36,(anonymous_4)
FN:41,(anonymous_5)
FN:42,(anonymous_6)
FNF:7
FNH:1
FNDA:1,(anonymous_0)
FNDA:0,(anonymous_1)
FNDA:0,(anonymous_2)
FNDA:0,(anonymous_3)
FNDA:0,(anonymous_4)
FNDA:0,(anonymous_5)
FNDA:0,(anonymous_6)
DA:13,1
DA:21,1
DA:23,1
DA:24,1
DA:25,1
DA:27,1
DA:30,0
DA:31,0
DA:36,0
DA:37,0
DA:42,0
DA:43,0
DA:45,0
LF:13
LH:6
BRDA:43,0,0,0
BRF:1
BRH:0
end_of_record
TN:
SF:src/app/tasks/components/input-assignee/input-assignee.component.ts
FN:66,(anonymous_0)
FN:20,(anonymous_1)
FN:29,(anonymous_2)
FN:33,(anonymous_3)
FN:58,(anonymous_4)
FN:62,(anonymous_5)
FN:74,(anonymous_6)
FN:75,(anonymous_7)
FN:80,(anonymous_8)
FN:82,(anonymous_9)
FN:87,(anonymous_10)
FN:91,(anonymous_11)
FN:98,(anonymous_12)
FN:102,(anonymous_13)
FNF:14
FNH:2
FNDA:1,(anonymous_0)
FNDA:0,(anonymous_1)
FNDA:16,(anonymous_2)
FNDA:0,(anonymous_3)
FNDA:0,(anonymous_4)
FNDA:0,(anonymous_5)
FNDA:0,(anonymous_6)
FNDA:0,(anonymous_7)
FNDA:0,(anonymous_8)
FNDA:0,(anonymous_9)
FNDA:0,(anonymous_10)
FNDA:0,(anonymous_11)
FNDA:0,(anonymous_12)
FNDA:0,(anonymous_13)
DA:19,1
DA:21,0
DA:23,0
DA:24,0
DA:26,0
DA:30,16
DA:34,0
DA:35,0
DA:36,0
DA:38,0
DA:39,0
DA:40,0
DA:41,0
DA:42,0
DA:44,0
DA:52,1
DA:54,1
DA:55,1
DA:59,0
DA:63,0
DA:67,1
DA:68,1
DA:71,1
DA:75,0
DA:76,0
DA:80,0
DA:82,0
DA:83,0
DA:88,0
DA:92,0
DA:93,0
DA:95,0
DA:99,0
DA:100,0
DA:103,0
DA:104,0
LF:36
LH:8
BRDA:23,0,0,0
BRDA:23,0,1,0
BRDA:24,1,0,0
BRDA:24,1,1,0
BRDA:24,2,0,0
BRDA:24,2,1,0
BRDA:34,3,0,0
BRDA:34,3,1,0
BRDA:39,4,0,0
BRDA:80,5,0,0
BRDA:80,5,1,0
BRDA:80,6,0,0
BRDA:80,6,1,0
BRDA:92,7,0,0
BRDA:99,8,0,0
BRDA:99,9,0,0
BRDA:99,9,1,0
BRDA:101,10,0,0
BRDA:101,10,1,0
BRDA:101,11,0,0
BRDA:101,11,1,0
BRDA:101,12,0,0
BRDA:101,12,1,0
BRF:23
BRH:0
end_of_record
TN:
SF:src/app/tasks/components/input-issue/input-issue.component.ts
FN:37,(anonymous_0)
FN:13,(anonymous_1)
FN:20,(anonymous_2)
FN:24,(anonymous_3)
FN:29,(anonymous_4)
FN:45,(anonymous_5)
FNF:6
FNH:0
FNDA:0,(anonymous_0)
FNDA:0,(anonymous_1)
FNDA:0,(anonymous_2)
FNDA:0,(anonymous_3)
FNDA:0,(anonymous_4)
FNDA:0,(anonymous_5)
DA:12,1
DA:14,0
DA:15,0
DA:16,0
DA:21,0
DA:25,0
DA:26,0
DA:30,0
DA:33,0
DA:35,0
DA:39,0
DA:42,0
DA:46,0
DA:47,0
LF:14
LH:1
BRDA:15,0,0,0
BRDA:25,1,0,0
BRDA:25,1,1,0
BRF:3
BRH:0
end_of_record
TN:
SF:src/app/tasks/components/input-pull-request/input-pull-request.component.ts
FN:41,(anonymous_0)
FN:17,(anonymous_1)
FN:24,(anonymous_2)
FN:28,(anonymous_3)
FN:33,(anonymous_4)
FN:49,(anonymous_5)
FN:54,(anonymous_6)
FN:59,(anonymous_7)
FNF:8
FNH:0
FNDA:0,(anonymous_0)
FNDA:0,(anonymous_1)
FNDA:0,(anonymous_2)
FNDA:0,(anonymous_3)
FNDA:0,(anonymous_4)
FNDA:0,(anonymous_5)
FNDA:0,(anonymous_6)
FNDA:0,(anonymous_7)
DA:14,1
DA:18,0
DA:19,0
DA:20,0
DA:25,0
DA:29,0
DA:30,0
DA:34,0
DA:37,0
DA:39,0
DA:43,0
DA:46,0
DA:50,0
DA:51,0
DA:55,0
DA:56,0
DA:60,0
LF:17
LH:1
BRDA:19,0,0,0
BRDA:29,1,0,0
BRDA:29,1,1,0
BRDA:55,2,0,0
BRDA:55,3,0,0
BRDA:55,3,1,0
BRF:6
BRH:0
end_of_record
TN:
SF:src/app/tasks/components/input-task-property/input-task-property.component.ts
FN:12,(anonymous_1)
FN:16,(anonymous_2)
FN:23,(anonymous_3)
FN:40,(anonymous_4)
FN:44,(anonymous_5)
FNF:5
FNH:0
FNDA:0,(anonymous_1)
FNDA:0,(anonymous_2)
FNDA:0,(anonymous_3)
FNDA:0,(anonymous_4)
FNDA:0,(anonymous_5)
DA:9,1
DA:10,0
DA:13,0
DA:14,0
DA:15,0
DA:16,0
DA:17,0
DA:20,0
DA:24,0
DA:26,0
DA:27,0
DA:31,0
DA:32,0
DA:35,0
DA:38,0
DA:41,0
DA:45,0
LF:17
LH:1
BRDA:14,0,0,0
BRDA:14,0,1,0
BRF:2
BRH:0
end_of_record
TN:
SF:src/app/tasks/components/status-label/status-label.component.ts
FN:30,(anonymous_0)
FN:20,(anonymous_1)
FN:22,(anonymous_2)
FN:43,(anonymous_3)
FN:47,(anonymous_4)
FN:51,(anonymous_5)
FN:52,(anonymous_6)
FN:56,(anonymous_7)
FN:58,(anonymous_8)
FN:63,(anonymous_9)
FN:67,(anonymous_10)
FN:74,(anonymous_11)
FN:76,(anonymous_12)
FNF:13
FNH:1
FNDA:1,(anonymous_0)
FNDA:0,(anonymous_1)
FNDA:0,(anonymous_2)
FNDA:0,(anonymous_3)
FNDA:0,(anonymous_4)
FNDA:0,(anonymous_5)
FNDA:0,(anonymous_6)
FNDA:0,(anonymous_7)
FNDA:0,(anonymous_8)
FNDA:0,(anonymous_9)
FNDA:0,(anonymous_10)
FNDA:0,(anonymous_11)
FNDA:0,(anonymous_12)
DA:15,1
DA:16,1
DA:21,0
DA:22,0
DA:23,0
DA:24,0
DA:28,1
DA:31,1
DA:32,1
DA:35,1
DA:40,1
DA:41,1
DA:44,0
DA:48,0
DA:52,0
DA:53,0
DA:56,0
DA:58,0
DA:59,0
DA:64,0
DA:68,0
DA:69,0
DA:71,0
DA:75,0
DA:76,0
DA:77,0
DA:78,0
LF:27
LH:8
BRDA:56,0,0,0
BRDA:56,0,1,0
BRDA:56,1,0,0
BRDA:56,1,1,0
BRDA:68,2,0,0
BRDA:75,3,0,0
BRDA:75,4,0,0
BRDA:75,4,1,0
BRF:8
BRH:0
end_of_record
TN:
SF:src/app/tasks/components/tracker/tracker.component.ts
FN:49,(anonymous_0)
FN:19,(anonymous_1)
FN:21,(anonymous_2)
FN:24,(anonymous_3)
FN:41,(anonymous_4)
FN:45,(anonymous_5)
FN:54,(anonymous_6)
FN:55,(anonymous_7)
FN:58,(anonymous_8)
FN:61,(anonymous_9)
FN:66,(anonymous_10)
FN:70,(anonymous_11)
FN:77,(anonymous_12)
FN:82,(anonymous_13)
FN:87,(anonymous_14)
FN:94,(anonymous_15)
FN:99,(anonymous_16)
FN:101,(anonymous_17)
FN:107,(anonymous_18)
FNF:19
FNH:0
FNDA:0,(anonymous_0)
FNDA:0,(anonymous_1)
FNDA:0,(anonymous_2)
FNDA:0,(anonymous_3)
FNDA:0,(anonymous_4)
FNDA:0,(anonymous_5)
FNDA:0,(anonymous_6)
FNDA:0,(anonymous_7)
FNDA:0,(anonymous_8)
FNDA:0,(anonymous_9)
FNDA:0,(anonymous_10)
FNDA:0,(anonymous_11)
FNDA:0,(anonymous_12)
FNDA:0,(anonymous_13)
FNDA:0,(anonymous_14)
FNDA:0,(anonymous_15)
FNDA:0,(anonymous_16)
FNDA:0,(anonymous_17)
FNDA:0,(anonymous_18)
DA:16,1
DA:20,0
DA:21,0
DA:22,0
DA:25,0
DA:30,0
DA:33,0
DA:35,0
DA:37,0
DA:39,0
DA:42,0
DA:46,0
DA:50,0
DA:51,0
DA:55,0
DA:56,0
DA:58,0
DA:61,0
DA:62,0
DA:67,0
DA:71,0
DA:72,0
DA:74,0
DA:78,0
DA:79,0
DA:83,0
DA:84,0
DA:88,0
DA:89,0
DA:91,0
DA:95,0
DA:96,0
DA:99,0
DA:102,0
DA:103,0
DA:108,0
LF:36
LH:1
BRDA:21,0,0,0
BRDA:21,0,1,0
BRDA:21,1,0,0
BRDA:21,1,1,0
BRDA:21,2,0,0
BRDA:21,2,1,0
BRDA:58,3,0,0
BRDA:58,3,1,0
BRDA:58,4,0,0
BRDA:58,4,1,0
BRDA:71,5,0,0
BRDA:88,6,0,0
BRF:12
BRH:0
end_of_record
TN:
SF:src/app/tasks/components/view-options/view-options.component.ts
FN:33,(anonymous_0)
FNF:1
FNH:1
FNDA:2,(anonymous_0)
DA:14,1
DA:15,2
DA:16,2
DA:17,2
DA:26,2
DA:29,2
DA:31,2
DA:33,2
DA:34,2
DA:36,2
DA:37,2
LF:11
LH:11
BRF:0
BRH:0
end_of_record
TN:
SF:src/app/tasks/dialogs/task/task.dialog.ts
FN:24,(anonymous_0)
FN:79,(anonymous_1)
FN:88,(anonymous_2)
FN:103,(anonymous_3)
FN:124,(anonymous_4)
FN:134,(anonymous_5)
FN:134,(anonymous_6)
FN:137,(anonymous_7)
FN:142,(anonymous_8)
FN:143,(anonymous_9)
FN:150,(anonymous_10)
FN:155,(anonymous_11)
FN:162,(anonymous_12)
FN:169,(anonymous_13)
FNF:14
FNH:4
FNDA:1,(anonymous_0)
FNDA:1,(anonymous_1)
FNDA:1,(anonymous_2)
FNDA:0,(anonymous_3)
FNDA:0,(anonymous_4)
FNDA:0,(anonymous_5)
FNDA:0,(anonymous_6)
FNDA:0,(anonymous_7)
FNDA:0,(anonymous_8)
FNDA:0,(anonymous_9)
FNDA:0,(anonymous_10)
FNDA:1,(anonymous_11)
FNDA:0,(anonymous_12)
FNDA:0,(anonymous_13)
DA:24,1
DA:25,1
DA:26,1
DA:43,1
DA:44,1
DA:46,1
DA:47,1
DA:48,1
DA:56,1
DA:58,1
DA:77,1
DA:80,1
DA:81,1
DA:82,1
DA:83,1
DA:84,1
DA:85,1
DA:89,1
DA:90,1
DA:92,1
DA:93,1
DA:94,1
DA:95,0
DA:98,1
DA:100,1
DA:104,0
DA:105,0
DA:106,0
DA:109,1
DA:114,1
DA:115,0
DA:116,0
DA:119,1
DA:120,0
DA:125,0
DA:126,0
DA:127,0
DA:130,0
DA:132,0
DA:134,0
DA:138,0
DA:140,0
DA:142,0
DA:143,0
DA:145,0
DA:147,0
DA:150,0
DA:151,0
DA:156,1
DA:158,1
DA:159,1
DA:163,0
DA:164,0
DA:165,0
DA:170,0
LF:55
LH:30
BRDA:24,0,0,1
BRDA:24,0,1,1
BRDA:62,1,0,0
BRDA:62,1,1,1
BRDA:94,2,0,0
BRDA:104,3,0,0
BRDA:114,4,0,0
BRDA:119,5,0,0
BRDA:126,6,0,0
BRDA:130,7,0,0
BRDA:138,8,0,0
BRDA:143,9,0,0
BRDA:143,9,1,0
BRDA:143,10,0,0
BRDA:143,10,1,0
BRDA:145,11,0,0
BRDA:158,12,0,0
BRDA:158,13,0,1
BRDA:158,13,1,0
BRDA:159,14,0,0
BRDA:159,15,0,1
BRDA:159,15,1,0
BRDA:164,16,0,0
BRF:23
BRH:5
end_of_record
TN:
SF:src/app/tasks/enums/task-priority.enum.ts
FN:1,(anonymous_0)
FNF:1
FNH:1
FNDA:1,(anonymous_0)
DA:1,1
DA:2,1
DA:3,1
DA:4,1
DA:5,1
DA:6,1
LF:6
LH:6
BRDA:1,0,0,1
BRDA:1,0,1,1
BRF:2
BRH:2
end_of_record
TN:
SF:src/app/tasks/enums/task-type.enum.ts
FN:1,(anonymous_0)
FN:8,(anonymous_1)
FNF:2
FNH:2
FNDA:1,(anonymous_0)
FNDA:1,(anonymous_1)
DA:1,1
DA:2,1
DA:3,1
DA:4,1
DA:5,1
DA:8,1
DA:9,1
DA:10,1
LF:8
LH:8
BRDA:1,0,0,1
BRDA:1,0,1,1
BRDA:8,1,0,1
BRDA:8,1,1,1
BRF:4
BRH:4
end_of_record
TN:
SF:src/app/tasks/pages/board/board.page.ts
FN:46,(anonymous_0)
FN:60,(anonymous_1)
FN:66,(anonymous_2)
FN:67,(anonymous_3)
FN:70,(anonymous_4)
FN:71,(anonymous_5)
FN:76,(anonymous_6)
FN:80,(anonymous_7)
FN:90,(anonymous_8)
FN:115,(anonymous_9)
FN:125,(anonymous_10)
FN:132,(anonymous_11)
FN:134,(anonymous_12)
FN:141,(anonymous_13)
FN:145,(anonymous_14)
FN:149,(anonymous_15)
FNF:16
FNH:3
FNDA:1,(anonymous_0)
FNDA:0,(anonymous_1)
FNDA:0,(anonymous_2)
FNDA:0,(anonymous_3)
FNDA:1,(anonymous_4)
FNDA:0,(anonymous_5)
FNDA:1,(anonymous_6)
FNDA:0,(anonymous_7)
FNDA:0,(anonymous_8)
FNDA:0,(anonymous_9)
FNDA:0,(anonymous_10)
FNDA:0,(anonymous_11)
FNDA:0,(anonymous_12)
FNDA:0,(anonymous_13)
FNDA:0,(anonymous_14)
FNDA:0,(anonymous_15)
DA:29,1
DA:30,1
DA:31,1
DA:32,1
DA:33,1
DA:34,1
DA:36,1
DA:43,1
DA:47,1
DA:48,1
DA:49,1
DA:50,1
DA:51,1
DA:52,1
DA:54,1
DA:56,1
DA:57,1
DA:58,1
DA:59,1
DA:60,1
DA:61,0
DA:63,1
DA:67,0
DA:71,1
DA:72,0
DA:77,1
DA:81,0
DA:84,0
DA:85,0
DA:86,0
DA:87,0
DA:88,0
DA:90,0
DA:91,0
DA:92,0
DA:94,0
DA:95,0
DA:97,0
DA:107,0
DA:108,0
DA:116,0
DA:118,0
DA:121,0
DA:126,0
DA:133,0
DA:134,0
DA:135,0
DA:142,0
DA:146,0
DA:150,0
DA:151,0
DA:152,0
LF:52
LH:23
BRDA:67,0,0,0
BRDA:67,0,1,0
BRDA:67,1,0,0
BRDA:67,1,1,0
BRDA:77,2,0,0
BRDA:77,2,1,1
BRDA:77,3,0,1
BRDA:77,3,1,1
BRDA:94,4,0,0
BRDA:94,4,1,0
BRDA:107,5,0,0
BRDA:107,5,1,0
BRDA:107,6,0,0
BRDA:107,6,1,0
BRDA:116,7,0,0
BRDA:133,8,0,0
BRDA:142,9,0,0
BRDA:142,9,1,0
BRDA:151,10,0,0
BRDA:151,10,1,0
BRF:20
BRH:3
end_of_record
TN:
SF:src/app/tasks/pages/schedule/schedule.page.ts
FN:39,(anonymous_0)
FN:23,(anonymous_1)
FN:50,(anonymous_2)
FNF:3
FNH:3
FNDA:1,(anonymous_0)
FNDA:4,(anonymous_1)
FNDA:1,(anonymous_2)
DA:15,1
DA:19,1
DA:20,1
DA:21,1
DA:24,4
DA:26,4
DA:28,4
DA:29,84
DA:36,4
DA:40,1
DA:41,1
DA:42,1
DA:44,1
DA:46,1
DA:47,1
LF:15
LH:15
BRF:0
BRH:0
end_of_record
TN:
SF:src/app/tasks/pages/task-list/task-list.page.ts
FN:54,(anonymous_0)
FN:51,(anonymous_1)
FN:72,(anonymous_2)
FN:73,(anonymous_3)
FN:81,(anonymous_4)
FN:84,(anonymous_5)
FN:88,(anonymous_6)
FN:93,(anonymous_7)
FN:94,(anonymous_8)
FN:97,(anonymous_9)
FN:99,(anonymous_10)
FN:112,(anonymous_11)
FN:113,(anonymous_12)
FN:118,(anonymous_13)
FN:119,(anonymous_14)
FN:124,(anonymous_15)
FN:125,(anonymous_16)
FN:135,(anonymous_17)
FN:136,(anonymous_18)
FN:139,(anonymous_19)
FNF:20
FNH:1
FNDA:1,(anonymous_0)
FNDA:0,(anonymous_1)
FNDA:0,(anonymous_2)
FNDA:0,(anonymous_3)
FNDA:0,(anonymous_4)
FNDA:0,(anonymous_5)
FNDA:0,(anonymous_6)
FNDA:0,(anonymous_7)
FNDA:0,(anonymous_8)
FNDA:0,(anonymous_9)
FNDA:0,(anonymous_10)
FNDA:0,(anonymous_11)
FNDA:0,(anonymous_12)
FNDA:0,(anonymous_13)
FNDA:0,(anonymous_14)
FNDA:0,(anonymous_15)
FNDA:0,(anonymous_16)
FNDA:0,(anonymous_17)
FNDA:0,(anonymous_18)
FNDA:0,(anonymous_19)
DA:31,1
DA:32,1
DA:33,1
DA:34,1
DA:35,1
DA:36,1
DA:44,1
DA:46,1
DA:48,1
DA:49,1
DA:51,1
DA:52,1
DA:55,1
DA:56,1
DA:57,1
DA:58,1
DA:59,1
DA:60,1
DA:61,1
DA:63,1
DA:65,1
DA:66,1
DA:71,1
DA:73,0
DA:74,0
DA:75,0
DA:79,1
DA:80,1
DA:81,1
DA:82,0
DA:84,1
DA:85,0
DA:88,1
DA:89,0
DA:94,0
DA:98,0
DA:99,0
DA:101,0
DA:102,0
DA:104,0
DA:105,0
DA:109,0
DA:113,0
DA:114,0
DA:119,0
DA:120,0
DA:125,0
DA:126,0
DA:136,0
DA:140,0
LF:50
LH:28
BRDA:94,0,0,0
BRDA:94,0,1,0
BRDA:94,1,0,0
BRDA:94,1,1,0
BRDA:104,2,0,0
BRDA:104,3,0,0
BRDA:104,3,1,0
BRF:7
BRH:0
end_of_record
TN:
SF:src/app/tasks/pipes/status-color.pipe.ts
FN:8,(anonymous_0)
FNF:1
FNH:0
FNDA:0,(anonymous_0)
DA:7,1
DA:9,0
DA:12,0
DA:15,0
DA:18,0
DA:20,0
LF:6
LH:1
BRDA:9,0,0,0
BRDA:9,0,1,0
BRDA:9,0,2,0
BRDA:9,0,3,0
BRDA:9,0,4,0
BRDA:9,0,5,0
BRDA:9,0,6,0
BRF:7
BRH:0
end_of_record
TN:
SF:src/app/tasks/pipes/task-priority-icon.pipe.ts
FN:7,(anonymous_0)
FNF:1
FNH:1
FNDA:5,(anonymous_0)
DA:6,1
DA:8,5
DA:10,1
DA:12,1
DA:14,1
DA:16,1
DA:18,1
LF:7
LH:7
BRDA:8,0,0,1
BRDA:8,0,1,1
BRDA:8,0,2,1
BRDA:8,0,3,1
BRDA:8,0,4,1
BRF:5
BRH:5
end_of_record
TN:
SF:src/app/tasks/pipes/task-priority.pipe.ts
FN:7,(anonymous_0)
FNF:1
FNH:1
FNDA:5,(anonymous_0)
DA:6,1
DA:8,5
DA:10,1
DA:12,1
DA:14,1
DA:16,1
DA:18,1
LF:7
LH:7
BRDA:8,0,0,1
BRDA:8,0,1,1
BRDA:8,0,2,1
BRDA:8,0,3,1
BRDA:8,0,4,1
BRF:5
BRH:5
end_of_record
TN:
SF:src/app/tasks/pipes/task-type-icon.pipe.ts
FN:10,(anonymous_0)
FNF:1
FNH:1
FNDA:4,(anonymous_0)
DA:6,1
DA:11,4
DA:13,1
DA:15,1
DA:17,1
DA:19,1
DA:21,0
LF:7
LH:6
BRDA:11,0,0,1
BRDA:11,0,1,1
BRDA:11,0,2,1
BRDA:11,0,3,1
BRDA:11,0,4,0
BRF:5
BRH:4
end_of_record
TN:
SF:src/app/tasks/pipes/task-type.pipe.ts
FN:12,(anonymous_0)
FNF:1
FNH:1
FNDA:4,(anonymous_0)
DA:8,1
DA:13,4
DA:16,1
DA:24,1
DA:32,1
DA:40,1
DA:48,0
DA:56,0
DA:57,0
LF:9
LH:6
BRDA:12,0,0,4
BRDA:13,1,0,1
BRDA:13,1,1,1
BRDA:13,1,2,1
BRDA:13,1,3,1
BRDA:13,1,4,0
BRDA:13,1,5,0
BRF:7
BRH:5
end_of_record
TN:
SF:src/app/tasks/pipes/time-track-duration/time-track-duration.pipe.ts
FN:12,(anonymous_1)
FNF:1
FNH:0
FNDA:0,(anonymous_1)
DA:9,1
DA:10,0
DA:13,0
DA:15,0
DA:16,0
DA:18,0
DA:20,0
LF:7
LH:1
BRDA:13,0,0,0
BRF:1
BRH:0
end_of_record
TN:
SF:src/app/tasks/pipes/time-track-timer/time-track-timer.pipe.ts
FN:7,(anonymous_0)
FNF:1
FNH:0
FNDA:0,(anonymous_0)
DA:6,1
DA:8,0
DA:9,0
DA:10,0
DA:12,0
LF:5
LH:1
BRF:0
BRH:0
end_of_record
TN:
SF:src/app/tasks/pipes/time-tracks-total/time-tracks-total.pipe.ts
FN:8,(anonymous_0)
FN:11,(anonymous_1)
FNF:2
FNH:0
FNDA:0,(anonymous_0)
FNDA:0,(anonymous_1)
DA:7,1
DA:9,0
DA:11,0
DA:12,0
DA:13,0
DA:15,0
DA:16,0
DA:18,0
LF:8
LH:1
BRDA:8,0,0,0
BRDA:9,1,0,0
BRDA:9,2,0,0
BRDA:9,2,1,0
BRDA:12,3,0,0
BRDA:12,3,1,0
BRF:6
BRH:0
end_of_record
TN:
SF:src/app/tasks/services/status.service.ts
FN:12,(anonymous_0)
FN:19,(anonymous_1)
FN:29,(anonymous_2)
FN:39,(anonymous_3)
FN:49,(anonymous_4)
FN:59,(anonymous_5)
FN:63,(anonymous_6)
FN:65,(anonymous_7)
FN:66,(anonymous_8)
FN:67,(anonymous_9)
FN:74,(anonymous_10)
FN:76,(anonymous_11)
FN:78,(anonymous_12)
FN:85,(anonymous_13)
FN:87,(anonymous_14)
FN:91,(anonymous_15)
FNF:16
FNH:4
FNDA:4,(anonymous_0)
FNDA:3,(anonymous_1)
FNDA:0,(anonymous_2)
FNDA:0,(anonymous_3)
FNDA:0,(anonymous_4)
FNDA:0,(anonymous_5)
FNDA:1,(anonymous_6)
FNDA:0,(anonymous_7)
FNDA:0,(anonymous_8)
FNDA:0,(anonymous_9)
FNDA:1,(anonymous_10)
FNDA:0,(anonymous_11)
FNDA:0,(anonymous_12)
FNDA:0,(anonymous_13)
FNDA:0,(anonymous_14)
FNDA:0,(anonymous_15)
DA:11,1
DA:12,4
DA:20,3
DA:30,0
DA:40,0
DA:50,0
DA:60,0
DA:64,1
DA:66,0
DA:67,0
DA:69,0
DA:75,1
DA:77,0
DA:78,0
DA:83,0
DA:84,0
DA:85,0
DA:87,0
DA:89,0
DA:91,0
DA:92,0
DA:93,0
DA:95,0
DA:99,0
DA:100,0
LF:25
LH:5
BRDA:84,0,0,0
BRDA:84,0,1,0
BRDA:84,1,0,0
BRDA:84,1,1,0
BRDA:84,2,0,0
BRDA:84,2,1,0
BRDA:87,3,0,0
BRDA:87,3,1,0
BRDA:87,4,0,0
BRDA:87,4,1,0
BRDA:87,5,0,0
BRDA:87,5,1,0
BRDA:92,6,0,0
BRF:13
BRH:0
end_of_record
TN:
SF:src/app/tasks/services/task.service.ts
FN:37,(anonymous_0)
FN:49,(anonymous_1)
FN:56,(anonymous_2)
FN:70,(anonymous_3)
FN:72,(anonymous_4)
FN:84,(anonymous_5)
FN:86,(anonymous_6)
FN:98,(anonymous_7)
FN:108,(anonymous_8)
FN:118,(anonymous_9)
FN:120,(anonymous_10)
FN:134,(anonymous_11)
FN:147,(anonymous_12)
FN:161,(anonymous_13)
FN:172,(anonymous_14)
FN:188,(anonymous_15)
FN:204,(anonymous_16)
FN:219,(anonymous_17)
FN:224,(anonymous_18)
FN:232,(anonymous_19)
FN:257,(anonymous_20)
FN:270,(anonymous_21)
FNF:22
FNH:3
FNDA:11,(anonymous_0)
FNDA:4,(anonymous_1)
FNDA:0,(anonymous_2)
FNDA:0,(anonymous_3)
FNDA:0,(anonymous_4)
FNDA:0,(anonymous_5)
FNDA:0,(anonymous_6)
FNDA:0,(anonymous_7)
FNDA:0,(anonymous_8)
FNDA:0,(anonymous_9)
FNDA:0,(anonymous_10)
FNDA:0,(anonymous_11)
FNDA:0,(anonymous_12)
FNDA:0,(anonymous_13)
FNDA:0,(anonymous_14)
FNDA:0,(anonymous_15)
FNDA:0,(anonymous_16)
FNDA:1,(anonymous_17)
FNDA:0,(anonymous_18)
FNDA:0,(anonymous_19)
FNDA:0,(anonymous_20)
FNDA:0,(anonymous_21)
DA:30,1
DA:31,11
DA:38,11
DA:39,11
DA:40,11
DA:41,11
DA:51,4
DA:52,1
DA:54,3
DA:55,3
DA:56,3
DA:57,0
DA:61,4
DA:71,0
DA:73,0
DA:85,0
DA:87,0
DA:99,0
DA:109,0
DA:119,0
DA:120,0
DA:122,0
DA:135,0
DA:148,0
DA:149,0
DA:151,0
DA:162,0
DA:173,0
DA:174,0
DA:176,0
DA:189,0
DA:205,0
DA:206,0
DA:208,0
DA:220,1
DA:225,0
DA:227,0
DA:228,0
DA:231,0
DA:232,0
DA:234,0
DA:236,0
DA:237,0
DA:239,0
DA:241,0
DA:245,0
DA:258,0
DA:271,0
LF:48
LH:13
BRDA:51,0,0,1
BRDA:51,0,1,3
BRDA:119,1,0,0
BRDA:119,1,1,0
BRDA:148,2,0,0
BRDA:148,2,1,0
BRDA:173,3,0,0
BRDA:173,3,1,0
BRDA:205,4,0,0
BRDA:205,4,1,0
BRDA:234,5,0,0
BRDA:236,6,0,0
BRDA:236,6,1,0
BRDA:239,7,0,0
BRF:14
BRH:2
end_of_record
TN:
SF:src/app/tasks/services/tracker/tracker.service.ts
FN:9,(anonymous_0)
FN:11,(anonymous_1)
FN:15,(anonymous_2)
FNF:3
FNH:0
FNDA:0,(anonymous_0)
FNDA:0,(anonymous_1)
FNDA:0,(anonymous_2)
DA:8,1
DA:9,0
DA:12,0
DA:16,0
LF:4
LH:1
BRF:0
BRH:0
end_of_record
TN:
SF:src/environments/environment.ts
FNF:0
FNH:0
DA:10,1
LF:1
LH:1
BRF:0
BRH:0
end_of_record
